[2026-04-30 23:29:34,352] [INFO] [real_accelerator.py:219:get_accelerator] Setting ds_accelerator to cuda (auto detect)
Warning: The cache directory for DeepSpeed Triton autotune, /home/others/abir_proj/.triton/autotune, appears to be on an NFS system. While this is generally acceptable, if you experience slowdowns or hanging when DeepSpeed exits, it is recommended to set the TRITON_CACHE_DIR environment variable to a non-NFS path.
Attention implementation: flash_attention2
2026-04-30 23:29:37,968 - Local rank: -1
2026-04-30 23:29:37,969 - Loading config from configs/atlas_euro_ft_512.yaml
2026-04-30 23:29:37,992 - Replacing key at main.exp_name with atlas_d2d10_base_r512_new
2026-04-30 23:29:37,992 - Replacing key at main.tags with ['atlas', 'finetune', 'eurosat', 'r512']
2026-04-30 23:29:37,992 - Replacing key at main.phases.dev with True
2026-04-30 23:29:37,992 - Replacing key at main.checkpoints_dir with /home/others/abir_proj/codebase/Atlas/checkpoints/Atlas_eurosat_ft_512_new
2026-04-30 23:29:37,992 - Replacing key at main.wandb_project with architecture
2026-04-30 23:29:37,992 - Replacing key at main.disable_wandb with True
2026-04-30 23:29:37,992 - Replacing key at main.allow_overwriting_experiment_checkpoints with True
2026-04-30 23:29:37,992 - Replacing key at dataset.shared_dataset_kwargs.data_path with /home/others/abir_proj/codebase/Datasets/EuroSAT/
2026-04-30 23:29:37,992 - Replacing key at dataset.num_classes with 10
2026-04-30 23:29:37,992 - Replacing key at dataset.image_augmentations with [{'type': 'TimmAug', 'kwargs': {'input_size': 512, 'color_jitter': 0.2, 'aa': 'rand-m7-mstd0.5-inc1', 'reprob': 0.2, 'remode': 'pixel', 'recount': 1, 'mean': [0.485, 0.456, 0.406], 'std': [0.229, 0.224, 0.225]}}]
2026-04-30 23:29:37,992 - Replacing key at dataset.test_image_augmentations with [{'type': 'TorchvisionResize', 'kwargs': {'img_size': [512, 512]}}, {'type': 'TorchvisionCenterCrop', 'kwargs': {'height': 512, 'width': 512}}, {'type': 'TorchvisionToTensor', 'kwargs': {}}, {'type': 'NormalizeTensor2d', 'kwargs': {'channel_means': [0.485, 0.456, 0.406], 'channel_stds': [0.229, 0.224, 0.225]}}]
2026-04-30 23:29:37,992 - Replacing key at dataloader.batch_size with 32
2026-04-30 23:29:37,992 - Replacing key at dataloader.eval_batch_size with 32
2026-04-30 23:29:37,992 - Replacing key at dataloader.train_drop_last with True
2026-04-30 23:29:37,992 - Replacing key at engine.type with Classifier
2026-04-30 23:29:37,992 - Replacing key at optimizer.type with AdamW
2026-04-30 23:29:37,992 - Replacing key at optimizer.kwargs with {'lr': 5e-05, 'betas': [0.9, 0.999]}
2026-04-30 23:29:37,993 - Replacing key at optimizer.scheduler.interval with step
2026-04-30 23:29:37,993 - Replacing key at optimizer.scheduler.type with StepCosineAnnealingWarmup
2026-04-30 23:29:37,993 - Replacing key at optimizer.scheduler.kwargs with {'warmup_epochs': 3, 'max_epochs': 30, 'min_lr': 1e-06}
2026-04-30 23:29:37,993 - Replacing key at model.type with Atlas
2026-04-30 23:29:37,993 - Replacing key at model.kwargs with {'num_classes': 10, 'img_size': [512, 512, 1], 'patch_size': [16, 16, 1], 'in_chans': 3, 'embed_dim': 768, 'pretrained': True, 'pretrained_path': '/home/others/abir_proj/codebase/Atlas/checkpoints/Atlas_in1k_512/atlas_d2d10_base_r512/epoch=95.ckpt', 'load_head': False, 'reset_head': True, 'freeze_mode': 'except_last_stage', 'freeze_stages': 0, 'freeze_patterns': [], 'kwargs_list': [{'img_size': [512, 512, 1], 'patch_size': 16, 'local2global': 4, 'merge_ratio': 16, 'in_dim': 64, 'dim': 768, 'num_features': 192, 'num_classes': 10, 'drop_path_rate': 0.1, 'global_pool': 'avg', 'class_token': False, 'depths': 2, 'qkv_bias': True, 'pre_norm': False, 'num_heads': 12, 'mlp_ratio': 4, 'embed_dim': 768, 'embed_op': 'convstem', 'layer_args': {'qkv_bias': True, 'qk_scale': 'None', 'input_resolution': 512}}, {'img_size': [16, 16, 1], 'patch_size': 1, 'local2global': 4, 'merge_ratio': 16, 'num_classes': 10, 'drop_path_rate': 0.1, 'global_pool': 'avg', 'class_token': False, 'depths': 10, 'qkv_bias': True, 'pre_norm': False, 'num_heads': 12, 'mlp_ratio': 4, 'embed_dim': 768, 'embed_op': 'conv2d', 'in_dim': 64, 'dim': 768, 'num_features': 192, 'layer_args': {'qkv_bias': True, 'qk_scale': 'None', 'input_resolution': 512}}]}
2026-04-30 23:29:38,026 - | distributed init (global rank 0): env://, gpu 0 / world_size 1
experiment_checkpoints_dir: /home/others/abir_proj/codebase/Atlas/checkpoints/Atlas_eurosat_ft_512_new/atlas_d2d10_base_r512_new
2026-04-30 23:29:38,280 - | initialized host gnode7 as rank 0
2026-04-30 23:29:38,291 - Multi-GPU: True
2026-04-30 23:29:38,393 - Checkpoint directory: /home/others/abir_proj/codebase/Atlas/checkpoints/Atlas_eurosat_ft_512_new/atlas_d2d10_base_r512_new
2026-04-30 23:29:38,450 - Using distributed sampler
2026-04-30 23:29:38,479 - Multi-GPU distributed evaluation is enabled: the results may be a little inaccurate due to the padding or drop_last in DistributedSampler
2026-04-30 23:29:38,479 - Ignoring unrecognized kwargs to engine: {'gradual_unfreeze': False}
2026-04-30 23:29:38,479 - Mixup is activated!
2026-04-30 23:29:38,479 - Engine built!
Loading pretrained weights from /home/others/abir_proj/codebase/Atlas/checkpoints/Atlas_in1k_512/atlas_d2d10_base_r512/epoch=95.ckpt
Missing keys (not loaded): ['atlas_models.0.patch_embed.ds6.norm.weight', 'atlas_models.0.patch_embed.ds6.norm.bias', 'atlas_models.0.patch_embed.ds6.conv.weight', 'atlas_models.0.head.weight', 'atlas_models.0.head.bias', 'atlas_models.1.head.weight', 'atlas_models.1.head.bias', 'fc.weight', 'fc.bias']
Unexpected keys (in checkpoint but not in model): []
Trainable params: 74,861,588 / 122,924,126 (60.90%)
=========================================
Number of parameters
trainable_params: 74861588
non_trainable_params: 48062538
=========================================
2026-04-30 23:29:51,903 - Model: Atlas(
  (atlas_models): ModuleList(
    (0): StackMSA(
      (patch_embed): MultiConvEmbed(
        (proj): Identity()
        (conv0): Sequential(
          (0): Conv2d(3, 64, kernel_size=(3, 3), stride=(2, 2), padding=(1, 1), bias=False)
          (1): BatchNorm2d(64, eps=0.0001, momentum=0.1, affine=True, track_running_stats=True)
          (2): ReLU()
          (3): Conv2d(64, 192, kernel_size=(3, 3), stride=(2, 2), padding=(1, 1), bias=False)
          (4): BatchNorm2d(192, eps=0.0001, momentum=0.1, affine=True, track_running_stats=True)
          (5): ReLU()
        )
        (conv1): Sequential(
          (0): EarlyConvResidual(
            (conv_block1): Sequential(
              (0): Conv2d(192, 192, kernel_size=(3, 3), stride=(1, 1), padding=(1, 1))
              (1): BatchNorm2d(192, eps=1e-05, momentum=0.1, affine=True, track_running_stats=True)
              (2): GELU(approximate='none')
            )
            (conv_block2): Sequential(
              (0): Conv2d(192, 192, kernel_size=(3, 3), stride=(1, 1), padding=(1, 1))
              (1): BatchNorm2d(192, eps=1e-05, momentum=0.1, affine=True, track_running_stats=True)
            )
            (drop_path): Identity()
          )
          (1): EarlyConvResidual(
            (conv_block1): Sequential(
              (0): Conv2d(192, 192, kernel_size=(3, 3), stride=(1, 1), padding=(1, 1))
              (1): BatchNorm2d(192, eps=1e-05, momentum=0.1, affine=True, track_running_stats=True)
              (2): GELU(approximate='none')
            )
            (conv_block2): Sequential(
              (0): Conv2d(192, 192, kernel_size=(3, 3), stride=(1, 1), padding=(1, 1))
              (1): BatchNorm2d(192, eps=1e-05, momentum=0.1, affine=True, track_running_stats=True)
            )
            (drop_path): Identity()
          )
          (2): EarlyConvResidual(
            (conv_block1): Sequential(
              (0): Conv2d(192, 192, kernel_size=(3, 3), stride=(1, 1), padding=(1, 1))
              (1): BatchNorm2d(192, eps=1e-05, momentum=0.1, affine=True, track_running_stats=True)
              (2): GELU(approximate='none')
            )
            (conv_block2): Sequential(
              (0): Conv2d(192, 192, kernel_size=(3, 3), stride=(1, 1), padding=(1, 1))
              (1): BatchNorm2d(192, eps=1e-05, momentum=0.1, affine=True, track_running_stats=True)
            )
            (drop_path): Identity()
          )
        )
        (ds1): EarlyConvDS(
          (norm): LayerNorm2d((192,), eps=1e-06, elementwise_affine=True)
          (conv): Conv2d(192, 384, kernel_size=(3, 3), stride=(2, 2), padding=(1, 1), bias=False)
        )
        (conv2): Sequential(
          (0): EarlyConvResidual(
            (conv_block1): Sequential(
              (0): Conv2d(384, 384, kernel_size=(3, 3), stride=(1, 1), padding=(1, 1))
              (1): BatchNorm2d(384, eps=1e-05, momentum=0.1, affine=True, track_running_stats=True)
              (2): GELU(approximate='none')
            )
            (conv_block2): Sequential(
              (0): Conv2d(384, 384, kernel_size=(3, 3), stride=(1, 1), padding=(1, 1))
              (1): BatchNorm2d(384, eps=1e-05, momentum=0.1, affine=True, track_running_stats=True)
            )
            (drop_path): Identity()
          )
          (1): EarlyConvResidual(
            (conv_block1): Sequential(
              (0): Conv2d(384, 384, kernel_size=(3, 3), stride=(1, 1), padding=(1, 1))
              (1): BatchNorm2d(384, eps=1e-05, momentum=0.1, affine=True, track_running_stats=True)
              (2): GELU(approximate='none')
            )
            (conv_block2): Sequential(
              (0): Conv2d(384, 384, kernel_size=(3, 3), stride=(1, 1), padding=(1, 1))
              (1): BatchNorm2d(384, eps=1e-05, momentum=0.1, affine=True, track_running_stats=True)
            )
            (drop_path): Identity()
          )
          (2): EarlyConvResidual(
            (conv_block1): Sequential(
              (0): Conv2d(384, 384, kernel_size=(3, 3), stride=(1, 1), padding=(1, 1))
              (1): BatchNorm2d(384, eps=1e-05, momentum=0.1, affine=True, track_running_stats=True)
              (2): GELU(approximate='none')
            )
            (conv_block2): Sequential(
              (0): Conv2d(384, 384, kernel_size=(3, 3), stride=(1, 1), padding=(1, 1))
              (1): BatchNorm2d(384, eps=1e-05, momentum=0.1, affine=True, track_running_stats=True)
            )
            (drop_path): Identity()
          )
        )
        (ds2): EarlyConvDS(
          (norm): LayerNorm2d((384,), eps=1e-06, elementwise_affine=True)
          (conv): Conv2d(384, 768, kernel_size=(3, 3), stride=(2, 2), padding=(1, 1), bias=False)
        )
        (ds3): EarlyConvDS_56(
          (norm): LayerNorm2d((384,), eps=1e-06, elementwise_affine=True)
          (conv): Conv2d(384, 768, kernel_size=(2, 2), stride=(2, 2), padding=(8, 8), bias=False)
        )
        (ds4): EarlyConvDS_112(
          (norm): LayerNorm2d((192,), eps=1e-06, elementwise_affine=True)
          (conv): Conv2d(192, 384, kernel_size=(4, 4), stride=(2, 2), padding=(17, 17), bias=False)
        )
        (ds5): EarlyConvDS_28(
          (norm): LayerNorm2d((384,), eps=1e-06, elementwise_affine=True)
          (conv): Conv2d(384, 768, kernel_size=(2, 2), stride=(2, 2), padding=(4, 4), bias=False)
        )
        (ds6): EarlyConvDS_14(
          (norm): LayerNorm2d((384,), eps=1e-06, elementwise_affine=True)
          (conv): Conv2d(384, 768, kernel_size=(2, 2), stride=(2, 2), padding=(2, 2), bias=False)
        )
      )
      (levels): ModuleList(
        (0): MultiScaleAttentionLayer(
          (blocks): ModuleList(
            (0): MultiScaleAttentionBlock(
              (proj_drop): Dropout(p=0.0, inplace=False)
              (blocks): ModuleList(
                (0-1): 2 x CrossWindowBlock(
                  (norm1_q): LayerNorm((768,), eps=1e-05, elementwise_affine=True)
                  (norm1_kv): LayerNorm((768,), eps=1e-05, elementwise_affine=True)
                  (attn): CrossWindowAttention(
                    (q): Linear(in_features=768, out_features=768, bias=True)
                    (kv): Linear(in_features=768, out_features=1536, bias=True)
                    (proj): Linear(in_features=768, out_features=768, bias=True)
                    (proj_drop): Dropout(p=0.0, inplace=False)
                  )
                  (norm2): LayerNorm((768,), eps=1e-05, elementwise_affine=True)
                  (mlp): Mlp(
                    (fc1): Linear(in_features=768, out_features=3072, bias=True)
                    (act): GELU(approximate='none')
                    (drop1): Dropout(p=0.0, inplace=False)
                    (norm): Identity()
                    (fc2): Linear(in_features=3072, out_features=768, bias=True)
                    (drop2): Dropout(p=0.0, inplace=False)
                  )
                  (drop_path): Identity()
                )
              )
              (posemb): ModuleList(
                (0-1): 2 x RelativePositionEmbed(
                  (projector): Sequential(
                    (0): Linear(in_features=2, out_features=512, bias=True)
                    (1): ReLU()
                    (2): Linear(in_features=512, out_features=768, bias=False)
                  )
                )
              )
            )
            (1): MultiScaleAttentionBlock(
              (proj_drop): Dropout(p=0.0, inplace=False)
              (blocks): ModuleList(
                (0-1): 2 x CrossWindowBlock(
                  (norm1_q): LayerNorm((768,), eps=1e-05, elementwise_affine=True)
                  (norm1_kv): LayerNorm((768,), eps=1e-05, elementwise_affine=True)
                  (attn): CrossWindowAttention(
                    (q): Linear(in_features=768, out_features=768, bias=True)
                    (kv): Linear(in_features=768, out_features=1536, bias=True)
                    (proj): Linear(in_features=768, out_features=768, bias=True)
                    (proj_drop): Dropout(p=0.0, inplace=False)
                  )
                  (norm2): LayerNorm((768,), eps=1e-05, elementwise_affine=True)
                  (mlp): Mlp(
                    (fc1): Linear(in_features=768, out_features=3072, bias=True)
                    (act): GELU(approximate='none')
                    (drop1): Dropout(p=0.0, inplace=False)
                    (norm): Identity()
                    (fc2): Linear(in_features=3072, out_features=768, bias=True)
                    (drop2): Dropout(p=0.0, inplace=False)
                  )
                  (drop_path): DropPath(drop_prob=0.100)
                )
              )
              (posemb): ModuleList(
                (0-1): 2 x RelativePositionEmbed(
                  (projector): Sequential(
                    (0): Linear(in_features=2, out_features=512, bias=True)
                    (1): ReLU()
                    (2): Linear(in_features=512, out_features=768, bias=False)
                  )
                )
              )
            )
          )
        )
      )
      (norm): BatchNorm2d(768, eps=1e-05, momentum=0.1, affine=True, track_running_stats=True)
      (avgpool): AdaptiveAvgPool2d(output_size=1)
      (head): Linear(in_features=768, out_features=10, bias=True)
    )
    (1): StackMSA(
      (levels): ModuleList(
        (0): MultiScaleAttentionLayer(
          (blocks): ModuleList(
            (0): MultiScaleAttentionBlock(
              (proj_drop): Dropout(p=0.0, inplace=False)
              (blocks): ModuleList(
                (0): CrossWindowBlock(
                  (norm1_q): LayerNorm((768,), eps=1e-05, elementwise_affine=True)
                  (norm1_kv): LayerNorm((768,), eps=1e-05, elementwise_affine=True)
                  (attn): CrossWindowAttention(
                    (q): Linear(in_features=768, out_features=768, bias=True)
                    (kv): Linear(in_features=768, out_features=1536, bias=True)
                    (proj): Linear(in_features=768, out_features=768, bias=True)
                    (proj_drop): Dropout(p=0.0, inplace=False)
                  )
                  (norm2): LayerNorm((768,), eps=1e-05, elementwise_affine=True)
                  (mlp): Mlp(
                    (fc1): Linear(in_features=768, out_features=3072, bias=True)
                    (act): GELU(approximate='none')
                    (drop1): Dropout(p=0.0, inplace=False)
                    (norm): Identity()
                    (fc2): Linear(in_features=3072, out_features=768, bias=True)
                    (drop2): Dropout(p=0.0, inplace=False)
                  )
                  (drop_path): Identity()
                )
              )
              (posemb): ModuleList(
                (0): RelativePositionEmbed(
                  (projector): Sequential(
                    (0): Linear(in_features=2, out_features=512, bias=True)
                    (1): ReLU()
                    (2): Linear(in_features=512, out_features=768, bias=False)
                  )
                )
              )
            )
            (1): MultiScaleAttentionBlock(
              (proj_drop): Dropout(p=0.0, inplace=False)
              (blocks): ModuleList(
                (0): CrossWindowBlock(
                  (norm1_q): LayerNorm((768,), eps=1e-05, elementwise_affine=True)
                  (norm1_kv): LayerNorm((768,), eps=1e-05, elementwise_affine=True)
                  (attn): CrossWindowAttention(
                    (q): Linear(in_features=768, out_features=768, bias=True)
                    (kv): Linear(in_features=768, out_features=1536, bias=True)
                    (proj): Linear(in_features=768, out_features=768, bias=True)
                    (proj_drop): Dropout(p=0.0, inplace=False)
                  )
                  (norm2): LayerNorm((768,), eps=1e-05, elementwise_affine=True)
                  (mlp): Mlp(
                    (fc1): Linear(in_features=768, out_features=3072, bias=True)
                    (act): GELU(approximate='none')
                    (drop1): Dropout(p=0.0, inplace=False)
                    (norm): Identity()
                    (fc2): Linear(in_features=3072, out_features=768, bias=True)
                    (drop2): Dropout(p=0.0, inplace=False)
                  )
                  (drop_path): DropPath(drop_prob=0.011)
                )
              )
              (posemb): ModuleList(
                (0): RelativePositionEmbed(
                  (projector): Sequential(
                    (0): Linear(in_features=2, out_features=512, bias=True)
                    (1): ReLU()
                    (2): Linear(in_features=512, out_features=768, bias=False)
                  )
                )
              )
            )
            (2): MultiScaleAttentionBlock(
              (proj_drop): Dropout(p=0.0, inplace=False)
              (blocks): ModuleList(
                (0): CrossWindowBlock(
                  (norm1_q): LayerNorm((768,), eps=1e-05, elementwise_affine=True)
                  (norm1_kv): LayerNorm((768,), eps=1e-05, elementwise_affine=True)
                  (attn): CrossWindowAttention(
                    (q): Linear(in_features=768, out_features=768, bias=True)
                    (kv): Linear(in_features=768, out_features=1536, bias=True)
                    (proj): Linear(in_features=768, out_features=768, bias=True)
                    (proj_drop): Dropout(p=0.0, inplace=False)
                  )
                  (norm2): LayerNorm((768,), eps=1e-05, elementwise_affine=True)
                  (mlp): Mlp(
                    (fc1): Linear(in_features=768, out_features=3072, bias=True)
                    (act): GELU(approximate='none')
                    (drop1): Dropout(p=0.0, inplace=False)
                    (norm): Identity()
                    (fc2): Linear(in_features=3072, out_features=768, bias=True)
                    (drop2): Dropout(p=0.0, inplace=False)
                  )
                  (drop_path): DropPath(drop_prob=0.022)
                )
              )
              (posemb): ModuleList(
                (0): RelativePositionEmbed(
                  (projector): Sequential(
                    (0): Linear(in_features=2, out_features=512, bias=True)
                    (1): ReLU()
                    (2): Linear(in_features=512, out_features=768, bias=False)
                  )
                )
              )
            )
            (3): MultiScaleAttentionBlock(
              (proj_drop): Dropout(p=0.0, inplace=False)
              (blocks): ModuleList(
                (0): CrossWindowBlock(
                  (norm1_q): LayerNorm((768,), eps=1e-05, elementwise_affine=True)
                  (norm1_kv): LayerNorm((768,), eps=1e-05, elementwise_affine=True)
                  (attn): CrossWindowAttention(
                    (q): Linear(in_features=768, out_features=768, bias=True)
                    (kv): Linear(in_features=768, out_features=1536, bias=True)
                    (proj): Linear(in_features=768, out_features=768, bias=True)
                    (proj_drop): Dropout(p=0.0, inplace=False)
                  )
                  (norm2): LayerNorm((768,), eps=1e-05, elementwise_affine=True)
                  (mlp): Mlp(
                    (fc1): Linear(in_features=768, out_features=3072, bias=True)
                    (act): GELU(approximate='none')
                    (drop1): Dropout(p=0.0, inplace=False)
                    (norm): Identity()
                    (fc2): Linear(in_features=3072, out_features=768, bias=True)
                    (drop2): Dropout(p=0.0, inplace=False)
                  )
                  (drop_path): DropPath(drop_prob=0.033)
                )
              )
              (posemb): ModuleList(
                (0): RelativePositionEmbed(
                  (projector): Sequential(
                    (0): Linear(in_features=2, out_features=512, bias=True)
                    (1): ReLU()
                    (2): Linear(in_features=512, out_features=768, bias=False)
                  )
                )
              )
            )
            (4): MultiScaleAttentionBlock(
              (proj_drop): Dropout(p=0.0, inplace=False)
              (blocks): ModuleList(
                (0): CrossWindowBlock(
                  (norm1_q): LayerNorm((768,), eps=1e-05, elementwise_affine=True)
                  (norm1_kv): LayerNorm((768,), eps=1e-05, elementwise_affine=True)
                  (attn): CrossWindowAttention(
                    (q): Linear(in_features=768, out_features=768, bias=True)
                    (kv): Linear(in_features=768, out_features=1536, bias=True)
                    (proj): Linear(in_features=768, out_features=768, bias=True)
                    (proj_drop): Dropout(p=0.0, inplace=False)
                  )
                  (norm2): LayerNorm((768,), eps=1e-05, elementwise_affine=True)
                  (mlp): Mlp(
                    (fc1): Linear(in_features=768, out_features=3072, bias=True)
                    (act): GELU(approximate='none')
                    (drop1): Dropout(p=0.0, inplace=False)
                    (norm): Identity()
                    (fc2): Linear(in_features=3072, out_features=768, bias=True)
                    (drop2): Dropout(p=0.0, inplace=False)
                  )
                  (drop_path): DropPath(drop_prob=0.044)
                )
              )
              (posemb): ModuleList(
                (0): RelativePositionEmbed(
                  (projector): Sequential(
                    (0): Linear(in_features=2, out_features=512, bias=True)
                    (1): ReLU()
                    (2): Linear(in_features=512, out_features=768, bias=False)
                  )
                )
              )
            )
            (5): MultiScaleAttentionBlock(
              (proj_drop): Dropout(p=0.0, inplace=False)
              (blocks): ModuleList(
                (0): CrossWindowBlock(
                  (norm1_q): LayerNorm((768,), eps=1e-05, elementwise_affine=True)
                  (norm1_kv): LayerNorm((768,), eps=1e-05, elementwise_affine=True)
                  (attn): CrossWindowAttention(
                    (q): Linear(in_features=768, out_features=768, bias=True)
                    (kv): Linear(in_features=768, out_features=1536, bias=True)
                    (proj): Linear(in_features=768, out_features=768, bias=True)
                    (proj_drop): Dropout(p=0.0, inplace=False)
                  )
                  (norm2): LayerNorm((768,), eps=1e-05, elementwise_affine=True)
                  (mlp): Mlp(
                    (fc1): Linear(in_features=768, out_features=3072, bias=True)
                    (act): GELU(approximate='none')
                    (drop1): Dropout(p=0.0, inplace=False)
                    (norm): Identity()
                    (fc2): Linear(in_features=3072, out_features=768, bias=True)
                    (drop2): Dropout(p=0.0, inplace=False)
                  )
                  (drop_path): DropPath(drop_prob=0.056)
                )
              )
              (posemb): ModuleList(
                (0): RelativePositionEmbed(
                  (projector): Sequential(
                    (0): Linear(in_features=2, out_features=512, bias=True)
                    (1): ReLU()
                    (2): Linear(in_features=512, out_features=768, bias=False)
                  )
                )
              )
            )
            (6): MultiScaleAttentionBlock(
              (proj_drop): Dropout(p=0.0, inplace=False)
              (blocks): ModuleList(
                (0): CrossWindowBlock(
                  (norm1_q): LayerNorm((768,), eps=1e-05, elementwise_affine=True)
                  (norm1_kv): LayerNorm((768,), eps=1e-05, elementwise_affine=True)
                  (attn): CrossWindowAttention(
                    (q): Linear(in_features=768, out_features=768, bias=True)
                    (kv): Linear(in_features=768, out_features=1536, bias=True)
                    (proj): Linear(in_features=768, out_features=768, bias=True)
                    (proj_drop): Dropout(p=0.0, inplace=False)
                  )
                  (norm2): LayerNorm((768,), eps=1e-05, elementwise_affine=True)
                  (mlp): Mlp(
                    (fc1): Linear(in_features=768, out_features=3072, bias=True)
                    (act): GELU(approximate='none')
                    (drop1): Dropout(p=0.0, inplace=False)
                    (norm): Identity()
                    (fc2): Linear(in_features=3072, out_features=768, bias=True)
                    (drop2): Dropout(p=0.0, inplace=False)
                  )
                  (drop_path): DropPath(drop_prob=0.067)
                )
              )
              (posemb): ModuleList(
                (0): RelativePositionEmbed(
                  (projector): Sequential(
                    (0): Linear(in_features=2, out_features=512, bias=True)
                    (1): ReLU()
                    (2): Linear(in_features=512, out_features=768, bias=False)
                  )
                )
              )
            )
            (7): MultiScaleAttentionBlock(
              (proj_drop): Dropout(p=0.0, inplace=False)
              (blocks): ModuleList(
                (0): CrossWindowBlock(
                  (norm1_q): LayerNorm((768,), eps=1e-05, elementwise_affine=True)
                  (norm1_kv): LayerNorm((768,), eps=1e-05, elementwise_affine=True)
                  (attn): CrossWindowAttention(
                    (q): Linear(in_features=768, out_features=768, bias=True)
                    (kv): Linear(in_features=768, out_features=1536, bias=True)
                    (proj): Linear(in_features=768, out_features=768, bias=True)
                    (proj_drop): Dropout(p=0.0, inplace=False)
                  )
                  (norm2): LayerNorm((768,), eps=1e-05, elementwise_affine=True)
                  (mlp): Mlp(
                    (fc1): Linear(in_features=768, out_features=3072, bias=True)
                    (act): GELU(approximate='none')
                    (drop1): Dropout(p=0.0, inplace=False)
                    (norm): Identity()
                    (fc2): Linear(in_features=3072, out_features=768, bias=True)
                    (drop2): Dropout(p=0.0, inplace=False)
                  )
                  (drop_path): DropPath(drop_prob=0.078)
                )
              )
              (posemb): ModuleList(
                (0): RelativePositionEmbed(
                  (projector): Sequential(
                    (0): Linear(in_features=2, out_features=512, bias=True)
                    (1): ReLU()
                    (2): Linear(in_features=512, out_features=768, bias=False)
                  )
                )
              )
            )
            (8): MultiScaleAttentionBlock(
              (proj_drop): Dropout(p=0.0, inplace=False)
              (blocks): ModuleList(
                (0): CrossWindowBlock(
                  (norm1_q): LayerNorm((768,), eps=1e-05, elementwise_affine=True)
                  (norm1_kv): LayerNorm((768,), eps=1e-05, elementwise_affine=True)
                  (attn): CrossWindowAttention(
                    (q): Linear(in_features=768, out_features=768, bias=True)
                    (kv): Linear(in_features=768, out_features=1536, bias=True)
                    (proj): Linear(in_features=768, out_features=768, bias=True)
                    (proj_drop): Dropout(p=0.0, inplace=False)
                  )
                  (norm2): LayerNorm((768,), eps=1e-05, elementwise_affine=True)
                  (mlp): Mlp(
                    (fc1): Linear(in_features=768, out_features=3072, bias=True)
                    (act): GELU(approximate='none')
                    (drop1): Dropout(p=0.0, inplace=False)
                    (norm): Identity()
                    (fc2): Linear(in_features=3072, out_features=768, bias=True)
                    (drop2): Dropout(p=0.0, inplace=False)
                  )
                  (drop_path): DropPath(drop_prob=0.089)
                )
              )
              (posemb): ModuleList(
                (0): RelativePositionEmbed(
                  (projector): Sequential(
                    (0): Linear(in_features=2, out_features=512, bias=True)
                    (1): ReLU()
                    (2): Linear(in_features=512, out_features=768, bias=False)
                  )
                )
              )
            )
            (9): MultiScaleAttentionBlock(
              (proj_drop): Dropout(p=0.0, inplace=False)
              (blocks): ModuleList(
                (0): CrossWindowBlock(
                  (norm1_q): LayerNorm((768,), eps=1e-05, elementwise_affine=True)
                  (norm1_kv): LayerNorm((768,), eps=1e-05, elementwise_affine=True)
                  (attn): CrossWindowAttention(
                    (q): Linear(in_features=768, out_features=768, bias=True)
                    (kv): Linear(in_features=768, out_features=1536, bias=True)
                    (proj): Linear(in_features=768, out_features=768, bias=True)
                    (proj_drop): Dropout(p=0.0, inplace=False)
                  )
                  (norm2): LayerNorm((768,), eps=1e-05, elementwise_affine=True)
                  (mlp): Mlp(
                    (fc1): Linear(in_features=768, out_features=3072, bias=True)
                    (act): GELU(approximate='none')
                    (drop1): Dropout(p=0.0, inplace=False)
                    (norm): Identity()
                    (fc2): Linear(in_features=3072, out_features=768, bias=True)
                    (drop2): Dropout(p=0.0, inplace=False)
                  )
                  (drop_path): DropPath(drop_prob=0.100)
                )
              )
              (posemb): ModuleList(
                (0): RelativePositionEmbed(
                  (projector): Sequential(
                    (0): Linear(in_features=2, out_features=512, bias=True)
                    (1): ReLU()
                    (2): Linear(in_features=512, out_features=768, bias=False)
                  )
                )
              )
            )
          )
        )
      )
      (norm): BatchNorm2d(768, eps=1e-05, momentum=0.1, affine=True, track_running_stats=True)
      (avgpool): AdaptiveAvgPool2d(output_size=1)
      (head): Linear(in_features=768, out_features=10, bias=True)
    )
  )
  (readout_norm): LayerNorm((768,), eps=1e-05, elementwise_affine=True)
  (fc_norm): LayerNorm((768,), eps=1e-05, elementwise_affine=True)
  (fc): Linear(in_features=768, out_features=10, bias=True)
)
2026-04-30 23:29:51,905 - Trainable params: 74,861,588 / 122,924,126 (60.90%)
2026-04-30 23:29:51,905 - [TRAINABLE] atlas_models.1.levels.0.blocks.0.blocks.0.norm1_q.weight
2026-04-30 23:29:51,905 - [TRAINABLE] atlas_models.1.levels.0.blocks.0.blocks.0.norm1_q.bias
2026-04-30 23:29:51,905 - [TRAINABLE] atlas_models.1.levels.0.blocks.0.blocks.0.norm1_kv.weight
2026-04-30 23:29:51,905 - [TRAINABLE] atlas_models.1.levels.0.blocks.0.blocks.0.norm1_kv.bias
2026-04-30 23:29:51,905 - [TRAINABLE] atlas_models.1.levels.0.blocks.0.blocks.0.attn.q.weight
2026-04-30 23:29:51,905 - [TRAINABLE] atlas_models.1.levels.0.blocks.0.blocks.0.attn.q.bias
2026-04-30 23:29:51,905 - [TRAINABLE] atlas_models.1.levels.0.blocks.0.blocks.0.attn.kv.weight
2026-04-30 23:29:51,905 - [TRAINABLE] atlas_models.1.levels.0.blocks.0.blocks.0.attn.kv.bias
2026-04-30 23:29:51,905 - [TRAINABLE] atlas_models.1.levels.0.blocks.0.blocks.0.attn.proj.weight
2026-04-30 23:29:51,905 - [TRAINABLE] atlas_models.1.levels.0.blocks.0.blocks.0.attn.proj.bias
2026-04-30 23:29:51,905 - [TRAINABLE] atlas_models.1.levels.0.blocks.0.blocks.0.norm2.weight
2026-04-30 23:29:51,905 - [TRAINABLE] atlas_models.1.levels.0.blocks.0.blocks.0.norm2.bias
2026-04-30 23:29:51,905 - [TRAINABLE] atlas_models.1.levels.0.blocks.0.blocks.0.mlp.fc1.weight
2026-04-30 23:29:51,905 - [TRAINABLE] atlas_models.1.levels.0.blocks.0.blocks.0.mlp.fc1.bias
2026-04-30 23:29:51,905 - [TRAINABLE] atlas_models.1.levels.0.blocks.0.blocks.0.mlp.fc2.weight
2026-04-30 23:29:51,905 - [TRAINABLE] atlas_models.1.levels.0.blocks.0.blocks.0.mlp.fc2.bias
2026-04-30 23:29:51,905 - [TRAINABLE] atlas_models.1.levels.0.blocks.0.posemb.0.projector.0.weight
2026-04-30 23:29:51,905 - [TRAINABLE] atlas_models.1.levels.0.blocks.0.posemb.0.projector.0.bias
2026-04-30 23:29:51,905 - [TRAINABLE] atlas_models.1.levels.0.blocks.0.posemb.0.projector.2.weight
2026-04-30 23:29:51,905 - [TRAINABLE] atlas_models.1.levels.0.blocks.1.blocks.0.norm1_q.weight
2026-04-30 23:29:51,905 - [TRAINABLE] atlas_models.1.levels.0.blocks.1.blocks.0.norm1_q.bias
2026-04-30 23:29:51,905 - [TRAINABLE] atlas_models.1.levels.0.blocks.1.blocks.0.norm1_kv.weight
2026-04-30 23:29:51,905 - [TRAINABLE] atlas_models.1.levels.0.blocks.1.blocks.0.norm1_kv.bias
2026-04-30 23:29:51,905 - [TRAINABLE] atlas_models.1.levels.0.blocks.1.blocks.0.attn.q.weight
2026-04-30 23:29:51,905 - [TRAINABLE] atlas_models.1.levels.0.blocks.1.blocks.0.attn.q.bias
2026-04-30 23:29:51,905 - [TRAINABLE] atlas_models.1.levels.0.blocks.1.blocks.0.attn.kv.weight
2026-04-30 23:29:51,905 - [TRAINABLE] atlas_models.1.levels.0.blocks.1.blocks.0.attn.kv.bias
2026-04-30 23:29:51,905 - [TRAINABLE] atlas_models.1.levels.0.blocks.1.blocks.0.attn.proj.weight
2026-04-30 23:29:51,905 - [TRAINABLE] atlas_models.1.levels.0.blocks.1.blocks.0.attn.proj.bias
2026-04-30 23:29:51,905 - [TRAINABLE] atlas_models.1.levels.0.blocks.1.blocks.0.norm2.weight
2026-04-30 23:29:51,905 - [TRAINABLE] atlas_models.1.levels.0.blocks.1.blocks.0.norm2.bias
2026-04-30 23:29:51,905 - [TRAINABLE] atlas_models.1.levels.0.blocks.1.blocks.0.mlp.fc1.weight
2026-04-30 23:29:51,905 - [TRAINABLE] atlas_models.1.levels.0.blocks.1.blocks.0.mlp.fc1.bias
2026-04-30 23:29:51,905 - [TRAINABLE] atlas_models.1.levels.0.blocks.1.blocks.0.mlp.fc2.weight
2026-04-30 23:29:51,905 - [TRAINABLE] atlas_models.1.levels.0.blocks.1.blocks.0.mlp.fc2.bias
2026-04-30 23:29:51,905 - [TRAINABLE] atlas_models.1.levels.0.blocks.1.posemb.0.projector.0.weight
2026-04-30 23:29:51,905 - [TRAINABLE] atlas_models.1.levels.0.blocks.1.posemb.0.projector.0.bias
2026-04-30 23:29:51,905 - [TRAINABLE] atlas_models.1.levels.0.blocks.1.posemb.0.projector.2.weight
2026-04-30 23:29:51,905 - [TRAINABLE] atlas_models.1.levels.0.blocks.2.blocks.0.norm1_q.weight
2026-04-30 23:29:51,905 - [TRAINABLE] atlas_models.1.levels.0.blocks.2.blocks.0.norm1_q.bias
2026-04-30 23:29:51,905 - [TRAINABLE] atlas_models.1.levels.0.blocks.2.blocks.0.norm1_kv.weight
2026-04-30 23:29:51,905 - [TRAINABLE] atlas_models.1.levels.0.blocks.2.blocks.0.norm1_kv.bias
2026-04-30 23:29:51,906 - [TRAINABLE] atlas_models.1.levels.0.blocks.2.blocks.0.attn.q.weight
2026-04-30 23:29:51,906 - [TRAINABLE] atlas_models.1.levels.0.blocks.2.blocks.0.attn.q.bias
2026-04-30 23:29:51,906 - [TRAINABLE] atlas_models.1.levels.0.blocks.2.blocks.0.attn.kv.weight
2026-04-30 23:29:51,906 - [TRAINABLE] atlas_models.1.levels.0.blocks.2.blocks.0.attn.kv.bias
2026-04-30 23:29:51,906 - [TRAINABLE] atlas_models.1.levels.0.blocks.2.blocks.0.attn.proj.weight
2026-04-30 23:29:51,906 - [TRAINABLE] atlas_models.1.levels.0.blocks.2.blocks.0.attn.proj.bias
2026-04-30 23:29:51,906 - [TRAINABLE] atlas_models.1.levels.0.blocks.2.blocks.0.norm2.weight
2026-04-30 23:29:51,906 - [TRAINABLE] atlas_models.1.levels.0.blocks.2.blocks.0.norm2.bias
2026-04-30 23:29:51,906 - [TRAINABLE] atlas_models.1.levels.0.blocks.2.blocks.0.mlp.fc1.weight
2026-04-30 23:29:51,906 - [TRAINABLE] atlas_models.1.levels.0.blocks.2.blocks.0.mlp.fc1.bias
2026-04-30 23:29:51,906 - [TRAINABLE] atlas_models.1.levels.0.blocks.2.blocks.0.mlp.fc2.weight
2026-04-30 23:29:51,906 - [TRAINABLE] atlas_models.1.levels.0.blocks.2.blocks.0.mlp.fc2.bias
2026-04-30 23:29:51,906 - [TRAINABLE] atlas_models.1.levels.0.blocks.2.posemb.0.projector.0.weight
2026-04-30 23:29:51,906 - [TRAINABLE] atlas_models.1.levels.0.blocks.2.posemb.0.projector.0.bias
2026-04-30 23:29:51,906 - [TRAINABLE] atlas_models.1.levels.0.blocks.2.posemb.0.projector.2.weight
2026-04-30 23:29:51,906 - [TRAINABLE] atlas_models.1.levels.0.blocks.3.blocks.0.norm1_q.weight
2026-04-30 23:29:51,906 - [TRAINABLE] atlas_models.1.levels.0.blocks.3.blocks.0.norm1_q.bias
2026-04-30 23:29:51,906 - [TRAINABLE] atlas_models.1.levels.0.blocks.3.blocks.0.norm1_kv.weight
2026-04-30 23:29:51,906 - [TRAINABLE] atlas_models.1.levels.0.blocks.3.blocks.0.norm1_kv.bias
2026-04-30 23:29:51,906 - [TRAINABLE] atlas_models.1.levels.0.blocks.3.blocks.0.attn.q.weight
2026-04-30 23:29:51,906 - [TRAINABLE] atlas_models.1.levels.0.blocks.3.blocks.0.attn.q.bias
2026-04-30 23:29:51,906 - [TRAINABLE] atlas_models.1.levels.0.blocks.3.blocks.0.attn.kv.weight
2026-04-30 23:29:51,906 - [TRAINABLE] atlas_models.1.levels.0.blocks.3.blocks.0.attn.kv.bias
2026-04-30 23:29:51,906 - [TRAINABLE] atlas_models.1.levels.0.blocks.3.blocks.0.attn.proj.weight
2026-04-30 23:29:51,906 - [TRAINABLE] atlas_models.1.levels.0.blocks.3.blocks.0.attn.proj.bias
2026-04-30 23:29:51,906 - [TRAINABLE] atlas_models.1.levels.0.blocks.3.blocks.0.norm2.weight
2026-04-30 23:29:51,906 - [TRAINABLE] atlas_models.1.levels.0.blocks.3.blocks.0.norm2.bias
2026-04-30 23:29:51,906 - [TRAINABLE] atlas_models.1.levels.0.blocks.3.blocks.0.mlp.fc1.weight
2026-04-30 23:29:51,906 - [TRAINABLE] atlas_models.1.levels.0.blocks.3.blocks.0.mlp.fc1.bias
2026-04-30 23:29:51,906 - [TRAINABLE] atlas_models.1.levels.0.blocks.3.blocks.0.mlp.fc2.weight
2026-04-30 23:29:51,906 - [TRAINABLE] atlas_models.1.levels.0.blocks.3.blocks.0.mlp.fc2.bias
2026-04-30 23:29:51,906 - [TRAINABLE] atlas_models.1.levels.0.blocks.3.posemb.0.projector.0.weight
2026-04-30 23:29:51,906 - [TRAINABLE] atlas_models.1.levels.0.blocks.3.posemb.0.projector.0.bias
2026-04-30 23:29:51,906 - [TRAINABLE] atlas_models.1.levels.0.blocks.3.posemb.0.projector.2.weight
2026-04-30 23:29:51,906 - [TRAINABLE] atlas_models.1.levels.0.blocks.4.blocks.0.norm1_q.weight
2026-04-30 23:29:51,906 - [TRAINABLE] atlas_models.1.levels.0.blocks.4.blocks.0.norm1_q.bias
2026-04-30 23:29:51,906 - [TRAINABLE] atlas_models.1.levels.0.blocks.4.blocks.0.norm1_kv.weight
2026-04-30 23:29:51,906 - [TRAINABLE] atlas_models.1.levels.0.blocks.4.blocks.0.norm1_kv.bias
2026-04-30 23:29:51,906 - [TRAINABLE] atlas_models.1.levels.0.blocks.4.blocks.0.attn.q.weight
2026-04-30 23:29:51,906 - [TRAINABLE] atlas_models.1.levels.0.blocks.4.blocks.0.attn.q.bias
2026-04-30 23:29:51,906 - [TRAINABLE] atlas_models.1.levels.0.blocks.4.blocks.0.attn.kv.weight
2026-04-30 23:29:51,906 - [TRAINABLE] atlas_models.1.levels.0.blocks.4.blocks.0.attn.kv.bias
2026-04-30 23:29:51,906 - [TRAINABLE] atlas_models.1.levels.0.blocks.4.blocks.0.attn.proj.weight
2026-04-30 23:29:51,906 - [TRAINABLE] atlas_models.1.levels.0.blocks.4.blocks.0.attn.proj.bias
2026-04-30 23:29:51,906 - [TRAINABLE] atlas_models.1.levels.0.blocks.4.blocks.0.norm2.weight
2026-04-30 23:29:51,906 - [TRAINABLE] atlas_models.1.levels.0.blocks.4.blocks.0.norm2.bias
2026-04-30 23:29:51,906 - [TRAINABLE] atlas_models.1.levels.0.blocks.4.blocks.0.mlp.fc1.weight
2026-04-30 23:29:51,906 - [TRAINABLE] atlas_models.1.levels.0.blocks.4.blocks.0.mlp.fc1.bias
2026-04-30 23:29:51,906 - [TRAINABLE] atlas_models.1.levels.0.blocks.4.blocks.0.mlp.fc2.weight
2026-04-30 23:29:51,906 - [TRAINABLE] atlas_models.1.levels.0.blocks.4.blocks.0.mlp.fc2.bias
2026-04-30 23:29:51,906 - [TRAINABLE] atlas_models.1.levels.0.blocks.4.posemb.0.projector.0.weight
2026-04-30 23:29:51,906 - [TRAINABLE] atlas_models.1.levels.0.blocks.4.posemb.0.projector.0.bias
2026-04-30 23:29:51,906 - [TRAINABLE] atlas_models.1.levels.0.blocks.4.posemb.0.projector.2.weight
2026-04-30 23:29:51,906 - [TRAINABLE] atlas_models.1.levels.0.blocks.5.blocks.0.norm1_q.weight
2026-04-30 23:29:51,906 - [TRAINABLE] atlas_models.1.levels.0.blocks.5.blocks.0.norm1_q.bias
2026-04-30 23:29:51,906 - [TRAINABLE] atlas_models.1.levels.0.blocks.5.blocks.0.norm1_kv.weight
2026-04-30 23:29:51,906 - [TRAINABLE] atlas_models.1.levels.0.blocks.5.blocks.0.norm1_kv.bias
2026-04-30 23:29:51,906 - [TRAINABLE] atlas_models.1.levels.0.blocks.5.blocks.0.attn.q.weight
2026-04-30 23:29:51,906 - [TRAINABLE] atlas_models.1.levels.0.blocks.5.blocks.0.attn.q.bias
2026-04-30 23:29:51,906 - [TRAINABLE] atlas_models.1.levels.0.blocks.5.blocks.0.attn.kv.weight
2026-04-30 23:29:51,906 - [TRAINABLE] atlas_models.1.levels.0.blocks.5.blocks.0.attn.kv.bias
2026-04-30 23:29:51,906 - [TRAINABLE] atlas_models.1.levels.0.blocks.5.blocks.0.attn.proj.weight
2026-04-30 23:29:51,906 - [TRAINABLE] atlas_models.1.levels.0.blocks.5.blocks.0.attn.proj.bias
2026-04-30 23:29:51,906 - [TRAINABLE] atlas_models.1.levels.0.blocks.5.blocks.0.norm2.weight
2026-04-30 23:29:51,906 - [TRAINABLE] atlas_models.1.levels.0.blocks.5.blocks.0.norm2.bias
2026-04-30 23:29:51,906 - [TRAINABLE] atlas_models.1.levels.0.blocks.5.blocks.0.mlp.fc1.weight
2026-04-30 23:29:51,906 - [TRAINABLE] atlas_models.1.levels.0.blocks.5.blocks.0.mlp.fc1.bias
2026-04-30 23:29:51,906 - [TRAINABLE] atlas_models.1.levels.0.blocks.5.blocks.0.mlp.fc2.weight
2026-04-30 23:29:51,906 - [TRAINABLE] atlas_models.1.levels.0.blocks.5.blocks.0.mlp.fc2.bias
2026-04-30 23:29:51,906 - [TRAINABLE] atlas_models.1.levels.0.blocks.5.posemb.0.projector.0.weight
2026-04-30 23:29:51,906 - [TRAINABLE] atlas_models.1.levels.0.blocks.5.posemb.0.projector.0.bias
2026-04-30 23:29:51,906 - [TRAINABLE] atlas_models.1.levels.0.blocks.5.posemb.0.projector.2.weight
2026-04-30 23:29:51,906 - [TRAINABLE] atlas_models.1.levels.0.blocks.6.blocks.0.norm1_q.weight
2026-04-30 23:29:51,906 - [TRAINABLE] atlas_models.1.levels.0.blocks.6.blocks.0.norm1_q.bias
2026-04-30 23:29:51,906 - [TRAINABLE] atlas_models.1.levels.0.blocks.6.blocks.0.norm1_kv.weight
2026-04-30 23:29:51,907 - [TRAINABLE] atlas_models.1.levels.0.blocks.6.blocks.0.norm1_kv.bias
2026-04-30 23:29:51,907 - [TRAINABLE] atlas_models.1.levels.0.blocks.6.blocks.0.attn.q.weight
2026-04-30 23:29:51,907 - [TRAINABLE] atlas_models.1.levels.0.blocks.6.blocks.0.attn.q.bias
2026-04-30 23:29:51,907 - [TRAINABLE] atlas_models.1.levels.0.blocks.6.blocks.0.attn.kv.weight
2026-04-30 23:29:51,907 - [TRAINABLE] atlas_models.1.levels.0.blocks.6.blocks.0.attn.kv.bias
2026-04-30 23:29:51,907 - [TRAINABLE] atlas_models.1.levels.0.blocks.6.blocks.0.attn.proj.weight
2026-04-30 23:29:51,907 - [TRAINABLE] atlas_models.1.levels.0.blocks.6.blocks.0.attn.proj.bias
2026-04-30 23:29:51,907 - [TRAINABLE] atlas_models.1.levels.0.blocks.6.blocks.0.norm2.weight
2026-04-30 23:29:51,907 - [TRAINABLE] atlas_models.1.levels.0.blocks.6.blocks.0.norm2.bias
2026-04-30 23:29:51,907 - [TRAINABLE] atlas_models.1.levels.0.blocks.6.blocks.0.mlp.fc1.weight
2026-04-30 23:29:51,907 - [TRAINABLE] atlas_models.1.levels.0.blocks.6.blocks.0.mlp.fc1.bias
2026-04-30 23:29:51,907 - [TRAINABLE] atlas_models.1.levels.0.blocks.6.blocks.0.mlp.fc2.weight
2026-04-30 23:29:51,907 - [TRAINABLE] atlas_models.1.levels.0.blocks.6.blocks.0.mlp.fc2.bias
2026-04-30 23:29:51,907 - [TRAINABLE] atlas_models.1.levels.0.blocks.6.posemb.0.projector.0.weight
2026-04-30 23:29:51,907 - [TRAINABLE] atlas_models.1.levels.0.blocks.6.posemb.0.projector.0.bias
2026-04-30 23:29:51,907 - [TRAINABLE] atlas_models.1.levels.0.blocks.6.posemb.0.projector.2.weight
2026-04-30 23:29:51,907 - [TRAINABLE] atlas_models.1.levels.0.blocks.7.blocks.0.norm1_q.weight
2026-04-30 23:29:51,907 - [TRAINABLE] atlas_models.1.levels.0.blocks.7.blocks.0.norm1_q.bias
2026-04-30 23:29:51,907 - [TRAINABLE] atlas_models.1.levels.0.blocks.7.blocks.0.norm1_kv.weight
2026-04-30 23:29:51,907 - [TRAINABLE] atlas_models.1.levels.0.blocks.7.blocks.0.norm1_kv.bias
2026-04-30 23:29:51,907 - [TRAINABLE] atlas_models.1.levels.0.blocks.7.blocks.0.attn.q.weight
2026-04-30 23:29:51,907 - [TRAINABLE] atlas_models.1.levels.0.blocks.7.blocks.0.attn.q.bias
2026-04-30 23:29:51,907 - [TRAINABLE] atlas_models.1.levels.0.blocks.7.blocks.0.attn.kv.weight
2026-04-30 23:29:51,907 - [TRAINABLE] atlas_models.1.levels.0.blocks.7.blocks.0.attn.kv.bias
2026-04-30 23:29:51,907 - [TRAINABLE] atlas_models.1.levels.0.blocks.7.blocks.0.attn.proj.weight
2026-04-30 23:29:51,907 - [TRAINABLE] atlas_models.1.levels.0.blocks.7.blocks.0.attn.proj.bias
2026-04-30 23:29:51,907 - [TRAINABLE] atlas_models.1.levels.0.blocks.7.blocks.0.norm2.weight
2026-04-30 23:29:51,907 - [TRAINABLE] atlas_models.1.levels.0.blocks.7.blocks.0.norm2.bias
2026-04-30 23:29:51,907 - [TRAINABLE] atlas_models.1.levels.0.blocks.7.blocks.0.mlp.fc1.weight
2026-04-30 23:29:51,907 - [TRAINABLE] atlas_models.1.levels.0.blocks.7.blocks.0.mlp.fc1.bias
2026-04-30 23:29:51,907 - [TRAINABLE] atlas_models.1.levels.0.blocks.7.blocks.0.mlp.fc2.weight
2026-04-30 23:29:51,907 - [TRAINABLE] atlas_models.1.levels.0.blocks.7.blocks.0.mlp.fc2.bias
2026-04-30 23:29:51,907 - [TRAINABLE] atlas_models.1.levels.0.blocks.7.posemb.0.projector.0.weight
2026-04-30 23:29:51,907 - [TRAINABLE] atlas_models.1.levels.0.blocks.7.posemb.0.projector.0.bias
2026-04-30 23:29:51,907 - [TRAINABLE] atlas_models.1.levels.0.blocks.7.posemb.0.projector.2.weight
2026-04-30 23:29:51,907 - [TRAINABLE] atlas_models.1.levels.0.blocks.8.blocks.0.norm1_q.weight
2026-04-30 23:29:51,907 - [TRAINABLE] atlas_models.1.levels.0.blocks.8.blocks.0.norm1_q.bias
2026-04-30 23:29:51,907 - [TRAINABLE] atlas_models.1.levels.0.blocks.8.blocks.0.norm1_kv.weight
2026-04-30 23:29:51,907 - [TRAINABLE] atlas_models.1.levels.0.blocks.8.blocks.0.norm1_kv.bias
2026-04-30 23:29:51,907 - [TRAINABLE] atlas_models.1.levels.0.blocks.8.blocks.0.attn.q.weight
2026-04-30 23:29:51,907 - [TRAINABLE] atlas_models.1.levels.0.blocks.8.blocks.0.attn.q.bias
2026-04-30 23:29:51,907 - [TRAINABLE] atlas_models.1.levels.0.blocks.8.blocks.0.attn.kv.weight
2026-04-30 23:29:51,907 - [TRAINABLE] atlas_models.1.levels.0.blocks.8.blocks.0.attn.kv.bias
2026-04-30 23:29:51,907 - [TRAINABLE] atlas_models.1.levels.0.blocks.8.blocks.0.attn.proj.weight
2026-04-30 23:29:51,907 - [TRAINABLE] atlas_models.1.levels.0.blocks.8.blocks.0.attn.proj.bias
2026-04-30 23:29:51,907 - [TRAINABLE] atlas_models.1.levels.0.blocks.8.blocks.0.norm2.weight
2026-04-30 23:29:51,907 - [TRAINABLE] atlas_models.1.levels.0.blocks.8.blocks.0.norm2.bias
2026-04-30 23:29:51,907 - [TRAINABLE] atlas_models.1.levels.0.blocks.8.blocks.0.mlp.fc1.weight
2026-04-30 23:29:51,907 - [TRAINABLE] atlas_models.1.levels.0.blocks.8.blocks.0.mlp.fc1.bias
2026-04-30 23:29:51,907 - [TRAINABLE] atlas_models.1.levels.0.blocks.8.blocks.0.mlp.fc2.weight
2026-04-30 23:29:51,907 - [TRAINABLE] atlas_models.1.levels.0.blocks.8.blocks.0.mlp.fc2.bias
2026-04-30 23:29:51,907 - [TRAINABLE] atlas_models.1.levels.0.blocks.8.posemb.0.projector.0.weight
2026-04-30 23:29:51,907 - [TRAINABLE] atlas_models.1.levels.0.blocks.8.posemb.0.projector.0.bias
2026-04-30 23:29:51,907 - [TRAINABLE] atlas_models.1.levels.0.blocks.8.posemb.0.projector.2.weight
2026-04-30 23:29:51,907 - [TRAINABLE] atlas_models.1.levels.0.blocks.9.blocks.0.norm1_q.weight
2026-04-30 23:29:51,907 - [TRAINABLE] atlas_models.1.levels.0.blocks.9.blocks.0.norm1_q.bias
2026-04-30 23:29:51,907 - [TRAINABLE] atlas_models.1.levels.0.blocks.9.blocks.0.norm1_kv.weight
2026-04-30 23:29:51,907 - [TRAINABLE] atlas_models.1.levels.0.blocks.9.blocks.0.norm1_kv.bias
2026-04-30 23:29:51,907 - [TRAINABLE] atlas_models.1.levels.0.blocks.9.blocks.0.attn.q.weight
2026-04-30 23:29:51,907 - [TRAINABLE] atlas_models.1.levels.0.blocks.9.blocks.0.attn.q.bias
2026-04-30 23:29:51,907 - [TRAINABLE] atlas_models.1.levels.0.blocks.9.blocks.0.attn.kv.weight
2026-04-30 23:29:51,907 - [TRAINABLE] atlas_models.1.levels.0.blocks.9.blocks.0.attn.kv.bias
2026-04-30 23:29:51,907 - [TRAINABLE] atlas_models.1.levels.0.blocks.9.blocks.0.attn.proj.weight
2026-04-30 23:29:51,907 - [TRAINABLE] atlas_models.1.levels.0.blocks.9.blocks.0.attn.proj.bias
2026-04-30 23:29:51,907 - [TRAINABLE] atlas_models.1.levels.0.blocks.9.blocks.0.norm2.weight
2026-04-30 23:29:51,907 - [TRAINABLE] atlas_models.1.levels.0.blocks.9.blocks.0.norm2.bias
2026-04-30 23:29:51,907 - [TRAINABLE] atlas_models.1.levels.0.blocks.9.blocks.0.mlp.fc1.weight
2026-04-30 23:29:51,907 - [TRAINABLE] atlas_models.1.levels.0.blocks.9.blocks.0.mlp.fc1.bias
2026-04-30 23:29:51,907 - [TRAINABLE] atlas_models.1.levels.0.blocks.9.blocks.0.mlp.fc2.weight
2026-04-30 23:29:51,907 - [TRAINABLE] atlas_models.1.levels.0.blocks.9.blocks.0.mlp.fc2.bias
2026-04-30 23:29:51,907 - [TRAINABLE] atlas_models.1.levels.0.blocks.9.posemb.0.projector.0.weight
2026-04-30 23:29:51,907 - [TRAINABLE] atlas_models.1.levels.0.blocks.9.posemb.0.projector.0.bias
2026-04-30 23:29:51,907 - [TRAINABLE] atlas_models.1.levels.0.blocks.9.posemb.0.projector.2.weight
2026-04-30 23:29:51,907 - [TRAINABLE] atlas_models.1.norm.weight
2026-04-30 23:29:51,907 - [TRAINABLE] atlas_models.1.norm.bias
2026-04-30 23:29:51,907 - [TRAINABLE] atlas_models.1.head.weight
2026-04-30 23:29:51,907 - [TRAINABLE] atlas_models.1.head.bias
2026-04-30 23:29:51,908 - [TRAINABLE] readout_norm.weight
2026-04-30 23:29:51,908 - [TRAINABLE] readout_norm.bias
2026-04-30 23:29:51,908 - [TRAINABLE] fc_norm.weight
2026-04-30 23:29:51,908 - [TRAINABLE] fc_norm.bias
2026-04-30 23:29:51,908 - [TRAINABLE] fc.weight
2026-04-30 23:29:51,908 - [TRAINABLE] fc.bias
2026-04-30 23:29:51,925 - Start training for 30 epochs
Epoch: [0][  1/590]	Time  1.997 ( 1.997)	Data  1.100 ( 1.100)	max lr 0.0000e+00 (0.0000e+00)	min lr 0.0000e+00 (0.0000e+00)	Loss 1.2128e+00 (1.2128e+00)	Max mem (MiB) 946 (946)
Epoch: [0][201/590]	Time  0.115 ( 0.134)	Data  0.000 ( 0.006)	max lr 5.6497e-06 (2.8108e-06)	min lr 5.6497e-06 (2.8108e-06)	Loss 5.7820e-01 (9.4455e-01)	Max mem (MiB) 3100 (3081)
Epoch: [0][401/590]	Time  0.116 ( 0.129)	Data  0.000 ( 0.003)	max lr 1.1299e-05 (5.6356e-06)	min lr 1.1299e-05 (5.6356e-06)	Loss 5.1999e-01 (7.3535e-01)	Max mem (MiB) 3101 (3091)
2026-04-30 23:31:07,371 - train_accuracy: 0.0000
2026-04-30 23:31:07,372 - train_total: 18880.0000
2026-04-30 23:31:07,372 - train_correct: 0.0000
2026-04-30 23:31:48,088 - val_accuracy: 1.0000
2026-04-30 23:31:48,088 - eval_accuracy: 0.9359
2026-04-30 23:31:48,088 - eval_total: 5400.0000
2026-04-30 23:31:48,088 - eval_correct: 5054.0000
Epoch: [1][  1/590]	Time  0.852 ( 0.852)	Data  0.736 ( 0.736)	max lr 1.6667e-05 (1.6667e-05)	min lr 1.6667e-05 (1.6667e-05)	Loss 3.2787e-01 (3.2787e-01)	Max mem (MiB) 3101 (3101)
Epoch: [1][201/590]	Time  0.119 ( 0.129)	Data  0.000 ( 0.004)	max lr 2.2316e-05 (1.9477e-05)	min lr 2.2316e-05 (1.9477e-05)	Loss 2.9204e-01 (4.0630e-01)	Max mem (MiB) 3101 (3101)
Epoch: [1][401/590]	Time  0.116 ( 0.127)	Data  0.000 ( 0.002)	max lr 2.7966e-05 (2.2302e-05)	min lr 2.7966e-05 (2.2302e-05)	Loss 2.7057e-01 (3.9584e-01)	Max mem (MiB) 3101 (3101)
2026-04-30 23:33:02,754 - train_accuracy: 0.0000
2026-04-30 23:33:02,755 - train_total: 18880.0000
2026-04-30 23:33:02,756 - train_correct: 0.0000
2026-04-30 23:33:32,362 - val_accuracy: 1.0000
2026-04-30 23:33:32,362 - eval_accuracy: 0.9472
2026-04-30 23:33:32,362 - eval_total: 5400.0000
2026-04-30 23:33:32,362 - eval_correct: 5115.0000
Epoch: [2][  1/590]	Time  0.867 ( 0.867)	Data  0.752 ( 0.752)	max lr 3.3333e-05 (3.3333e-05)	min lr 3.3333e-05 (3.3333e-05)	Loss 2.9632e-01 (2.9632e-01)	Max mem (MiB) 3101 (3101)
Epoch: [2][201/590]	Time  0.116 ( 0.129)	Data  0.000 ( 0.004)	max lr 3.8983e-05 (3.6144e-05)	min lr 3.8983e-05 (3.6144e-05)	Loss 2.0877e-01 (3.7670e-01)	Max mem (MiB) 3101 (3101)
Epoch: [2][401/590]	Time  0.117 ( 0.127)	Data  0.000 ( 0.002)	max lr 4.4633e-05 (3.8969e-05)	min lr 4.4633e-05 (3.8969e-05)	Loss 5.8278e-01 (3.6341e-01)	Max mem (MiB) 3101 (3101)
2026-04-30 23:34:46,999 - train_accuracy: 0.0000
2026-04-30 23:34:47,000 - train_total: 18880.0000
2026-04-30 23:34:47,000 - train_correct: 0.0000
2026-04-30 23:35:17,978 - val_accuracy: 1.0000
2026-04-30 23:35:17,978 - eval_accuracy: 0.9559
2026-04-30 23:35:17,978 - eval_total: 5400.0000
2026-04-30 23:35:17,978 - eval_correct: 5162.0000
Epoch: [3][  1/590]	Time  0.716 ( 0.716)	Data  0.600 ( 0.600)	max lr 5.0000e-05 (5.0000e-05)	min lr 5.0000e-05 (5.0000e-05)	Loss 3.9083e-01 (3.9083e-01)	Max mem (MiB) 3101 (3101)
Epoch: [3][201/590]	Time  0.117 ( 0.129)	Data  0.000 ( 0.004)	max lr 4.9981e-05 (4.9994e-05)	min lr 4.9981e-05 (4.9994e-05)	Loss 5.2984e-01 (3.4644e-01)	Max mem (MiB) 3101 (3101)
Epoch: [3][401/590]	Time  0.116 ( 0.127)	Data  0.000 ( 0.002)	max lr 4.9924e-05 (4.9975e-05)	min lr 4.9924e-05 (4.9975e-05)	Loss 2.8550e-01 (3.4599e-01)	Max mem (MiB) 3101 (3101)
2026-04-30 23:36:32,757 - train_accuracy: 0.0000
2026-04-30 23:36:32,758 - train_total: 18880.0000
2026-04-30 23:36:32,758 - train_correct: 0.0000
2026-04-30 23:37:02,217 - val_accuracy: 1.0000
2026-04-30 23:37:02,217 - eval_accuracy: 0.9565
2026-04-30 23:37:02,217 - eval_total: 5400.0000
2026-04-30 23:37:02,218 - eval_correct: 5165.0000
Epoch: [4][  1/590]	Time  0.957 ( 0.957)	Data  0.841 ( 0.841)	max lr 4.9834e-05 (4.9834e-05)	min lr 4.9834e-05 (4.9834e-05)	Loss 2.5897e-01 (2.5897e-01)	Max mem (MiB) 3101 (3101)
Epoch: [4][201/590]	Time  0.116 ( 0.130)	Data  0.000 ( 0.005)	max lr 4.9703e-05 (4.9772e-05)	min lr 4.9703e-05 (4.9772e-05)	Loss 2.4788e-01 (3.2405e-01)	Max mem (MiB) 3101 (3101)
Epoch: [4][401/590]	Time  0.116 ( 0.127)	Data  0.000 ( 0.003)	max lr 4.9535e-05 (4.9697e-05)	min lr 4.9535e-05 (4.9697e-05)	Loss 2.1009e-01 (3.2791e-01)	Max mem (MiB) 3101 (3101)
2026-04-30 23:38:17,256 - train_accuracy: 0.0000
2026-04-30 23:38:17,257 - train_total: 18880.0000
2026-04-30 23:38:17,257 - train_correct: 0.0000
2026-04-30 23:38:51,092 - val_accuracy: 1.0000
2026-04-30 23:38:51,092 - eval_accuracy: 0.9683
2026-04-30 23:38:51,092 - eval_total: 5400.0000
2026-04-30 23:38:51,092 - eval_correct: 5229.0000
Epoch: [5][  1/590]	Time  0.823 ( 0.823)	Data  0.707 ( 0.707)	max lr 4.9340e-05 (4.9340e-05)	min lr 4.9340e-05 (4.9340e-05)	Loss 2.7742e-01 (2.7742e-01)	Max mem (MiB) 3101 (3101)
Epoch: [5][201/590]	Time  0.118 ( 0.129)	Data  0.000 ( 0.004)	max lr 4.9098e-05 (4.9223e-05)	min lr 4.9098e-05 (4.9223e-05)	Loss 7.4918e-01 (3.2549e-01)	Max mem (MiB) 3101 (3101)
Epoch: [5][401/590]	Time  0.117 ( 0.127)	Data  0.000 ( 0.002)	max lr 4.8820e-05 (4.9093e-05)	min lr 4.8820e-05 (4.9093e-05)	Loss 2.5053e-01 (3.3001e-01)	Max mem (MiB) 3101 (3101)
2026-04-30 23:40:05,843 - train_accuracy: 0.0000
2026-04-30 23:40:05,844 - train_total: 18880.0000
2026-04-30 23:40:05,844 - train_correct: 0.0000
2026-04-30 23:40:46,763 - val_accuracy: 1.0000
2026-04-30 23:40:46,763 - eval_accuracy: 0.9731
2026-04-30 23:40:46,763 - eval_total: 5400.0000
2026-04-30 23:40:46,763 - eval_correct: 5255.0000
Epoch: [6][  1/590]	Time  0.928 ( 0.928)	Data  0.812 ( 0.812)	max lr 4.8522e-05 (4.8522e-05)	min lr 4.8522e-05 (4.8522e-05)	Loss 6.7117e-01 (6.7117e-01)	Max mem (MiB) 3101 (3101)
Epoch: [6][201/590]	Time  0.117 ( 0.129)	Data  0.000 ( 0.005)	max lr 4.8174e-05 (4.8352e-05)	min lr 4.8174e-05 (4.8352e-05)	Loss 4.0347e-01 (3.0173e-01)	Max mem (MiB) 3101 (3101)
Epoch: [6][401/590]	Time  0.117 ( 0.127)	Data  0.000 ( 0.003)	max lr 4.7791e-05 (4.8169e-05)	min lr 4.7791e-05 (4.8169e-05)	Loss 2.1129e-01 (3.1333e-01)	Max mem (MiB) 3101 (3101)
2026-04-30 23:42:01,619 - train_accuracy: 0.0000
2026-04-30 23:42:01,620 - train_total: 18880.0000
2026-04-30 23:42:01,620 - train_correct: 0.0000
2026-04-30 23:42:30,861 - val_accuracy: 1.0000
2026-04-30 23:42:30,861 - eval_accuracy: 0.9787
2026-04-30 23:42:30,861 - eval_total: 5400.0000
2026-04-30 23:42:30,861 - eval_correct: 5285.0000
Epoch: [7][  1/590]	Time  0.912 ( 0.912)	Data  0.797 ( 0.797)	max lr 4.7394e-05 (4.7394e-05)	min lr 4.7394e-05 (4.7394e-05)	Loss 2.1598e-01 (2.1598e-01)	Max mem (MiB) 3101 (3101)
Epoch: [7][201/590]	Time  0.118 ( 0.130)	Data  0.000 ( 0.004)	max lr 4.6943e-05 (4.7173e-05)	min lr 4.6943e-05 (4.7173e-05)	Loss 3.2086e-01 (3.0800e-01)	Max mem (MiB) 3101 (3101)
Epoch: [7][401/590]	Time  0.116 ( 0.128)	Data  0.000 ( 0.003)	max lr 4.6459e-05 (4.6939e-05)	min lr 4.6459e-05 (4.6939e-05)	Loss 2.7581e-01 (3.0701e-01)	Max mem (MiB) 3101 (3101)
2026-04-30 23:43:45,977 - train_accuracy: 0.0000
2026-04-30 23:43:45,979 - train_total: 18880.0000
2026-04-30 23:43:45,979 - train_correct: 0.0000
2026-04-30 23:44:15,197 - val_accuracy: 1.0000
2026-04-30 23:44:15,197 - eval_accuracy: 0.9769
2026-04-30 23:44:15,197 - eval_total: 5400.0000
2026-04-30 23:44:15,197 - eval_correct: 5275.0000
Epoch: [8][  1/590]	Time  0.946 ( 0.946)	Data  0.829 ( 0.829)	max lr 4.5969e-05 (4.5969e-05)	min lr 4.5969e-05 (4.5969e-05)	Loss 3.3463e-01 (3.3463e-01)	Max mem (MiB) 3101 (3101)
Epoch: [8][201/590]	Time  0.116 ( 0.129)	Data  0.000 ( 0.005)	max lr 4.5423e-05 (4.5700e-05)	min lr 4.5423e-05 (4.5700e-05)	Loss 2.6802e-01 (3.1445e-01)	Max mem (MiB) 3101 (3101)
Epoch: [8][401/590]	Time  0.116 ( 0.127)	Data  0.000 ( 0.003)	max lr 4.4845e-05 (4.5419e-05)	min lr 4.4845e-05 (4.5419e-05)	Loss 2.2294e-01 (3.1016e-01)	Max mem (MiB) 3101 (3101)
2026-04-30 23:45:30,083 - train_accuracy: 0.0000
2026-04-30 23:45:30,084 - train_total: 18880.0000
2026-04-30 23:45:30,084 - train_correct: 0.0000
2026-04-30 23:45:59,616 - val_accuracy: 1.0000
2026-04-30 23:45:59,616 - eval_accuracy: 0.9731
2026-04-30 23:45:59,616 - eval_total: 5400.0000
2026-04-30 23:45:59,616 - eval_correct: 5255.0000
Epoch: [9][  1/590]	Time  0.871 ( 0.871)	Data  0.755 ( 0.755)	max lr 4.4268e-05 (4.4268e-05)	min lr 4.4268e-05 (4.4268e-05)	Loss 2.4830e-01 (2.4830e-01)	Max mem (MiB) 3101 (3101)
Epoch: [9][201/590]	Time  0.117 ( 0.129)	Data  0.000 ( 0.004)	max lr 4.3633e-05 (4.3954e-05)	min lr 4.3633e-05 (4.3954e-05)	Loss 1.9492e-01 (2.9662e-01)	Max mem (MiB) 3101 (3101)
Epoch: [9][401/590]	Time  0.116 ( 0.127)	Data  0.000 ( 0.002)	max lr 4.2969e-05 (4.3629e-05)	min lr 4.2969e-05 (4.3629e-05)	Loss 2.4810e-01 (3.0075e-01)	Max mem (MiB) 3101 (3101)
2026-04-30 23:47:14,240 - train_accuracy: 0.0000
2026-04-30 23:47:14,241 - train_total: 18880.0000
2026-04-30 23:47:14,241 - train_correct: 0.0000
2026-04-30 23:47:43,822 - val_accuracy: 1.0000
2026-04-30 23:47:43,822 - eval_accuracy: 0.9776
2026-04-30 23:47:43,822 - eval_total: 5400.0000
2026-04-30 23:47:43,822 - eval_correct: 5279.0000
Epoch: [10][  1/590]	Time  0.873 ( 0.873)	Data  0.758 ( 0.758)	max lr 4.2313e-05 (4.2313e-05)	min lr 4.2313e-05 (4.2313e-05)	Loss 3.0082e-01 (3.0082e-01)	Max mem (MiB) 3101 (3101)
Epoch: [10][201/590]	Time  0.117 ( 0.129)	Data  0.000 ( 0.004)	max lr 4.1597e-05 (4.1959e-05)	min lr 4.1597e-05 (4.1959e-05)	Loss 5.7394e-01 (2.9168e-01)	Max mem (MiB) 3101 (3101)
Epoch: [10][401/590]	Time  0.117 ( 0.127)	Data  0.000 ( 0.002)	max lr 4.0856e-05 (4.1595e-05)	min lr 4.0856e-05 (4.1595e-05)	Loss 2.7700e-01 (2.8811e-01)	Max mem (MiB) 3101 (3101)
2026-04-30 23:48:58,641 - train_accuracy: 0.0000
2026-04-30 23:48:58,642 - train_total: 18880.0000
2026-04-30 23:48:58,642 - train_correct: 0.0000
2026-04-30 23:49:51,544 - val_accuracy: 1.0000
2026-04-30 23:49:51,544 - eval_accuracy: 0.9767
2026-04-30 23:49:51,544 - eval_total: 5400.0000
2026-04-30 23:49:51,544 - eval_correct: 5274.0000
Epoch: [11][  1/590]	Time  0.924 ( 0.924)	Data  0.810 ( 0.810)	max lr 4.0130e-05 (4.0130e-05)	min lr 4.0130e-05 (4.0130e-05)	Loss 2.2457e-01 (2.2457e-01)	Max mem (MiB) 3101 (3101)
Epoch: [11][201/590]	Time  0.116 ( 0.129)	Data  0.000 ( 0.004)	max lr 3.9344e-05 (3.9741e-05)	min lr 3.9344e-05 (3.9741e-05)	Loss 3.8978e-01 (2.9347e-01)	Max mem (MiB) 3101 (3101)
Epoch: [11][401/590]	Time  0.117 ( 0.127)	Data  0.000 ( 0.003)	max lr 3.8536e-05 (3.9342e-05)	min lr 3.8536e-05 (3.9342e-05)	Loss 1.8475e-01 (2.9162e-01)	Max mem (MiB) 3101 (3101)
2026-04-30 23:51:06,359 - train_accuracy: 0.0000
2026-04-30 23:51:06,361 - train_total: 18880.0000
2026-04-30 23:51:06,361 - train_correct: 0.0000
2026-04-30 23:51:43,163 - val_accuracy: 1.0000
2026-04-30 23:51:43,163 - eval_accuracy: 0.9733
2026-04-30 23:51:43,163 - eval_total: 5400.0000
2026-04-30 23:51:43,163 - eval_correct: 5256.0000
Epoch: [12][  1/590]	Time  0.854 ( 0.854)	Data  0.740 ( 0.740)	max lr 3.7750e-05 (3.7750e-05)	min lr 3.7750e-05 (3.7750e-05)	Loss 2.1687e-01 (2.1687e-01)	Max mem (MiB) 3101 (3101)
Epoch: [12][201/590]	Time  0.116 ( 0.129)	Data  0.000 ( 0.004)	max lr 3.6904e-05 (3.7331e-05)	min lr 3.6904e-05 (3.7331e-05)	Loss 2.3710e-01 (2.7744e-01)	Max mem (MiB) 3101 (3101)
Epoch: [12][401/590]	Time  0.117 ( 0.127)	Data  0.000 ( 0.002)	max lr 3.6040e-05 (3.6903e-05)	min lr 3.6040e-05 (3.6903e-05)	Loss 2.7289e-01 (2.8603e-01)	Max mem (MiB) 3101 (3101)
2026-04-30 23:52:57,931 - train_accuracy: 0.0000
2026-04-30 23:52:57,932 - train_total: 18880.0000
2026-04-30 23:52:57,932 - train_correct: 0.0000
2026-04-30 23:53:36,341 - val_accuracy: 1.0000
2026-04-30 23:53:36,341 - eval_accuracy: 0.9765
2026-04-30 23:53:36,341 - eval_total: 5400.0000
2026-04-30 23:53:36,341 - eval_correct: 5273.0000
Epoch: [13][  1/590]	Time  0.885 ( 0.885)	Data  0.770 ( 0.770)	max lr 3.5204e-05 (3.5204e-05)	min lr 3.5204e-05 (3.5204e-05)	Loss 6.7769e-01 (6.7769e-01)	Max mem (MiB) 3101 (3101)
Epoch: [13][201/590]	Time  0.117 ( 0.129)	Data  0.000 ( 0.004)	max lr 3.4309e-05 (3.4760e-05)	min lr 3.4309e-05 (3.4760e-05)	Loss 2.7279e-01 (3.0776e-01)	Max mem (MiB) 3101 (3101)
Epoch: [13][401/590]	Time  0.117 ( 0.127)	Data  0.000 ( 0.002)	max lr 3.3401e-05 (3.4309e-05)	min lr 3.3401e-05 (3.4309e-05)	Loss 4.9805e-01 (2.9949e-01)	Max mem (MiB) 3101 (3101)
2026-04-30 23:54:51,104 - train_accuracy: 0.0000
2026-04-30 23:54:51,105 - train_total: 18880.0000
2026-04-30 23:54:51,105 - train_correct: 0.0000
2026-04-30 23:55:20,761 - val_accuracy: 1.0000
2026-04-30 23:55:20,761 - eval_accuracy: 0.9802
2026-04-30 23:55:20,761 - eval_total: 5400.0000
2026-04-30 23:55:20,761 - eval_correct: 5293.0000
Epoch: [14][  1/590]	Time  0.958 ( 0.958)	Data  0.843 ( 0.843)	max lr 3.2527e-05 (3.2527e-05)	min lr 3.2527e-05 (3.2527e-05)	Loss 1.6529e-01 (1.6529e-01)	Max mem (MiB) 3101 (3101)
Epoch: [14][201/590]	Time  0.116 ( 0.129)	Data  0.000 ( 0.005)	max lr 3.1596e-05 (3.2064e-05)	min lr 3.1596e-05 (3.2064e-05)	Loss 1.8416e-01 (2.7668e-01)	Max mem (MiB) 3101 (3101)
Epoch: [14][401/590]	Time  0.118 ( 0.127)	Data  0.000 ( 0.003)	max lr 3.0655e-05 (3.1596e-05)	min lr 3.0655e-05 (3.1596e-05)	Loss 4.9480e-01 (2.7776e-01)	Max mem (MiB) 3101 (3101)
2026-04-30 23:56:35,688 - train_accuracy: 0.0000
2026-04-30 23:56:35,689 - train_total: 18880.0000
2026-04-30 23:56:35,689 - train_correct: 0.0000
2026-04-30 23:57:05,310 - val_accuracy: 1.0000
2026-04-30 23:57:05,310 - eval_accuracy: 0.9791
2026-04-30 23:57:05,310 - eval_total: 5400.0000
2026-04-30 23:57:05,310 - eval_correct: 5287.0000
Epoch: [15][  1/590]	Time  0.609 ( 0.609)	Data  0.496 ( 0.496)	max lr 2.9754e-05 (2.9754e-05)	min lr 2.9754e-05 (2.9754e-05)	Loss 2.0835e-01 (2.0835e-01)	Max mem (MiB) 3101 (3101)
Epoch: [15][201/590]	Time  0.117 ( 0.128)	Data  0.000 ( 0.003)	max lr 2.8800e-05 (2.9280e-05)	min lr 2.8800e-05 (2.9280e-05)	Loss 5.9259e-01 (2.7933e-01)	Max mem (MiB) 3101 (3101)
Epoch: [15][401/590]	Time  0.116 ( 0.127)	Data  0.000 ( 0.002)	max lr 2.7840e-05 (2.8801e-05)	min lr 2.7840e-05 (2.8801e-05)	Loss 1.6451e-01 (2.8117e-01)	Max mem (MiB) 3101 (3101)
2026-04-30 23:58:19,900 - train_accuracy: 0.0000
2026-04-30 23:58:19,901 - train_total: 18880.0000
2026-04-30 23:58:19,901 - train_correct: 0.0000
2026-04-30 23:59:01,249 - val_accuracy: 1.0000
2026-04-30 23:59:01,249 - eval_accuracy: 0.9798
2026-04-30 23:59:01,249 - eval_total: 5400.0000
2026-04-30 23:59:01,249 - eval_correct: 5291.0000
Epoch: [16][  1/590]	Time  0.894 ( 0.894)	Data  0.778 ( 0.778)	max lr 2.6925e-05 (2.6925e-05)	min lr 2.6925e-05 (2.6925e-05)	Loss 1.6899e-01 (1.6899e-01)	Max mem (MiB) 3101 (3101)
Epoch: [16][201/590]	Time  0.116 ( 0.129)	Data  0.000 ( 0.004)	max lr 2.5959e-05 (2.6444e-05)	min lr 2.5959e-05 (2.6444e-05)	Loss 1.8813e-01 (2.7915e-01)	Max mem (MiB) 3101 (3101)
Epoch: [16][401/590]	Time  0.130 ( 0.127)	Data  0.014 ( 0.002)	max lr 2.4993e-05 (2.5961e-05)	min lr 2.4993e-05 (2.5961e-05)	Loss 2.5899e-01 (2.6806e-01)	Max mem (MiB) 3101 (3101)
2026-05-01 00:00:16,205 - train_accuracy: 0.0000
2026-05-01 00:00:16,205 - train_total: 18880.0000
2026-05-01 00:00:16,205 - train_correct: 0.0000
2026-05-01 00:00:56,940 - val_accuracy: 1.0000
2026-05-01 00:00:56,941 - eval_accuracy: 0.9813
2026-05-01 00:00:56,941 - eval_total: 5400.0000
2026-05-01 00:00:56,941 - eval_correct: 5299.0000
Epoch: [17][  1/590]	Time  0.722 ( 0.722)	Data  0.606 ( 0.606)	max lr 2.4075e-05 (2.4075e-05)	min lr 2.4075e-05 (2.4075e-05)	Loss 2.0278e-01 (2.0278e-01)	Max mem (MiB) 3101 (3101)
Epoch: [17][201/590]	Time  0.117 ( 0.129)	Data  0.000 ( 0.004)	max lr 2.3112e-05 (2.3596e-05)	min lr 2.3112e-05 (2.3596e-05)	Loss 5.0433e-01 (2.7069e-01)	Max mem (MiB) 3101 (3101)
Epoch: [17][401/590]	Time  0.116 ( 0.128)	Data  0.000 ( 0.003)	max lr 2.2152e-05 (2.3115e-05)	min lr 2.2152e-05 (2.3115e-05)	Loss 1.5762e-01 (2.7453e-01)	Max mem (MiB) 3101 (3101)
2026-05-01 00:02:11,843 - train_accuracy: 0.0000
2026-05-01 00:02:11,845 - train_total: 18880.0000
2026-05-01 00:02:11,845 - train_correct: 0.0000
2026-05-01 00:02:53,378 - val_accuracy: 1.0000
2026-05-01 00:02:53,378 - eval_accuracy: 0.9800
2026-05-01 00:02:53,378 - eval_total: 5400.0000
2026-05-01 00:02:53,378 - eval_correct: 5292.0000
Epoch: [18][  1/590]	Time  0.939 ( 0.939)	Data  0.823 ( 0.823)	max lr 2.1246e-05 (2.1246e-05)	min lr 2.1246e-05 (2.1246e-05)	Loss 1.8805e-01 (1.8805e-01)	Max mem (MiB) 3101 (3101)
Epoch: [18][201/590]	Time  0.118 ( 0.129)	Data  0.000 ( 0.005)	max lr 2.0298e-05 (2.0773e-05)	min lr 2.0298e-05 (2.0773e-05)	Loss 2.7918e-01 (2.7219e-01)	Max mem (MiB) 3101 (3101)
Epoch: [18][401/590]	Time  0.116 ( 0.127)	Data  0.000 ( 0.003)	max lr 1.9358e-05 (2.0301e-05)	min lr 1.9358e-05 (2.0301e-05)	Loss 2.4388e-01 (2.8108e-01)	Max mem (MiB) 3101 (3101)
2026-05-01 00:04:08,195 - train_accuracy: 0.0000
2026-05-01 00:04:08,196 - train_total: 18880.0000
2026-05-01 00:04:08,196 - train_correct: 0.0000
2026-05-01 00:04:37,222 - val_accuracy: 1.0000
2026-05-01 00:04:37,222 - eval_accuracy: 0.9843
2026-05-01 00:04:37,222 - eval_total: 5400.0000
2026-05-01 00:04:37,222 - eval_correct: 5315.0000
Epoch: [19][  1/590]	Time  0.870 ( 0.870)	Data  0.754 ( 0.754)	max lr 1.8473e-05 (1.8473e-05)	min lr 1.8473e-05 (1.8473e-05)	Loss 1.8468e-01 (1.8468e-01)	Max mem (MiB) 3101 (3101)
Epoch: [19][201/590]	Time  0.117 ( 0.128)	Data  0.000 ( 0.004)	max lr 1.7553e-05 (1.8015e-05)	min lr 1.7553e-05 (1.8015e-05)	Loss 1.9378e-01 (2.7195e-01)	Max mem (MiB) 3101 (3101)
Epoch: [19][401/590]	Time  0.117 ( 0.127)	Data  0.000 ( 0.002)	max lr 1.6646e-05 (1.7558e-05)	min lr 1.6646e-05 (1.7558e-05)	Loss 2.1339e-01 (2.7290e-01)	Max mem (MiB) 3101 (3101)
2026-05-01 00:05:51,908 - train_accuracy: 0.0000
2026-05-01 00:05:51,909 - train_total: 18880.0000
2026-05-01 00:05:51,909 - train_correct: 0.0000
2026-05-01 00:06:21,415 - val_accuracy: 1.0000
2026-05-01 00:06:21,415 - eval_accuracy: 0.9861
2026-05-01 00:06:21,415 - eval_total: 5400.0000
2026-05-01 00:06:21,415 - eval_correct: 5325.0000
Epoch: [20][  1/590]	Time  0.870 ( 0.870)	Data  0.754 ( 0.754)	max lr 1.5796e-05 (1.5796e-05)	min lr 1.5796e-05 (1.5796e-05)	Loss 2.1820e-01 (2.1820e-01)	Max mem (MiB) 3101 (3101)
Epoch: [20][201/590]	Time  0.118 ( 0.129)	Data  0.000 ( 0.004)	max lr 1.4917e-05 (1.5357e-05)	min lr 1.4917e-05 (1.5357e-05)	Loss 6.6812e-01 (2.6483e-01)	Max mem (MiB) 3101 (3101)
Epoch: [20][401/590]	Time  0.117 ( 0.127)	Data  0.000 ( 0.002)	max lr 1.4053e-05 (1.4921e-05)	min lr 1.4053e-05 (1.4921e-05)	Loss 3.6041e-01 (2.6499e-01)	Max mem (MiB) 3101 (3101)
2026-05-01 00:07:36,274 - train_accuracy: 0.0000
2026-05-01 00:07:36,275 - train_total: 18880.0000
2026-05-01 00:07:36,275 - train_correct: 0.0000
2026-05-01 00:08:17,628 - val_accuracy: 1.0000
2026-05-01 00:08:17,628 - eval_accuracy: 0.9859
2026-05-01 00:08:17,628 - eval_total: 5400.0000
2026-05-01 00:08:17,628 - eval_correct: 5324.0000
Epoch: [21][  1/590]	Time  1.047 ( 1.047)	Data  0.932 ( 0.932)	max lr 1.3250e-05 (1.3250e-05)	min lr 1.3250e-05 (1.3250e-05)	Loss 2.0271e-01 (2.0271e-01)	Max mem (MiB) 3101 (3101)
Epoch: [21][201/590]	Time  0.117 ( 0.129)	Data  0.000 ( 0.005)	max lr 1.2423e-05 (1.2837e-05)	min lr 1.2423e-05 (1.2837e-05)	Loss 2.9213e-01 (2.6460e-01)	Max mem (MiB) 3101 (3101)
Epoch: [21][401/590]	Time  0.117 ( 0.127)	Data  0.000 ( 0.003)	max lr 1.1616e-05 (1.2428e-05)	min lr 1.1616e-05 (1.2428e-05)	Loss 1.9049e-01 (2.6623e-01)	Max mem (MiB) 3101 (3101)
2026-05-01 00:09:32,601 - train_accuracy: 0.0000
2026-05-01 00:09:32,601 - train_total: 18880.0000
2026-05-01 00:09:32,601 - train_correct: 0.0000
2026-05-01 00:10:02,074 - val_accuracy: 1.0000
2026-05-01 00:10:02,074 - eval_accuracy: 0.9846
2026-05-01 00:10:02,074 - eval_total: 5400.0000
2026-05-01 00:10:02,074 - eval_correct: 5317.0000
Epoch: [22][  1/590]	Time  0.897 ( 0.897)	Data  0.781 ( 0.781)	max lr 1.0870e-05 (1.0870e-05)	min lr 1.0870e-05 (1.0870e-05)	Loss 5.2646e-01 (5.2646e-01)	Max mem (MiB) 3101 (3101)
Epoch: [22][201/590]	Time  0.118 ( 0.130)	Data  0.000 ( 0.004)	max lr 1.0106e-05 (1.0488e-05)	min lr 1.0106e-05 (1.0488e-05)	Loss 2.2147e-01 (2.4172e-01)	Max mem (MiB) 3101 (3101)
Epoch: [22][401/590]	Time  0.116 ( 0.128)	Data  0.000 ( 0.002)	max lr 9.3665e-06 (1.0112e-05)	min lr 9.3665e-06 (1.0112e-05)	Loss 2.2751e-01 (2.5367e-01)	Max mem (MiB) 3101 (3101)
2026-05-01 00:11:17,143 - train_accuracy: 0.0000
2026-05-01 00:11:17,144 - train_total: 18880.0000
2026-05-01 00:11:17,144 - train_correct: 0.0000
2026-05-01 00:11:47,222 - val_accuracy: 1.0000
2026-05-01 00:11:47,222 - eval_accuracy: 0.9863
2026-05-01 00:11:47,222 - eval_total: 5400.0000
2026-05-01 00:11:47,222 - eval_correct: 5326.0000
Epoch: [23][  1/590]	Time  0.618 ( 0.618)	Data  0.502 ( 0.502)	max lr 8.6871e-06 (8.6871e-06)	min lr 8.6871e-06 (8.6871e-06)	Loss 1.9468e-01 (1.9468e-01)	Max mem (MiB) 3101 (3101)
Epoch: [23][201/590]	Time  0.116 ( 0.128)	Data  0.000 ( 0.004)	max lr 7.9974e-06 (8.3418e-06)	min lr 7.9974e-06 (8.3418e-06)	Loss 5.6601e-01 (2.6749e-01)	Max mem (MiB) 3101 (3101)
Epoch: [23][401/590]	Time  0.116 ( 0.127)	Data  0.000 ( 0.002)	max lr 7.3350e-06 (8.0037e-06)	min lr 7.3350e-06 (8.0037e-06)	Loss 2.1517e-01 (2.6698e-01)	Max mem (MiB) 3101 (3101)
2026-05-01 00:13:01,951 - train_accuracy: 0.0000
2026-05-01 00:13:01,952 - train_total: 18880.0000
2026-05-01 00:13:01,953 - train_correct: 0.0000
2026-05-01 00:13:31,670 - val_accuracy: 1.0000
2026-05-01 00:13:31,670 - eval_accuracy: 0.9856
2026-05-01 00:13:31,670 - eval_total: 5400.0000
2026-05-01 00:13:31,670 - eval_correct: 5322.0000
Epoch: [24][  1/590]	Time  0.940 ( 0.940)	Data  0.825 ( 0.825)	max lr 6.7319e-06 (6.7319e-06)	min lr 6.7319e-06 (6.7319e-06)	Loss 2.3001e-01 (2.3001e-01)	Max mem (MiB) 3101 (3101)
Epoch: [24][201/590]	Time  0.117 ( 0.130)	Data  0.000 ( 0.005)	max lr 6.1255e-06 (6.4278e-06)	min lr 6.1255e-06 (6.4278e-06)	Loss 2.6123e-01 (2.6327e-01)	Max mem (MiB) 3101 (3101)
Epoch: [24][401/590]	Time  0.117 ( 0.128)	Data  0.000 ( 0.003)	max lr 5.5493e-06 (6.1320e-06)	min lr 5.5493e-06 (6.1320e-06)	Loss 1.4793e-01 (2.5538e-01)	Max mem (MiB) 3101 (3101)
2026-05-01 00:14:46,727 - train_accuracy: 0.0000
2026-05-01 00:14:46,728 - train_total: 18880.0000
2026-05-01 00:14:46,728 - train_correct: 0.0000
2026-05-01 00:15:16,898 - val_accuracy: 1.0000
2026-05-01 00:15:16,898 - eval_accuracy: 0.9856
2026-05-01 00:15:16,898 - eval_total: 5400.0000
2026-05-01 00:15:16,898 - eval_correct: 5322.0000
Epoch: [25][  1/590]	Time  0.754 ( 0.754)	Data  0.638 ( 0.638)	max lr 5.0305e-06 (5.0305e-06)	min lr 5.0305e-06 (5.0305e-06)	Loss 2.0540e-01 (2.0540e-01)	Max mem (MiB) 3101 (3101)
Epoch: [25][201/590]	Time  0.116 ( 0.128)	Data  0.000 ( 0.004)	max lr 4.5156e-06 (4.7717e-06)	min lr 4.5156e-06 (4.7717e-06)	Loss 1.4533e-01 (2.6535e-01)	Max mem (MiB) 3101 (3101)
Epoch: [25][401/590]	Time  0.117 ( 0.127)	Data  0.000 ( 0.002)	max lr 4.0333e-06 (4.5223e-06)	min lr 4.0333e-06 (4.5223e-06)	Loss 5.7597e-01 (2.6593e-01)	Max mem (MiB) 3101 (3101)
2026-05-01 00:16:31,589 - train_accuracy: 0.0000
2026-05-01 00:16:31,591 - train_total: 18880.0000
2026-05-01 00:16:31,591 - train_correct: 0.0000
2026-05-01 00:17:13,085 - val_accuracy: 1.0000
2026-05-01 00:17:13,085 - eval_accuracy: 0.9850
2026-05-01 00:17:13,085 - eval_total: 5400.0000
2026-05-01 00:17:13,085 - eval_correct: 5319.0000
Epoch: [26][  1/590]	Time  0.595 ( 0.595)	Data  0.480 ( 0.480)	max lr 3.6060e-06 (3.6060e-06)	min lr 3.6060e-06 (3.6060e-06)	Loss 2.2169e-01 (2.2169e-01)	Max mem (MiB) 3101 (3101)
Epoch: [26][201/590]	Time  0.118 ( 0.128)	Data  0.000 ( 0.003)	max lr 3.1894e-06 (3.3959e-06)	min lr 3.1894e-06 (3.3959e-06)	Loss 2.4215e-01 (2.6893e-01)	Max mem (MiB) 3101 (3101)
Epoch: [26][401/590]	Time  0.116 ( 0.126)	Data  0.000 ( 0.002)	max lr 2.8076e-06 (3.1963e-06)	min lr 2.8076e-06 (3.1963e-06)	Loss 2.0021e-01 (2.5477e-01)	Max mem (MiB) 3101 (3101)
2026-05-01 00:18:27,491 - train_accuracy: 0.0000
2026-05-01 00:18:27,491 - train_total: 18880.0000
2026-05-01 00:18:27,491 - train_correct: 0.0000
2026-05-01 00:18:57,091 - val_accuracy: 1.0000
2026-05-01 00:18:57,091 - eval_accuracy: 0.9861
2026-05-01 00:18:57,091 - eval_total: 5400.0000
2026-05-01 00:18:57,091 - eval_correct: 5325.0000
Epoch: [27][  1/590]	Time  0.838 ( 0.838)	Data  0.722 ( 0.722)	max lr 2.4775e-06 (2.4775e-06)	min lr 2.4775e-06 (2.4775e-06)	Loss 1.8423e-01 (1.8423e-01)	Max mem (MiB) 3101 (3101)
Epoch: [27][201/590]	Time  0.116 ( 0.129)	Data  0.000 ( 0.004)	max lr 2.1650e-06 (2.3191e-06)	min lr 2.1650e-06 (2.3191e-06)	Loss 2.1767e-01 (2.5286e-01)	Max mem (MiB) 3101 (3101)
Epoch: [27][401/590]	Time  0.117 ( 0.127)	Data  0.000 ( 0.003)	max lr 1.8888e-06 (2.1718e-06)	min lr 1.8888e-06 (2.1718e-06)	Loss 2.4206e-01 (2.5656e-01)	Max mem (MiB) 3101 (3101)
2026-05-01 00:20:11,999 - train_accuracy: 0.0000
2026-05-01 00:20:12,000 - train_total: 18880.0000
2026-05-01 00:20:12,000 - train_correct: 0.0000
2026-05-01 00:20:41,418 - val_accuracy: 1.0000
2026-05-01 00:20:41,418 - eval_accuracy: 0.9870
2026-05-01 00:20:41,418 - eval_total: 5400.0000
2026-05-01 00:20:41,418 - eval_correct: 5330.0000
Epoch: [28][  1/590]	Time  0.846 ( 0.846)	Data  0.730 ( 0.730)	max lr 1.6604e-06 (1.6604e-06)	min lr 1.6604e-06 (1.6604e-06)	Loss 1.5778e-01 (1.5778e-01)	Max mem (MiB) 3101 (3101)
Epoch: [28][201/590]	Time  0.115 ( 0.129)	Data  0.000 ( 0.004)	max lr 1.4561e-06 (1.5557e-06)	min lr 1.4561e-06 (1.5557e-06)	Loss 2.0061e-01 (2.5769e-01)	Max mem (MiB) 3101 (3101)
Epoch: [28][401/590]	Time  0.117 ( 0.127)	Data  0.000 ( 0.002)	max lr 1.2893e-06 (1.4629e-06)	min lr 1.2893e-06 (1.4629e-06)	Loss 4.0997e-01 (2.6464e-01)	Max mem (MiB) 3101 (3101)
2026-05-01 00:21:56,280 - train_accuracy: 0.0000
2026-05-01 00:21:56,281 - train_total: 18880.0000
2026-05-01 00:21:56,281 - train_correct: 0.0000
2026-05-01 00:22:30,984 - val_accuracy: 1.0000
2026-05-01 00:22:30,984 - eval_accuracy: 0.9867
2026-05-01 00:22:30,984 - eval_total: 5400.0000
2026-05-01 00:22:30,984 - eval_correct: 5328.0000
Epoch: [29][  1/590]	Time  0.724 ( 0.724)	Data  0.607 ( 0.607)	max lr 1.1657e-06 (1.1657e-06)	min lr 1.1657e-06 (1.1657e-06)	Loss 2.7911e-01 (2.7911e-01)	Max mem (MiB) 3101 (3101)
Epoch: [29][201/590]	Time  0.117 ( 0.128)	Data  0.000 ( 0.003)	max lr 1.0724e-06 (1.1161e-06)	min lr 1.0724e-06 (1.1161e-06)	Loss 2.0708e-01 (2.6001e-01)	Max mem (MiB) 3101 (3101)
Epoch: [29][401/590]	Time  0.114 ( 0.127)	Data  0.000 ( 0.002)	max lr 1.0172e-06 (1.0790e-06)	min lr 1.0172e-06 (1.0790e-06)	Loss 2.4502e-01 (2.6472e-01)	Max mem (MiB) 3101 (3101)
2026-05-01 00:23:45,680 - train_accuracy: 0.0000
2026-05-01 00:23:45,681 - train_total: 18880.0000
2026-05-01 00:23:45,681 - train_correct: 0.0000
2026-05-01 00:24:29,784 - val_accuracy: 1.0000
2026-05-01 00:24:29,784 - eval_accuracy: 0.9865
2026-05-01 00:24:29,784 - eval_total: 5400.0000
2026-05-01 00:24:29,784 - eval_correct: 5327.0000
Experiment time 0:54:37
