[2026-04-30 07:20:48,767] [INFO] [real_accelerator.py:219:get_accelerator] Setting ds_accelerator to cuda (auto detect)
[2026-04-30 07:20:48,852] [INFO] [real_accelerator.py:219:get_accelerator] Setting ds_accelerator to cuda (auto detect)
Warning: The cache directory for DeepSpeed Triton autotune, /home/others/abir_proj/.triton/autotune, appears to be on an NFS system. While this is generally acceptable, if you experience slowdowns or hanging when DeepSpeed exits, it is recommended to set the TRITON_CACHE_DIR environment variable to a non-NFS path.Warning: The cache directory for DeepSpeed Triton autotune, /home/others/abir_proj/.triton/autotune, appears to be on an NFS system. While this is generally acceptable, if you experience slowdowns or hanging when DeepSpeed exits, it is recommended to set the TRITON_CACHE_DIR environment variable to a non-NFS path.

Attention implementation: flash_attention2
2026-04-30 07:20:51,738 - Local rank: 1
Attention implementation: flash_attention2
2026-04-30 07:20:57,074 - Local rank: 0
2026-04-30 07:20:57,074 - Loading config from configs/atlas_cub200_ft_512.yaml
2026-04-30 07:20:57,093 - Replacing key at main.exp_name with atlas_d2d10_base_r512
2026-04-30 07:20:57,093 - Replacing key at main.tags with ['atlas', 'finetune', 'cub_200', 'r512']
2026-04-30 07:20:57,093 - Replacing key at main.phases.dev with True
2026-04-30 07:20:57,093 - Replacing key at main.checkpoints_dir with /home/others/abir_proj/codebase/Atlas/checkpoints/Atlas_cub200_ft_512
2026-04-30 07:20:57,093 - Replacing key at main.wandb_project with architecture
2026-04-30 07:20:57,093 - Replacing key at main.disable_wandb with True
2026-04-30 07:20:57,093 - Replacing key at main.allow_overwriting_experiment_checkpoints with True
2026-04-30 07:20:57,093 - Replacing key at dataset.shared_dataset_kwargs.data_path with /home/others/abir_proj/codebase/Datasets/CUB200/
2026-04-30 07:20:57,093 - Replacing key at dataset.num_classes with 200
2026-04-30 07:20:57,093 - Replacing key at dataset.image_augmentations with [{'type': 'TimmAug', 'kwargs': {'input_size': 512, 'color_jitter': 0.2, 'aa': 'rand-m7-mstd0.5-inc1', 'reprob': 0.2, 'remode': 'pixel', 'recount': 1, 'mean': [0.485, 0.456, 0.406], 'std': [0.229, 0.224, 0.225]}}]
2026-04-30 07:20:57,093 - Replacing key at dataset.test_image_augmentations with [{'type': 'TorchvisionResize', 'kwargs': {'img_size': [512, 512]}}, {'type': 'TorchvisionCenterCrop', 'kwargs': {'height': 512, 'width': 512}}, {'type': 'TorchvisionToTensor', 'kwargs': {}}, {'type': 'NormalizeTensor2d', 'kwargs': {'channel_means': [0.485, 0.456, 0.406], 'channel_stds': [0.229, 0.224, 0.225]}}]
2026-04-30 07:20:57,093 - Replacing key at dataloader.batch_size with 32
2026-04-30 07:20:57,093 - Replacing key at dataloader.eval_batch_size with 32
2026-04-30 07:20:57,093 - Replacing key at dataloader.num_workers with 16
2026-04-30 07:20:57,093 - Replacing key at dataloader.train_drop_last with True
2026-04-30 07:20:57,093 - Replacing key at engine.type with Classifier
2026-04-30 07:20:57,093 - Replacing key at optimizer.type with AdamW
2026-04-30 07:20:57,093 - Replacing key at optimizer.kwargs with {'lr': '5e-5', 'betas': [0.9, 0.999]}
2026-04-30 07:20:57,093 - Replacing key at optimizer.scheduler.interval with step
2026-04-30 07:20:57,093 - Replacing key at optimizer.scheduler.type with StepCosineAnnealingWarmup
2026-04-30 07:20:57,093 - Replacing key at optimizer.scheduler.kwargs with {'warmup_epochs': 3, 'max_epochs': 30, 'min_lr': 1e-06}
2026-04-30 07:20:57,093 - Replacing key at model.type with Atlas
2026-04-30 07:20:57,093 - Replacing key at model.kwargs with {'num_classes': 200, 'img_size': [512, 512, 1], 'patch_size': [16, 16, 1], 'in_chans': 3, 'embed_dim': 768, 'pretrained': True, 'pretrained_path': '/home/others/abir_proj/codebase/Atlas/checkpoints/Atlas_in1k_512/atlas_d2d10_base_r512/epoch=95.ckpt', 'load_head': False, 'reset_head': True, 'freeze_mode': 'except_last_stage', 'freeze_stages': 0, 'freeze_patterns': [], 'kwargs_list': [{'img_size': [512, 512, 1], 'patch_size': 16, 'local2global': 4, 'merge_ratio': 16, 'in_dim': 64, 'dim': 768, 'num_features': 192, 'num_classes': 200, 'drop_path_rate': 0.1, 'global_pool': 'avg', 'class_token': False, 'depths': 2, 'qkv_bias': True, 'pre_norm': False, 'num_heads': 12, 'mlp_ratio': 4, 'embed_dim': 768, 'embed_op': 'convstem', 'layer_args': {'qkv_bias': True, 'qk_scale': 'None', 'input_resolution': 512}}, {'img_size': [16, 16, 1], 'patch_size': 1, 'local2global': 4, 'merge_ratio': 16, 'num_classes': 200, 'drop_path_rate': 0.1, 'global_pool': 'avg', 'class_token': False, 'depths': 10, 'qkv_bias': True, 'pre_norm': False, 'num_heads': 12, 'mlp_ratio': 4, 'embed_dim': 768, 'embed_op': 'conv2d', 'in_dim': 64, 'dim': 768, 'num_features': 192, 'layer_args': {'qkv_bias': True, 'qk_scale': 'None', 'input_resolution': 512}}]}
2026-04-30 07:20:57,095 - | distributed init (global rank 0): env://, gpu 0 / world_size 2
experiment_checkpoints_dir: /home/others/abir_proj/codebase/Atlas/checkpoints/Atlas_cub200_ft_512/atlas_d2d10_base_r512
2026-04-30 07:20:57,361 - | initialized host gnode6 as rank 0
2026-04-30 07:20:57,369 - Multi-GPU: True
2026-04-30 07:20:57,447 - Checkpoint directory: /home/others/abir_proj/codebase/Atlas/checkpoints/Atlas_cub200_ft_512/atlas_d2d10_base_r512
2026-04-30 07:20:57,899 - Using distributed sampler
2026-04-30 07:20:58,327 - Multi-GPU distributed evaluation is enabled: the results may be a little inaccurate due to the padding or drop_last in DistributedSampler
2026-04-30 07:20:58,327 - Ignoring unrecognized kwargs to engine: {'gradual_unfreeze': False}
2026-04-30 07:20:58,327 - Ignoring unrecognized kwargs to engine: {'gradual_unfreeze': False}
2026-04-30 07:20:58,327 - Mixup is activated!
2026-04-30 07:20:58,327 - Engine built!
Loading pretrained weights from /home/others/abir_proj/codebase/Atlas/checkpoints/Atlas_in1k_512/atlas_d2d10_base_r512/epoch=95.ckpt
Missing keys (not loaded): ['atlas_models.0.patch_embed.ds6.norm.weight', 'atlas_models.0.patch_embed.ds6.norm.bias', 'atlas_models.0.patch_embed.ds6.conv.weight', 'atlas_models.0.head.weight', 'atlas_models.0.head.bias', 'atlas_models.1.head.weight', 'atlas_models.1.head.bias', 'fc.weight', 'fc.bias']
Unexpected keys (in checkpoint but not in model): []
Trainable params: 75,153,808 / 123,362,456 (60.92%)
=========================================
Number of parameters
trainable_params: 75153808
non_trainable_params: 48208648
=========================================
2026-04-30 07:21:15,763 - Model: Atlas(
  (atlas_models): ModuleList(
    (0): StackMSA(
      (patch_embed): MultiConvEmbed(
        (proj): Identity()
        (conv0): Sequential(
          (0): Conv2d(3, 64, kernel_size=(3, 3), stride=(2, 2), padding=(1, 1), bias=False)
          (1): BatchNorm2d(64, eps=0.0001, momentum=0.1, affine=True, track_running_stats=True)
          (2): ReLU()
          (3): Conv2d(64, 192, kernel_size=(3, 3), stride=(2, 2), padding=(1, 1), bias=False)
          (4): BatchNorm2d(192, eps=0.0001, momentum=0.1, affine=True, track_running_stats=True)
          (5): ReLU()
        )
        (conv1): Sequential(
          (0): EarlyConvResidual(
            (conv_block1): Sequential(
              (0): Conv2d(192, 192, kernel_size=(3, 3), stride=(1, 1), padding=(1, 1))
              (1): BatchNorm2d(192, eps=1e-05, momentum=0.1, affine=True, track_running_stats=True)
              (2): GELU(approximate='none')
            )
            (conv_block2): Sequential(
              (0): Conv2d(192, 192, kernel_size=(3, 3), stride=(1, 1), padding=(1, 1))
              (1): BatchNorm2d(192, eps=1e-05, momentum=0.1, affine=True, track_running_stats=True)
            )
            (drop_path): Identity()
          )
          (1): EarlyConvResidual(
            (conv_block1): Sequential(
              (0): Conv2d(192, 192, kernel_size=(3, 3), stride=(1, 1), padding=(1, 1))
              (1): BatchNorm2d(192, eps=1e-05, momentum=0.1, affine=True, track_running_stats=True)
              (2): GELU(approximate='none')
            )
            (conv_block2): Sequential(
              (0): Conv2d(192, 192, kernel_size=(3, 3), stride=(1, 1), padding=(1, 1))
              (1): BatchNorm2d(192, eps=1e-05, momentum=0.1, affine=True, track_running_stats=True)
            )
            (drop_path): Identity()
          )
          (2): EarlyConvResidual(
            (conv_block1): Sequential(
              (0): Conv2d(192, 192, kernel_size=(3, 3), stride=(1, 1), padding=(1, 1))
              (1): BatchNorm2d(192, eps=1e-05, momentum=0.1, affine=True, track_running_stats=True)
              (2): GELU(approximate='none')
            )
            (conv_block2): Sequential(
              (0): Conv2d(192, 192, kernel_size=(3, 3), stride=(1, 1), padding=(1, 1))
              (1): BatchNorm2d(192, eps=1e-05, momentum=0.1, affine=True, track_running_stats=True)
            )
            (drop_path): Identity()
          )
        )
        (ds1): EarlyConvDS(
          (norm): LayerNorm2d((192,), eps=1e-06, elementwise_affine=True)
          (conv): Conv2d(192, 384, kernel_size=(3, 3), stride=(2, 2), padding=(1, 1), bias=False)
        )
        (conv2): Sequential(
          (0): EarlyConvResidual(
            (conv_block1): Sequential(
              (0): Conv2d(384, 384, kernel_size=(3, 3), stride=(1, 1), padding=(1, 1))
              (1): BatchNorm2d(384, eps=1e-05, momentum=0.1, affine=True, track_running_stats=True)
              (2): GELU(approximate='none')
            )
            (conv_block2): Sequential(
              (0): Conv2d(384, 384, kernel_size=(3, 3), stride=(1, 1), padding=(1, 1))
              (1): BatchNorm2d(384, eps=1e-05, momentum=0.1, affine=True, track_running_stats=True)
            )
            (drop_path): Identity()
          )
          (1): EarlyConvResidual(
            (conv_block1): Sequential(
              (0): Conv2d(384, 384, kernel_size=(3, 3), stride=(1, 1), padding=(1, 1))
              (1): BatchNorm2d(384, eps=1e-05, momentum=0.1, affine=True, track_running_stats=True)
              (2): GELU(approximate='none')
            )
            (conv_block2): Sequential(
              (0): Conv2d(384, 384, kernel_size=(3, 3), stride=(1, 1), padding=(1, 1))
              (1): BatchNorm2d(384, eps=1e-05, momentum=0.1, affine=True, track_running_stats=True)
            )
            (drop_path): Identity()
          )
          (2): EarlyConvResidual(
            (conv_block1): Sequential(
              (0): Conv2d(384, 384, kernel_size=(3, 3), stride=(1, 1), padding=(1, 1))
              (1): BatchNorm2d(384, eps=1e-05, momentum=0.1, affine=True, track_running_stats=True)
              (2): GELU(approximate='none')
            )
            (conv_block2): Sequential(
              (0): Conv2d(384, 384, kernel_size=(3, 3), stride=(1, 1), padding=(1, 1))
              (1): BatchNorm2d(384, eps=1e-05, momentum=0.1, affine=True, track_running_stats=True)
            )
            (drop_path): Identity()
          )
        )
        (ds2): EarlyConvDS(
          (norm): LayerNorm2d((384,), eps=1e-06, elementwise_affine=True)
          (conv): Conv2d(384, 768, kernel_size=(3, 3), stride=(2, 2), padding=(1, 1), bias=False)
        )
        (ds3): EarlyConvDS_56(
          (norm): LayerNorm2d((384,), eps=1e-06, elementwise_affine=True)
          (conv): Conv2d(384, 768, kernel_size=(2, 2), stride=(2, 2), padding=(8, 8), bias=False)
        )
        (ds4): EarlyConvDS_112(
          (norm): LayerNorm2d((192,), eps=1e-06, elementwise_affine=True)
          (conv): Conv2d(192, 384, kernel_size=(4, 4), stride=(2, 2), padding=(17, 17), bias=False)
        )
        (ds5): EarlyConvDS_28(
          (norm): LayerNorm2d((384,), eps=1e-06, elementwise_affine=True)
          (conv): Conv2d(384, 768, kernel_size=(2, 2), stride=(2, 2), padding=(4, 4), bias=False)
        )
        (ds6): EarlyConvDS_14(
          (norm): LayerNorm2d((384,), eps=1e-06, elementwise_affine=True)
          (conv): Conv2d(384, 768, kernel_size=(2, 2), stride=(2, 2), padding=(2, 2), bias=False)
        )
      )
      (levels): ModuleList(
        (0): MultiScaleAttentionLayer(
          (blocks): ModuleList(
            (0): MultiScaleAttentionBlock(
              (proj_drop): Dropout(p=0.0, inplace=False)
              (blocks): ModuleList(
                (0-1): 2 x CrossWindowBlock(
                  (norm1_q): LayerNorm((768,), eps=1e-05, elementwise_affine=True)
                  (norm1_kv): LayerNorm((768,), eps=1e-05, elementwise_affine=True)
                  (attn): CrossWindowAttention(
                    (q): Linear(in_features=768, out_features=768, bias=True)
                    (kv): Linear(in_features=768, out_features=1536, bias=True)
                    (proj): Linear(in_features=768, out_features=768, bias=True)
                    (proj_drop): Dropout(p=0.0, inplace=False)
                  )
                  (norm2): LayerNorm((768,), eps=1e-05, elementwise_affine=True)
                  (mlp): Mlp(
                    (fc1): Linear(in_features=768, out_features=3072, bias=True)
                    (act): GELU(approximate='none')
                    (drop1): Dropout(p=0.0, inplace=False)
                    (norm): Identity()
                    (fc2): Linear(in_features=3072, out_features=768, bias=True)
                    (drop2): Dropout(p=0.0, inplace=False)
                  )
                  (drop_path): Identity()
                )
              )
              (posemb): ModuleList(
                (0-1): 2 x RelativePositionEmbed(
                  (projector): Sequential(
                    (0): Linear(in_features=2, out_features=512, bias=True)
                    (1): ReLU()
                    (2): Linear(in_features=512, out_features=768, bias=False)
                  )
                )
              )
            )
            (1): MultiScaleAttentionBlock(
              (proj_drop): Dropout(p=0.0, inplace=False)
              (blocks): ModuleList(
                (0-1): 2 x CrossWindowBlock(
                  (norm1_q): LayerNorm((768,), eps=1e-05, elementwise_affine=True)
                  (norm1_kv): LayerNorm((768,), eps=1e-05, elementwise_affine=True)
                  (attn): CrossWindowAttention(
                    (q): Linear(in_features=768, out_features=768, bias=True)
                    (kv): Linear(in_features=768, out_features=1536, bias=True)
                    (proj): Linear(in_features=768, out_features=768, bias=True)
                    (proj_drop): Dropout(p=0.0, inplace=False)
                  )
                  (norm2): LayerNorm((768,), eps=1e-05, elementwise_affine=True)
                  (mlp): Mlp(
                    (fc1): Linear(in_features=768, out_features=3072, bias=True)
                    (act): GELU(approximate='none')
                    (drop1): Dropout(p=0.0, inplace=False)
                    (norm): Identity()
                    (fc2): Linear(in_features=3072, out_features=768, bias=True)
                    (drop2): Dropout(p=0.0, inplace=False)
                  )
                  (drop_path): DropPath(drop_prob=0.100)
                )
              )
              (posemb): ModuleList(
                (0-1): 2 x RelativePositionEmbed(
                  (projector): Sequential(
                    (0): Linear(in_features=2, out_features=512, bias=True)
                    (1): ReLU()
                    (2): Linear(in_features=512, out_features=768, bias=False)
                  )
                )
              )
            )
          )
        )
      )
      (norm): BatchNorm2d(768, eps=1e-05, momentum=0.1, affine=True, track_running_stats=True)
      (avgpool): AdaptiveAvgPool2d(output_size=1)
      (head): Linear(in_features=768, out_features=200, bias=True)
    )
    (1): StackMSA(
      (levels): ModuleList(
        (0): MultiScaleAttentionLayer(
          (blocks): ModuleList(
            (0): MultiScaleAttentionBlock(
              (proj_drop): Dropout(p=0.0, inplace=False)
              (blocks): ModuleList(
                (0): CrossWindowBlock(
                  (norm1_q): LayerNorm((768,), eps=1e-05, elementwise_affine=True)
                  (norm1_kv): LayerNorm((768,), eps=1e-05, elementwise_affine=True)
                  (attn): CrossWindowAttention(
                    (q): Linear(in_features=768, out_features=768, bias=True)
                    (kv): Linear(in_features=768, out_features=1536, bias=True)
                    (proj): Linear(in_features=768, out_features=768, bias=True)
                    (proj_drop): Dropout(p=0.0, inplace=False)
                  )
                  (norm2): LayerNorm((768,), eps=1e-05, elementwise_affine=True)
                  (mlp): Mlp(
                    (fc1): Linear(in_features=768, out_features=3072, bias=True)
                    (act): GELU(approximate='none')
                    (drop1): Dropout(p=0.0, inplace=False)
                    (norm): Identity()
                    (fc2): Linear(in_features=3072, out_features=768, bias=True)
                    (drop2): Dropout(p=0.0, inplace=False)
                  )
                  (drop_path): Identity()
                )
              )
              (posemb): ModuleList(
                (0): RelativePositionEmbed(
                  (projector): Sequential(
                    (0): Linear(in_features=2, out_features=512, bias=True)
                    (1): ReLU()
                    (2): Linear(in_features=512, out_features=768, bias=False)
                  )
                )
              )
            )
            (1): MultiScaleAttentionBlock(
              (proj_drop): Dropout(p=0.0, inplace=False)
              (blocks): ModuleList(
                (0): CrossWindowBlock(
                  (norm1_q): LayerNorm((768,), eps=1e-05, elementwise_affine=True)
                  (norm1_kv): LayerNorm((768,), eps=1e-05, elementwise_affine=True)
                  (attn): CrossWindowAttention(
                    (q): Linear(in_features=768, out_features=768, bias=True)
                    (kv): Linear(in_features=768, out_features=1536, bias=True)
                    (proj): Linear(in_features=768, out_features=768, bias=True)
                    (proj_drop): Dropout(p=0.0, inplace=False)
                  )
                  (norm2): LayerNorm((768,), eps=1e-05, elementwise_affine=True)
                  (mlp): Mlp(
                    (fc1): Linear(in_features=768, out_features=3072, bias=True)
                    (act): GELU(approximate='none')
                    (drop1): Dropout(p=0.0, inplace=False)
                    (norm): Identity()
                    (fc2): Linear(in_features=3072, out_features=768, bias=True)
                    (drop2): Dropout(p=0.0, inplace=False)
                  )
                  (drop_path): DropPath(drop_prob=0.011)
                )
              )
              (posemb): ModuleList(
                (0): RelativePositionEmbed(
                  (projector): Sequential(
                    (0): Linear(in_features=2, out_features=512, bias=True)
                    (1): ReLU()
                    (2): Linear(in_features=512, out_features=768, bias=False)
                  )
                )
              )
            )
            (2): MultiScaleAttentionBlock(
              (proj_drop): Dropout(p=0.0, inplace=False)
              (blocks): ModuleList(
                (0): CrossWindowBlock(
                  (norm1_q): LayerNorm((768,), eps=1e-05, elementwise_affine=True)
                  (norm1_kv): LayerNorm((768,), eps=1e-05, elementwise_affine=True)
                  (attn): CrossWindowAttention(
                    (q): Linear(in_features=768, out_features=768, bias=True)
                    (kv): Linear(in_features=768, out_features=1536, bias=True)
                    (proj): Linear(in_features=768, out_features=768, bias=True)
                    (proj_drop): Dropout(p=0.0, inplace=False)
                  )
                  (norm2): LayerNorm((768,), eps=1e-05, elementwise_affine=True)
                  (mlp): Mlp(
                    (fc1): Linear(in_features=768, out_features=3072, bias=True)
                    (act): GELU(approximate='none')
                    (drop1): Dropout(p=0.0, inplace=False)
                    (norm): Identity()
                    (fc2): Linear(in_features=3072, out_features=768, bias=True)
                    (drop2): Dropout(p=0.0, inplace=False)
                  )
                  (drop_path): DropPath(drop_prob=0.022)
                )
              )
              (posemb): ModuleList(
                (0): RelativePositionEmbed(
                  (projector): Sequential(
                    (0): Linear(in_features=2, out_features=512, bias=True)
                    (1): ReLU()
                    (2): Linear(in_features=512, out_features=768, bias=False)
                  )
                )
              )
            )
            (3): MultiScaleAttentionBlock(
              (proj_drop): Dropout(p=0.0, inplace=False)
              (blocks): ModuleList(
                (0): CrossWindowBlock(
                  (norm1_q): LayerNorm((768,), eps=1e-05, elementwise_affine=True)
                  (norm1_kv): LayerNorm((768,), eps=1e-05, elementwise_affine=True)
                  (attn): CrossWindowAttention(
                    (q): Linear(in_features=768, out_features=768, bias=True)
                    (kv): Linear(in_features=768, out_features=1536, bias=True)
                    (proj): Linear(in_features=768, out_features=768, bias=True)
                    (proj_drop): Dropout(p=0.0, inplace=False)
                  )
                  (norm2): LayerNorm((768,), eps=1e-05, elementwise_affine=True)
                  (mlp): Mlp(
                    (fc1): Linear(in_features=768, out_features=3072, bias=True)
                    (act): GELU(approximate='none')
                    (drop1): Dropout(p=0.0, inplace=False)
                    (norm): Identity()
                    (fc2): Linear(in_features=3072, out_features=768, bias=True)
                    (drop2): Dropout(p=0.0, inplace=False)
                  )
                  (drop_path): DropPath(drop_prob=0.033)
                )
              )
              (posemb): ModuleList(
                (0): RelativePositionEmbed(
                  (projector): Sequential(
                    (0): Linear(in_features=2, out_features=512, bias=True)
                    (1): ReLU()
                    (2): Linear(in_features=512, out_features=768, bias=False)
                  )
                )
              )
            )
            (4): MultiScaleAttentionBlock(
              (proj_drop): Dropout(p=0.0, inplace=False)
              (blocks): ModuleList(
                (0): CrossWindowBlock(
                  (norm1_q): LayerNorm((768,), eps=1e-05, elementwise_affine=True)
                  (norm1_kv): LayerNorm((768,), eps=1e-05, elementwise_affine=True)
                  (attn): CrossWindowAttention(
                    (q): Linear(in_features=768, out_features=768, bias=True)
                    (kv): Linear(in_features=768, out_features=1536, bias=True)
                    (proj): Linear(in_features=768, out_features=768, bias=True)
                    (proj_drop): Dropout(p=0.0, inplace=False)
                  )
                  (norm2): LayerNorm((768,), eps=1e-05, elementwise_affine=True)
                  (mlp): Mlp(
                    (fc1): Linear(in_features=768, out_features=3072, bias=True)
                    (act): GELU(approximate='none')
                    (drop1): Dropout(p=0.0, inplace=False)
                    (norm): Identity()
                    (fc2): Linear(in_features=3072, out_features=768, bias=True)
                    (drop2): Dropout(p=0.0, inplace=False)
                  )
                  (drop_path): DropPath(drop_prob=0.044)
                )
              )
              (posemb): ModuleList(
                (0): RelativePositionEmbed(
                  (projector): Sequential(
                    (0): Linear(in_features=2, out_features=512, bias=True)
                    (1): ReLU()
                    (2): Linear(in_features=512, out_features=768, bias=False)
                  )
                )
              )
            )
            (5): MultiScaleAttentionBlock(
              (proj_drop): Dropout(p=0.0, inplace=False)
              (blocks): ModuleList(
                (0): CrossWindowBlock(
                  (norm1_q): LayerNorm((768,), eps=1e-05, elementwise_affine=True)
                  (norm1_kv): LayerNorm((768,), eps=1e-05, elementwise_affine=True)
                  (attn): CrossWindowAttention(
                    (q): Linear(in_features=768, out_features=768, bias=True)
                    (kv): Linear(in_features=768, out_features=1536, bias=True)
                    (proj): Linear(in_features=768, out_features=768, bias=True)
                    (proj_drop): Dropout(p=0.0, inplace=False)
                  )
                  (norm2): LayerNorm((768,), eps=1e-05, elementwise_affine=True)
                  (mlp): Mlp(
                    (fc1): Linear(in_features=768, out_features=3072, bias=True)
                    (act): GELU(approximate='none')
                    (drop1): Dropout(p=0.0, inplace=False)
                    (norm): Identity()
                    (fc2): Linear(in_features=3072, out_features=768, bias=True)
                    (drop2): Dropout(p=0.0, inplace=False)
                  )
                  (drop_path): DropPath(drop_prob=0.056)
                )
              )
              (posemb): ModuleList(
                (0): RelativePositionEmbed(
                  (projector): Sequential(
                    (0): Linear(in_features=2, out_features=512, bias=True)
                    (1): ReLU()
                    (2): Linear(in_features=512, out_features=768, bias=False)
                  )
                )
              )
            )
            (6): MultiScaleAttentionBlock(
              (proj_drop): Dropout(p=0.0, inplace=False)
              (blocks): ModuleList(
                (0): CrossWindowBlock(
                  (norm1_q): LayerNorm((768,), eps=1e-05, elementwise_affine=True)
                  (norm1_kv): LayerNorm((768,), eps=1e-05, elementwise_affine=True)
                  (attn): CrossWindowAttention(
                    (q): Linear(in_features=768, out_features=768, bias=True)
                    (kv): Linear(in_features=768, out_features=1536, bias=True)
                    (proj): Linear(in_features=768, out_features=768, bias=True)
                    (proj_drop): Dropout(p=0.0, inplace=False)
                  )
                  (norm2): LayerNorm((768,), eps=1e-05, elementwise_affine=True)
                  (mlp): Mlp(
                    (fc1): Linear(in_features=768, out_features=3072, bias=True)
                    (act): GELU(approximate='none')
                    (drop1): Dropout(p=0.0, inplace=False)
                    (norm): Identity()
                    (fc2): Linear(in_features=3072, out_features=768, bias=True)
                    (drop2): Dropout(p=0.0, inplace=False)
                  )
                  (drop_path): DropPath(drop_prob=0.067)
                )
              )
              (posemb): ModuleList(
                (0): RelativePositionEmbed(
                  (projector): Sequential(
                    (0): Linear(in_features=2, out_features=512, bias=True)
                    (1): ReLU()
                    (2): Linear(in_features=512, out_features=768, bias=False)
                  )
                )
              )
            )
            (7): MultiScaleAttentionBlock(
              (proj_drop): Dropout(p=0.0, inplace=False)
              (blocks): ModuleList(
                (0): CrossWindowBlock(
                  (norm1_q): LayerNorm((768,), eps=1e-05, elementwise_affine=True)
                  (norm1_kv): LayerNorm((768,), eps=1e-05, elementwise_affine=True)
                  (attn): CrossWindowAttention(
                    (q): Linear(in_features=768, out_features=768, bias=True)
                    (kv): Linear(in_features=768, out_features=1536, bias=True)
                    (proj): Linear(in_features=768, out_features=768, bias=True)
                    (proj_drop): Dropout(p=0.0, inplace=False)
                  )
                  (norm2): LayerNorm((768,), eps=1e-05, elementwise_affine=True)
                  (mlp): Mlp(
                    (fc1): Linear(in_features=768, out_features=3072, bias=True)
                    (act): GELU(approximate='none')
                    (drop1): Dropout(p=0.0, inplace=False)
                    (norm): Identity()
                    (fc2): Linear(in_features=3072, out_features=768, bias=True)
                    (drop2): Dropout(p=0.0, inplace=False)
                  )
                  (drop_path): DropPath(drop_prob=0.078)
                )
              )
              (posemb): ModuleList(
                (0): RelativePositionEmbed(
                  (projector): Sequential(
                    (0): Linear(in_features=2, out_features=512, bias=True)
                    (1): ReLU()
                    (2): Linear(in_features=512, out_features=768, bias=False)
                  )
                )
              )
            )
            (8): MultiScaleAttentionBlock(
              (proj_drop): Dropout(p=0.0, inplace=False)
              (blocks): ModuleList(
                (0): CrossWindowBlock(
                  (norm1_q): LayerNorm((768,), eps=1e-05, elementwise_affine=True)
                  (norm1_kv): LayerNorm((768,), eps=1e-05, elementwise_affine=True)
                  (attn): CrossWindowAttention(
                    (q): Linear(in_features=768, out_features=768, bias=True)
                    (kv): Linear(in_features=768, out_features=1536, bias=True)
                    (proj): Linear(in_features=768, out_features=768, bias=True)
                    (proj_drop): Dropout(p=0.0, inplace=False)
                  )
                  (norm2): LayerNorm((768,), eps=1e-05, elementwise_affine=True)
                  (mlp): Mlp(
                    (fc1): Linear(in_features=768, out_features=3072, bias=True)
                    (act): GELU(approximate='none')
                    (drop1): Dropout(p=0.0, inplace=False)
                    (norm): Identity()
                    (fc2): Linear(in_features=3072, out_features=768, bias=True)
                    (drop2): Dropout(p=0.0, inplace=False)
                  )
                  (drop_path): DropPath(drop_prob=0.089)
                )
              )
              (posemb): ModuleList(
                (0): RelativePositionEmbed(
                  (projector): Sequential(
                    (0): Linear(in_features=2, out_features=512, bias=True)
                    (1): ReLU()
                    (2): Linear(in_features=512, out_features=768, bias=False)
                  )
                )
              )
            )
            (9): MultiScaleAttentionBlock(
              (proj_drop): Dropout(p=0.0, inplace=False)
              (blocks): ModuleList(
                (0): CrossWindowBlock(
                  (norm1_q): LayerNorm((768,), eps=1e-05, elementwise_affine=True)
                  (norm1_kv): LayerNorm((768,), eps=1e-05, elementwise_affine=True)
                  (attn): CrossWindowAttention(
                    (q): Linear(in_features=768, out_features=768, bias=True)
                    (kv): Linear(in_features=768, out_features=1536, bias=True)
                    (proj): Linear(in_features=768, out_features=768, bias=True)
                    (proj_drop): Dropout(p=0.0, inplace=False)
                  )
                  (norm2): LayerNorm((768,), eps=1e-05, elementwise_affine=True)
                  (mlp): Mlp(
                    (fc1): Linear(in_features=768, out_features=3072, bias=True)
                    (act): GELU(approximate='none')
                    (drop1): Dropout(p=0.0, inplace=False)
                    (norm): Identity()
                    (fc2): Linear(in_features=3072, out_features=768, bias=True)
                    (drop2): Dropout(p=0.0, inplace=False)
                  )
                  (drop_path): DropPath(drop_prob=0.100)
                )
              )
              (posemb): ModuleList(
                (0): RelativePositionEmbed(
                  (projector): Sequential(
                    (0): Linear(in_features=2, out_features=512, bias=True)
                    (1): ReLU()
                    (2): Linear(in_features=512, out_features=768, bias=False)
                  )
                )
              )
            )
          )
        )
      )
      (norm): BatchNorm2d(768, eps=1e-05, momentum=0.1, affine=True, track_running_stats=True)
      (avgpool): AdaptiveAvgPool2d(output_size=1)
      (head): Linear(in_features=768, out_features=200, bias=True)
    )
  )
  (readout_norm): LayerNorm((768,), eps=1e-05, elementwise_affine=True)
  (fc_norm): LayerNorm((768,), eps=1e-05, elementwise_affine=True)
  (fc): Linear(in_features=768, out_features=200, bias=True)
)
2026-04-30 07:21:15,765 - Trainable params: 75,153,808 / 123,362,456 (60.92%)
2026-04-30 07:21:15,765 - [TRAINABLE] atlas_models.1.levels.0.blocks.0.blocks.0.norm1_q.weight
2026-04-30 07:21:15,765 - [TRAINABLE] atlas_models.1.levels.0.blocks.0.blocks.0.norm1_q.bias
2026-04-30 07:21:15,765 - [TRAINABLE] atlas_models.1.levels.0.blocks.0.blocks.0.norm1_kv.weight
2026-04-30 07:21:15,765 - [TRAINABLE] atlas_models.1.levels.0.blocks.0.blocks.0.norm1_kv.bias
2026-04-30 07:21:15,765 - [TRAINABLE] atlas_models.1.levels.0.blocks.0.blocks.0.attn.q.weight
2026-04-30 07:21:15,765 - [TRAINABLE] atlas_models.1.levels.0.blocks.0.blocks.0.attn.q.bias
2026-04-30 07:21:15,765 - [TRAINABLE] atlas_models.1.levels.0.blocks.0.blocks.0.attn.kv.weight
2026-04-30 07:21:15,765 - [TRAINABLE] atlas_models.1.levels.0.blocks.0.blocks.0.attn.kv.bias
2026-04-30 07:21:15,765 - [TRAINABLE] atlas_models.1.levels.0.blocks.0.blocks.0.attn.proj.weight
2026-04-30 07:21:15,765 - [TRAINABLE] atlas_models.1.levels.0.blocks.0.blocks.0.attn.proj.bias
2026-04-30 07:21:15,765 - [TRAINABLE] atlas_models.1.levels.0.blocks.0.blocks.0.norm2.weight
2026-04-30 07:21:15,765 - [TRAINABLE] atlas_models.1.levels.0.blocks.0.blocks.0.norm2.bias
2026-04-30 07:21:15,765 - [TRAINABLE] atlas_models.1.levels.0.blocks.0.blocks.0.mlp.fc1.weight
2026-04-30 07:21:15,765 - [TRAINABLE] atlas_models.1.levels.0.blocks.0.blocks.0.mlp.fc1.bias
2026-04-30 07:21:15,765 - [TRAINABLE] atlas_models.1.levels.0.blocks.0.blocks.0.mlp.fc2.weight
2026-04-30 07:21:15,765 - [TRAINABLE] atlas_models.1.levels.0.blocks.0.blocks.0.mlp.fc2.bias
2026-04-30 07:21:15,765 - [TRAINABLE] atlas_models.1.levels.0.blocks.0.posemb.0.projector.0.weight
2026-04-30 07:21:15,765 - [TRAINABLE] atlas_models.1.levels.0.blocks.0.posemb.0.projector.0.bias
2026-04-30 07:21:15,765 - [TRAINABLE] atlas_models.1.levels.0.blocks.0.posemb.0.projector.2.weight
2026-04-30 07:21:15,765 - [TRAINABLE] atlas_models.1.levels.0.blocks.1.blocks.0.norm1_q.weight
2026-04-30 07:21:15,765 - [TRAINABLE] atlas_models.1.levels.0.blocks.1.blocks.0.norm1_q.bias
2026-04-30 07:21:15,765 - [TRAINABLE] atlas_models.1.levels.0.blocks.1.blocks.0.norm1_kv.weight
2026-04-30 07:21:15,765 - [TRAINABLE] atlas_models.1.levels.0.blocks.1.blocks.0.norm1_kv.bias
2026-04-30 07:21:15,765 - [TRAINABLE] atlas_models.1.levels.0.blocks.1.blocks.0.attn.q.weight
2026-04-30 07:21:15,765 - [TRAINABLE] atlas_models.1.levels.0.blocks.1.blocks.0.attn.q.bias
2026-04-30 07:21:15,765 - [TRAINABLE] atlas_models.1.levels.0.blocks.1.blocks.0.attn.kv.weight
2026-04-30 07:21:15,765 - [TRAINABLE] atlas_models.1.levels.0.blocks.1.blocks.0.attn.kv.bias
2026-04-30 07:21:15,765 - [TRAINABLE] atlas_models.1.levels.0.blocks.1.blocks.0.attn.proj.weight
2026-04-30 07:21:15,765 - [TRAINABLE] atlas_models.1.levels.0.blocks.1.blocks.0.attn.proj.bias
2026-04-30 07:21:15,765 - [TRAINABLE] atlas_models.1.levels.0.blocks.1.blocks.0.norm2.weight
2026-04-30 07:21:15,765 - [TRAINABLE] atlas_models.1.levels.0.blocks.1.blocks.0.norm2.bias
2026-04-30 07:21:15,765 - [TRAINABLE] atlas_models.1.levels.0.blocks.1.blocks.0.mlp.fc1.weight
2026-04-30 07:21:15,765 - [TRAINABLE] atlas_models.1.levels.0.blocks.1.blocks.0.mlp.fc1.bias
2026-04-30 07:21:15,765 - [TRAINABLE] atlas_models.1.levels.0.blocks.1.blocks.0.mlp.fc2.weight
2026-04-30 07:21:15,765 - [TRAINABLE] atlas_models.1.levels.0.blocks.1.blocks.0.mlp.fc2.bias
2026-04-30 07:21:15,765 - [TRAINABLE] atlas_models.1.levels.0.blocks.1.posemb.0.projector.0.weight
2026-04-30 07:21:15,765 - [TRAINABLE] atlas_models.1.levels.0.blocks.1.posemb.0.projector.0.bias
2026-04-30 07:21:15,765 - [TRAINABLE] atlas_models.1.levels.0.blocks.1.posemb.0.projector.2.weight
2026-04-30 07:21:15,765 - [TRAINABLE] atlas_models.1.levels.0.blocks.2.blocks.0.norm1_q.weight
2026-04-30 07:21:15,765 - [TRAINABLE] atlas_models.1.levels.0.blocks.2.blocks.0.norm1_q.bias
2026-04-30 07:21:15,765 - [TRAINABLE] atlas_models.1.levels.0.blocks.2.blocks.0.norm1_kv.weight
2026-04-30 07:21:15,765 - [TRAINABLE] atlas_models.1.levels.0.blocks.2.blocks.0.norm1_kv.bias
2026-04-30 07:21:15,765 - [TRAINABLE] atlas_models.1.levels.0.blocks.2.blocks.0.attn.q.weight
2026-04-30 07:21:15,765 - [TRAINABLE] atlas_models.1.levels.0.blocks.2.blocks.0.attn.q.bias
2026-04-30 07:21:15,765 - [TRAINABLE] atlas_models.1.levels.0.blocks.2.blocks.0.attn.kv.weight
2026-04-30 07:21:15,765 - [TRAINABLE] atlas_models.1.levels.0.blocks.2.blocks.0.attn.kv.bias
2026-04-30 07:21:15,765 - [TRAINABLE] atlas_models.1.levels.0.blocks.2.blocks.0.attn.proj.weight
2026-04-30 07:21:15,765 - [TRAINABLE] atlas_models.1.levels.0.blocks.2.blocks.0.attn.proj.bias
2026-04-30 07:21:15,765 - [TRAINABLE] atlas_models.1.levels.0.blocks.2.blocks.0.norm2.weight
2026-04-30 07:21:15,765 - [TRAINABLE] atlas_models.1.levels.0.blocks.2.blocks.0.norm2.bias
2026-04-30 07:21:15,765 - [TRAINABLE] atlas_models.1.levels.0.blocks.2.blocks.0.mlp.fc1.weight
2026-04-30 07:21:15,765 - [TRAINABLE] atlas_models.1.levels.0.blocks.2.blocks.0.mlp.fc1.bias
2026-04-30 07:21:15,765 - [TRAINABLE] atlas_models.1.levels.0.blocks.2.blocks.0.mlp.fc2.weight
2026-04-30 07:21:15,765 - [TRAINABLE] atlas_models.1.levels.0.blocks.2.blocks.0.mlp.fc2.bias
2026-04-30 07:21:15,765 - [TRAINABLE] atlas_models.1.levels.0.blocks.2.posemb.0.projector.0.weight
2026-04-30 07:21:15,765 - [TRAINABLE] atlas_models.1.levels.0.blocks.2.posemb.0.projector.0.bias
2026-04-30 07:21:15,765 - [TRAINABLE] atlas_models.1.levels.0.blocks.2.posemb.0.projector.2.weight
2026-04-30 07:21:15,765 - [TRAINABLE] atlas_models.1.levels.0.blocks.3.blocks.0.norm1_q.weight
2026-04-30 07:21:15,765 - [TRAINABLE] atlas_models.1.levels.0.blocks.3.blocks.0.norm1_q.bias
2026-04-30 07:21:15,765 - [TRAINABLE] atlas_models.1.levels.0.blocks.3.blocks.0.norm1_kv.weight
2026-04-30 07:21:15,765 - [TRAINABLE] atlas_models.1.levels.0.blocks.3.blocks.0.norm1_kv.bias
2026-04-30 07:21:15,765 - [TRAINABLE] atlas_models.1.levels.0.blocks.3.blocks.0.attn.q.weight
2026-04-30 07:21:15,766 - [TRAINABLE] atlas_models.1.levels.0.blocks.3.blocks.0.attn.q.bias
2026-04-30 07:21:15,766 - [TRAINABLE] atlas_models.1.levels.0.blocks.3.blocks.0.attn.kv.weight
2026-04-30 07:21:15,766 - [TRAINABLE] atlas_models.1.levels.0.blocks.3.blocks.0.attn.kv.bias
2026-04-30 07:21:15,766 - [TRAINABLE] atlas_models.1.levels.0.blocks.3.blocks.0.attn.proj.weight
2026-04-30 07:21:15,766 - [TRAINABLE] atlas_models.1.levels.0.blocks.3.blocks.0.attn.proj.bias
2026-04-30 07:21:15,766 - [TRAINABLE] atlas_models.1.levels.0.blocks.3.blocks.0.norm2.weight
2026-04-30 07:21:15,766 - [TRAINABLE] atlas_models.1.levels.0.blocks.3.blocks.0.norm2.bias
2026-04-30 07:21:15,766 - [TRAINABLE] atlas_models.1.levels.0.blocks.3.blocks.0.mlp.fc1.weight
2026-04-30 07:21:15,766 - [TRAINABLE] atlas_models.1.levels.0.blocks.3.blocks.0.mlp.fc1.bias
2026-04-30 07:21:15,766 - [TRAINABLE] atlas_models.1.levels.0.blocks.3.blocks.0.mlp.fc2.weight
2026-04-30 07:21:15,766 - [TRAINABLE] atlas_models.1.levels.0.blocks.3.blocks.0.mlp.fc2.bias
2026-04-30 07:21:15,766 - [TRAINABLE] atlas_models.1.levels.0.blocks.3.posemb.0.projector.0.weight
2026-04-30 07:21:15,766 - [TRAINABLE] atlas_models.1.levels.0.blocks.3.posemb.0.projector.0.bias
2026-04-30 07:21:15,766 - [TRAINABLE] atlas_models.1.levels.0.blocks.3.posemb.0.projector.2.weight
2026-04-30 07:21:15,766 - [TRAINABLE] atlas_models.1.levels.0.blocks.4.blocks.0.norm1_q.weight
2026-04-30 07:21:15,766 - [TRAINABLE] atlas_models.1.levels.0.blocks.4.blocks.0.norm1_q.bias
2026-04-30 07:21:15,766 - [TRAINABLE] atlas_models.1.levels.0.blocks.4.blocks.0.norm1_kv.weight
2026-04-30 07:21:15,766 - [TRAINABLE] atlas_models.1.levels.0.blocks.4.blocks.0.norm1_kv.bias
2026-04-30 07:21:15,766 - [TRAINABLE] atlas_models.1.levels.0.blocks.4.blocks.0.attn.q.weight
2026-04-30 07:21:15,766 - [TRAINABLE] atlas_models.1.levels.0.blocks.4.blocks.0.attn.q.bias
2026-04-30 07:21:15,766 - [TRAINABLE] atlas_models.1.levels.0.blocks.4.blocks.0.attn.kv.weight
2026-04-30 07:21:15,766 - [TRAINABLE] atlas_models.1.levels.0.blocks.4.blocks.0.attn.kv.bias
2026-04-30 07:21:15,766 - [TRAINABLE] atlas_models.1.levels.0.blocks.4.blocks.0.attn.proj.weight
2026-04-30 07:21:15,766 - [TRAINABLE] atlas_models.1.levels.0.blocks.4.blocks.0.attn.proj.bias
2026-04-30 07:21:15,766 - [TRAINABLE] atlas_models.1.levels.0.blocks.4.blocks.0.norm2.weight
2026-04-30 07:21:15,766 - [TRAINABLE] atlas_models.1.levels.0.blocks.4.blocks.0.norm2.bias
2026-04-30 07:21:15,766 - [TRAINABLE] atlas_models.1.levels.0.blocks.4.blocks.0.mlp.fc1.weight
2026-04-30 07:21:15,766 - [TRAINABLE] atlas_models.1.levels.0.blocks.4.blocks.0.mlp.fc1.bias
2026-04-30 07:21:15,766 - [TRAINABLE] atlas_models.1.levels.0.blocks.4.blocks.0.mlp.fc2.weight
2026-04-30 07:21:15,766 - [TRAINABLE] atlas_models.1.levels.0.blocks.4.blocks.0.mlp.fc2.bias
2026-04-30 07:21:15,766 - [TRAINABLE] atlas_models.1.levels.0.blocks.4.posemb.0.projector.0.weight
2026-04-30 07:21:15,766 - [TRAINABLE] atlas_models.1.levels.0.blocks.4.posemb.0.projector.0.bias
2026-04-30 07:21:15,766 - [TRAINABLE] atlas_models.1.levels.0.blocks.4.posemb.0.projector.2.weight
2026-04-30 07:21:15,766 - [TRAINABLE] atlas_models.1.levels.0.blocks.5.blocks.0.norm1_q.weight
2026-04-30 07:21:15,766 - [TRAINABLE] atlas_models.1.levels.0.blocks.5.blocks.0.norm1_q.bias
2026-04-30 07:21:15,766 - [TRAINABLE] atlas_models.1.levels.0.blocks.5.blocks.0.norm1_kv.weight
2026-04-30 07:21:15,766 - [TRAINABLE] atlas_models.1.levels.0.blocks.5.blocks.0.norm1_kv.bias
2026-04-30 07:21:15,766 - [TRAINABLE] atlas_models.1.levels.0.blocks.5.blocks.0.attn.q.weight
2026-04-30 07:21:15,766 - [TRAINABLE] atlas_models.1.levels.0.blocks.5.blocks.0.attn.q.bias
2026-04-30 07:21:15,766 - [TRAINABLE] atlas_models.1.levels.0.blocks.5.blocks.0.attn.kv.weight
2026-04-30 07:21:15,766 - [TRAINABLE] atlas_models.1.levels.0.blocks.5.blocks.0.attn.kv.bias
2026-04-30 07:21:15,766 - [TRAINABLE] atlas_models.1.levels.0.blocks.5.blocks.0.attn.proj.weight
2026-04-30 07:21:15,766 - [TRAINABLE] atlas_models.1.levels.0.blocks.5.blocks.0.attn.proj.bias
2026-04-30 07:21:15,766 - [TRAINABLE] atlas_models.1.levels.0.blocks.5.blocks.0.norm2.weight
2026-04-30 07:21:15,766 - [TRAINABLE] atlas_models.1.levels.0.blocks.5.blocks.0.norm2.bias
2026-04-30 07:21:15,766 - [TRAINABLE] atlas_models.1.levels.0.blocks.5.blocks.0.mlp.fc1.weight
2026-04-30 07:21:15,766 - [TRAINABLE] atlas_models.1.levels.0.blocks.5.blocks.0.mlp.fc1.bias
2026-04-30 07:21:15,766 - [TRAINABLE] atlas_models.1.levels.0.blocks.5.blocks.0.mlp.fc2.weight
2026-04-30 07:21:15,766 - [TRAINABLE] atlas_models.1.levels.0.blocks.5.blocks.0.mlp.fc2.bias
2026-04-30 07:21:15,766 - [TRAINABLE] atlas_models.1.levels.0.blocks.5.posemb.0.projector.0.weight
2026-04-30 07:21:15,766 - [TRAINABLE] atlas_models.1.levels.0.blocks.5.posemb.0.projector.0.bias
2026-04-30 07:21:15,766 - [TRAINABLE] atlas_models.1.levels.0.blocks.5.posemb.0.projector.2.weight
2026-04-30 07:21:15,766 - [TRAINABLE] atlas_models.1.levels.0.blocks.6.blocks.0.norm1_q.weight
2026-04-30 07:21:15,766 - [TRAINABLE] atlas_models.1.levels.0.blocks.6.blocks.0.norm1_q.bias
2026-04-30 07:21:15,766 - [TRAINABLE] atlas_models.1.levels.0.blocks.6.blocks.0.norm1_kv.weight
2026-04-30 07:21:15,766 - [TRAINABLE] atlas_models.1.levels.0.blocks.6.blocks.0.norm1_kv.bias
2026-04-30 07:21:15,766 - [TRAINABLE] atlas_models.1.levels.0.blocks.6.blocks.0.attn.q.weight
2026-04-30 07:21:15,766 - [TRAINABLE] atlas_models.1.levels.0.blocks.6.blocks.0.attn.q.bias
2026-04-30 07:21:15,766 - [TRAINABLE] atlas_models.1.levels.0.blocks.6.blocks.0.attn.kv.weight
2026-04-30 07:21:15,766 - [TRAINABLE] atlas_models.1.levels.0.blocks.6.blocks.0.attn.kv.bias
2026-04-30 07:21:15,766 - [TRAINABLE] atlas_models.1.levels.0.blocks.6.blocks.0.attn.proj.weight
2026-04-30 07:21:15,766 - [TRAINABLE] atlas_models.1.levels.0.blocks.6.blocks.0.attn.proj.bias
2026-04-30 07:21:15,766 - [TRAINABLE] atlas_models.1.levels.0.blocks.6.blocks.0.norm2.weight
2026-04-30 07:21:15,766 - [TRAINABLE] atlas_models.1.levels.0.blocks.6.blocks.0.norm2.bias
2026-04-30 07:21:15,766 - [TRAINABLE] atlas_models.1.levels.0.blocks.6.blocks.0.mlp.fc1.weight
2026-04-30 07:21:15,766 - [TRAINABLE] atlas_models.1.levels.0.blocks.6.blocks.0.mlp.fc1.bias
2026-04-30 07:21:15,766 - [TRAINABLE] atlas_models.1.levels.0.blocks.6.blocks.0.mlp.fc2.weight
2026-04-30 07:21:15,766 - [TRAINABLE] atlas_models.1.levels.0.blocks.6.blocks.0.mlp.fc2.bias
2026-04-30 07:21:15,766 - [TRAINABLE] atlas_models.1.levels.0.blocks.6.posemb.0.projector.0.weight
2026-04-30 07:21:15,766 - [TRAINABLE] atlas_models.1.levels.0.blocks.6.posemb.0.projector.0.bias
2026-04-30 07:21:15,766 - [TRAINABLE] atlas_models.1.levels.0.blocks.6.posemb.0.projector.2.weight
2026-04-30 07:21:15,766 - [TRAINABLE] atlas_models.1.levels.0.blocks.7.blocks.0.norm1_q.weight
2026-04-30 07:21:15,766 - [TRAINABLE] atlas_models.1.levels.0.blocks.7.blocks.0.norm1_q.bias
2026-04-30 07:21:15,766 - [TRAINABLE] atlas_models.1.levels.0.blocks.7.blocks.0.norm1_kv.weight
2026-04-30 07:21:15,766 - [TRAINABLE] atlas_models.1.levels.0.blocks.7.blocks.0.norm1_kv.bias
2026-04-30 07:21:15,766 - [TRAINABLE] atlas_models.1.levels.0.blocks.7.blocks.0.attn.q.weight
2026-04-30 07:21:15,766 - [TRAINABLE] atlas_models.1.levels.0.blocks.7.blocks.0.attn.q.bias
2026-04-30 07:21:15,766 - [TRAINABLE] atlas_models.1.levels.0.blocks.7.blocks.0.attn.kv.weight
2026-04-30 07:21:15,766 - [TRAINABLE] atlas_models.1.levels.0.blocks.7.blocks.0.attn.kv.bias
2026-04-30 07:21:15,766 - [TRAINABLE] atlas_models.1.levels.0.blocks.7.blocks.0.attn.proj.weight
2026-04-30 07:21:15,766 - [TRAINABLE] atlas_models.1.levels.0.blocks.7.blocks.0.attn.proj.bias
2026-04-30 07:21:15,766 - [TRAINABLE] atlas_models.1.levels.0.blocks.7.blocks.0.norm2.weight
2026-04-30 07:21:15,766 - [TRAINABLE] atlas_models.1.levels.0.blocks.7.blocks.0.norm2.bias
2026-04-30 07:21:15,766 - [TRAINABLE] atlas_models.1.levels.0.blocks.7.blocks.0.mlp.fc1.weight
2026-04-30 07:21:15,766 - [TRAINABLE] atlas_models.1.levels.0.blocks.7.blocks.0.mlp.fc1.bias
2026-04-30 07:21:15,766 - [TRAINABLE] atlas_models.1.levels.0.blocks.7.blocks.0.mlp.fc2.weight
2026-04-30 07:21:15,766 - [TRAINABLE] atlas_models.1.levels.0.blocks.7.blocks.0.mlp.fc2.bias
2026-04-30 07:21:15,766 - [TRAINABLE] atlas_models.1.levels.0.blocks.7.posemb.0.projector.0.weight
2026-04-30 07:21:15,766 - [TRAINABLE] atlas_models.1.levels.0.blocks.7.posemb.0.projector.0.bias
2026-04-30 07:21:15,766 - [TRAINABLE] atlas_models.1.levels.0.blocks.7.posemb.0.projector.2.weight
2026-04-30 07:21:15,766 - [TRAINABLE] atlas_models.1.levels.0.blocks.8.blocks.0.norm1_q.weight
2026-04-30 07:21:15,766 - [TRAINABLE] atlas_models.1.levels.0.blocks.8.blocks.0.norm1_q.bias
2026-04-30 07:21:15,766 - [TRAINABLE] atlas_models.1.levels.0.blocks.8.blocks.0.norm1_kv.weight
2026-04-30 07:21:15,766 - [TRAINABLE] atlas_models.1.levels.0.blocks.8.blocks.0.norm1_kv.bias
2026-04-30 07:21:15,766 - [TRAINABLE] atlas_models.1.levels.0.blocks.8.blocks.0.attn.q.weight
2026-04-30 07:21:15,766 - [TRAINABLE] atlas_models.1.levels.0.blocks.8.blocks.0.attn.q.bias
2026-04-30 07:21:15,766 - [TRAINABLE] atlas_models.1.levels.0.blocks.8.blocks.0.attn.kv.weight
2026-04-30 07:21:15,767 - [TRAINABLE] atlas_models.1.levels.0.blocks.8.blocks.0.attn.kv.bias
2026-04-30 07:21:15,767 - [TRAINABLE] atlas_models.1.levels.0.blocks.8.blocks.0.attn.proj.weight
2026-04-30 07:21:15,767 - [TRAINABLE] atlas_models.1.levels.0.blocks.8.blocks.0.attn.proj.bias
2026-04-30 07:21:15,767 - [TRAINABLE] atlas_models.1.levels.0.blocks.8.blocks.0.norm2.weight
2026-04-30 07:21:15,767 - [TRAINABLE] atlas_models.1.levels.0.blocks.8.blocks.0.norm2.bias
2026-04-30 07:21:15,767 - [TRAINABLE] atlas_models.1.levels.0.blocks.8.blocks.0.mlp.fc1.weight
2026-04-30 07:21:15,767 - [TRAINABLE] atlas_models.1.levels.0.blocks.8.blocks.0.mlp.fc1.bias
2026-04-30 07:21:15,767 - [TRAINABLE] atlas_models.1.levels.0.blocks.8.blocks.0.mlp.fc2.weight
2026-04-30 07:21:15,767 - [TRAINABLE] atlas_models.1.levels.0.blocks.8.blocks.0.mlp.fc2.bias
2026-04-30 07:21:15,767 - [TRAINABLE] atlas_models.1.levels.0.blocks.8.posemb.0.projector.0.weight
2026-04-30 07:21:15,767 - [TRAINABLE] atlas_models.1.levels.0.blocks.8.posemb.0.projector.0.bias
2026-04-30 07:21:15,767 - [TRAINABLE] atlas_models.1.levels.0.blocks.8.posemb.0.projector.2.weight
2026-04-30 07:21:15,767 - [TRAINABLE] atlas_models.1.levels.0.blocks.9.blocks.0.norm1_q.weight
2026-04-30 07:21:15,767 - [TRAINABLE] atlas_models.1.levels.0.blocks.9.blocks.0.norm1_q.bias
2026-04-30 07:21:15,767 - [TRAINABLE] atlas_models.1.levels.0.blocks.9.blocks.0.norm1_kv.weight
2026-04-30 07:21:15,767 - [TRAINABLE] atlas_models.1.levels.0.blocks.9.blocks.0.norm1_kv.bias
2026-04-30 07:21:15,767 - [TRAINABLE] atlas_models.1.levels.0.blocks.9.blocks.0.attn.q.weight
2026-04-30 07:21:15,767 - [TRAINABLE] atlas_models.1.levels.0.blocks.9.blocks.0.attn.q.bias
2026-04-30 07:21:15,767 - [TRAINABLE] atlas_models.1.levels.0.blocks.9.blocks.0.attn.kv.weight
2026-04-30 07:21:15,767 - [TRAINABLE] atlas_models.1.levels.0.blocks.9.blocks.0.attn.kv.bias
2026-04-30 07:21:15,767 - [TRAINABLE] atlas_models.1.levels.0.blocks.9.blocks.0.attn.proj.weight
2026-04-30 07:21:15,767 - [TRAINABLE] atlas_models.1.levels.0.blocks.9.blocks.0.attn.proj.bias
2026-04-30 07:21:15,767 - [TRAINABLE] atlas_models.1.levels.0.blocks.9.blocks.0.norm2.weight
2026-04-30 07:21:15,767 - [TRAINABLE] atlas_models.1.levels.0.blocks.9.blocks.0.norm2.bias
2026-04-30 07:21:15,767 - [TRAINABLE] atlas_models.1.levels.0.blocks.9.blocks.0.mlp.fc1.weight
2026-04-30 07:21:15,767 - [TRAINABLE] atlas_models.1.levels.0.blocks.9.blocks.0.mlp.fc1.bias
2026-04-30 07:21:15,767 - [TRAINABLE] atlas_models.1.levels.0.blocks.9.blocks.0.mlp.fc2.weight
2026-04-30 07:21:15,767 - [TRAINABLE] atlas_models.1.levels.0.blocks.9.blocks.0.mlp.fc2.bias
2026-04-30 07:21:15,767 - [TRAINABLE] atlas_models.1.levels.0.blocks.9.posemb.0.projector.0.weight
2026-04-30 07:21:15,767 - [TRAINABLE] atlas_models.1.levels.0.blocks.9.posemb.0.projector.0.bias
2026-04-30 07:21:15,767 - [TRAINABLE] atlas_models.1.levels.0.blocks.9.posemb.0.projector.2.weight
2026-04-30 07:21:15,767 - [TRAINABLE] atlas_models.1.norm.weight
2026-04-30 07:21:15,767 - [TRAINABLE] atlas_models.1.norm.bias
2026-04-30 07:21:15,767 - [TRAINABLE] atlas_models.1.head.weight
2026-04-30 07:21:15,767 - [TRAINABLE] atlas_models.1.head.bias
2026-04-30 07:21:15,767 - [TRAINABLE] readout_norm.weight
2026-04-30 07:21:15,767 - [TRAINABLE] readout_norm.bias
2026-04-30 07:21:15,767 - [TRAINABLE] fc_norm.weight
2026-04-30 07:21:15,767 - [TRAINABLE] fc_norm.bias
2026-04-30 07:21:15,767 - [TRAINABLE] fc.weight
2026-04-30 07:21:15,767 - [TRAINABLE] fc.bias
