[2026-05-01 00:30:49,451] [INFO] [real_accelerator.py:219:get_accelerator] Setting ds_accelerator to cuda (auto detect)
Warning: The cache directory for DeepSpeed Triton autotune, /home/others/abir_proj/.triton/autotune, appears to be on an NFS system. While this is generally acceptable, if you experience slowdowns or hanging when DeepSpeed exits, it is recommended to set the TRITON_CACHE_DIR environment variable to a non-NFS path.
Attention implementation: flash_attention2
2026-05-01 00:30:52,656 - Local rank: -1
2026-05-01 00:30:52,657 - Loading config from configs/atlas_caltech_ft_256.yaml
2026-05-01 00:30:52,679 - Replacing key at main.exp_name with atlas_d2d10_base_r256
2026-05-01 00:30:52,679 - Replacing key at main.tags with ['atlas', 'finetune', 'caltech101', 'r256']
2026-05-01 00:30:52,679 - Replacing key at main.phases.dev with True
2026-05-01 00:30:52,679 - Replacing key at main.checkpoints_dir with /home/others/abir_proj/codebase/Atlas/checkpoints/Atlas_caltech101_ft_256
2026-05-01 00:30:52,679 - Replacing key at main.wandb_project with architecture
2026-05-01 00:30:52,679 - Replacing key at main.disable_wandb with True
2026-05-01 00:30:52,679 - Replacing key at main.allow_overwriting_experiment_checkpoints with True
2026-05-01 00:30:52,679 - Replacing key at dataset.shared_dataset_kwargs.data_path with /home/others/abir_proj/codebase/Datasets/Caltech101/
2026-05-01 00:30:52,679 - Replacing key at dataset.num_classes with 101
2026-05-01 00:30:52,679 - Replacing key at dataset.image_augmentations with [{'type': 'TimmAug', 'kwargs': {'input_size': 256, 'color_jitter': 0.2, 'aa': 'rand-m7-mstd0.5-inc1', 'reprob': 0.2, 'remode': 'pixel', 'recount': 1, 'mean': [0.485, 0.456, 0.406], 'std': [0.229, 0.224, 0.225]}}]
2026-05-01 00:30:52,679 - Replacing key at dataset.test_image_augmentations with [{'type': 'TorchvisionResize', 'kwargs': {'img_size': [256, 256]}}, {'type': 'TorchvisionCenterCrop', 'kwargs': {'height': 256, 'width': 256}}, {'type': 'TorchvisionToTensor', 'kwargs': {}}, {'type': 'NormalizeTensor2d', 'kwargs': {'channel_means': [0.485, 0.456, 0.406], 'channel_stds': [0.229, 0.224, 0.225]}}]
2026-05-01 00:30:52,679 - Replacing key at dataloader.batch_size with 32
2026-05-01 00:30:52,679 - Replacing key at dataloader.eval_batch_size with 32
2026-05-01 00:30:52,679 - Replacing key at dataloader.train_drop_last with True
2026-05-01 00:30:52,679 - Replacing key at engine.type with Classifier
2026-05-01 00:30:52,679 - Replacing key at optimizer.type with AdamW
2026-05-01 00:30:52,679 - Replacing key at optimizer.kwargs with {'lr': 5e-05, 'betas': [0.9, 0.999]}
2026-05-01 00:30:52,679 - Replacing key at optimizer.scheduler.interval with step
2026-05-01 00:30:52,679 - Replacing key at optimizer.scheduler.type with StepCosineAnnealingWarmup
2026-05-01 00:30:52,679 - Replacing key at optimizer.scheduler.kwargs with {'warmup_epochs': 3, 'max_epochs': 30, 'min_lr': 1e-06}
2026-05-01 00:30:52,679 - Replacing key at model.type with Atlas
2026-05-01 00:30:52,679 - Replacing key at model.kwargs with {'num_classes': 101, 'img_size': [256, 256, 1], 'patch_size': [16, 16, 1], 'in_chans': 3, 'embed_dim': 768, 'pretrained': True, 'pretrained_path': '/home/others/abir_proj/codebase/Atlas/checkpoints/Atlas_in1k_256/atlas_d2d10_base_r256/epoch=96.ckpt', 'load_head': False, 'reset_head': True, 'freeze_mode': 'except_last_stage', 'freeze_stages': 0, 'freeze_patterns': [], 'kwargs_list': [{'img_size': [256, 256, 1], 'patch_size': 16, 'local2global': 4, 'merge_ratio': 16, 'in_dim': 64, 'dim': 768, 'num_features': 192, 'num_classes': 101, 'drop_path_rate': 0.1, 'global_pool': 'avg', 'class_token': False, 'depths': 2, 'qkv_bias': True, 'pre_norm': False, 'num_heads': 12, 'mlp_ratio': 4, 'embed_dim': 768, 'embed_op': 'convstem', 'layer_args': {'qkv_bias': True, 'qk_scale': 'None', 'input_resolution': 256}}, {'img_size': [16, 16, 1], 'patch_size': 1, 'local2global': 4, 'merge_ratio': 16, 'num_classes': 101, 'drop_path_rate': 0.1, 'global_pool': 'avg', 'class_token': False, 'depths': 10, 'qkv_bias': True, 'pre_norm': False, 'num_heads': 12, 'mlp_ratio': 4, 'embed_dim': 768, 'embed_op': 'conv2d', 'in_dim': 64, 'dim': 768, 'num_features': 192, 'layer_args': {'qkv_bias': True, 'qk_scale': 'None', 'input_resolution': 256}}]}
2026-05-01 00:30:52,711 - | distributed init (global rank 0): env://, gpu 0 / world_size 1
experiment_checkpoints_dir: /home/others/abir_proj/codebase/Atlas/checkpoints/Atlas_caltech101_ft_256/atlas_d2d10_base_r256
2026-05-01 00:30:52,960 - | initialized host gnode6 as rank 0
2026-05-01 00:30:52,970 - Multi-GPU: True
2026-05-01 00:30:53,051 - Checkpoint directory: /home/others/abir_proj/codebase/Atlas/checkpoints/Atlas_caltech101_ft_256/atlas_d2d10_base_r256
2026-05-01 00:30:53,498 - Using distributed sampler
2026-05-01 00:30:53,845 - Multi-GPU distributed evaluation is enabled: the results may be a little inaccurate due to the padding or drop_last in DistributedSampler
2026-05-01 00:30:53,845 - Ignoring unrecognized kwargs to engine: {'gradual_unfreeze': False}
2026-05-01 00:30:53,845 - Mixup is activated!
2026-05-01 00:30:53,845 - Engine built!
Loading pretrained weights from /home/others/abir_proj/codebase/Atlas/checkpoints/Atlas_in1k_256/atlas_d2d10_base_r256/epoch=96.ckpt
Missing keys (not loaded): ['atlas_models.0.head.weight', 'atlas_models.0.head.bias', 'atlas_models.1.head.weight', 'atlas_models.1.head.bias', 'fc.weight', 'fc.bias']
Unexpected keys (in checkpoint but not in model): []
Trainable params: 75,001,546 / 108,165,743 (69.34%)
=========================================
Number of parameters
trainable_params: 75001546
non_trainable_params: 33164197
=========================================
2026-05-01 00:31:05,550 - Model: Atlas(
  (atlas_models): ModuleList(
    (0): StackMSA(
      (patch_embed): MultiConvEmbed(
        (proj): Identity()
        (conv0): Sequential(
          (0): Conv2d(3, 64, kernel_size=(3, 3), stride=(2, 2), padding=(1, 1), bias=False)
          (1): BatchNorm2d(64, eps=0.0001, momentum=0.1, affine=True, track_running_stats=True)
          (2): ReLU()
          (3): Conv2d(64, 192, kernel_size=(3, 3), stride=(2, 2), padding=(1, 1), bias=False)
          (4): BatchNorm2d(192, eps=0.0001, momentum=0.1, affine=True, track_running_stats=True)
          (5): ReLU()
        )
        (conv1): Sequential(
          (0): EarlyConvResidual(
            (conv_block1): Sequential(
              (0): Conv2d(192, 192, kernel_size=(3, 3), stride=(1, 1), padding=(1, 1))
              (1): BatchNorm2d(192, eps=1e-05, momentum=0.1, affine=True, track_running_stats=True)
              (2): GELU(approximate='none')
            )
            (conv_block2): Sequential(
              (0): Conv2d(192, 192, kernel_size=(3, 3), stride=(1, 1), padding=(1, 1))
              (1): BatchNorm2d(192, eps=1e-05, momentum=0.1, affine=True, track_running_stats=True)
            )
            (drop_path): Identity()
          )
          (1): EarlyConvResidual(
            (conv_block1): Sequential(
              (0): Conv2d(192, 192, kernel_size=(3, 3), stride=(1, 1), padding=(1, 1))
              (1): BatchNorm2d(192, eps=1e-05, momentum=0.1, affine=True, track_running_stats=True)
              (2): GELU(approximate='none')
            )
            (conv_block2): Sequential(
              (0): Conv2d(192, 192, kernel_size=(3, 3), stride=(1, 1), padding=(1, 1))
              (1): BatchNorm2d(192, eps=1e-05, momentum=0.1, affine=True, track_running_stats=True)
            )
            (drop_path): Identity()
          )
          (2): EarlyConvResidual(
            (conv_block1): Sequential(
              (0): Conv2d(192, 192, kernel_size=(3, 3), stride=(1, 1), padding=(1, 1))
              (1): BatchNorm2d(192, eps=1e-05, momentum=0.1, affine=True, track_running_stats=True)
              (2): GELU(approximate='none')
            )
            (conv_block2): Sequential(
              (0): Conv2d(192, 192, kernel_size=(3, 3), stride=(1, 1), padding=(1, 1))
              (1): BatchNorm2d(192, eps=1e-05, momentum=0.1, affine=True, track_running_stats=True)
            )
            (drop_path): Identity()
          )
        )
        (ds1): EarlyConvDS(
          (norm): LayerNorm2d((192,), eps=1e-06, elementwise_affine=True)
          (conv): Conv2d(192, 384, kernel_size=(3, 3), stride=(2, 2), padding=(1, 1), bias=False)
        )
        (conv2): Sequential(
          (0): EarlyConvResidual(
            (conv_block1): Sequential(
              (0): Conv2d(384, 384, kernel_size=(3, 3), stride=(1, 1), padding=(1, 1))
              (1): BatchNorm2d(384, eps=1e-05, momentum=0.1, affine=True, track_running_stats=True)
              (2): GELU(approximate='none')
            )
            (conv_block2): Sequential(
              (0): Conv2d(384, 384, kernel_size=(3, 3), stride=(1, 1), padding=(1, 1))
              (1): BatchNorm2d(384, eps=1e-05, momentum=0.1, affine=True, track_running_stats=True)
            )
            (drop_path): Identity()
          )
          (1): EarlyConvResidual(
            (conv_block1): Sequential(
              (0): Conv2d(384, 384, kernel_size=(3, 3), stride=(1, 1), padding=(1, 1))
              (1): BatchNorm2d(384, eps=1e-05, momentum=0.1, affine=True, track_running_stats=True)
              (2): GELU(approximate='none')
            )
            (conv_block2): Sequential(
              (0): Conv2d(384, 384, kernel_size=(3, 3), stride=(1, 1), padding=(1, 1))
              (1): BatchNorm2d(384, eps=1e-05, momentum=0.1, affine=True, track_running_stats=True)
            )
            (drop_path): Identity()
          )
          (2): EarlyConvResidual(
            (conv_block1): Sequential(
              (0): Conv2d(384, 384, kernel_size=(3, 3), stride=(1, 1), padding=(1, 1))
              (1): BatchNorm2d(384, eps=1e-05, momentum=0.1, affine=True, track_running_stats=True)
              (2): GELU(approximate='none')
            )
            (conv_block2): Sequential(
              (0): Conv2d(384, 384, kernel_size=(3, 3), stride=(1, 1), padding=(1, 1))
              (1): BatchNorm2d(384, eps=1e-05, momentum=0.1, affine=True, track_running_stats=True)
            )
            (drop_path): Identity()
          )
        )
        (ds2): EarlyConvDS(
          (norm): LayerNorm2d((384,), eps=1e-06, elementwise_affine=True)
          (conv): Conv2d(384, 768, kernel_size=(3, 3), stride=(2, 2), padding=(1, 1), bias=False)
        )
        (ds3): EarlyConvDS_56(
          (norm): LayerNorm2d((384,), eps=1e-06, elementwise_affine=True)
          (conv): Conv2d(384, 768, kernel_size=(2, 2), stride=(2, 2), padding=(8, 8), bias=False)
        )
        (ds4): EarlyConvDS_112(
          (norm): LayerNorm2d((192,), eps=1e-06, elementwise_affine=True)
          (conv): Conv2d(192, 384, kernel_size=(4, 4), stride=(2, 2), padding=(17, 17), bias=False)
        )
        (ds5): EarlyConvDS_28(
          (norm): LayerNorm2d((384,), eps=1e-06, elementwise_affine=True)
          (conv): Conv2d(384, 768, kernel_size=(2, 2), stride=(2, 2), padding=(4, 4), bias=False)
        )
        (ds6): EarlyConvDS_14(
          (norm): LayerNorm2d((384,), eps=1e-06, elementwise_affine=True)
          (conv): Conv2d(384, 768, kernel_size=(2, 2), stride=(2, 2), padding=(2, 2), bias=False)
        )
      )
      (levels): ModuleList(
        (0): MultiScaleAttentionLayer(
          (blocks): ModuleList(
            (0): MultiScaleAttentionBlock(
              (proj_drop): Dropout(p=0.0, inplace=False)
              (blocks): ModuleList(
                (0): CrossWindowBlock(
                  (norm1_q): LayerNorm((768,), eps=1e-05, elementwise_affine=True)
                  (norm1_kv): LayerNorm((768,), eps=1e-05, elementwise_affine=True)
                  (attn): CrossWindowAttention(
                    (q): Linear(in_features=768, out_features=768, bias=True)
                    (kv): Linear(in_features=768, out_features=1536, bias=True)
                    (proj): Linear(in_features=768, out_features=768, bias=True)
                    (proj_drop): Dropout(p=0.0, inplace=False)
                  )
                  (norm2): LayerNorm((768,), eps=1e-05, elementwise_affine=True)
                  (mlp): Mlp(
                    (fc1): Linear(in_features=768, out_features=3072, bias=True)
                    (act): GELU(approximate='none')
                    (drop1): Dropout(p=0.0, inplace=False)
                    (norm): Identity()
                    (fc2): Linear(in_features=3072, out_features=768, bias=True)
                    (drop2): Dropout(p=0.0, inplace=False)
                  )
                  (drop_path): Identity()
                )
              )
              (posemb): ModuleList(
                (0): RelativePositionEmbed(
                  (projector): Sequential(
                    (0): Linear(in_features=2, out_features=512, bias=True)
                    (1): ReLU()
                    (2): Linear(in_features=512, out_features=768, bias=False)
                  )
                )
              )
            )
            (1): MultiScaleAttentionBlock(
              (proj_drop): Dropout(p=0.0, inplace=False)
              (blocks): ModuleList(
                (0): CrossWindowBlock(
                  (norm1_q): LayerNorm((768,), eps=1e-05, elementwise_affine=True)
                  (norm1_kv): LayerNorm((768,), eps=1e-05, elementwise_affine=True)
                  (attn): CrossWindowAttention(
                    (q): Linear(in_features=768, out_features=768, bias=True)
                    (kv): Linear(in_features=768, out_features=1536, bias=True)
                    (proj): Linear(in_features=768, out_features=768, bias=True)
                    (proj_drop): Dropout(p=0.0, inplace=False)
                  )
                  (norm2): LayerNorm((768,), eps=1e-05, elementwise_affine=True)
                  (mlp): Mlp(
                    (fc1): Linear(in_features=768, out_features=3072, bias=True)
                    (act): GELU(approximate='none')
                    (drop1): Dropout(p=0.0, inplace=False)
                    (norm): Identity()
                    (fc2): Linear(in_features=3072, out_features=768, bias=True)
                    (drop2): Dropout(p=0.0, inplace=False)
                  )
                  (drop_path): DropPath(drop_prob=0.100)
                )
              )
              (posemb): ModuleList(
                (0): RelativePositionEmbed(
                  (projector): Sequential(
                    (0): Linear(in_features=2, out_features=512, bias=True)
                    (1): ReLU()
                    (2): Linear(in_features=512, out_features=768, bias=False)
                  )
                )
              )
            )
          )
        )
      )
      (norm): BatchNorm2d(768, eps=1e-05, momentum=0.1, affine=True, track_running_stats=True)
      (avgpool): AdaptiveAvgPool2d(output_size=1)
      (head): Linear(in_features=768, out_features=101, bias=True)
    )
    (1): StackMSA(
      (levels): ModuleList(
        (0): MultiScaleAttentionLayer(
          (blocks): ModuleList(
            (0): MultiScaleAttentionBlock(
              (proj_drop): Dropout(p=0.0, inplace=False)
              (blocks): ModuleList(
                (0): CrossWindowBlock(
                  (norm1_q): LayerNorm((768,), eps=1e-05, elementwise_affine=True)
                  (norm1_kv): LayerNorm((768,), eps=1e-05, elementwise_affine=True)
                  (attn): CrossWindowAttention(
                    (q): Linear(in_features=768, out_features=768, bias=True)
                    (kv): Linear(in_features=768, out_features=1536, bias=True)
                    (proj): Linear(in_features=768, out_features=768, bias=True)
                    (proj_drop): Dropout(p=0.0, inplace=False)
                  )
                  (norm2): LayerNorm((768,), eps=1e-05, elementwise_affine=True)
                  (mlp): Mlp(
                    (fc1): Linear(in_features=768, out_features=3072, bias=True)
                    (act): GELU(approximate='none')
                    (drop1): Dropout(p=0.0, inplace=False)
                    (norm): Identity()
                    (fc2): Linear(in_features=3072, out_features=768, bias=True)
                    (drop2): Dropout(p=0.0, inplace=False)
                  )
                  (drop_path): Identity()
                )
              )
              (posemb): ModuleList(
                (0): RelativePositionEmbed(
                  (projector): Sequential(
                    (0): Linear(in_features=2, out_features=512, bias=True)
                    (1): ReLU()
                    (2): Linear(in_features=512, out_features=768, bias=False)
                  )
                )
              )
            )
            (1): MultiScaleAttentionBlock(
              (proj_drop): Dropout(p=0.0, inplace=False)
              (blocks): ModuleList(
                (0): CrossWindowBlock(
                  (norm1_q): LayerNorm((768,), eps=1e-05, elementwise_affine=True)
                  (norm1_kv): LayerNorm((768,), eps=1e-05, elementwise_affine=True)
                  (attn): CrossWindowAttention(
                    (q): Linear(in_features=768, out_features=768, bias=True)
                    (kv): Linear(in_features=768, out_features=1536, bias=True)
                    (proj): Linear(in_features=768, out_features=768, bias=True)
                    (proj_drop): Dropout(p=0.0, inplace=False)
                  )
                  (norm2): LayerNorm((768,), eps=1e-05, elementwise_affine=True)
                  (mlp): Mlp(
                    (fc1): Linear(in_features=768, out_features=3072, bias=True)
                    (act): GELU(approximate='none')
                    (drop1): Dropout(p=0.0, inplace=False)
                    (norm): Identity()
                    (fc2): Linear(in_features=3072, out_features=768, bias=True)
                    (drop2): Dropout(p=0.0, inplace=False)
                  )
                  (drop_path): DropPath(drop_prob=0.011)
                )
              )
              (posemb): ModuleList(
                (0): RelativePositionEmbed(
                  (projector): Sequential(
                    (0): Linear(in_features=2, out_features=512, bias=True)
                    (1): ReLU()
                    (2): Linear(in_features=512, out_features=768, bias=False)
                  )
                )
              )
            )
            (2): MultiScaleAttentionBlock(
              (proj_drop): Dropout(p=0.0, inplace=False)
              (blocks): ModuleList(
                (0): CrossWindowBlock(
                  (norm1_q): LayerNorm((768,), eps=1e-05, elementwise_affine=True)
                  (norm1_kv): LayerNorm((768,), eps=1e-05, elementwise_affine=True)
                  (attn): CrossWindowAttention(
                    (q): Linear(in_features=768, out_features=768, bias=True)
                    (kv): Linear(in_features=768, out_features=1536, bias=True)
                    (proj): Linear(in_features=768, out_features=768, bias=True)
                    (proj_drop): Dropout(p=0.0, inplace=False)
                  )
                  (norm2): LayerNorm((768,), eps=1e-05, elementwise_affine=True)
                  (mlp): Mlp(
                    (fc1): Linear(in_features=768, out_features=3072, bias=True)
                    (act): GELU(approximate='none')
                    (drop1): Dropout(p=0.0, inplace=False)
                    (norm): Identity()
                    (fc2): Linear(in_features=3072, out_features=768, bias=True)
                    (drop2): Dropout(p=0.0, inplace=False)
                  )
                  (drop_path): DropPath(drop_prob=0.022)
                )
              )
              (posemb): ModuleList(
                (0): RelativePositionEmbed(
                  (projector): Sequential(
                    (0): Linear(in_features=2, out_features=512, bias=True)
                    (1): ReLU()
                    (2): Linear(in_features=512, out_features=768, bias=False)
                  )
                )
              )
            )
            (3): MultiScaleAttentionBlock(
              (proj_drop): Dropout(p=0.0, inplace=False)
              (blocks): ModuleList(
                (0): CrossWindowBlock(
                  (norm1_q): LayerNorm((768,), eps=1e-05, elementwise_affine=True)
                  (norm1_kv): LayerNorm((768,), eps=1e-05, elementwise_affine=True)
                  (attn): CrossWindowAttention(
                    (q): Linear(in_features=768, out_features=768, bias=True)
                    (kv): Linear(in_features=768, out_features=1536, bias=True)
                    (proj): Linear(in_features=768, out_features=768, bias=True)
                    (proj_drop): Dropout(p=0.0, inplace=False)
                  )
                  (norm2): LayerNorm((768,), eps=1e-05, elementwise_affine=True)
                  (mlp): Mlp(
                    (fc1): Linear(in_features=768, out_features=3072, bias=True)
                    (act): GELU(approximate='none')
                    (drop1): Dropout(p=0.0, inplace=False)
                    (norm): Identity()
                    (fc2): Linear(in_features=3072, out_features=768, bias=True)
                    (drop2): Dropout(p=0.0, inplace=False)
                  )
                  (drop_path): DropPath(drop_prob=0.033)
                )
              )
              (posemb): ModuleList(
                (0): RelativePositionEmbed(
                  (projector): Sequential(
                    (0): Linear(in_features=2, out_features=512, bias=True)
                    (1): ReLU()
                    (2): Linear(in_features=512, out_features=768, bias=False)
                  )
                )
              )
            )
            (4): MultiScaleAttentionBlock(
              (proj_drop): Dropout(p=0.0, inplace=False)
              (blocks): ModuleList(
                (0): CrossWindowBlock(
                  (norm1_q): LayerNorm((768,), eps=1e-05, elementwise_affine=True)
                  (norm1_kv): LayerNorm((768,), eps=1e-05, elementwise_affine=True)
                  (attn): CrossWindowAttention(
                    (q): Linear(in_features=768, out_features=768, bias=True)
                    (kv): Linear(in_features=768, out_features=1536, bias=True)
                    (proj): Linear(in_features=768, out_features=768, bias=True)
                    (proj_drop): Dropout(p=0.0, inplace=False)
                  )
                  (norm2): LayerNorm((768,), eps=1e-05, elementwise_affine=True)
                  (mlp): Mlp(
                    (fc1): Linear(in_features=768, out_features=3072, bias=True)
                    (act): GELU(approximate='none')
                    (drop1): Dropout(p=0.0, inplace=False)
                    (norm): Identity()
                    (fc2): Linear(in_features=3072, out_features=768, bias=True)
                    (drop2): Dropout(p=0.0, inplace=False)
                  )
                  (drop_path): DropPath(drop_prob=0.044)
                )
              )
              (posemb): ModuleList(
                (0): RelativePositionEmbed(
                  (projector): Sequential(
                    (0): Linear(in_features=2, out_features=512, bias=True)
                    (1): ReLU()
                    (2): Linear(in_features=512, out_features=768, bias=False)
                  )
                )
              )
            )
            (5): MultiScaleAttentionBlock(
              (proj_drop): Dropout(p=0.0, inplace=False)
              (blocks): ModuleList(
                (0): CrossWindowBlock(
                  (norm1_q): LayerNorm((768,), eps=1e-05, elementwise_affine=True)
                  (norm1_kv): LayerNorm((768,), eps=1e-05, elementwise_affine=True)
                  (attn): CrossWindowAttention(
                    (q): Linear(in_features=768, out_features=768, bias=True)
                    (kv): Linear(in_features=768, out_features=1536, bias=True)
                    (proj): Linear(in_features=768, out_features=768, bias=True)
                    (proj_drop): Dropout(p=0.0, inplace=False)
                  )
                  (norm2): LayerNorm((768,), eps=1e-05, elementwise_affine=True)
                  (mlp): Mlp(
                    (fc1): Linear(in_features=768, out_features=3072, bias=True)
                    (act): GELU(approximate='none')
                    (drop1): Dropout(p=0.0, inplace=False)
                    (norm): Identity()
                    (fc2): Linear(in_features=3072, out_features=768, bias=True)
                    (drop2): Dropout(p=0.0, inplace=False)
                  )
                  (drop_path): DropPath(drop_prob=0.056)
                )
              )
              (posemb): ModuleList(
                (0): RelativePositionEmbed(
                  (projector): Sequential(
                    (0): Linear(in_features=2, out_features=512, bias=True)
                    (1): ReLU()
                    (2): Linear(in_features=512, out_features=768, bias=False)
                  )
                )
              )
            )
            (6): MultiScaleAttentionBlock(
              (proj_drop): Dropout(p=0.0, inplace=False)
              (blocks): ModuleList(
                (0): CrossWindowBlock(
                  (norm1_q): LayerNorm((768,), eps=1e-05, elementwise_affine=True)
                  (norm1_kv): LayerNorm((768,), eps=1e-05, elementwise_affine=True)
                  (attn): CrossWindowAttention(
                    (q): Linear(in_features=768, out_features=768, bias=True)
                    (kv): Linear(in_features=768, out_features=1536, bias=True)
                    (proj): Linear(in_features=768, out_features=768, bias=True)
                    (proj_drop): Dropout(p=0.0, inplace=False)
                  )
                  (norm2): LayerNorm((768,), eps=1e-05, elementwise_affine=True)
                  (mlp): Mlp(
                    (fc1): Linear(in_features=768, out_features=3072, bias=True)
                    (act): GELU(approximate='none')
                    (drop1): Dropout(p=0.0, inplace=False)
                    (norm): Identity()
                    (fc2): Linear(in_features=3072, out_features=768, bias=True)
                    (drop2): Dropout(p=0.0, inplace=False)
                  )
                  (drop_path): DropPath(drop_prob=0.067)
                )
              )
              (posemb): ModuleList(
                (0): RelativePositionEmbed(
                  (projector): Sequential(
                    (0): Linear(in_features=2, out_features=512, bias=True)
                    (1): ReLU()
                    (2): Linear(in_features=512, out_features=768, bias=False)
                  )
                )
              )
            )
            (7): MultiScaleAttentionBlock(
              (proj_drop): Dropout(p=0.0, inplace=False)
              (blocks): ModuleList(
                (0): CrossWindowBlock(
                  (norm1_q): LayerNorm((768,), eps=1e-05, elementwise_affine=True)
                  (norm1_kv): LayerNorm((768,), eps=1e-05, elementwise_affine=True)
                  (attn): CrossWindowAttention(
                    (q): Linear(in_features=768, out_features=768, bias=True)
                    (kv): Linear(in_features=768, out_features=1536, bias=True)
                    (proj): Linear(in_features=768, out_features=768, bias=True)
                    (proj_drop): Dropout(p=0.0, inplace=False)
                  )
                  (norm2): LayerNorm((768,), eps=1e-05, elementwise_affine=True)
                  (mlp): Mlp(
                    (fc1): Linear(in_features=768, out_features=3072, bias=True)
                    (act): GELU(approximate='none')
                    (drop1): Dropout(p=0.0, inplace=False)
                    (norm): Identity()
                    (fc2): Linear(in_features=3072, out_features=768, bias=True)
                    (drop2): Dropout(p=0.0, inplace=False)
                  )
                  (drop_path): DropPath(drop_prob=0.078)
                )
              )
              (posemb): ModuleList(
                (0): RelativePositionEmbed(
                  (projector): Sequential(
                    (0): Linear(in_features=2, out_features=512, bias=True)
                    (1): ReLU()
                    (2): Linear(in_features=512, out_features=768, bias=False)
                  )
                )
              )
            )
            (8): MultiScaleAttentionBlock(
              (proj_drop): Dropout(p=0.0, inplace=False)
              (blocks): ModuleList(
                (0): CrossWindowBlock(
                  (norm1_q): LayerNorm((768,), eps=1e-05, elementwise_affine=True)
                  (norm1_kv): LayerNorm((768,), eps=1e-05, elementwise_affine=True)
                  (attn): CrossWindowAttention(
                    (q): Linear(in_features=768, out_features=768, bias=True)
                    (kv): Linear(in_features=768, out_features=1536, bias=True)
                    (proj): Linear(in_features=768, out_features=768, bias=True)
                    (proj_drop): Dropout(p=0.0, inplace=False)
                  )
                  (norm2): LayerNorm((768,), eps=1e-05, elementwise_affine=True)
                  (mlp): Mlp(
                    (fc1): Linear(in_features=768, out_features=3072, bias=True)
                    (act): GELU(approximate='none')
                    (drop1): Dropout(p=0.0, inplace=False)
                    (norm): Identity()
                    (fc2): Linear(in_features=3072, out_features=768, bias=True)
                    (drop2): Dropout(p=0.0, inplace=False)
                  )
                  (drop_path): DropPath(drop_prob=0.089)
                )
              )
              (posemb): ModuleList(
                (0): RelativePositionEmbed(
                  (projector): Sequential(
                    (0): Linear(in_features=2, out_features=512, bias=True)
                    (1): ReLU()
                    (2): Linear(in_features=512, out_features=768, bias=False)
                  )
                )
              )
            )
            (9): MultiScaleAttentionBlock(
              (proj_drop): Dropout(p=0.0, inplace=False)
              (blocks): ModuleList(
                (0): CrossWindowBlock(
                  (norm1_q): LayerNorm((768,), eps=1e-05, elementwise_affine=True)
                  (norm1_kv): LayerNorm((768,), eps=1e-05, elementwise_affine=True)
                  (attn): CrossWindowAttention(
                    (q): Linear(in_features=768, out_features=768, bias=True)
                    (kv): Linear(in_features=768, out_features=1536, bias=True)
                    (proj): Linear(in_features=768, out_features=768, bias=True)
                    (proj_drop): Dropout(p=0.0, inplace=False)
                  )
                  (norm2): LayerNorm((768,), eps=1e-05, elementwise_affine=True)
                  (mlp): Mlp(
                    (fc1): Linear(in_features=768, out_features=3072, bias=True)
                    (act): GELU(approximate='none')
                    (drop1): Dropout(p=0.0, inplace=False)
                    (norm): Identity()
                    (fc2): Linear(in_features=3072, out_features=768, bias=True)
                    (drop2): Dropout(p=0.0, inplace=False)
                  )
                  (drop_path): DropPath(drop_prob=0.100)
                )
              )
              (posemb): ModuleList(
                (0): RelativePositionEmbed(
                  (projector): Sequential(
                    (0): Linear(in_features=2, out_features=512, bias=True)
                    (1): ReLU()
                    (2): Linear(in_features=512, out_features=768, bias=False)
                  )
                )
              )
            )
          )
        )
      )
      (norm): BatchNorm2d(768, eps=1e-05, momentum=0.1, affine=True, track_running_stats=True)
      (avgpool): AdaptiveAvgPool2d(output_size=1)
      (head): Linear(in_features=768, out_features=101, bias=True)
    )
  )
  (readout_norm): LayerNorm((768,), eps=1e-05, elementwise_affine=True)
  (fc_norm): LayerNorm((768,), eps=1e-05, elementwise_affine=True)
  (fc): Linear(in_features=768, out_features=101, bias=True)
)
2026-05-01 00:31:05,553 - Trainable params: 75,001,546 / 108,165,743 (69.34%)
2026-05-01 00:31:05,553 - [TRAINABLE] atlas_models.1.levels.0.blocks.0.blocks.0.norm1_q.weight
2026-05-01 00:31:05,553 - [TRAINABLE] atlas_models.1.levels.0.blocks.0.blocks.0.norm1_q.bias
2026-05-01 00:31:05,553 - [TRAINABLE] atlas_models.1.levels.0.blocks.0.blocks.0.norm1_kv.weight
2026-05-01 00:31:05,553 - [TRAINABLE] atlas_models.1.levels.0.blocks.0.blocks.0.norm1_kv.bias
2026-05-01 00:31:05,553 - [TRAINABLE] atlas_models.1.levels.0.blocks.0.blocks.0.attn.q.weight
2026-05-01 00:31:05,553 - [TRAINABLE] atlas_models.1.levels.0.blocks.0.blocks.0.attn.q.bias
2026-05-01 00:31:05,553 - [TRAINABLE] atlas_models.1.levels.0.blocks.0.blocks.0.attn.kv.weight
2026-05-01 00:31:05,553 - [TRAINABLE] atlas_models.1.levels.0.blocks.0.blocks.0.attn.kv.bias
2026-05-01 00:31:05,553 - [TRAINABLE] atlas_models.1.levels.0.blocks.0.blocks.0.attn.proj.weight
2026-05-01 00:31:05,553 - [TRAINABLE] atlas_models.1.levels.0.blocks.0.blocks.0.attn.proj.bias
2026-05-01 00:31:05,553 - [TRAINABLE] atlas_models.1.levels.0.blocks.0.blocks.0.norm2.weight
2026-05-01 00:31:05,553 - [TRAINABLE] atlas_models.1.levels.0.blocks.0.blocks.0.norm2.bias
2026-05-01 00:31:05,553 - [TRAINABLE] atlas_models.1.levels.0.blocks.0.blocks.0.mlp.fc1.weight
2026-05-01 00:31:05,553 - [TRAINABLE] atlas_models.1.levels.0.blocks.0.blocks.0.mlp.fc1.bias
2026-05-01 00:31:05,553 - [TRAINABLE] atlas_models.1.levels.0.blocks.0.blocks.0.mlp.fc2.weight
2026-05-01 00:31:05,553 - [TRAINABLE] atlas_models.1.levels.0.blocks.0.blocks.0.mlp.fc2.bias
2026-05-01 00:31:05,553 - [TRAINABLE] atlas_models.1.levels.0.blocks.0.posemb.0.projector.0.weight
2026-05-01 00:31:05,553 - [TRAINABLE] atlas_models.1.levels.0.blocks.0.posemb.0.projector.0.bias
2026-05-01 00:31:05,553 - [TRAINABLE] atlas_models.1.levels.0.blocks.0.posemb.0.projector.2.weight
2026-05-01 00:31:05,553 - [TRAINABLE] atlas_models.1.levels.0.blocks.1.blocks.0.norm1_q.weight
2026-05-01 00:31:05,553 - [TRAINABLE] atlas_models.1.levels.0.blocks.1.blocks.0.norm1_q.bias
2026-05-01 00:31:05,553 - [TRAINABLE] atlas_models.1.levels.0.blocks.1.blocks.0.norm1_kv.weight
2026-05-01 00:31:05,553 - [TRAINABLE] atlas_models.1.levels.0.blocks.1.blocks.0.norm1_kv.bias
2026-05-01 00:31:05,553 - [TRAINABLE] atlas_models.1.levels.0.blocks.1.blocks.0.attn.q.weight
2026-05-01 00:31:05,553 - [TRAINABLE] atlas_models.1.levels.0.blocks.1.blocks.0.attn.q.bias
2026-05-01 00:31:05,553 - [TRAINABLE] atlas_models.1.levels.0.blocks.1.blocks.0.attn.kv.weight
2026-05-01 00:31:05,553 - [TRAINABLE] atlas_models.1.levels.0.blocks.1.blocks.0.attn.kv.bias
2026-05-01 00:31:05,553 - [TRAINABLE] atlas_models.1.levels.0.blocks.1.blocks.0.attn.proj.weight
2026-05-01 00:31:05,553 - [TRAINABLE] atlas_models.1.levels.0.blocks.1.blocks.0.attn.proj.bias
2026-05-01 00:31:05,553 - [TRAINABLE] atlas_models.1.levels.0.blocks.1.blocks.0.norm2.weight
2026-05-01 00:31:05,553 - [TRAINABLE] atlas_models.1.levels.0.blocks.1.blocks.0.norm2.bias
2026-05-01 00:31:05,553 - [TRAINABLE] atlas_models.1.levels.0.blocks.1.blocks.0.mlp.fc1.weight
2026-05-01 00:31:05,553 - [TRAINABLE] atlas_models.1.levels.0.blocks.1.blocks.0.mlp.fc1.bias
2026-05-01 00:31:05,553 - [TRAINABLE] atlas_models.1.levels.0.blocks.1.blocks.0.mlp.fc2.weight
2026-05-01 00:31:05,553 - [TRAINABLE] atlas_models.1.levels.0.blocks.1.blocks.0.mlp.fc2.bias
2026-05-01 00:31:05,553 - [TRAINABLE] atlas_models.1.levels.0.blocks.1.posemb.0.projector.0.weight
2026-05-01 00:31:05,553 - [TRAINABLE] atlas_models.1.levels.0.blocks.1.posemb.0.projector.0.bias
2026-05-01 00:31:05,553 - [TRAINABLE] atlas_models.1.levels.0.blocks.1.posemb.0.projector.2.weight
2026-05-01 00:31:05,553 - [TRAINABLE] atlas_models.1.levels.0.blocks.2.blocks.0.norm1_q.weight
2026-05-01 00:31:05,553 - [TRAINABLE] atlas_models.1.levels.0.blocks.2.blocks.0.norm1_q.bias
2026-05-01 00:31:05,553 - [TRAINABLE] atlas_models.1.levels.0.blocks.2.blocks.0.norm1_kv.weight
2026-05-01 00:31:05,553 - [TRAINABLE] atlas_models.1.levels.0.blocks.2.blocks.0.norm1_kv.bias
2026-05-01 00:31:05,553 - [TRAINABLE] atlas_models.1.levels.0.blocks.2.blocks.0.attn.q.weight
2026-05-01 00:31:05,553 - [TRAINABLE] atlas_models.1.levels.0.blocks.2.blocks.0.attn.q.bias
2026-05-01 00:31:05,553 - [TRAINABLE] atlas_models.1.levels.0.blocks.2.blocks.0.attn.kv.weight
2026-05-01 00:31:05,553 - [TRAINABLE] atlas_models.1.levels.0.blocks.2.blocks.0.attn.kv.bias
2026-05-01 00:31:05,553 - [TRAINABLE] atlas_models.1.levels.0.blocks.2.blocks.0.attn.proj.weight
2026-05-01 00:31:05,553 - [TRAINABLE] atlas_models.1.levels.0.blocks.2.blocks.0.attn.proj.bias
2026-05-01 00:31:05,553 - [TRAINABLE] atlas_models.1.levels.0.blocks.2.blocks.0.norm2.weight
2026-05-01 00:31:05,553 - [TRAINABLE] atlas_models.1.levels.0.blocks.2.blocks.0.norm2.bias
2026-05-01 00:31:05,553 - [TRAINABLE] atlas_models.1.levels.0.blocks.2.blocks.0.mlp.fc1.weight
2026-05-01 00:31:05,553 - [TRAINABLE] atlas_models.1.levels.0.blocks.2.blocks.0.mlp.fc1.bias
2026-05-01 00:31:05,553 - [TRAINABLE] atlas_models.1.levels.0.blocks.2.blocks.0.mlp.fc2.weight
2026-05-01 00:31:05,553 - [TRAINABLE] atlas_models.1.levels.0.blocks.2.blocks.0.mlp.fc2.bias
2026-05-01 00:31:05,553 - [TRAINABLE] atlas_models.1.levels.0.blocks.2.posemb.0.projector.0.weight
2026-05-01 00:31:05,553 - [TRAINABLE] atlas_models.1.levels.0.blocks.2.posemb.0.projector.0.bias
2026-05-01 00:31:05,553 - [TRAINABLE] atlas_models.1.levels.0.blocks.2.posemb.0.projector.2.weight
2026-05-01 00:31:05,553 - [TRAINABLE] atlas_models.1.levels.0.blocks.3.blocks.0.norm1_q.weight
2026-05-01 00:31:05,553 - [TRAINABLE] atlas_models.1.levels.0.blocks.3.blocks.0.norm1_q.bias
2026-05-01 00:31:05,553 - [TRAINABLE] atlas_models.1.levels.0.blocks.3.blocks.0.norm1_kv.weight
2026-05-01 00:31:05,553 - [TRAINABLE] atlas_models.1.levels.0.blocks.3.blocks.0.norm1_kv.bias
2026-05-01 00:31:05,553 - [TRAINABLE] atlas_models.1.levels.0.blocks.3.blocks.0.attn.q.weight
2026-05-01 00:31:05,553 - [TRAINABLE] atlas_models.1.levels.0.blocks.3.blocks.0.attn.q.bias
2026-05-01 00:31:05,553 - [TRAINABLE] atlas_models.1.levels.0.blocks.3.blocks.0.attn.kv.weight
2026-05-01 00:31:05,553 - [TRAINABLE] atlas_models.1.levels.0.blocks.3.blocks.0.attn.kv.bias
2026-05-01 00:31:05,553 - [TRAINABLE] atlas_models.1.levels.0.blocks.3.blocks.0.attn.proj.weight
2026-05-01 00:31:05,553 - [TRAINABLE] atlas_models.1.levels.0.blocks.3.blocks.0.attn.proj.bias
2026-05-01 00:31:05,553 - [TRAINABLE] atlas_models.1.levels.0.blocks.3.blocks.0.norm2.weight
2026-05-01 00:31:05,553 - [TRAINABLE] atlas_models.1.levels.0.blocks.3.blocks.0.norm2.bias
2026-05-01 00:31:05,553 - [TRAINABLE] atlas_models.1.levels.0.blocks.3.blocks.0.mlp.fc1.weight
2026-05-01 00:31:05,553 - [TRAINABLE] atlas_models.1.levels.0.blocks.3.blocks.0.mlp.fc1.bias
2026-05-01 00:31:05,553 - [TRAINABLE] atlas_models.1.levels.0.blocks.3.blocks.0.mlp.fc2.weight
2026-05-01 00:31:05,553 - [TRAINABLE] atlas_models.1.levels.0.blocks.3.blocks.0.mlp.fc2.bias
2026-05-01 00:31:05,553 - [TRAINABLE] atlas_models.1.levels.0.blocks.3.posemb.0.projector.0.weight
2026-05-01 00:31:05,553 - [TRAINABLE] atlas_models.1.levels.0.blocks.3.posemb.0.projector.0.bias
2026-05-01 00:31:05,554 - [TRAINABLE] atlas_models.1.levels.0.blocks.3.posemb.0.projector.2.weight
2026-05-01 00:31:05,554 - [TRAINABLE] atlas_models.1.levels.0.blocks.4.blocks.0.norm1_q.weight
2026-05-01 00:31:05,554 - [TRAINABLE] atlas_models.1.levels.0.blocks.4.blocks.0.norm1_q.bias
2026-05-01 00:31:05,554 - [TRAINABLE] atlas_models.1.levels.0.blocks.4.blocks.0.norm1_kv.weight
2026-05-01 00:31:05,554 - [TRAINABLE] atlas_models.1.levels.0.blocks.4.blocks.0.norm1_kv.bias
2026-05-01 00:31:05,554 - [TRAINABLE] atlas_models.1.levels.0.blocks.4.blocks.0.attn.q.weight
2026-05-01 00:31:05,554 - [TRAINABLE] atlas_models.1.levels.0.blocks.4.blocks.0.attn.q.bias
2026-05-01 00:31:05,554 - [TRAINABLE] atlas_models.1.levels.0.blocks.4.blocks.0.attn.kv.weight
2026-05-01 00:31:05,554 - [TRAINABLE] atlas_models.1.levels.0.blocks.4.blocks.0.attn.kv.bias
2026-05-01 00:31:05,554 - [TRAINABLE] atlas_models.1.levels.0.blocks.4.blocks.0.attn.proj.weight
2026-05-01 00:31:05,554 - [TRAINABLE] atlas_models.1.levels.0.blocks.4.blocks.0.attn.proj.bias
2026-05-01 00:31:05,554 - [TRAINABLE] atlas_models.1.levels.0.blocks.4.blocks.0.norm2.weight
2026-05-01 00:31:05,554 - [TRAINABLE] atlas_models.1.levels.0.blocks.4.blocks.0.norm2.bias
2026-05-01 00:31:05,554 - [TRAINABLE] atlas_models.1.levels.0.blocks.4.blocks.0.mlp.fc1.weight
2026-05-01 00:31:05,554 - [TRAINABLE] atlas_models.1.levels.0.blocks.4.blocks.0.mlp.fc1.bias
2026-05-01 00:31:05,554 - [TRAINABLE] atlas_models.1.levels.0.blocks.4.blocks.0.mlp.fc2.weight
2026-05-01 00:31:05,554 - [TRAINABLE] atlas_models.1.levels.0.blocks.4.blocks.0.mlp.fc2.bias
2026-05-01 00:31:05,554 - [TRAINABLE] atlas_models.1.levels.0.blocks.4.posemb.0.projector.0.weight
2026-05-01 00:31:05,554 - [TRAINABLE] atlas_models.1.levels.0.blocks.4.posemb.0.projector.0.bias
2026-05-01 00:31:05,554 - [TRAINABLE] atlas_models.1.levels.0.blocks.4.posemb.0.projector.2.weight
2026-05-01 00:31:05,554 - [TRAINABLE] atlas_models.1.levels.0.blocks.5.blocks.0.norm1_q.weight
2026-05-01 00:31:05,554 - [TRAINABLE] atlas_models.1.levels.0.blocks.5.blocks.0.norm1_q.bias
2026-05-01 00:31:05,554 - [TRAINABLE] atlas_models.1.levels.0.blocks.5.blocks.0.norm1_kv.weight
2026-05-01 00:31:05,554 - [TRAINABLE] atlas_models.1.levels.0.blocks.5.blocks.0.norm1_kv.bias
2026-05-01 00:31:05,554 - [TRAINABLE] atlas_models.1.levels.0.blocks.5.blocks.0.attn.q.weight
2026-05-01 00:31:05,554 - [TRAINABLE] atlas_models.1.levels.0.blocks.5.blocks.0.attn.q.bias
2026-05-01 00:31:05,554 - [TRAINABLE] atlas_models.1.levels.0.blocks.5.blocks.0.attn.kv.weight
2026-05-01 00:31:05,554 - [TRAINABLE] atlas_models.1.levels.0.blocks.5.blocks.0.attn.kv.bias
2026-05-01 00:31:05,554 - [TRAINABLE] atlas_models.1.levels.0.blocks.5.blocks.0.attn.proj.weight
2026-05-01 00:31:05,554 - [TRAINABLE] atlas_models.1.levels.0.blocks.5.blocks.0.attn.proj.bias
2026-05-01 00:31:05,554 - [TRAINABLE] atlas_models.1.levels.0.blocks.5.blocks.0.norm2.weight
2026-05-01 00:31:05,554 - [TRAINABLE] atlas_models.1.levels.0.blocks.5.blocks.0.norm2.bias
2026-05-01 00:31:05,554 - [TRAINABLE] atlas_models.1.levels.0.blocks.5.blocks.0.mlp.fc1.weight
2026-05-01 00:31:05,554 - [TRAINABLE] atlas_models.1.levels.0.blocks.5.blocks.0.mlp.fc1.bias
2026-05-01 00:31:05,554 - [TRAINABLE] atlas_models.1.levels.0.blocks.5.blocks.0.mlp.fc2.weight
2026-05-01 00:31:05,554 - [TRAINABLE] atlas_models.1.levels.0.blocks.5.blocks.0.mlp.fc2.bias
2026-05-01 00:31:05,554 - [TRAINABLE] atlas_models.1.levels.0.blocks.5.posemb.0.projector.0.weight
2026-05-01 00:31:05,554 - [TRAINABLE] atlas_models.1.levels.0.blocks.5.posemb.0.projector.0.bias
2026-05-01 00:31:05,554 - [TRAINABLE] atlas_models.1.levels.0.blocks.5.posemb.0.projector.2.weight
2026-05-01 00:31:05,554 - [TRAINABLE] atlas_models.1.levels.0.blocks.6.blocks.0.norm1_q.weight
2026-05-01 00:31:05,554 - [TRAINABLE] atlas_models.1.levels.0.blocks.6.blocks.0.norm1_q.bias
2026-05-01 00:31:05,554 - [TRAINABLE] atlas_models.1.levels.0.blocks.6.blocks.0.norm1_kv.weight
2026-05-01 00:31:05,554 - [TRAINABLE] atlas_models.1.levels.0.blocks.6.blocks.0.norm1_kv.bias
2026-05-01 00:31:05,554 - [TRAINABLE] atlas_models.1.levels.0.blocks.6.blocks.0.attn.q.weight
2026-05-01 00:31:05,554 - [TRAINABLE] atlas_models.1.levels.0.blocks.6.blocks.0.attn.q.bias
2026-05-01 00:31:05,554 - [TRAINABLE] atlas_models.1.levels.0.blocks.6.blocks.0.attn.kv.weight
2026-05-01 00:31:05,554 - [TRAINABLE] atlas_models.1.levels.0.blocks.6.blocks.0.attn.kv.bias
2026-05-01 00:31:05,554 - [TRAINABLE] atlas_models.1.levels.0.blocks.6.blocks.0.attn.proj.weight
2026-05-01 00:31:05,554 - [TRAINABLE] atlas_models.1.levels.0.blocks.6.blocks.0.attn.proj.bias
2026-05-01 00:31:05,554 - [TRAINABLE] atlas_models.1.levels.0.blocks.6.blocks.0.norm2.weight
2026-05-01 00:31:05,554 - [TRAINABLE] atlas_models.1.levels.0.blocks.6.blocks.0.norm2.bias
2026-05-01 00:31:05,554 - [TRAINABLE] atlas_models.1.levels.0.blocks.6.blocks.0.mlp.fc1.weight
2026-05-01 00:31:05,554 - [TRAINABLE] atlas_models.1.levels.0.blocks.6.blocks.0.mlp.fc1.bias
2026-05-01 00:31:05,554 - [TRAINABLE] atlas_models.1.levels.0.blocks.6.blocks.0.mlp.fc2.weight
2026-05-01 00:31:05,554 - [TRAINABLE] atlas_models.1.levels.0.blocks.6.blocks.0.mlp.fc2.bias
2026-05-01 00:31:05,554 - [TRAINABLE] atlas_models.1.levels.0.blocks.6.posemb.0.projector.0.weight
2026-05-01 00:31:05,554 - [TRAINABLE] atlas_models.1.levels.0.blocks.6.posemb.0.projector.0.bias
2026-05-01 00:31:05,554 - [TRAINABLE] atlas_models.1.levels.0.blocks.6.posemb.0.projector.2.weight
2026-05-01 00:31:05,554 - [TRAINABLE] atlas_models.1.levels.0.blocks.7.blocks.0.norm1_q.weight
2026-05-01 00:31:05,554 - [TRAINABLE] atlas_models.1.levels.0.blocks.7.blocks.0.norm1_q.bias
2026-05-01 00:31:05,554 - [TRAINABLE] atlas_models.1.levels.0.blocks.7.blocks.0.norm1_kv.weight
2026-05-01 00:31:05,554 - [TRAINABLE] atlas_models.1.levels.0.blocks.7.blocks.0.norm1_kv.bias
2026-05-01 00:31:05,554 - [TRAINABLE] atlas_models.1.levels.0.blocks.7.blocks.0.attn.q.weight
2026-05-01 00:31:05,554 - [TRAINABLE] atlas_models.1.levels.0.blocks.7.blocks.0.attn.q.bias
2026-05-01 00:31:05,554 - [TRAINABLE] atlas_models.1.levels.0.blocks.7.blocks.0.attn.kv.weight
2026-05-01 00:31:05,554 - [TRAINABLE] atlas_models.1.levels.0.blocks.7.blocks.0.attn.kv.bias
2026-05-01 00:31:05,554 - [TRAINABLE] atlas_models.1.levels.0.blocks.7.blocks.0.attn.proj.weight
2026-05-01 00:31:05,554 - [TRAINABLE] atlas_models.1.levels.0.blocks.7.blocks.0.attn.proj.bias
2026-05-01 00:31:05,554 - [TRAINABLE] atlas_models.1.levels.0.blocks.7.blocks.0.norm2.weight
2026-05-01 00:31:05,554 - [TRAINABLE] atlas_models.1.levels.0.blocks.7.blocks.0.norm2.bias
2026-05-01 00:31:05,554 - [TRAINABLE] atlas_models.1.levels.0.blocks.7.blocks.0.mlp.fc1.weight
2026-05-01 00:31:05,554 - [TRAINABLE] atlas_models.1.levels.0.blocks.7.blocks.0.mlp.fc1.bias
2026-05-01 00:31:05,554 - [TRAINABLE] atlas_models.1.levels.0.blocks.7.blocks.0.mlp.fc2.weight
2026-05-01 00:31:05,554 - [TRAINABLE] atlas_models.1.levels.0.blocks.7.blocks.0.mlp.fc2.bias
2026-05-01 00:31:05,554 - [TRAINABLE] atlas_models.1.levels.0.blocks.7.posemb.0.projector.0.weight
2026-05-01 00:31:05,554 - [TRAINABLE] atlas_models.1.levels.0.blocks.7.posemb.0.projector.0.bias
2026-05-01 00:31:05,554 - [TRAINABLE] atlas_models.1.levels.0.blocks.7.posemb.0.projector.2.weight
2026-05-01 00:31:05,554 - [TRAINABLE] atlas_models.1.levels.0.blocks.8.blocks.0.norm1_q.weight
2026-05-01 00:31:05,554 - [TRAINABLE] atlas_models.1.levels.0.blocks.8.blocks.0.norm1_q.bias
2026-05-01 00:31:05,554 - [TRAINABLE] atlas_models.1.levels.0.blocks.8.blocks.0.norm1_kv.weight
2026-05-01 00:31:05,554 - [TRAINABLE] atlas_models.1.levels.0.blocks.8.blocks.0.norm1_kv.bias
2026-05-01 00:31:05,554 - [TRAINABLE] atlas_models.1.levels.0.blocks.8.blocks.0.attn.q.weight
2026-05-01 00:31:05,554 - [TRAINABLE] atlas_models.1.levels.0.blocks.8.blocks.0.attn.q.bias
2026-05-01 00:31:05,554 - [TRAINABLE] atlas_models.1.levels.0.blocks.8.blocks.0.attn.kv.weight
2026-05-01 00:31:05,554 - [TRAINABLE] atlas_models.1.levels.0.blocks.8.blocks.0.attn.kv.bias
2026-05-01 00:31:05,554 - [TRAINABLE] atlas_models.1.levels.0.blocks.8.blocks.0.attn.proj.weight
2026-05-01 00:31:05,554 - [TRAINABLE] atlas_models.1.levels.0.blocks.8.blocks.0.attn.proj.bias
2026-05-01 00:31:05,554 - [TRAINABLE] atlas_models.1.levels.0.blocks.8.blocks.0.norm2.weight
2026-05-01 00:31:05,554 - [TRAINABLE] atlas_models.1.levels.0.blocks.8.blocks.0.norm2.bias
2026-05-01 00:31:05,554 - [TRAINABLE] atlas_models.1.levels.0.blocks.8.blocks.0.mlp.fc1.weight
2026-05-01 00:31:05,554 - [TRAINABLE] atlas_models.1.levels.0.blocks.8.blocks.0.mlp.fc1.bias
2026-05-01 00:31:05,554 - [TRAINABLE] atlas_models.1.levels.0.blocks.8.blocks.0.mlp.fc2.weight
2026-05-01 00:31:05,554 - [TRAINABLE] atlas_models.1.levels.0.blocks.8.blocks.0.mlp.fc2.bias
2026-05-01 00:31:05,554 - [TRAINABLE] atlas_models.1.levels.0.blocks.8.posemb.0.projector.0.weight
2026-05-01 00:31:05,554 - [TRAINABLE] atlas_models.1.levels.0.blocks.8.posemb.0.projector.0.bias
2026-05-01 00:31:05,555 - [TRAINABLE] atlas_models.1.levels.0.blocks.8.posemb.0.projector.2.weight
2026-05-01 00:31:05,555 - [TRAINABLE] atlas_models.1.levels.0.blocks.9.blocks.0.norm1_q.weight
2026-05-01 00:31:05,555 - [TRAINABLE] atlas_models.1.levels.0.blocks.9.blocks.0.norm1_q.bias
2026-05-01 00:31:05,555 - [TRAINABLE] atlas_models.1.levels.0.blocks.9.blocks.0.norm1_kv.weight
2026-05-01 00:31:05,555 - [TRAINABLE] atlas_models.1.levels.0.blocks.9.blocks.0.norm1_kv.bias
2026-05-01 00:31:05,555 - [TRAINABLE] atlas_models.1.levels.0.blocks.9.blocks.0.attn.q.weight
2026-05-01 00:31:05,555 - [TRAINABLE] atlas_models.1.levels.0.blocks.9.blocks.0.attn.q.bias
2026-05-01 00:31:05,555 - [TRAINABLE] atlas_models.1.levels.0.blocks.9.blocks.0.attn.kv.weight
2026-05-01 00:31:05,555 - [TRAINABLE] atlas_models.1.levels.0.blocks.9.blocks.0.attn.kv.bias
2026-05-01 00:31:05,555 - [TRAINABLE] atlas_models.1.levels.0.blocks.9.blocks.0.attn.proj.weight
2026-05-01 00:31:05,555 - [TRAINABLE] atlas_models.1.levels.0.blocks.9.blocks.0.attn.proj.bias
2026-05-01 00:31:05,555 - [TRAINABLE] atlas_models.1.levels.0.blocks.9.blocks.0.norm2.weight
2026-05-01 00:31:05,555 - [TRAINABLE] atlas_models.1.levels.0.blocks.9.blocks.0.norm2.bias
2026-05-01 00:31:05,555 - [TRAINABLE] atlas_models.1.levels.0.blocks.9.blocks.0.mlp.fc1.weight
2026-05-01 00:31:05,555 - [TRAINABLE] atlas_models.1.levels.0.blocks.9.blocks.0.mlp.fc1.bias
2026-05-01 00:31:05,555 - [TRAINABLE] atlas_models.1.levels.0.blocks.9.blocks.0.mlp.fc2.weight
2026-05-01 00:31:05,555 - [TRAINABLE] atlas_models.1.levels.0.blocks.9.blocks.0.mlp.fc2.bias
2026-05-01 00:31:05,555 - [TRAINABLE] atlas_models.1.levels.0.blocks.9.posemb.0.projector.0.weight
2026-05-01 00:31:05,555 - [TRAINABLE] atlas_models.1.levels.0.blocks.9.posemb.0.projector.0.bias
2026-05-01 00:31:05,555 - [TRAINABLE] atlas_models.1.levels.0.blocks.9.posemb.0.projector.2.weight
2026-05-01 00:31:05,555 - [TRAINABLE] atlas_models.1.norm.weight
2026-05-01 00:31:05,555 - [TRAINABLE] atlas_models.1.norm.bias
2026-05-01 00:31:05,555 - [TRAINABLE] atlas_models.1.head.weight
2026-05-01 00:31:05,555 - [TRAINABLE] atlas_models.1.head.bias
2026-05-01 00:31:05,555 - [TRAINABLE] readout_norm.weight
2026-05-01 00:31:05,555 - [TRAINABLE] readout_norm.bias
2026-05-01 00:31:05,555 - [TRAINABLE] fc_norm.weight
2026-05-01 00:31:05,555 - [TRAINABLE] fc_norm.bias
2026-05-01 00:31:05,555 - [TRAINABLE] fc.weight
2026-05-01 00:31:05,555 - [TRAINABLE] fc.bias
2026-05-01 00:31:05,569 - Start training for 30 epochs
Epoch: [0][  1/135]	Time  3.032 ( 3.032)	Data  0.803 ( 0.803)	max lr 0.0000e+00 (0.0000e+00)	min lr 0.0000e+00 (0.0000e+00)	Loss 4.9372e+00 (4.9372e+00)	Max mem (MiB) 833 (833)
2026-05-01 00:31:19,981 - train_accuracy: 0.0000
2026-05-01 00:31:19,981 - train_total: 4320.0000
2026-05-01 00:31:19,981 - train_correct: 0.0000
2026-05-01 00:31:51,251 - val_accuracy: 1.0000
2026-05-01 00:31:51,252 - eval_accuracy: 0.6071
2026-05-01 00:31:51,252 - eval_total: 1736.0000
2026-05-01 00:31:51,252 - eval_correct: 1054.0000
Epoch: [1][  1/135]	Time  0.397 ( 0.397)	Data  0.311 ( 0.311)	max lr 1.6667e-05 (1.6667e-05)	min lr 1.6667e-05 (1.6667e-05)	Loss 2.1416e+00 (2.1416e+00)	Max mem (MiB) 4142 (4142)
2026-05-01 00:32:02,452 - train_accuracy: 0.0000
2026-05-01 00:32:02,452 - train_total: 4320.0000
2026-05-01 00:32:02,452 - train_correct: 0.0000
2026-05-01 00:32:15,662 - val_accuracy: 1.0000
2026-05-01 00:32:15,662 - eval_accuracy: 0.8848
2026-05-01 00:32:15,662 - eval_total: 1736.0000
2026-05-01 00:32:15,662 - eval_correct: 1536.0000
Epoch: [2][  1/135]	Time  0.335 ( 0.335)	Data  0.242 ( 0.242)	max lr 3.3333e-05 (3.3333e-05)	min lr 3.3333e-05 (3.3333e-05)	Loss 8.9711e-01 (8.9711e-01)	Max mem (MiB) 4142 (4142)
2026-05-01 00:32:26,839 - train_accuracy: 0.0000
2026-05-01 00:32:26,839 - train_total: 4320.0000
2026-05-01 00:32:26,839 - train_correct: 0.0000
2026-05-01 00:32:39,181 - val_accuracy: 1.0000
2026-05-01 00:32:39,181 - eval_accuracy: 0.9217
2026-05-01 00:32:39,181 - eval_total: 1736.0000
2026-05-01 00:32:39,181 - eval_correct: 1600.0000
Epoch: [3][  1/135]	Time  0.388 ( 0.388)	Data  0.310 ( 0.310)	max lr 5.0000e-05 (5.0000e-05)	min lr 5.0000e-05 (5.0000e-05)	Loss 8.5901e-01 (8.5901e-01)	Max mem (MiB) 4142 (4142)
2026-05-01 00:32:50,381 - train_accuracy: 0.0000
2026-05-01 00:32:50,381 - train_total: 4320.0000
2026-05-01 00:32:50,381 - train_correct: 0.0000
2026-05-01 00:33:03,683 - val_accuracy: 1.0000
2026-05-01 00:33:03,683 - eval_accuracy: 0.9211
2026-05-01 00:33:03,683 - eval_total: 1736.0000
2026-05-01 00:33:03,683 - eval_correct: 1599.0000
Epoch: [4][  1/135]	Time  0.398 ( 0.398)	Data  0.312 ( 0.312)	max lr 4.9834e-05 (4.9834e-05)	min lr 4.9834e-05 (4.9834e-05)	Loss 8.3109e-01 (8.3109e-01)	Max mem (MiB) 4142 (4142)
2026-05-01 00:33:14,934 - train_accuracy: 0.0000
2026-05-01 00:33:14,935 - train_total: 4320.0000
2026-05-01 00:33:14,935 - train_correct: 0.0000
2026-05-01 00:33:27,122 - val_accuracy: 1.0000
2026-05-01 00:33:27,123 - eval_accuracy: 0.9142
2026-05-01 00:33:27,123 - eval_total: 1736.0000
2026-05-01 00:33:27,123 - eval_correct: 1587.0000
Epoch: [5][  1/135]	Time  0.398 ( 0.398)	Data  0.310 ( 0.310)	max lr 4.9340e-05 (4.9340e-05)	min lr 4.9340e-05 (4.9340e-05)	Loss 6.5809e-01 (6.5809e-01)	Max mem (MiB) 4142 (4142)
2026-05-01 00:33:38,362 - train_accuracy: 0.0000
2026-05-01 00:33:38,362 - train_total: 4320.0000
2026-05-01 00:33:38,362 - train_correct: 0.0000
2026-05-01 00:34:02,161 - val_accuracy: 1.0000
2026-05-01 00:34:02,162 - eval_accuracy: 0.9119
2026-05-01 00:34:02,162 - eval_total: 1736.0000
2026-05-01 00:34:02,162 - eval_correct: 1583.0000
Epoch: [6][  1/135]	Time  0.393 ( 0.393)	Data  0.308 ( 0.308)	max lr 4.8522e-05 (4.8522e-05)	min lr 4.8522e-05 (4.8522e-05)	Loss 8.3838e-01 (8.3838e-01)	Max mem (MiB) 4142 (4142)
2026-05-01 00:34:13,361 - train_accuracy: 0.0000
2026-05-01 00:34:13,361 - train_total: 4320.0000
2026-05-01 00:34:13,362 - train_correct: 0.0000
2026-05-01 00:34:26,588 - val_accuracy: 1.0000
2026-05-01 00:34:26,588 - eval_accuracy: 0.9568
2026-05-01 00:34:26,588 - eval_total: 1736.0000
2026-05-01 00:34:26,588 - eval_correct: 1661.0000
Epoch: [7][  1/135]	Time  0.426 ( 0.426)	Data  0.341 ( 0.341)	max lr 4.7394e-05 (4.7394e-05)	min lr 4.7394e-05 (4.7394e-05)	Loss 7.7017e-01 (7.7017e-01)	Max mem (MiB) 4142 (4142)
2026-05-01 00:34:37,870 - train_accuracy: 0.0000
2026-05-01 00:34:37,870 - train_total: 4320.0000
2026-05-01 00:34:37,870 - train_correct: 0.0000
2026-05-01 00:34:50,018 - val_accuracy: 1.0000
2026-05-01 00:34:50,018 - eval_accuracy: 0.9476
2026-05-01 00:34:50,018 - eval_total: 1736.0000
2026-05-01 00:34:50,018 - eval_correct: 1645.0000
Epoch: [8][  1/135]	Time  0.405 ( 0.405)	Data  0.318 ( 0.318)	max lr 4.5969e-05 (4.5969e-05)	min lr 4.5969e-05 (4.5969e-05)	Loss 7.4602e-01 (7.4602e-01)	Max mem (MiB) 4142 (4142)
2026-05-01 00:35:01,284 - train_accuracy: 0.0000
2026-05-01 00:35:01,284 - train_total: 4320.0000
2026-05-01 00:35:01,284 - train_correct: 0.0000
2026-05-01 00:35:14,622 - val_accuracy: 1.0000
2026-05-01 00:35:14,622 - eval_accuracy: 0.9585
2026-05-01 00:35:14,622 - eval_total: 1736.0000
2026-05-01 00:35:14,622 - eval_correct: 1664.0000
Epoch: [9][  1/135]	Time  0.429 ( 0.429)	Data  0.339 ( 0.339)	max lr 4.4268e-05 (4.4268e-05)	min lr 4.4268e-05 (4.4268e-05)	Loss 4.7382e-01 (4.7382e-01)	Max mem (MiB) 4142 (4142)
2026-05-01 00:35:25,966 - train_accuracy: 0.0000
2026-05-01 00:35:25,966 - train_total: 4320.0000
2026-05-01 00:35:25,966 - train_correct: 0.0000
2026-05-01 00:35:38,144 - val_accuracy: 1.0000
2026-05-01 00:35:38,144 - eval_accuracy: 0.9516
2026-05-01 00:35:38,144 - eval_total: 1736.0000
2026-05-01 00:35:38,144 - eval_correct: 1652.0000
Epoch: [10][  1/135]	Time  0.315 ( 0.315)	Data  0.224 ( 0.224)	max lr 4.2313e-05 (4.2313e-05)	min lr 4.2313e-05 (4.2313e-05)	Loss 5.0820e-01 (5.0820e-01)	Max mem (MiB) 4142 (4142)
2026-05-01 00:35:49,319 - train_accuracy: 0.0000
2026-05-01 00:35:49,319 - train_total: 4320.0000
2026-05-01 00:35:49,319 - train_correct: 0.0000
2026-05-01 00:36:13,804 - val_accuracy: 1.0000
2026-05-01 00:36:13,804 - eval_accuracy: 0.9332
2026-05-01 00:36:13,804 - eval_total: 1736.0000
2026-05-01 00:36:13,804 - eval_correct: 1620.0000
Epoch: [11][  1/135]	Time  0.406 ( 0.406)	Data  0.314 ( 0.314)	max lr 4.0130e-05 (4.0130e-05)	min lr 4.0130e-05 (4.0130e-05)	Loss 8.4128e-01 (8.4128e-01)	Max mem (MiB) 4142 (4142)
2026-05-01 00:36:25,075 - train_accuracy: 0.0000
2026-05-01 00:36:25,075 - train_total: 4320.0000
2026-05-01 00:36:25,075 - train_correct: 0.0000
2026-05-01 00:36:38,606 - val_accuracy: 1.0000
2026-05-01 00:36:38,607 - eval_accuracy: 0.9263
2026-05-01 00:36:38,607 - eval_total: 1736.0000
2026-05-01 00:36:38,607 - eval_correct: 1608.0000
Epoch: [12][  1/135]	Time  0.378 ( 0.378)	Data  0.288 ( 0.288)	max lr 3.7750e-05 (3.7750e-05)	min lr 3.7750e-05 (3.7750e-05)	Loss 1.0033e+00 (1.0033e+00)	Max mem (MiB) 4142 (4142)
2026-05-01 00:36:49,812 - train_accuracy: 0.0000
2026-05-01 00:36:49,812 - train_total: 4320.0000
2026-05-01 00:36:49,812 - train_correct: 0.0000
2026-05-01 00:37:01,970 - val_accuracy: 1.0000
2026-05-01 00:37:01,971 - eval_accuracy: 0.9545
2026-05-01 00:37:01,971 - eval_total: 1736.0000
2026-05-01 00:37:01,971 - eval_correct: 1657.0000
Epoch: [13][  1/135]	Time  0.388 ( 0.388)	Data  0.302 ( 0.302)	max lr 3.5204e-05 (3.5204e-05)	min lr 3.5204e-05 (3.5204e-05)	Loss 5.5517e-01 (5.5517e-01)	Max mem (MiB) 4142 (4142)
2026-05-01 00:37:13,296 - train_accuracy: 0.0000
2026-05-01 00:37:13,296 - train_total: 4320.0000
2026-05-01 00:37:13,296 - train_correct: 0.0000
2026-05-01 00:37:26,648 - val_accuracy: 1.0000
2026-05-01 00:37:26,648 - eval_accuracy: 0.9395
2026-05-01 00:37:26,648 - eval_total: 1736.0000
2026-05-01 00:37:26,648 - eval_correct: 1631.0000
Epoch: [14][  1/135]	Time  0.396 ( 0.396)	Data  0.305 ( 0.305)	max lr 3.2527e-05 (3.2527e-05)	min lr 3.2527e-05 (3.2527e-05)	Loss 5.5577e-01 (5.5577e-01)	Max mem (MiB) 4142 (4142)
2026-05-01 00:37:37,969 - train_accuracy: 0.0000
2026-05-01 00:37:37,970 - train_total: 4320.0000
2026-05-01 00:37:37,970 - train_correct: 0.0000
2026-05-01 00:37:58,411 - val_accuracy: 1.0000
2026-05-01 00:37:58,411 - eval_accuracy: 0.9453
2026-05-01 00:37:58,411 - eval_total: 1736.0000
2026-05-01 00:37:58,411 - eval_correct: 1641.0000
Epoch: [15][  1/135]	Time  0.411 ( 0.411)	Data  0.327 ( 0.327)	max lr 2.9754e-05 (2.9754e-05)	min lr 2.9754e-05 (2.9754e-05)	Loss 5.6625e-01 (5.6625e-01)	Max mem (MiB) 4142 (4142)
2026-05-01 00:38:09,696 - train_accuracy: 0.0000
2026-05-01 00:38:09,696 - train_total: 4320.0000
2026-05-01 00:38:09,696 - train_correct: 0.0000
2026-05-01 00:38:34,129 - val_accuracy: 1.0000
2026-05-01 00:38:34,129 - eval_accuracy: 0.9338
2026-05-01 00:38:34,129 - eval_total: 1736.0000
2026-05-01 00:38:34,129 - eval_correct: 1621.0000
Epoch: [16][  1/135]	Time  0.390 ( 0.390)	Data  0.303 ( 0.303)	max lr 2.6925e-05 (2.6925e-05)	min lr 2.6925e-05 (2.6925e-05)	Loss 6.7054e-01 (6.7054e-01)	Max mem (MiB) 4142 (4142)
2026-05-01 00:38:45,451 - train_accuracy: 0.0000
2026-05-01 00:38:45,451 - train_total: 4320.0000
2026-05-01 00:38:45,451 - train_correct: 0.0000
2026-05-01 00:38:58,768 - val_accuracy: 1.0000
2026-05-01 00:38:58,768 - eval_accuracy: 0.9435
2026-05-01 00:38:58,768 - eval_total: 1736.0000
2026-05-01 00:38:58,768 - eval_correct: 1638.0000
Epoch: [17][  1/135]	Time  0.393 ( 0.393)	Data  0.309 ( 0.309)	max lr 2.4075e-05 (2.4075e-05)	min lr 2.4075e-05 (2.4075e-05)	Loss 7.5648e-01 (7.5648e-01)	Max mem (MiB) 4142 (4142)
2026-05-01 00:39:10,058 - train_accuracy: 0.0000
2026-05-01 00:39:10,059 - train_total: 4320.0000
2026-05-01 00:39:10,059 - train_correct: 0.0000
2026-05-01 00:39:22,410 - val_accuracy: 1.0000
2026-05-01 00:39:22,410 - eval_accuracy: 0.9430
2026-05-01 00:39:22,410 - eval_total: 1736.0000
2026-05-01 00:39:22,410 - eval_correct: 1637.0000
Epoch: [18][  1/135]	Time  0.350 ( 0.350)	Data  0.259 ( 0.259)	max lr 2.1246e-05 (2.1246e-05)	min lr 2.1246e-05 (2.1246e-05)	Loss 5.4302e-01 (5.4302e-01)	Max mem (MiB) 4142 (4142)
2026-05-01 00:39:33,648 - train_accuracy: 0.0000
2026-05-01 00:39:33,649 - train_total: 4320.0000
2026-05-01 00:39:33,649 - train_correct: 0.0000
2026-05-01 00:39:52,516 - val_accuracy: 1.0000
2026-05-01 00:39:52,516 - eval_accuracy: 0.9591
2026-05-01 00:39:52,516 - eval_total: 1736.0000
2026-05-01 00:39:52,516 - eval_correct: 1665.0000
Epoch: [19][  1/135]	Time  0.400 ( 0.400)	Data  0.308 ( 0.308)	max lr 1.8473e-05 (1.8473e-05)	min lr 1.8473e-05 (1.8473e-05)	Loss 1.1698e+00 (1.1698e+00)	Max mem (MiB) 4142 (4142)
2026-05-01 00:40:03,841 - train_accuracy: 0.0000
2026-05-01 00:40:03,842 - train_total: 4320.0000
2026-05-01 00:40:03,842 - train_correct: 0.0000
2026-05-01 00:40:21,502 - val_accuracy: 1.0000
2026-05-01 00:40:21,502 - eval_accuracy: 0.9510
2026-05-01 00:40:21,502 - eval_total: 1736.0000
2026-05-01 00:40:21,502 - eval_correct: 1651.0000
Epoch: [20][  1/135]	Time  0.399 ( 0.399)	Data  0.307 ( 0.307)	max lr 1.5796e-05 (1.5796e-05)	min lr 1.5796e-05 (1.5796e-05)	Loss 5.2581e-01 (5.2581e-01)	Max mem (MiB) 4142 (4142)
2026-05-01 00:40:32,762 - train_accuracy: 0.0000
2026-05-01 00:40:32,762 - train_total: 4320.0000
2026-05-01 00:40:32,762 - train_correct: 0.0000
2026-05-01 00:41:04,484 - val_accuracy: 1.0000
2026-05-01 00:41:04,484 - eval_accuracy: 0.9464
2026-05-01 00:41:04,484 - eval_total: 1736.0000
2026-05-01 00:41:04,484 - eval_correct: 1643.0000
Epoch: [21][  1/135]	Time  0.413 ( 0.413)	Data  0.319 ( 0.319)	max lr 1.3250e-05 (1.3250e-05)	min lr 1.3250e-05 (1.3250e-05)	Loss 4.6651e-01 (4.6651e-01)	Max mem (MiB) 4142 (4142)
2026-05-01 00:41:15,765 - train_accuracy: 0.0000
2026-05-01 00:41:15,765 - train_total: 4320.0000
2026-05-01 00:41:15,765 - train_correct: 0.0000
2026-05-01 00:41:29,243 - val_accuracy: 1.0000
2026-05-01 00:41:29,244 - eval_accuracy: 0.9505
2026-05-01 00:41:29,244 - eval_total: 1736.0000
2026-05-01 00:41:29,244 - eval_correct: 1650.0000
Epoch: [22][  1/135]	Time  0.397 ( 0.397)	Data  0.295 ( 0.295)	max lr 1.0870e-05 (1.0870e-05)	min lr 1.0870e-05 (1.0870e-05)	Loss 9.2246e-01 (9.2246e-01)	Max mem (MiB) 4142 (4142)
2026-05-01 00:41:40,490 - train_accuracy: 0.0000
2026-05-01 00:41:40,490 - train_total: 4320.0000
2026-05-01 00:41:40,490 - train_correct: 0.0000
2026-05-01 00:41:57,627 - val_accuracy: 1.0000
2026-05-01 00:41:57,627 - eval_accuracy: 0.9435
2026-05-01 00:41:57,627 - eval_total: 1736.0000
2026-05-01 00:41:57,627 - eval_correct: 1638.0000
Epoch: [23][  1/135]	Time  0.392 ( 0.392)	Data  0.299 ( 0.299)	max lr 8.6871e-06 (8.6871e-06)	min lr 8.6871e-06 (8.6871e-06)	Loss 4.7925e-01 (4.7925e-01)	Max mem (MiB) 4142 (4142)
2026-05-01 00:42:08,898 - train_accuracy: 0.0000
2026-05-01 00:42:08,898 - train_total: 4320.0000
2026-05-01 00:42:08,898 - train_correct: 0.0000
2026-05-01 00:42:26,998 - val_accuracy: 1.0000
2026-05-01 00:42:26,998 - eval_accuracy: 0.9447
2026-05-01 00:42:26,998 - eval_total: 1736.0000
2026-05-01 00:42:26,998 - eval_correct: 1640.0000
Epoch: [24][  1/135]	Time  0.392 ( 0.392)	Data  0.305 ( 0.305)	max lr 6.7319e-06 (6.7319e-06)	min lr 6.7319e-06 (6.7319e-06)	Loss 6.5881e-01 (6.5881e-01)	Max mem (MiB) 4142 (4142)
2026-05-01 00:42:38,189 - train_accuracy: 0.0000
2026-05-01 00:42:38,189 - train_total: 4320.0000
2026-05-01 00:42:38,189 - train_correct: 0.0000
2026-05-01 00:42:55,907 - val_accuracy: 1.0000
2026-05-01 00:42:55,907 - eval_accuracy: 0.9574
2026-05-01 00:42:55,908 - eval_total: 1736.0000
2026-05-01 00:42:55,908 - eval_correct: 1662.0000
Epoch: [25][  1/135]	Time  0.370 ( 0.370)	Data  0.278 ( 0.278)	max lr 5.0305e-06 (5.0305e-06)	min lr 5.0305e-06 (5.0305e-06)	Loss 4.7539e-01 (4.7539e-01)	Max mem (MiB) 4142 (4142)
2026-05-01 00:43:07,107 - train_accuracy: 0.0000
2026-05-01 00:43:07,107 - train_total: 4320.0000
2026-05-01 00:43:07,107 - train_correct: 0.0000
2026-05-01 00:43:31,242 - val_accuracy: 1.0000
2026-05-01 00:43:31,242 - eval_accuracy: 0.9476
2026-05-01 00:43:31,242 - eval_total: 1736.0000
2026-05-01 00:43:31,242 - eval_correct: 1645.0000
Epoch: [26][  1/135]	Time  0.390 ( 0.390)	Data  0.302 ( 0.302)	max lr 3.6060e-06 (3.6060e-06)	min lr 3.6060e-06 (3.6060e-06)	Loss 5.3671e-01 (5.3671e-01)	Max mem (MiB) 4142 (4142)
2026-05-01 00:43:42,499 - train_accuracy: 0.0000
2026-05-01 00:43:42,499 - train_total: 4320.0000
2026-05-01 00:43:42,499 - train_correct: 0.0000
2026-05-01 00:43:56,231 - val_accuracy: 1.0000
2026-05-01 00:43:56,231 - eval_accuracy: 0.9556
2026-05-01 00:43:56,231 - eval_total: 1736.0000
2026-05-01 00:43:56,231 - eval_correct: 1659.0000
Epoch: [27][  1/135]	Time  0.407 ( 0.407)	Data  0.321 ( 0.321)	max lr 2.4775e-06 (2.4775e-06)	min lr 2.4775e-06 (2.4775e-06)	Loss 4.7560e-01 (4.7560e-01)	Max mem (MiB) 4142 (4142)
2026-05-01 00:44:07,440 - train_accuracy: 0.0000
2026-05-01 00:44:07,441 - train_total: 4320.0000
2026-05-01 00:44:07,441 - train_correct: 0.0000
2026-05-01 00:44:21,041 - val_accuracy: 1.0000
2026-05-01 00:44:21,041 - eval_accuracy: 0.9453
2026-05-01 00:44:21,041 - eval_total: 1736.0000
2026-05-01 00:44:21,041 - eval_correct: 1641.0000
Epoch: [28][  1/135]	Time  0.378 ( 0.378)	Data  0.291 ( 0.291)	max lr 1.6604e-06 (1.6604e-06)	min lr 1.6604e-06 (1.6604e-06)	Loss 4.5795e-01 (4.5795e-01)	Max mem (MiB) 4142 (4142)
2026-05-01 00:44:32,358 - train_accuracy: 0.0000
2026-05-01 00:44:32,358 - train_total: 4320.0000
2026-05-01 00:44:32,358 - train_correct: 0.0000
2026-05-01 00:44:44,576 - val_accuracy: 1.0000
2026-05-01 00:44:44,576 - eval_accuracy: 0.9568
2026-05-01 00:44:44,576 - eval_total: 1736.0000
2026-05-01 00:44:44,576 - eval_correct: 1661.0000
Epoch: [29][  1/135]	Time  0.327 ( 0.327)	Data  0.245 ( 0.245)	max lr 1.1657e-06 (1.1657e-06)	min lr 1.1657e-06 (1.1657e-06)	Loss 4.3636e-01 (4.3636e-01)	Max mem (MiB) 4142 (4142)
2026-05-01 00:44:55,776 - train_accuracy: 0.0000
2026-05-01 00:44:55,776 - train_total: 4320.0000
2026-05-01 00:44:55,776 - train_correct: 0.0000
2026-05-01 00:45:19,785 - val_accuracy: 1.0000
2026-05-01 00:45:19,786 - eval_accuracy: 0.9562
2026-05-01 00:45:19,786 - eval_total: 1736.0000
2026-05-01 00:45:19,786 - eval_correct: 1660.0000
Experiment time 0:14:14
