[2026-04-30 14:51:23,287] [INFO] [real_accelerator.py:219:get_accelerator] Setting ds_accelerator to cuda (auto detect)
Warning: The cache directory for DeepSpeed Triton autotune, /home/others/abir_proj/.triton/autotune, appears to be on an NFS system. While this is generally acceptable, if you experience slowdowns or hanging when DeepSpeed exits, it is recommended to set the TRITON_CACHE_DIR environment variable to a non-NFS path.
Attention implementation: flash_attention2
2026-04-30 14:51:33,288 - Local rank: -1
2026-04-30 14:51:33,289 - Loading config from configs/atlas_cub200_ft_512_new.yaml
2026-04-30 14:51:33,318 - Replacing key at main.exp_name with atlas_d2d10_base_r512_new
2026-04-30 14:51:33,318 - Replacing key at main.tags with ['atlas', 'finetune', 'cub_200', 'r512']
2026-04-30 14:51:33,318 - Replacing key at main.phases.dev with True
2026-04-30 14:51:33,318 - Replacing key at main.checkpoints_dir with /home/others/abir_proj/codebase/Atlas/checkpoints/Atlas_cub200_ft_512_new
2026-04-30 14:51:33,318 - Replacing key at main.wandb_project with architecture
2026-04-30 14:51:33,318 - Replacing key at main.disable_wandb with True
2026-04-30 14:51:33,318 - Replacing key at main.allow_overwriting_experiment_checkpoints with True
2026-04-30 14:51:33,318 - Replacing key at dataset.shared_dataset_kwargs.data_path with /home/others/abir_proj/codebase/Datasets/CUB200/
2026-04-30 14:51:33,318 - Replacing key at dataset.num_classes with 200
2026-04-30 14:51:33,318 - Replacing key at dataset.image_augmentations with [{'type': 'TimmAug', 'kwargs': {'input_size': 512, 'color_jitter': 0.2, 'aa': 'rand-m7-mstd0.5-inc1', 'reprob': 0.2, 'remode': 'pixel', 'recount': 1, 'mean': [0.485, 0.456, 0.406], 'std': [0.229, 0.224, 0.225]}}]
2026-04-30 14:51:33,318 - Replacing key at dataset.test_image_augmentations with [{'type': 'TorchvisionResize', 'kwargs': {'img_size': [512, 512]}}, {'type': 'TorchvisionCenterCrop', 'kwargs': {'height': 512, 'width': 512}}, {'type': 'TorchvisionToTensor', 'kwargs': {}}, {'type': 'NormalizeTensor2d', 'kwargs': {'channel_means': [0.485, 0.456, 0.406], 'channel_stds': [0.229, 0.224, 0.225]}}]
2026-04-30 14:51:33,318 - Replacing key at dataloader.batch_size with 32
2026-04-30 14:51:33,318 - Replacing key at dataloader.eval_batch_size with 32
2026-04-30 14:51:33,318 - Replacing key at dataloader.num_workers with 16
2026-04-30 14:51:33,318 - Replacing key at dataloader.train_drop_last with True
2026-04-30 14:51:33,318 - Replacing key at engine.type with Classifier
2026-04-30 14:51:33,318 - Replacing key at optimizer.type with AdamW
2026-04-30 14:51:33,318 - Replacing key at optimizer.kwargs with {'lr': 5e-05, 'betas': [0.9, 0.999]}
2026-04-30 14:51:33,318 - Replacing key at optimizer.scheduler.interval with step
2026-04-30 14:51:33,318 - Replacing key at optimizer.scheduler.type with StepCosineAnnealingWarmup
2026-04-30 14:51:33,318 - Replacing key at optimizer.scheduler.kwargs with {'warmup_epochs': 3, 'max_epochs': 30, 'min_lr': 1e-06}
2026-04-30 14:51:33,318 - Replacing key at model.type with Atlas
2026-04-30 14:51:33,318 - Replacing key at model.kwargs with {'num_classes': 200, 'img_size': [512, 512, 1], 'patch_size': [16, 16, 1], 'in_chans': 3, 'embed_dim': 768, 'pretrained': True, 'pretrained_path': '/home/others/abir_proj/codebase/Atlas/checkpoints/Atlas_in1k_512/atlas_d2d10_base_r512/epoch=95.ckpt', 'load_head': False, 'reset_head': True, 'freeze_mode': 'except_last_stage', 'freeze_stages': 0, 'freeze_patterns': [], 'kwargs_list': [{'img_size': [512, 512, 1], 'patch_size': 16, 'local2global': 4, 'merge_ratio': 16, 'in_dim': 64, 'dim': 768, 'num_features': 192, 'num_classes': 200, 'drop_path_rate': 0.1, 'global_pool': 'avg', 'class_token': False, 'depths': 2, 'qkv_bias': True, 'pre_norm': False, 'num_heads': 12, 'mlp_ratio': 4, 'embed_dim': 768, 'embed_op': 'convstem', 'layer_args': {'qkv_bias': True, 'qk_scale': 'None', 'input_resolution': 512}}, {'img_size': [16, 16, 1], 'patch_size': 1, 'local2global': 4, 'merge_ratio': 16, 'num_classes': 200, 'drop_path_rate': 0.1, 'global_pool': 'avg', 'class_token': False, 'depths': 10, 'qkv_bias': True, 'pre_norm': False, 'num_heads': 12, 'mlp_ratio': 4, 'embed_dim': 768, 'embed_op': 'conv2d', 'in_dim': 64, 'dim': 768, 'num_features': 192, 'layer_args': {'qkv_bias': True, 'qk_scale': 'None', 'input_resolution': 512}}]}
2026-04-30 14:51:33,352 - | distributed init (global rank 0): env://, gpu 0 / world_size 1
experiment_checkpoints_dir: /home/others/abir_proj/codebase/Atlas/checkpoints/Atlas_cub200_ft_512_new/atlas_d2d10_base_r512_new
2026-04-30 14:51:34,266 - | initialized host gnode3 as rank 0
2026-04-30 14:51:34,332 - Multi-GPU: True
2026-04-30 14:51:34,419 - Checkpoint directory: /home/others/abir_proj/codebase/Atlas/checkpoints/Atlas_cub200_ft_512_new/atlas_d2d10_base_r512_new
2026-04-30 14:51:35,193 - Using distributed sampler
2026-04-30 14:51:35,704 - Multi-GPU distributed evaluation is enabled: the results may be a little inaccurate due to the padding or drop_last in DistributedSampler
2026-04-30 14:51:35,704 - Ignoring unrecognized kwargs to engine: {'gradual_unfreeze': False}
2026-04-30 14:51:35,704 - Mixup is activated!
2026-04-30 14:51:35,743 - Engine built!
Loading pretrained weights from /home/others/abir_proj/codebase/Atlas/checkpoints/Atlas_in1k_512/atlas_d2d10_base_r512/epoch=95.ckpt
Missing keys (not loaded): ['atlas_models.0.patch_embed.ds6.norm.weight', 'atlas_models.0.patch_embed.ds6.norm.bias', 'atlas_models.0.patch_embed.ds6.conv.weight', 'atlas_models.0.head.weight', 'atlas_models.0.head.bias', 'atlas_models.1.head.weight', 'atlas_models.1.head.bias', 'fc.weight', 'fc.bias']
Unexpected keys (in checkpoint but not in model): []
Trainable params: 75,153,808 / 123,362,456 (60.92%)
=========================================
Number of parameters
trainable_params: 75153808
non_trainable_params: 48208648
=========================================
2026-04-30 14:51:58,271 - Model: Atlas(
  (atlas_models): ModuleList(
    (0): StackMSA(
      (patch_embed): MultiConvEmbed(
        (proj): Identity()
        (conv0): Sequential(
          (0): Conv2d(3, 64, kernel_size=(3, 3), stride=(2, 2), padding=(1, 1), bias=False)
          (1): BatchNorm2d(64, eps=0.0001, momentum=0.1, affine=True, track_running_stats=True)
          (2): ReLU()
          (3): Conv2d(64, 192, kernel_size=(3, 3), stride=(2, 2), padding=(1, 1), bias=False)
          (4): BatchNorm2d(192, eps=0.0001, momentum=0.1, affine=True, track_running_stats=True)
          (5): ReLU()
        )
        (conv1): Sequential(
          (0): EarlyConvResidual(
            (conv_block1): Sequential(
              (0): Conv2d(192, 192, kernel_size=(3, 3), stride=(1, 1), padding=(1, 1))
              (1): BatchNorm2d(192, eps=1e-05, momentum=0.1, affine=True, track_running_stats=True)
              (2): GELU(approximate='none')
            )
            (conv_block2): Sequential(
              (0): Conv2d(192, 192, kernel_size=(3, 3), stride=(1, 1), padding=(1, 1))
              (1): BatchNorm2d(192, eps=1e-05, momentum=0.1, affine=True, track_running_stats=True)
            )
            (drop_path): Identity()
          )
          (1): EarlyConvResidual(
            (conv_block1): Sequential(
              (0): Conv2d(192, 192, kernel_size=(3, 3), stride=(1, 1), padding=(1, 1))
              (1): BatchNorm2d(192, eps=1e-05, momentum=0.1, affine=True, track_running_stats=True)
              (2): GELU(approximate='none')
            )
            (conv_block2): Sequential(
              (0): Conv2d(192, 192, kernel_size=(3, 3), stride=(1, 1), padding=(1, 1))
              (1): BatchNorm2d(192, eps=1e-05, momentum=0.1, affine=True, track_running_stats=True)
            )
            (drop_path): Identity()
          )
          (2): EarlyConvResidual(
            (conv_block1): Sequential(
              (0): Conv2d(192, 192, kernel_size=(3, 3), stride=(1, 1), padding=(1, 1))
              (1): BatchNorm2d(192, eps=1e-05, momentum=0.1, affine=True, track_running_stats=True)
              (2): GELU(approximate='none')
            )
            (conv_block2): Sequential(
              (0): Conv2d(192, 192, kernel_size=(3, 3), stride=(1, 1), padding=(1, 1))
              (1): BatchNorm2d(192, eps=1e-05, momentum=0.1, affine=True, track_running_stats=True)
            )
            (drop_path): Identity()
          )
        )
        (ds1): EarlyConvDS(
          (norm): LayerNorm2d((192,), eps=1e-06, elementwise_affine=True)
          (conv): Conv2d(192, 384, kernel_size=(3, 3), stride=(2, 2), padding=(1, 1), bias=False)
        )
        (conv2): Sequential(
          (0): EarlyConvResidual(
            (conv_block1): Sequential(
              (0): Conv2d(384, 384, kernel_size=(3, 3), stride=(1, 1), padding=(1, 1))
              (1): BatchNorm2d(384, eps=1e-05, momentum=0.1, affine=True, track_running_stats=True)
              (2): GELU(approximate='none')
            )
            (conv_block2): Sequential(
              (0): Conv2d(384, 384, kernel_size=(3, 3), stride=(1, 1), padding=(1, 1))
              (1): BatchNorm2d(384, eps=1e-05, momentum=0.1, affine=True, track_running_stats=True)
            )
            (drop_path): Identity()
          )
          (1): EarlyConvResidual(
            (conv_block1): Sequential(
              (0): Conv2d(384, 384, kernel_size=(3, 3), stride=(1, 1), padding=(1, 1))
              (1): BatchNorm2d(384, eps=1e-05, momentum=0.1, affine=True, track_running_stats=True)
              (2): GELU(approximate='none')
            )
            (conv_block2): Sequential(
              (0): Conv2d(384, 384, kernel_size=(3, 3), stride=(1, 1), padding=(1, 1))
              (1): BatchNorm2d(384, eps=1e-05, momentum=0.1, affine=True, track_running_stats=True)
            )
            (drop_path): Identity()
          )
          (2): EarlyConvResidual(
            (conv_block1): Sequential(
              (0): Conv2d(384, 384, kernel_size=(3, 3), stride=(1, 1), padding=(1, 1))
              (1): BatchNorm2d(384, eps=1e-05, momentum=0.1, affine=True, track_running_stats=True)
              (2): GELU(approximate='none')
            )
            (conv_block2): Sequential(
              (0): Conv2d(384, 384, kernel_size=(3, 3), stride=(1, 1), padding=(1, 1))
              (1): BatchNorm2d(384, eps=1e-05, momentum=0.1, affine=True, track_running_stats=True)
            )
            (drop_path): Identity()
          )
        )
        (ds2): EarlyConvDS(
          (norm): LayerNorm2d((384,), eps=1e-06, elementwise_affine=True)
          (conv): Conv2d(384, 768, kernel_size=(3, 3), stride=(2, 2), padding=(1, 1), bias=False)
        )
        (ds3): EarlyConvDS_56(
          (norm): LayerNorm2d((384,), eps=1e-06, elementwise_affine=True)
          (conv): Conv2d(384, 768, kernel_size=(2, 2), stride=(2, 2), padding=(8, 8), bias=False)
        )
        (ds4): EarlyConvDS_112(
          (norm): LayerNorm2d((192,), eps=1e-06, elementwise_affine=True)
          (conv): Conv2d(192, 384, kernel_size=(4, 4), stride=(2, 2), padding=(17, 17), bias=False)
        )
        (ds5): EarlyConvDS_28(
          (norm): LayerNorm2d((384,), eps=1e-06, elementwise_affine=True)
          (conv): Conv2d(384, 768, kernel_size=(2, 2), stride=(2, 2), padding=(4, 4), bias=False)
        )
        (ds6): EarlyConvDS_14(
          (norm): LayerNorm2d((384,), eps=1e-06, elementwise_affine=True)
          (conv): Conv2d(384, 768, kernel_size=(2, 2), stride=(2, 2), padding=(2, 2), bias=False)
        )
      )
      (levels): ModuleList(
        (0): MultiScaleAttentionLayer(
          (blocks): ModuleList(
            (0): MultiScaleAttentionBlock(
              (proj_drop): Dropout(p=0.0, inplace=False)
              (blocks): ModuleList(
                (0-1): 2 x CrossWindowBlock(
                  (norm1_q): LayerNorm((768,), eps=1e-05, elementwise_affine=True)
                  (norm1_kv): LayerNorm((768,), eps=1e-05, elementwise_affine=True)
                  (attn): CrossWindowAttention(
                    (q): Linear(in_features=768, out_features=768, bias=True)
                    (kv): Linear(in_features=768, out_features=1536, bias=True)
                    (proj): Linear(in_features=768, out_features=768, bias=True)
                    (proj_drop): Dropout(p=0.0, inplace=False)
                  )
                  (norm2): LayerNorm((768,), eps=1e-05, elementwise_affine=True)
                  (mlp): Mlp(
                    (fc1): Linear(in_features=768, out_features=3072, bias=True)
                    (act): GELU(approximate='none')
                    (drop1): Dropout(p=0.0, inplace=False)
                    (norm): Identity()
                    (fc2): Linear(in_features=3072, out_features=768, bias=True)
                    (drop2): Dropout(p=0.0, inplace=False)
                  )
                  (drop_path): Identity()
                )
              )
              (posemb): ModuleList(
                (0-1): 2 x RelativePositionEmbed(
                  (projector): Sequential(
                    (0): Linear(in_features=2, out_features=512, bias=True)
                    (1): ReLU()
                    (2): Linear(in_features=512, out_features=768, bias=False)
                  )
                )
              )
            )
            (1): MultiScaleAttentionBlock(
              (proj_drop): Dropout(p=0.0, inplace=False)
              (blocks): ModuleList(
                (0-1): 2 x CrossWindowBlock(
                  (norm1_q): LayerNorm((768,), eps=1e-05, elementwise_affine=True)
                  (norm1_kv): LayerNorm((768,), eps=1e-05, elementwise_affine=True)
                  (attn): CrossWindowAttention(
                    (q): Linear(in_features=768, out_features=768, bias=True)
                    (kv): Linear(in_features=768, out_features=1536, bias=True)
                    (proj): Linear(in_features=768, out_features=768, bias=True)
                    (proj_drop): Dropout(p=0.0, inplace=False)
                  )
                  (norm2): LayerNorm((768,), eps=1e-05, elementwise_affine=True)
                  (mlp): Mlp(
                    (fc1): Linear(in_features=768, out_features=3072, bias=True)
                    (act): GELU(approximate='none')
                    (drop1): Dropout(p=0.0, inplace=False)
                    (norm): Identity()
                    (fc2): Linear(in_features=3072, out_features=768, bias=True)
                    (drop2): Dropout(p=0.0, inplace=False)
                  )
                  (drop_path): DropPath(drop_prob=0.100)
                )
              )
              (posemb): ModuleList(
                (0-1): 2 x RelativePositionEmbed(
                  (projector): Sequential(
                    (0): Linear(in_features=2, out_features=512, bias=True)
                    (1): ReLU()
                    (2): Linear(in_features=512, out_features=768, bias=False)
                  )
                )
              )
            )
          )
        )
      )
      (norm): BatchNorm2d(768, eps=1e-05, momentum=0.1, affine=True, track_running_stats=True)
      (avgpool): AdaptiveAvgPool2d(output_size=1)
      (head): Linear(in_features=768, out_features=200, bias=True)
    )
    (1): StackMSA(
      (levels): ModuleList(
        (0): MultiScaleAttentionLayer(
          (blocks): ModuleList(
            (0): MultiScaleAttentionBlock(
              (proj_drop): Dropout(p=0.0, inplace=False)
              (blocks): ModuleList(
                (0): CrossWindowBlock(
                  (norm1_q): LayerNorm((768,), eps=1e-05, elementwise_affine=True)
                  (norm1_kv): LayerNorm((768,), eps=1e-05, elementwise_affine=True)
                  (attn): CrossWindowAttention(
                    (q): Linear(in_features=768, out_features=768, bias=True)
                    (kv): Linear(in_features=768, out_features=1536, bias=True)
                    (proj): Linear(in_features=768, out_features=768, bias=True)
                    (proj_drop): Dropout(p=0.0, inplace=False)
                  )
                  (norm2): LayerNorm((768,), eps=1e-05, elementwise_affine=True)
                  (mlp): Mlp(
                    (fc1): Linear(in_features=768, out_features=3072, bias=True)
                    (act): GELU(approximate='none')
                    (drop1): Dropout(p=0.0, inplace=False)
                    (norm): Identity()
                    (fc2): Linear(in_features=3072, out_features=768, bias=True)
                    (drop2): Dropout(p=0.0, inplace=False)
                  )
                  (drop_path): Identity()
                )
              )
              (posemb): ModuleList(
                (0): RelativePositionEmbed(
                  (projector): Sequential(
                    (0): Linear(in_features=2, out_features=512, bias=True)
                    (1): ReLU()
                    (2): Linear(in_features=512, out_features=768, bias=False)
                  )
                )
              )
            )
            (1): MultiScaleAttentionBlock(
              (proj_drop): Dropout(p=0.0, inplace=False)
              (blocks): ModuleList(
                (0): CrossWindowBlock(
                  (norm1_q): LayerNorm((768,), eps=1e-05, elementwise_affine=True)
                  (norm1_kv): LayerNorm((768,), eps=1e-05, elementwise_affine=True)
                  (attn): CrossWindowAttention(
                    (q): Linear(in_features=768, out_features=768, bias=True)
                    (kv): Linear(in_features=768, out_features=1536, bias=True)
                    (proj): Linear(in_features=768, out_features=768, bias=True)
                    (proj_drop): Dropout(p=0.0, inplace=False)
                  )
                  (norm2): LayerNorm((768,), eps=1e-05, elementwise_affine=True)
                  (mlp): Mlp(
                    (fc1): Linear(in_features=768, out_features=3072, bias=True)
                    (act): GELU(approximate='none')
                    (drop1): Dropout(p=0.0, inplace=False)
                    (norm): Identity()
                    (fc2): Linear(in_features=3072, out_features=768, bias=True)
                    (drop2): Dropout(p=0.0, inplace=False)
                  )
                  (drop_path): DropPath(drop_prob=0.011)
                )
              )
              (posemb): ModuleList(
                (0): RelativePositionEmbed(
                  (projector): Sequential(
                    (0): Linear(in_features=2, out_features=512, bias=True)
                    (1): ReLU()
                    (2): Linear(in_features=512, out_features=768, bias=False)
                  )
                )
              )
            )
            (2): MultiScaleAttentionBlock(
              (proj_drop): Dropout(p=0.0, inplace=False)
              (blocks): ModuleList(
                (0): CrossWindowBlock(
                  (norm1_q): LayerNorm((768,), eps=1e-05, elementwise_affine=True)
                  (norm1_kv): LayerNorm((768,), eps=1e-05, elementwise_affine=True)
                  (attn): CrossWindowAttention(
                    (q): Linear(in_features=768, out_features=768, bias=True)
                    (kv): Linear(in_features=768, out_features=1536, bias=True)
                    (proj): Linear(in_features=768, out_features=768, bias=True)
                    (proj_drop): Dropout(p=0.0, inplace=False)
                  )
                  (norm2): LayerNorm((768,), eps=1e-05, elementwise_affine=True)
                  (mlp): Mlp(
                    (fc1): Linear(in_features=768, out_features=3072, bias=True)
                    (act): GELU(approximate='none')
                    (drop1): Dropout(p=0.0, inplace=False)
                    (norm): Identity()
                    (fc2): Linear(in_features=3072, out_features=768, bias=True)
                    (drop2): Dropout(p=0.0, inplace=False)
                  )
                  (drop_path): DropPath(drop_prob=0.022)
                )
              )
              (posemb): ModuleList(
                (0): RelativePositionEmbed(
                  (projector): Sequential(
                    (0): Linear(in_features=2, out_features=512, bias=True)
                    (1): ReLU()
                    (2): Linear(in_features=512, out_features=768, bias=False)
                  )
                )
              )
            )
            (3): MultiScaleAttentionBlock(
              (proj_drop): Dropout(p=0.0, inplace=False)
              (blocks): ModuleList(
                (0): CrossWindowBlock(
                  (norm1_q): LayerNorm((768,), eps=1e-05, elementwise_affine=True)
                  (norm1_kv): LayerNorm((768,), eps=1e-05, elementwise_affine=True)
                  (attn): CrossWindowAttention(
                    (q): Linear(in_features=768, out_features=768, bias=True)
                    (kv): Linear(in_features=768, out_features=1536, bias=True)
                    (proj): Linear(in_features=768, out_features=768, bias=True)
                    (proj_drop): Dropout(p=0.0, inplace=False)
                  )
                  (norm2): LayerNorm((768,), eps=1e-05, elementwise_affine=True)
                  (mlp): Mlp(
                    (fc1): Linear(in_features=768, out_features=3072, bias=True)
                    (act): GELU(approximate='none')
                    (drop1): Dropout(p=0.0, inplace=False)
                    (norm): Identity()
                    (fc2): Linear(in_features=3072, out_features=768, bias=True)
                    (drop2): Dropout(p=0.0, inplace=False)
                  )
                  (drop_path): DropPath(drop_prob=0.033)
                )
              )
              (posemb): ModuleList(
                (0): RelativePositionEmbed(
                  (projector): Sequential(
                    (0): Linear(in_features=2, out_features=512, bias=True)
                    (1): ReLU()
                    (2): Linear(in_features=512, out_features=768, bias=False)
                  )
                )
              )
            )
            (4): MultiScaleAttentionBlock(
              (proj_drop): Dropout(p=0.0, inplace=False)
              (blocks): ModuleList(
                (0): CrossWindowBlock(
                  (norm1_q): LayerNorm((768,), eps=1e-05, elementwise_affine=True)
                  (norm1_kv): LayerNorm((768,), eps=1e-05, elementwise_affine=True)
                  (attn): CrossWindowAttention(
                    (q): Linear(in_features=768, out_features=768, bias=True)
                    (kv): Linear(in_features=768, out_features=1536, bias=True)
                    (proj): Linear(in_features=768, out_features=768, bias=True)
                    (proj_drop): Dropout(p=0.0, inplace=False)
                  )
                  (norm2): LayerNorm((768,), eps=1e-05, elementwise_affine=True)
                  (mlp): Mlp(
                    (fc1): Linear(in_features=768, out_features=3072, bias=True)
                    (act): GELU(approximate='none')
                    (drop1): Dropout(p=0.0, inplace=False)
                    (norm): Identity()
                    (fc2): Linear(in_features=3072, out_features=768, bias=True)
                    (drop2): Dropout(p=0.0, inplace=False)
                  )
                  (drop_path): DropPath(drop_prob=0.044)
                )
              )
              (posemb): ModuleList(
                (0): RelativePositionEmbed(
                  (projector): Sequential(
                    (0): Linear(in_features=2, out_features=512, bias=True)
                    (1): ReLU()
                    (2): Linear(in_features=512, out_features=768, bias=False)
                  )
                )
              )
            )
            (5): MultiScaleAttentionBlock(
              (proj_drop): Dropout(p=0.0, inplace=False)
              (blocks): ModuleList(
                (0): CrossWindowBlock(
                  (norm1_q): LayerNorm((768,), eps=1e-05, elementwise_affine=True)
                  (norm1_kv): LayerNorm((768,), eps=1e-05, elementwise_affine=True)
                  (attn): CrossWindowAttention(
                    (q): Linear(in_features=768, out_features=768, bias=True)
                    (kv): Linear(in_features=768, out_features=1536, bias=True)
                    (proj): Linear(in_features=768, out_features=768, bias=True)
                    (proj_drop): Dropout(p=0.0, inplace=False)
                  )
                  (norm2): LayerNorm((768,), eps=1e-05, elementwise_affine=True)
                  (mlp): Mlp(
                    (fc1): Linear(in_features=768, out_features=3072, bias=True)
                    (act): GELU(approximate='none')
                    (drop1): Dropout(p=0.0, inplace=False)
                    (norm): Identity()
                    (fc2): Linear(in_features=3072, out_features=768, bias=True)
                    (drop2): Dropout(p=0.0, inplace=False)
                  )
                  (drop_path): DropPath(drop_prob=0.056)
                )
              )
              (posemb): ModuleList(
                (0): RelativePositionEmbed(
                  (projector): Sequential(
                    (0): Linear(in_features=2, out_features=512, bias=True)
                    (1): ReLU()
                    (2): Linear(in_features=512, out_features=768, bias=False)
                  )
                )
              )
            )
            (6): MultiScaleAttentionBlock(
              (proj_drop): Dropout(p=0.0, inplace=False)
              (blocks): ModuleList(
                (0): CrossWindowBlock(
                  (norm1_q): LayerNorm((768,), eps=1e-05, elementwise_affine=True)
                  (norm1_kv): LayerNorm((768,), eps=1e-05, elementwise_affine=True)
                  (attn): CrossWindowAttention(
                    (q): Linear(in_features=768, out_features=768, bias=True)
                    (kv): Linear(in_features=768, out_features=1536, bias=True)
                    (proj): Linear(in_features=768, out_features=768, bias=True)
                    (proj_drop): Dropout(p=0.0, inplace=False)
                  )
                  (norm2): LayerNorm((768,), eps=1e-05, elementwise_affine=True)
                  (mlp): Mlp(
                    (fc1): Linear(in_features=768, out_features=3072, bias=True)
                    (act): GELU(approximate='none')
                    (drop1): Dropout(p=0.0, inplace=False)
                    (norm): Identity()
                    (fc2): Linear(in_features=3072, out_features=768, bias=True)
                    (drop2): Dropout(p=0.0, inplace=False)
                  )
                  (drop_path): DropPath(drop_prob=0.067)
                )
              )
              (posemb): ModuleList(
                (0): RelativePositionEmbed(
                  (projector): Sequential(
                    (0): Linear(in_features=2, out_features=512, bias=True)
                    (1): ReLU()
                    (2): Linear(in_features=512, out_features=768, bias=False)
                  )
                )
              )
            )
            (7): MultiScaleAttentionBlock(
              (proj_drop): Dropout(p=0.0, inplace=False)
              (blocks): ModuleList(
                (0): CrossWindowBlock(
                  (norm1_q): LayerNorm((768,), eps=1e-05, elementwise_affine=True)
                  (norm1_kv): LayerNorm((768,), eps=1e-05, elementwise_affine=True)
                  (attn): CrossWindowAttention(
                    (q): Linear(in_features=768, out_features=768, bias=True)
                    (kv): Linear(in_features=768, out_features=1536, bias=True)
                    (proj): Linear(in_features=768, out_features=768, bias=True)
                    (proj_drop): Dropout(p=0.0, inplace=False)
                  )
                  (norm2): LayerNorm((768,), eps=1e-05, elementwise_affine=True)
                  (mlp): Mlp(
                    (fc1): Linear(in_features=768, out_features=3072, bias=True)
                    (act): GELU(approximate='none')
                    (drop1): Dropout(p=0.0, inplace=False)
                    (norm): Identity()
                    (fc2): Linear(in_features=3072, out_features=768, bias=True)
                    (drop2): Dropout(p=0.0, inplace=False)
                  )
                  (drop_path): DropPath(drop_prob=0.078)
                )
              )
              (posemb): ModuleList(
                (0): RelativePositionEmbed(
                  (projector): Sequential(
                    (0): Linear(in_features=2, out_features=512, bias=True)
                    (1): ReLU()
                    (2): Linear(in_features=512, out_features=768, bias=False)
                  )
                )
              )
            )
            (8): MultiScaleAttentionBlock(
              (proj_drop): Dropout(p=0.0, inplace=False)
              (blocks): ModuleList(
                (0): CrossWindowBlock(
                  (norm1_q): LayerNorm((768,), eps=1e-05, elementwise_affine=True)
                  (norm1_kv): LayerNorm((768,), eps=1e-05, elementwise_affine=True)
                  (attn): CrossWindowAttention(
                    (q): Linear(in_features=768, out_features=768, bias=True)
                    (kv): Linear(in_features=768, out_features=1536, bias=True)
                    (proj): Linear(in_features=768, out_features=768, bias=True)
                    (proj_drop): Dropout(p=0.0, inplace=False)
                  )
                  (norm2): LayerNorm((768,), eps=1e-05, elementwise_affine=True)
                  (mlp): Mlp(
                    (fc1): Linear(in_features=768, out_features=3072, bias=True)
                    (act): GELU(approximate='none')
                    (drop1): Dropout(p=0.0, inplace=False)
                    (norm): Identity()
                    (fc2): Linear(in_features=3072, out_features=768, bias=True)
                    (drop2): Dropout(p=0.0, inplace=False)
                  )
                  (drop_path): DropPath(drop_prob=0.089)
                )
              )
              (posemb): ModuleList(
                (0): RelativePositionEmbed(
                  (projector): Sequential(
                    (0): Linear(in_features=2, out_features=512, bias=True)
                    (1): ReLU()
                    (2): Linear(in_features=512, out_features=768, bias=False)
                  )
                )
              )
            )
            (9): MultiScaleAttentionBlock(
              (proj_drop): Dropout(p=0.0, inplace=False)
              (blocks): ModuleList(
                (0): CrossWindowBlock(
                  (norm1_q): LayerNorm((768,), eps=1e-05, elementwise_affine=True)
                  (norm1_kv): LayerNorm((768,), eps=1e-05, elementwise_affine=True)
                  (attn): CrossWindowAttention(
                    (q): Linear(in_features=768, out_features=768, bias=True)
                    (kv): Linear(in_features=768, out_features=1536, bias=True)
                    (proj): Linear(in_features=768, out_features=768, bias=True)
                    (proj_drop): Dropout(p=0.0, inplace=False)
                  )
                  (norm2): LayerNorm((768,), eps=1e-05, elementwise_affine=True)
                  (mlp): Mlp(
                    (fc1): Linear(in_features=768, out_features=3072, bias=True)
                    (act): GELU(approximate='none')
                    (drop1): Dropout(p=0.0, inplace=False)
                    (norm): Identity()
                    (fc2): Linear(in_features=3072, out_features=768, bias=True)
                    (drop2): Dropout(p=0.0, inplace=False)
                  )
                  (drop_path): DropPath(drop_prob=0.100)
                )
              )
              (posemb): ModuleList(
                (0): RelativePositionEmbed(
                  (projector): Sequential(
                    (0): Linear(in_features=2, out_features=512, bias=True)
                    (1): ReLU()
                    (2): Linear(in_features=512, out_features=768, bias=False)
                  )
                )
              )
            )
          )
        )
      )
      (norm): BatchNorm2d(768, eps=1e-05, momentum=0.1, affine=True, track_running_stats=True)
      (avgpool): AdaptiveAvgPool2d(output_size=1)
      (head): Linear(in_features=768, out_features=200, bias=True)
    )
  )
  (readout_norm): LayerNorm((768,), eps=1e-05, elementwise_affine=True)
  (fc_norm): LayerNorm((768,), eps=1e-05, elementwise_affine=True)
  (fc): Linear(in_features=768, out_features=200, bias=True)
)
2026-04-30 14:51:58,273 - Trainable params: 75,153,808 / 123,362,456 (60.92%)
2026-04-30 14:51:58,274 - [TRAINABLE] atlas_models.1.levels.0.blocks.0.blocks.0.norm1_q.weight
2026-04-30 14:51:58,274 - [TRAINABLE] atlas_models.1.levels.0.blocks.0.blocks.0.norm1_q.bias
2026-04-30 14:51:58,274 - [TRAINABLE] atlas_models.1.levels.0.blocks.0.blocks.0.norm1_kv.weight
2026-04-30 14:51:58,274 - [TRAINABLE] atlas_models.1.levels.0.blocks.0.blocks.0.norm1_kv.bias
2026-04-30 14:51:58,274 - [TRAINABLE] atlas_models.1.levels.0.blocks.0.blocks.0.attn.q.weight
2026-04-30 14:51:58,274 - [TRAINABLE] atlas_models.1.levels.0.blocks.0.blocks.0.attn.q.bias
2026-04-30 14:51:58,274 - [TRAINABLE] atlas_models.1.levels.0.blocks.0.blocks.0.attn.kv.weight
2026-04-30 14:51:58,274 - [TRAINABLE] atlas_models.1.levels.0.blocks.0.blocks.0.attn.kv.bias
2026-04-30 14:51:58,274 - [TRAINABLE] atlas_models.1.levels.0.blocks.0.blocks.0.attn.proj.weight
2026-04-30 14:51:58,274 - [TRAINABLE] atlas_models.1.levels.0.blocks.0.blocks.0.attn.proj.bias
2026-04-30 14:51:58,274 - [TRAINABLE] atlas_models.1.levels.0.blocks.0.blocks.0.norm2.weight
2026-04-30 14:51:58,274 - [TRAINABLE] atlas_models.1.levels.0.blocks.0.blocks.0.norm2.bias
2026-04-30 14:51:58,274 - [TRAINABLE] atlas_models.1.levels.0.blocks.0.blocks.0.mlp.fc1.weight
2026-04-30 14:51:58,274 - [TRAINABLE] atlas_models.1.levels.0.blocks.0.blocks.0.mlp.fc1.bias
2026-04-30 14:51:58,274 - [TRAINABLE] atlas_models.1.levels.0.blocks.0.blocks.0.mlp.fc2.weight
2026-04-30 14:51:58,274 - [TRAINABLE] atlas_models.1.levels.0.blocks.0.blocks.0.mlp.fc2.bias
2026-04-30 14:51:58,274 - [TRAINABLE] atlas_models.1.levels.0.blocks.0.posemb.0.projector.0.weight
2026-04-30 14:51:58,274 - [TRAINABLE] atlas_models.1.levels.0.blocks.0.posemb.0.projector.0.bias
2026-04-30 14:51:58,274 - [TRAINABLE] atlas_models.1.levels.0.blocks.0.posemb.0.projector.2.weight
2026-04-30 14:51:58,274 - [TRAINABLE] atlas_models.1.levels.0.blocks.1.blocks.0.norm1_q.weight
2026-04-30 14:51:58,274 - [TRAINABLE] atlas_models.1.levels.0.blocks.1.blocks.0.norm1_q.bias
2026-04-30 14:51:58,274 - [TRAINABLE] atlas_models.1.levels.0.blocks.1.blocks.0.norm1_kv.weight
2026-04-30 14:51:58,274 - [TRAINABLE] atlas_models.1.levels.0.blocks.1.blocks.0.norm1_kv.bias
2026-04-30 14:51:58,274 - [TRAINABLE] atlas_models.1.levels.0.blocks.1.blocks.0.attn.q.weight
2026-04-30 14:51:58,274 - [TRAINABLE] atlas_models.1.levels.0.blocks.1.blocks.0.attn.q.bias
2026-04-30 14:51:58,274 - [TRAINABLE] atlas_models.1.levels.0.blocks.1.blocks.0.attn.kv.weight
2026-04-30 14:51:58,274 - [TRAINABLE] atlas_models.1.levels.0.blocks.1.blocks.0.attn.kv.bias
2026-04-30 14:51:58,274 - [TRAINABLE] atlas_models.1.levels.0.blocks.1.blocks.0.attn.proj.weight
2026-04-30 14:51:58,274 - [TRAINABLE] atlas_models.1.levels.0.blocks.1.blocks.0.attn.proj.bias
2026-04-30 14:51:58,274 - [TRAINABLE] atlas_models.1.levels.0.blocks.1.blocks.0.norm2.weight
2026-04-30 14:51:58,274 - [TRAINABLE] atlas_models.1.levels.0.blocks.1.blocks.0.norm2.bias
2026-04-30 14:51:58,274 - [TRAINABLE] atlas_models.1.levels.0.blocks.1.blocks.0.mlp.fc1.weight
2026-04-30 14:51:58,274 - [TRAINABLE] atlas_models.1.levels.0.blocks.1.blocks.0.mlp.fc1.bias
2026-04-30 14:51:58,274 - [TRAINABLE] atlas_models.1.levels.0.blocks.1.blocks.0.mlp.fc2.weight
2026-04-30 14:51:58,274 - [TRAINABLE] atlas_models.1.levels.0.blocks.1.blocks.0.mlp.fc2.bias
2026-04-30 14:51:58,274 - [TRAINABLE] atlas_models.1.levels.0.blocks.1.posemb.0.projector.0.weight
2026-04-30 14:51:58,274 - [TRAINABLE] atlas_models.1.levels.0.blocks.1.posemb.0.projector.0.bias
2026-04-30 14:51:58,274 - [TRAINABLE] atlas_models.1.levels.0.blocks.1.posemb.0.projector.2.weight
2026-04-30 14:51:58,274 - [TRAINABLE] atlas_models.1.levels.0.blocks.2.blocks.0.norm1_q.weight
2026-04-30 14:51:58,274 - [TRAINABLE] atlas_models.1.levels.0.blocks.2.blocks.0.norm1_q.bias
2026-04-30 14:51:58,274 - [TRAINABLE] atlas_models.1.levels.0.blocks.2.blocks.0.norm1_kv.weight
2026-04-30 14:51:58,274 - [TRAINABLE] atlas_models.1.levels.0.blocks.2.blocks.0.norm1_kv.bias
2026-04-30 14:51:58,274 - [TRAINABLE] atlas_models.1.levels.0.blocks.2.blocks.0.attn.q.weight
2026-04-30 14:51:58,274 - [TRAINABLE] atlas_models.1.levels.0.blocks.2.blocks.0.attn.q.bias
2026-04-30 14:51:58,274 - [TRAINABLE] atlas_models.1.levels.0.blocks.2.blocks.0.attn.kv.weight
2026-04-30 14:51:58,274 - [TRAINABLE] atlas_models.1.levels.0.blocks.2.blocks.0.attn.kv.bias
2026-04-30 14:51:58,274 - [TRAINABLE] atlas_models.1.levels.0.blocks.2.blocks.0.attn.proj.weight
2026-04-30 14:51:58,274 - [TRAINABLE] atlas_models.1.levels.0.blocks.2.blocks.0.attn.proj.bias
2026-04-30 14:51:58,274 - [TRAINABLE] atlas_models.1.levels.0.blocks.2.blocks.0.norm2.weight
2026-04-30 14:51:58,274 - [TRAINABLE] atlas_models.1.levels.0.blocks.2.blocks.0.norm2.bias
2026-04-30 14:51:58,274 - [TRAINABLE] atlas_models.1.levels.0.blocks.2.blocks.0.mlp.fc1.weight
2026-04-30 14:51:58,274 - [TRAINABLE] atlas_models.1.levels.0.blocks.2.blocks.0.mlp.fc1.bias
2026-04-30 14:51:58,274 - [TRAINABLE] atlas_models.1.levels.0.blocks.2.blocks.0.mlp.fc2.weight
2026-04-30 14:51:58,274 - [TRAINABLE] atlas_models.1.levels.0.blocks.2.blocks.0.mlp.fc2.bias
2026-04-30 14:51:58,274 - [TRAINABLE] atlas_models.1.levels.0.blocks.2.posemb.0.projector.0.weight
2026-04-30 14:51:58,275 - [TRAINABLE] atlas_models.1.levels.0.blocks.2.posemb.0.projector.0.bias
2026-04-30 14:51:58,275 - [TRAINABLE] atlas_models.1.levels.0.blocks.2.posemb.0.projector.2.weight
2026-04-30 14:51:58,275 - [TRAINABLE] atlas_models.1.levels.0.blocks.3.blocks.0.norm1_q.weight
2026-04-30 14:51:58,275 - [TRAINABLE] atlas_models.1.levels.0.blocks.3.blocks.0.norm1_q.bias
2026-04-30 14:51:58,275 - [TRAINABLE] atlas_models.1.levels.0.blocks.3.blocks.0.norm1_kv.weight
2026-04-30 14:51:58,275 - [TRAINABLE] atlas_models.1.levels.0.blocks.3.blocks.0.norm1_kv.bias
2026-04-30 14:51:58,275 - [TRAINABLE] atlas_models.1.levels.0.blocks.3.blocks.0.attn.q.weight
2026-04-30 14:51:58,275 - [TRAINABLE] atlas_models.1.levels.0.blocks.3.blocks.0.attn.q.bias
2026-04-30 14:51:58,275 - [TRAINABLE] atlas_models.1.levels.0.blocks.3.blocks.0.attn.kv.weight
2026-04-30 14:51:58,275 - [TRAINABLE] atlas_models.1.levels.0.blocks.3.blocks.0.attn.kv.bias
2026-04-30 14:51:58,275 - [TRAINABLE] atlas_models.1.levels.0.blocks.3.blocks.0.attn.proj.weight
2026-04-30 14:51:58,275 - [TRAINABLE] atlas_models.1.levels.0.blocks.3.blocks.0.attn.proj.bias
2026-04-30 14:51:58,275 - [TRAINABLE] atlas_models.1.levels.0.blocks.3.blocks.0.norm2.weight
2026-04-30 14:51:58,275 - [TRAINABLE] atlas_models.1.levels.0.blocks.3.blocks.0.norm2.bias
2026-04-30 14:51:58,275 - [TRAINABLE] atlas_models.1.levels.0.blocks.3.blocks.0.mlp.fc1.weight
2026-04-30 14:51:58,275 - [TRAINABLE] atlas_models.1.levels.0.blocks.3.blocks.0.mlp.fc1.bias
2026-04-30 14:51:58,275 - [TRAINABLE] atlas_models.1.levels.0.blocks.3.blocks.0.mlp.fc2.weight
2026-04-30 14:51:58,275 - [TRAINABLE] atlas_models.1.levels.0.blocks.3.blocks.0.mlp.fc2.bias
2026-04-30 14:51:58,275 - [TRAINABLE] atlas_models.1.levels.0.blocks.3.posemb.0.projector.0.weight
2026-04-30 14:51:58,275 - [TRAINABLE] atlas_models.1.levels.0.blocks.3.posemb.0.projector.0.bias
2026-04-30 14:51:58,275 - [TRAINABLE] atlas_models.1.levels.0.blocks.3.posemb.0.projector.2.weight
2026-04-30 14:51:58,275 - [TRAINABLE] atlas_models.1.levels.0.blocks.4.blocks.0.norm1_q.weight
2026-04-30 14:51:58,275 - [TRAINABLE] atlas_models.1.levels.0.blocks.4.blocks.0.norm1_q.bias
2026-04-30 14:51:58,275 - [TRAINABLE] atlas_models.1.levels.0.blocks.4.blocks.0.norm1_kv.weight
2026-04-30 14:51:58,275 - [TRAINABLE] atlas_models.1.levels.0.blocks.4.blocks.0.norm1_kv.bias
2026-04-30 14:51:58,275 - [TRAINABLE] atlas_models.1.levels.0.blocks.4.blocks.0.attn.q.weight
2026-04-30 14:51:58,275 - [TRAINABLE] atlas_models.1.levels.0.blocks.4.blocks.0.attn.q.bias
2026-04-30 14:51:58,275 - [TRAINABLE] atlas_models.1.levels.0.blocks.4.blocks.0.attn.kv.weight
2026-04-30 14:51:58,275 - [TRAINABLE] atlas_models.1.levels.0.blocks.4.blocks.0.attn.kv.bias
2026-04-30 14:51:58,275 - [TRAINABLE] atlas_models.1.levels.0.blocks.4.blocks.0.attn.proj.weight
2026-04-30 14:51:58,275 - [TRAINABLE] atlas_models.1.levels.0.blocks.4.blocks.0.attn.proj.bias
2026-04-30 14:51:58,275 - [TRAINABLE] atlas_models.1.levels.0.blocks.4.blocks.0.norm2.weight
2026-04-30 14:51:58,275 - [TRAINABLE] atlas_models.1.levels.0.blocks.4.blocks.0.norm2.bias
2026-04-30 14:51:58,275 - [TRAINABLE] atlas_models.1.levels.0.blocks.4.blocks.0.mlp.fc1.weight
2026-04-30 14:51:58,275 - [TRAINABLE] atlas_models.1.levels.0.blocks.4.blocks.0.mlp.fc1.bias
2026-04-30 14:51:58,275 - [TRAINABLE] atlas_models.1.levels.0.blocks.4.blocks.0.mlp.fc2.weight
2026-04-30 14:51:58,275 - [TRAINABLE] atlas_models.1.levels.0.blocks.4.blocks.0.mlp.fc2.bias
2026-04-30 14:51:58,275 - [TRAINABLE] atlas_models.1.levels.0.blocks.4.posemb.0.projector.0.weight
2026-04-30 14:51:58,275 - [TRAINABLE] atlas_models.1.levels.0.blocks.4.posemb.0.projector.0.bias
2026-04-30 14:51:58,275 - [TRAINABLE] atlas_models.1.levels.0.blocks.4.posemb.0.projector.2.weight
2026-04-30 14:51:58,275 - [TRAINABLE] atlas_models.1.levels.0.blocks.5.blocks.0.norm1_q.weight
2026-04-30 14:51:58,275 - [TRAINABLE] atlas_models.1.levels.0.blocks.5.blocks.0.norm1_q.bias
2026-04-30 14:51:58,275 - [TRAINABLE] atlas_models.1.levels.0.blocks.5.blocks.0.norm1_kv.weight
2026-04-30 14:51:58,275 - [TRAINABLE] atlas_models.1.levels.0.blocks.5.blocks.0.norm1_kv.bias
2026-04-30 14:51:58,275 - [TRAINABLE] atlas_models.1.levels.0.blocks.5.blocks.0.attn.q.weight
2026-04-30 14:51:58,275 - [TRAINABLE] atlas_models.1.levels.0.blocks.5.blocks.0.attn.q.bias
2026-04-30 14:51:58,275 - [TRAINABLE] atlas_models.1.levels.0.blocks.5.blocks.0.attn.kv.weight
2026-04-30 14:51:58,275 - [TRAINABLE] atlas_models.1.levels.0.blocks.5.blocks.0.attn.kv.bias
2026-04-30 14:51:58,275 - [TRAINABLE] atlas_models.1.levels.0.blocks.5.blocks.0.attn.proj.weight
2026-04-30 14:51:58,275 - [TRAINABLE] atlas_models.1.levels.0.blocks.5.blocks.0.attn.proj.bias
2026-04-30 14:51:58,275 - [TRAINABLE] atlas_models.1.levels.0.blocks.5.blocks.0.norm2.weight
2026-04-30 14:51:58,275 - [TRAINABLE] atlas_models.1.levels.0.blocks.5.blocks.0.norm2.bias
2026-04-30 14:51:58,275 - [TRAINABLE] atlas_models.1.levels.0.blocks.5.blocks.0.mlp.fc1.weight
2026-04-30 14:51:58,275 - [TRAINABLE] atlas_models.1.levels.0.blocks.5.blocks.0.mlp.fc1.bias
2026-04-30 14:51:58,275 - [TRAINABLE] atlas_models.1.levels.0.blocks.5.blocks.0.mlp.fc2.weight
2026-04-30 14:51:58,275 - [TRAINABLE] atlas_models.1.levels.0.blocks.5.blocks.0.mlp.fc2.bias
2026-04-30 14:51:58,275 - [TRAINABLE] atlas_models.1.levels.0.blocks.5.posemb.0.projector.0.weight
2026-04-30 14:51:58,275 - [TRAINABLE] atlas_models.1.levels.0.blocks.5.posemb.0.projector.0.bias
2026-04-30 14:51:58,275 - [TRAINABLE] atlas_models.1.levels.0.blocks.5.posemb.0.projector.2.weight
2026-04-30 14:51:58,275 - [TRAINABLE] atlas_models.1.levels.0.blocks.6.blocks.0.norm1_q.weight
2026-04-30 14:51:58,275 - [TRAINABLE] atlas_models.1.levels.0.blocks.6.blocks.0.norm1_q.bias
2026-04-30 14:51:58,275 - [TRAINABLE] atlas_models.1.levels.0.blocks.6.blocks.0.norm1_kv.weight
2026-04-30 14:51:58,275 - [TRAINABLE] atlas_models.1.levels.0.blocks.6.blocks.0.norm1_kv.bias
2026-04-30 14:51:58,275 - [TRAINABLE] atlas_models.1.levels.0.blocks.6.blocks.0.attn.q.weight
2026-04-30 14:51:58,275 - [TRAINABLE] atlas_models.1.levels.0.blocks.6.blocks.0.attn.q.bias
2026-04-30 14:51:58,275 - [TRAINABLE] atlas_models.1.levels.0.blocks.6.blocks.0.attn.kv.weight
2026-04-30 14:51:58,275 - [TRAINABLE] atlas_models.1.levels.0.blocks.6.blocks.0.attn.kv.bias
2026-04-30 14:51:58,275 - [TRAINABLE] atlas_models.1.levels.0.blocks.6.blocks.0.attn.proj.weight
2026-04-30 14:51:58,275 - [TRAINABLE] atlas_models.1.levels.0.blocks.6.blocks.0.attn.proj.bias
2026-04-30 14:51:58,275 - [TRAINABLE] atlas_models.1.levels.0.blocks.6.blocks.0.norm2.weight
2026-04-30 14:51:58,275 - [TRAINABLE] atlas_models.1.levels.0.blocks.6.blocks.0.norm2.bias
2026-04-30 14:51:58,275 - [TRAINABLE] atlas_models.1.levels.0.blocks.6.blocks.0.mlp.fc1.weight
2026-04-30 14:51:58,275 - [TRAINABLE] atlas_models.1.levels.0.blocks.6.blocks.0.mlp.fc1.bias
2026-04-30 14:51:58,275 - [TRAINABLE] atlas_models.1.levels.0.blocks.6.blocks.0.mlp.fc2.weight
2026-04-30 14:51:58,275 - [TRAINABLE] atlas_models.1.levels.0.blocks.6.blocks.0.mlp.fc2.bias
2026-04-30 14:51:58,275 - [TRAINABLE] atlas_models.1.levels.0.blocks.6.posemb.0.projector.0.weight
2026-04-30 14:51:58,275 - [TRAINABLE] atlas_models.1.levels.0.blocks.6.posemb.0.projector.0.bias
2026-04-30 14:51:58,275 - [TRAINABLE] atlas_models.1.levels.0.blocks.6.posemb.0.projector.2.weight
2026-04-30 14:51:58,276 - [TRAINABLE] atlas_models.1.levels.0.blocks.7.blocks.0.norm1_q.weight
2026-04-30 14:51:58,276 - [TRAINABLE] atlas_models.1.levels.0.blocks.7.blocks.0.norm1_q.bias
2026-04-30 14:51:58,276 - [TRAINABLE] atlas_models.1.levels.0.blocks.7.blocks.0.norm1_kv.weight
2026-04-30 14:51:58,276 - [TRAINABLE] atlas_models.1.levels.0.blocks.7.blocks.0.norm1_kv.bias
2026-04-30 14:51:58,276 - [TRAINABLE] atlas_models.1.levels.0.blocks.7.blocks.0.attn.q.weight
2026-04-30 14:51:58,276 - [TRAINABLE] atlas_models.1.levels.0.blocks.7.blocks.0.attn.q.bias
2026-04-30 14:51:58,276 - [TRAINABLE] atlas_models.1.levels.0.blocks.7.blocks.0.attn.kv.weight
2026-04-30 14:51:58,276 - [TRAINABLE] atlas_models.1.levels.0.blocks.7.blocks.0.attn.kv.bias
2026-04-30 14:51:58,276 - [TRAINABLE] atlas_models.1.levels.0.blocks.7.blocks.0.attn.proj.weight
2026-04-30 14:51:58,276 - [TRAINABLE] atlas_models.1.levels.0.blocks.7.blocks.0.attn.proj.bias
2026-04-30 14:51:58,276 - [TRAINABLE] atlas_models.1.levels.0.blocks.7.blocks.0.norm2.weight
2026-04-30 14:51:58,276 - [TRAINABLE] atlas_models.1.levels.0.blocks.7.blocks.0.norm2.bias
2026-04-30 14:51:58,276 - [TRAINABLE] atlas_models.1.levels.0.blocks.7.blocks.0.mlp.fc1.weight
2026-04-30 14:51:58,276 - [TRAINABLE] atlas_models.1.levels.0.blocks.7.blocks.0.mlp.fc1.bias
2026-04-30 14:51:58,276 - [TRAINABLE] atlas_models.1.levels.0.blocks.7.blocks.0.mlp.fc2.weight
2026-04-30 14:51:58,276 - [TRAINABLE] atlas_models.1.levels.0.blocks.7.blocks.0.mlp.fc2.bias
2026-04-30 14:51:58,276 - [TRAINABLE] atlas_models.1.levels.0.blocks.7.posemb.0.projector.0.weight
2026-04-30 14:51:58,276 - [TRAINABLE] atlas_models.1.levels.0.blocks.7.posemb.0.projector.0.bias
2026-04-30 14:51:58,276 - [TRAINABLE] atlas_models.1.levels.0.blocks.7.posemb.0.projector.2.weight
2026-04-30 14:51:58,276 - [TRAINABLE] atlas_models.1.levels.0.blocks.8.blocks.0.norm1_q.weight
2026-04-30 14:51:58,276 - [TRAINABLE] atlas_models.1.levels.0.blocks.8.blocks.0.norm1_q.bias
2026-04-30 14:51:58,276 - [TRAINABLE] atlas_models.1.levels.0.blocks.8.blocks.0.norm1_kv.weight
2026-04-30 14:51:58,276 - [TRAINABLE] atlas_models.1.levels.0.blocks.8.blocks.0.norm1_kv.bias
2026-04-30 14:51:58,276 - [TRAINABLE] atlas_models.1.levels.0.blocks.8.blocks.0.attn.q.weight
2026-04-30 14:51:58,276 - [TRAINABLE] atlas_models.1.levels.0.blocks.8.blocks.0.attn.q.bias
2026-04-30 14:51:58,276 - [TRAINABLE] atlas_models.1.levels.0.blocks.8.blocks.0.attn.kv.weight
2026-04-30 14:51:58,276 - [TRAINABLE] atlas_models.1.levels.0.blocks.8.blocks.0.attn.kv.bias
2026-04-30 14:51:58,276 - [TRAINABLE] atlas_models.1.levels.0.blocks.8.blocks.0.attn.proj.weight
2026-04-30 14:51:58,276 - [TRAINABLE] atlas_models.1.levels.0.blocks.8.blocks.0.attn.proj.bias
2026-04-30 14:51:58,276 - [TRAINABLE] atlas_models.1.levels.0.blocks.8.blocks.0.norm2.weight
2026-04-30 14:51:58,276 - [TRAINABLE] atlas_models.1.levels.0.blocks.8.blocks.0.norm2.bias
2026-04-30 14:51:58,276 - [TRAINABLE] atlas_models.1.levels.0.blocks.8.blocks.0.mlp.fc1.weight
2026-04-30 14:51:58,276 - [TRAINABLE] atlas_models.1.levels.0.blocks.8.blocks.0.mlp.fc1.bias
2026-04-30 14:51:58,276 - [TRAINABLE] atlas_models.1.levels.0.blocks.8.blocks.0.mlp.fc2.weight
2026-04-30 14:51:58,276 - [TRAINABLE] atlas_models.1.levels.0.blocks.8.blocks.0.mlp.fc2.bias
2026-04-30 14:51:58,276 - [TRAINABLE] atlas_models.1.levels.0.blocks.8.posemb.0.projector.0.weight
2026-04-30 14:51:58,276 - [TRAINABLE] atlas_models.1.levels.0.blocks.8.posemb.0.projector.0.bias
2026-04-30 14:51:58,276 - [TRAINABLE] atlas_models.1.levels.0.blocks.8.posemb.0.projector.2.weight
2026-04-30 14:51:58,276 - [TRAINABLE] atlas_models.1.levels.0.blocks.9.blocks.0.norm1_q.weight
2026-04-30 14:51:58,276 - [TRAINABLE] atlas_models.1.levels.0.blocks.9.blocks.0.norm1_q.bias
2026-04-30 14:51:58,276 - [TRAINABLE] atlas_models.1.levels.0.blocks.9.blocks.0.norm1_kv.weight
2026-04-30 14:51:58,276 - [TRAINABLE] atlas_models.1.levels.0.blocks.9.blocks.0.norm1_kv.bias
2026-04-30 14:51:58,276 - [TRAINABLE] atlas_models.1.levels.0.blocks.9.blocks.0.attn.q.weight
2026-04-30 14:51:58,276 - [TRAINABLE] atlas_models.1.levels.0.blocks.9.blocks.0.attn.q.bias
2026-04-30 14:51:58,276 - [TRAINABLE] atlas_models.1.levels.0.blocks.9.blocks.0.attn.kv.weight
2026-04-30 14:51:58,276 - [TRAINABLE] atlas_models.1.levels.0.blocks.9.blocks.0.attn.kv.bias
2026-04-30 14:51:58,276 - [TRAINABLE] atlas_models.1.levels.0.blocks.9.blocks.0.attn.proj.weight
2026-04-30 14:51:58,276 - [TRAINABLE] atlas_models.1.levels.0.blocks.9.blocks.0.attn.proj.bias
2026-04-30 14:51:58,276 - [TRAINABLE] atlas_models.1.levels.0.blocks.9.blocks.0.norm2.weight
2026-04-30 14:51:58,276 - [TRAINABLE] atlas_models.1.levels.0.blocks.9.blocks.0.norm2.bias
2026-04-30 14:51:58,276 - [TRAINABLE] atlas_models.1.levels.0.blocks.9.blocks.0.mlp.fc1.weight
2026-04-30 14:51:58,276 - [TRAINABLE] atlas_models.1.levels.0.blocks.9.blocks.0.mlp.fc1.bias
2026-04-30 14:51:58,276 - [TRAINABLE] atlas_models.1.levels.0.blocks.9.blocks.0.mlp.fc2.weight
2026-04-30 14:51:58,276 - [TRAINABLE] atlas_models.1.levels.0.blocks.9.blocks.0.mlp.fc2.bias
2026-04-30 14:51:58,276 - [TRAINABLE] atlas_models.1.levels.0.blocks.9.posemb.0.projector.0.weight
2026-04-30 14:51:58,276 - [TRAINABLE] atlas_models.1.levels.0.blocks.9.posemb.0.projector.0.bias
2026-04-30 14:51:58,276 - [TRAINABLE] atlas_models.1.levels.0.blocks.9.posemb.0.projector.2.weight
2026-04-30 14:51:58,276 - [TRAINABLE] atlas_models.1.norm.weight
2026-04-30 14:51:58,276 - [TRAINABLE] atlas_models.1.norm.bias
2026-04-30 14:51:58,276 - [TRAINABLE] atlas_models.1.head.weight
2026-04-30 14:51:58,276 - [TRAINABLE] atlas_models.1.head.bias
2026-04-30 14:51:58,276 - [TRAINABLE] readout_norm.weight
2026-04-30 14:51:58,276 - [TRAINABLE] readout_norm.bias
2026-04-30 14:51:58,276 - [TRAINABLE] fc_norm.weight
2026-04-30 14:51:58,276 - [TRAINABLE] fc_norm.bias
2026-04-30 14:51:58,276 - [TRAINABLE] fc.weight
2026-04-30 14:51:58,276 - [TRAINABLE] fc.bias
2026-04-30 14:51:58,558 - Start training for 30 epochs
Epoch: [0][  1/168]	Time  9.187 ( 9.187)	Data  2.680 ( 2.680)	max lr 0.0000e+00 (0.0000e+00)	min lr 0.0000e+00 (0.0000e+00)	Loss 1.3509e+00 (1.3509e+00)	Max mem (MiB) 950 (950)
2026-04-30 14:52:28,731 - train_accuracy: 0.0000
2026-04-30 14:52:28,732 - train_total: 5376.0000
2026-04-30 14:52:28,732 - train_correct: 0.0000
2026-04-30 14:52:55,200 - val_accuracy: 1.0000
2026-04-30 14:52:55,200 - eval_accuracy: 0.0283
2026-04-30 14:52:55,200 - eval_total: 600.0000
2026-04-30 14:52:55,200 - eval_correct: 17.0000
Epoch: [1][  1/168]	Time  0.747 ( 0.747)	Data  0.632 ( 0.632)	max lr 1.6667e-05 (1.6667e-05)	min lr 1.6667e-05 (1.6667e-05)	Loss 1.2937e+00 (1.2937e+00)	Max mem (MiB) 3105 (3105)
2026-04-30 14:53:16,501 - train_accuracy: 0.0000
2026-04-30 14:53:16,502 - train_total: 5376.0000
2026-04-30 14:53:16,502 - train_correct: 0.0000
2026-04-30 14:53:31,382 - val_accuracy: 1.0000
2026-04-30 14:53:31,382 - eval_accuracy: 0.3617
2026-04-30 14:53:31,382 - eval_total: 600.0000
2026-04-30 14:53:31,382 - eval_correct: 217.0000
Epoch: [2][  1/168]	Time  1.073 ( 1.073)	Data  0.956 ( 0.956)	max lr 3.3333e-05 (3.3333e-05)	min lr 3.3333e-05 (3.3333e-05)	Loss 8.9867e-01 (8.9867e-01)	Max mem (MiB) 3109 (3109)
2026-04-30 14:53:52,926 - train_accuracy: 0.0000
2026-04-30 14:53:52,926 - train_total: 5376.0000
2026-04-30 14:53:52,926 - train_correct: 0.0000
2026-04-30 14:54:07,604 - val_accuracy: 1.0000
2026-04-30 14:54:07,604 - eval_accuracy: 0.6583
2026-04-30 14:54:07,604 - eval_total: 600.0000
2026-04-30 14:54:07,604 - eval_correct: 395.0000
Epoch: [3][  1/168]	Time  1.448 ( 1.448)	Data  1.331 ( 1.331)	max lr 5.0000e-05 (5.0000e-05)	min lr 5.0000e-05 (5.0000e-05)	Loss 5.2199e-01 (5.2199e-01)	Max mem (MiB) 3109 (3109)
2026-04-30 14:54:29,524 - train_accuracy: 0.0000
2026-04-30 14:54:29,524 - train_total: 5376.0000
2026-04-30 14:54:29,524 - train_correct: 0.0000
2026-04-30 14:54:44,016 - val_accuracy: 1.0000
2026-04-30 14:54:44,016 - eval_accuracy: 0.7517
2026-04-30 14:54:44,016 - eval_total: 600.0000
2026-04-30 14:54:44,016 - eval_correct: 451.0000
Epoch: [4][  1/168]	Time  0.935 ( 0.935)	Data  0.817 ( 0.817)	max lr 4.9834e-05 (4.9834e-05)	min lr 4.9834e-05 (4.9834e-05)	Loss 2.9434e-01 (2.9434e-01)	Max mem (MiB) 3109 (3109)
2026-04-30 14:55:05,702 - train_accuracy: 0.0000
2026-04-30 14:55:05,703 - train_total: 5376.0000
2026-04-30 14:55:05,703 - train_correct: 0.0000
2026-04-30 14:55:20,401 - val_accuracy: 1.0000
2026-04-30 14:55:20,401 - eval_accuracy: 0.7983
2026-04-30 14:55:20,401 - eval_total: 600.0000
2026-04-30 14:55:20,401 - eval_correct: 479.0000
Epoch: [5][  1/168]	Time  1.149 ( 1.149)	Data  1.032 ( 1.032)	max lr 4.9340e-05 (4.9340e-05)	min lr 4.9340e-05 (4.9340e-05)	Loss 2.6370e-01 (2.6370e-01)	Max mem (MiB) 3109 (3109)
2026-04-30 14:55:42,115 - train_accuracy: 0.0000
2026-04-30 14:55:42,115 - train_total: 5376.0000
2026-04-30 14:55:42,115 - train_correct: 0.0000
2026-04-30 14:56:08,218 - val_accuracy: 1.0000
2026-04-30 14:56:08,218 - eval_accuracy: 0.7967
2026-04-30 14:56:08,218 - eval_total: 600.0000
2026-04-30 14:56:08,218 - eval_correct: 478.0000
Epoch: [6][  1/168]	Time  1.048 ( 1.048)	Data  0.932 ( 0.932)	max lr 4.8522e-05 (4.8522e-05)	min lr 4.8522e-05 (4.8522e-05)	Loss 3.3466e-01 (3.3466e-01)	Max mem (MiB) 3109 (3109)
2026-04-30 14:56:29,806 - train_accuracy: 0.0000
2026-04-30 14:56:29,807 - train_total: 5376.0000
2026-04-30 14:56:29,807 - train_correct: 0.0000
2026-04-30 14:56:44,359 - val_accuracy: 1.0000
2026-04-30 14:56:44,359 - eval_accuracy: 0.8133
2026-04-30 14:56:44,359 - eval_total: 600.0000
2026-04-30 14:56:44,359 - eval_correct: 488.0000
Epoch: [7][  1/168]	Time  1.123 ( 1.123)	Data  1.007 ( 1.007)	max lr 4.7394e-05 (4.7394e-05)	min lr 4.7394e-05 (4.7394e-05)	Loss 3.5775e-01 (3.5775e-01)	Max mem (MiB) 3109 (3109)
2026-04-30 14:57:06,067 - train_accuracy: 0.0000
2026-04-30 14:57:06,067 - train_total: 5376.0000
2026-04-30 14:57:06,067 - train_correct: 0.0000
2026-04-30 14:57:20,635 - val_accuracy: 1.0000
2026-04-30 14:57:20,635 - eval_accuracy: 0.8083
2026-04-30 14:57:20,635 - eval_total: 600.0000
2026-04-30 14:57:20,635 - eval_correct: 485.0000
Epoch: [8][  1/168]	Time  1.184 ( 1.184)	Data  1.067 ( 1.067)	max lr 4.5969e-05 (4.5969e-05)	min lr 4.5969e-05 (4.5969e-05)	Loss 2.3246e-01 (2.3246e-01)	Max mem (MiB) 3109 (3109)
2026-04-30 14:57:42,603 - train_accuracy: 0.0000
2026-04-30 14:57:42,603 - train_total: 5376.0000
2026-04-30 14:57:42,603 - train_correct: 0.0000
2026-04-30 14:57:57,211 - val_accuracy: 1.0000
2026-04-30 14:57:57,211 - eval_accuracy: 0.8033
2026-04-30 14:57:57,211 - eval_total: 600.0000
2026-04-30 14:57:57,211 - eval_correct: 482.0000
Epoch: [9][  1/168]	Time  0.985 ( 0.985)	Data  0.870 ( 0.870)	max lr 4.4268e-05 (4.4268e-05)	min lr 4.4268e-05 (4.4268e-05)	Loss 3.0173e-01 (3.0173e-01)	Max mem (MiB) 3109 (3109)
2026-04-30 14:58:18,948 - train_accuracy: 0.0000
2026-04-30 14:58:18,948 - train_total: 5376.0000
2026-04-30 14:58:18,948 - train_correct: 0.0000
2026-04-30 14:58:33,839 - val_accuracy: 1.0000
2026-04-30 14:58:33,839 - eval_accuracy: 0.8200
2026-04-30 14:58:33,839 - eval_total: 600.0000
2026-04-30 14:58:33,839 - eval_correct: 492.0000
Epoch: [10][  1/168]	Time  1.033 ( 1.033)	Data  0.918 ( 0.918)	max lr 4.2313e-05 (4.2313e-05)	min lr 4.2313e-05 (4.2313e-05)	Loss 2.4939e-01 (2.4939e-01)	Max mem (MiB) 3109 (3109)
2026-04-30 14:58:55,634 - train_accuracy: 0.0000
2026-04-30 14:58:55,634 - train_total: 5376.0000
2026-04-30 14:58:55,634 - train_correct: 0.0000
2026-04-30 14:59:21,909 - val_accuracy: 1.0000
2026-04-30 14:59:21,909 - eval_accuracy: 0.8117
2026-04-30 14:59:21,909 - eval_total: 600.0000
2026-04-30 14:59:21,909 - eval_correct: 487.0000
Epoch: [11][  1/168]	Time  1.274 ( 1.274)	Data  1.156 ( 1.156)	max lr 4.0130e-05 (4.0130e-05)	min lr 4.0130e-05 (4.0130e-05)	Loss 2.6432e-01 (2.6432e-01)	Max mem (MiB) 3109 (3109)
2026-04-30 14:59:43,770 - train_accuracy: 0.0000
2026-04-30 14:59:43,770 - train_total: 5376.0000
2026-04-30 14:59:43,770 - train_correct: 0.0000
2026-04-30 14:59:58,346 - val_accuracy: 1.0000
2026-04-30 14:59:58,347 - eval_accuracy: 0.8100
2026-04-30 14:59:58,347 - eval_total: 600.0000
2026-04-30 14:59:58,347 - eval_correct: 486.0000
Epoch: [12][  1/168]	Time  1.376 ( 1.376)	Data  1.260 ( 1.260)	max lr 3.7750e-05 (3.7750e-05)	min lr 3.7750e-05 (3.7750e-05)	Loss 2.8272e-01 (2.8272e-01)	Max mem (MiB) 3109 (3109)
2026-04-30 15:00:20,375 - train_accuracy: 0.0000
2026-04-30 15:00:20,376 - train_total: 5376.0000
2026-04-30 15:00:20,376 - train_correct: 0.0000
2026-04-30 15:00:44,807 - val_accuracy: 1.0000
2026-04-30 15:00:44,807 - eval_accuracy: 0.8250
2026-04-30 15:00:44,807 - eval_total: 600.0000
2026-04-30 15:00:44,807 - eval_correct: 495.0000
Epoch: [13][  1/168]	Time  1.303 ( 1.303)	Data  1.185 ( 1.185)	max lr 3.5204e-05 (3.5204e-05)	min lr 3.5204e-05 (3.5204e-05)	Loss 2.1431e-01 (2.1431e-01)	Max mem (MiB) 3109 (3109)
2026-04-30 15:01:06,766 - train_accuracy: 0.0000
2026-04-30 15:01:06,766 - train_total: 5376.0000
2026-04-30 15:01:06,766 - train_correct: 0.0000
2026-04-30 15:01:27,828 - val_accuracy: 1.0000
2026-04-30 15:01:27,828 - eval_accuracy: 0.8083
2026-04-30 15:01:27,828 - eval_total: 600.0000
2026-04-30 15:01:27,828 - eval_correct: 485.0000
Epoch: [14][  1/168]	Time  1.167 ( 1.167)	Data  1.051 ( 1.051)	max lr 3.2527e-05 (3.2527e-05)	min lr 3.2527e-05 (3.2527e-05)	Loss 2.9219e-01 (2.9219e-01)	Max mem (MiB) 3109 (3109)
2026-04-30 15:01:49,644 - train_accuracy: 0.0000
2026-04-30 15:01:49,644 - train_total: 5376.0000
2026-04-30 15:01:49,644 - train_correct: 0.0000
2026-04-30 15:02:11,220 - val_accuracy: 1.0000
2026-04-30 15:02:11,220 - eval_accuracy: 0.8133
2026-04-30 15:02:11,220 - eval_total: 600.0000
2026-04-30 15:02:11,221 - eval_correct: 488.0000
Epoch: [15][  1/168]	Time  0.842 ( 0.842)	Data  0.726 ( 0.726)	max lr 2.9754e-05 (2.9754e-05)	min lr 2.9754e-05 (2.9754e-05)	Loss 1.6744e-01 (1.6744e-01)	Max mem (MiB) 3109 (3109)
2026-04-30 15:02:32,976 - train_accuracy: 0.0000
2026-04-30 15:02:32,976 - train_total: 5376.0000
2026-04-30 15:02:32,976 - train_correct: 0.0000
2026-04-30 15:02:59,230 - val_accuracy: 1.0000
2026-04-30 15:02:59,231 - eval_accuracy: 0.8200
2026-04-30 15:02:59,231 - eval_total: 600.0000
2026-04-30 15:02:59,231 - eval_correct: 492.0000
Epoch: [16][  1/168]	Time  1.163 ( 1.163)	Data  1.047 ( 1.047)	max lr 2.6925e-05 (2.6925e-05)	min lr 2.6925e-05 (2.6925e-05)	Loss 1.5080e-01 (1.5080e-01)	Max mem (MiB) 3109 (3109)
2026-04-30 15:03:20,980 - train_accuracy: 0.0000
2026-04-30 15:03:20,980 - train_total: 5376.0000
2026-04-30 15:03:20,980 - train_correct: 0.0000
2026-04-30 15:03:35,836 - val_accuracy: 1.0000
2026-04-30 15:03:35,836 - eval_accuracy: 0.8033
2026-04-30 15:03:35,836 - eval_total: 600.0000
2026-04-30 15:03:35,836 - eval_correct: 482.0000
Epoch: [17][  1/168]	Time  1.021 ( 1.021)	Data  0.906 ( 0.906)	max lr 2.4075e-05 (2.4075e-05)	min lr 2.4075e-05 (2.4075e-05)	Loss 2.7161e-01 (2.7161e-01)	Max mem (MiB) 3109 (3109)
2026-04-30 15:03:57,699 - train_accuracy: 0.0000
2026-04-30 15:03:57,699 - train_total: 5376.0000
2026-04-30 15:03:57,699 - train_correct: 0.0000
2026-04-30 15:04:12,541 - val_accuracy: 1.0000
2026-04-30 15:04:12,541 - eval_accuracy: 0.8133
2026-04-30 15:04:12,541 - eval_total: 600.0000
2026-04-30 15:04:12,541 - eval_correct: 488.0000
Epoch: [18][  1/168]	Time  0.821 ( 0.821)	Data  0.706 ( 0.706)	max lr 2.1246e-05 (2.1246e-05)	min lr 2.1246e-05 (2.1246e-05)	Loss 1.7186e-01 (1.7186e-01)	Max mem (MiB) 3109 (3109)
2026-04-30 15:04:34,353 - train_accuracy: 0.0000
2026-04-30 15:04:34,353 - train_total: 5376.0000
2026-04-30 15:04:34,353 - train_correct: 0.0000
2026-04-30 15:04:48,996 - val_accuracy: 1.0000
2026-04-30 15:04:48,996 - eval_accuracy: 0.8267
2026-04-30 15:04:48,996 - eval_total: 600.0000
2026-04-30 15:04:48,996 - eval_correct: 496.0000
Epoch: [19][  1/168]	Time  0.953 ( 0.953)	Data  0.837 ( 0.837)	max lr 1.8473e-05 (1.8473e-05)	min lr 1.8473e-05 (1.8473e-05)	Loss 2.0799e-01 (2.0799e-01)	Max mem (MiB) 3109 (3109)
2026-04-30 15:05:10,922 - train_accuracy: 0.0000
2026-04-30 15:05:10,922 - train_total: 5376.0000
2026-04-30 15:05:10,922 - train_correct: 0.0000
2026-04-30 15:05:25,829 - val_accuracy: 1.0000
2026-04-30 15:05:25,829 - eval_accuracy: 0.8217
2026-04-30 15:05:25,829 - eval_total: 600.0000
2026-04-30 15:05:25,829 - eval_correct: 493.0000
Epoch: [20][  1/168]	Time  1.118 ( 1.118)	Data  1.001 ( 1.001)	max lr 1.5796e-05 (1.5796e-05)	min lr 1.5796e-05 (1.5796e-05)	Loss 1.6965e-01 (1.6965e-01)	Max mem (MiB) 3109 (3109)
2026-04-30 15:05:47,682 - train_accuracy: 0.0000
2026-04-30 15:05:47,682 - train_total: 5376.0000
2026-04-30 15:05:47,682 - train_correct: 0.0000
2026-04-30 15:06:16,117 - val_accuracy: 1.0000
2026-04-30 15:06:16,117 - eval_accuracy: 0.8233
2026-04-30 15:06:16,117 - eval_total: 600.0000
2026-04-30 15:06:16,117 - eval_correct: 494.0000
Epoch: [21][  1/168]	Time  1.326 ( 1.326)	Data  1.210 ( 1.210)	max lr 1.3250e-05 (1.3250e-05)	min lr 1.3250e-05 (1.3250e-05)	Loss 2.1863e-01 (2.1863e-01)	Max mem (MiB) 3109 (3109)
2026-04-30 15:06:38,135 - train_accuracy: 0.0000
2026-04-30 15:06:38,135 - train_total: 5376.0000
2026-04-30 15:06:38,135 - train_correct: 0.0000
2026-04-30 15:06:53,226 - val_accuracy: 1.0000
2026-04-30 15:06:53,226 - eval_accuracy: 0.8150
2026-04-30 15:06:53,226 - eval_total: 600.0000
2026-04-30 15:06:53,226 - eval_correct: 489.0000
Epoch: [22][  1/168]	Time  1.219 ( 1.219)	Data  1.102 ( 1.102)	max lr 1.0870e-05 (1.0870e-05)	min lr 1.0870e-05 (1.0870e-05)	Loss 1.8826e-01 (1.8826e-01)	Max mem (MiB) 3109 (3109)
2026-04-30 15:07:15,259 - train_accuracy: 0.0000
2026-04-30 15:07:15,259 - train_total: 5376.0000
2026-04-30 15:07:15,259 - train_correct: 0.0000
2026-04-30 15:07:30,528 - val_accuracy: 1.0000
2026-04-30 15:07:30,528 - eval_accuracy: 0.8217
2026-04-30 15:07:30,528 - eval_total: 600.0000
2026-04-30 15:07:30,528 - eval_correct: 493.0000
Epoch: [23][  1/168]	Time  1.101 ( 1.101)	Data  0.984 ( 0.984)	max lr 8.6871e-06 (8.6871e-06)	min lr 8.6871e-06 (8.6871e-06)	Loss 2.6223e-01 (2.6223e-01)	Max mem (MiB) 3109 (3109)
2026-04-30 15:07:52,463 - train_accuracy: 0.0000
2026-04-30 15:07:52,463 - train_total: 5376.0000
2026-04-30 15:07:52,463 - train_correct: 0.0000
2026-04-30 15:08:07,181 - val_accuracy: 1.0000
2026-04-30 15:08:07,182 - eval_accuracy: 0.8200
2026-04-30 15:08:07,182 - eval_total: 600.0000
2026-04-30 15:08:07,182 - eval_correct: 492.0000
Epoch: [24][  1/168]	Time  1.342 ( 1.342)	Data  1.225 ( 1.225)	max lr 6.7319e-06 (6.7319e-06)	min lr 6.7319e-06 (6.7319e-06)	Loss 5.3633e-01 (5.3633e-01)	Max mem (MiB) 3109 (3109)
2026-04-30 15:08:29,216 - train_accuracy: 0.0000
2026-04-30 15:08:29,216 - train_total: 5376.0000
2026-04-30 15:08:29,216 - train_correct: 0.0000
2026-04-30 15:08:43,807 - val_accuracy: 1.0000
2026-04-30 15:08:43,807 - eval_accuracy: 0.8250
2026-04-30 15:08:43,807 - eval_total: 600.0000
2026-04-30 15:08:43,807 - eval_correct: 495.0000
Epoch: [25][  1/168]	Time  1.221 ( 1.221)	Data  1.103 ( 1.103)	max lr 5.0305e-06 (5.0305e-06)	min lr 5.0305e-06 (5.0305e-06)	Loss 2.1671e-01 (2.1671e-01)	Max mem (MiB) 3109 (3109)
2026-04-30 15:09:05,765 - train_accuracy: 0.0000
2026-04-30 15:09:05,765 - train_total: 5376.0000
2026-04-30 15:09:05,765 - train_correct: 0.0000
2026-04-30 15:09:31,724 - val_accuracy: 1.0000
2026-04-30 15:09:31,725 - eval_accuracy: 0.8133
2026-04-30 15:09:31,725 - eval_total: 600.0000
2026-04-30 15:09:31,725 - eval_correct: 488.0000
Epoch: [26][  1/168]	Time  0.752 ( 0.752)	Data  0.636 ( 0.636)	max lr 3.6060e-06 (3.6060e-06)	min lr 3.6060e-06 (3.6060e-06)	Loss 2.3097e-01 (2.3097e-01)	Max mem (MiB) 3109 (3109)
2026-04-30 15:09:53,234 - train_accuracy: 0.0000
2026-04-30 15:09:53,234 - train_total: 5376.0000
2026-04-30 15:09:53,234 - train_correct: 0.0000
2026-04-30 15:10:07,912 - val_accuracy: 1.0000
2026-04-30 15:10:07,912 - eval_accuracy: 0.8200
2026-04-30 15:10:07,912 - eval_total: 600.0000
2026-04-30 15:10:07,912 - eval_correct: 492.0000
Epoch: [27][  1/168]	Time  1.150 ( 1.150)	Data  1.034 ( 1.034)	max lr 2.4775e-06 (2.4775e-06)	min lr 2.4775e-06 (2.4775e-06)	Loss 2.0055e-01 (2.0055e-01)	Max mem (MiB) 3109 (3109)
2026-04-30 15:10:29,840 - train_accuracy: 0.0000
2026-04-30 15:10:29,840 - train_total: 5376.0000
2026-04-30 15:10:29,840 - train_correct: 0.0000
2026-04-30 15:10:44,469 - val_accuracy: 1.0000
2026-04-30 15:10:44,469 - eval_accuracy: 0.8250
2026-04-30 15:10:44,469 - eval_total: 600.0000
2026-04-30 15:10:44,470 - eval_correct: 495.0000
Epoch: [28][  1/168]	Time  1.391 ( 1.391)	Data  1.276 ( 1.276)	max lr 1.6604e-06 (1.6604e-06)	min lr 1.6604e-06 (1.6604e-06)	Loss 1.9850e-01 (1.9850e-01)	Max mem (MiB) 3109 (3109)
2026-04-30 15:11:06,640 - train_accuracy: 0.0000
2026-04-30 15:11:06,641 - train_total: 5376.0000
2026-04-30 15:11:06,641 - train_correct: 0.0000
2026-04-30 15:11:21,227 - val_accuracy: 1.0000
2026-04-30 15:11:21,227 - eval_accuracy: 0.8200
2026-04-30 15:11:21,227 - eval_total: 600.0000
2026-04-30 15:11:21,227 - eval_correct: 492.0000
Epoch: [29][  1/168]	Time  1.166 ( 1.166)	Data  1.050 ( 1.050)	max lr 1.1657e-06 (1.1657e-06)	min lr 1.1657e-06 (1.1657e-06)	Loss 2.1499e-01 (2.1499e-01)	Max mem (MiB) 3109 (3109)
2026-04-30 15:11:43,125 - train_accuracy: 0.0000
2026-04-30 15:11:43,126 - train_total: 5376.0000
2026-04-30 15:11:43,126 - train_correct: 0.0000
2026-04-30 15:12:10,064 - val_accuracy: 1.0000
2026-04-30 15:12:10,064 - eval_accuracy: 0.8133
2026-04-30 15:12:10,064 - eval_total: 600.0000
2026-04-30 15:12:10,064 - eval_correct: 488.0000
Experiment time 0:20:11
