[2026-04-27 16:10:54,407] [INFO] [real_accelerator.py:219:get_accelerator] Setting ds_accelerator to cuda (auto detect)
Warning: The cache directory for DeepSpeed Triton autotune, /home/bt2/22CS10052/.triton/autotune, appears to be on an NFS system. While this is generally acceptable, if you experience slowdowns or hanging when DeepSpeed exits, it is recommended to set the TRITON_CACHE_DIR environment variable to a non-NFS path.
Attention implementation: flash_attention2
2026-04-27 16:10:57,838 - Local rank: -1
2026-04-27 16:10:57,838 - Loading config from configs/atlas_256_in1k_b.yaml
2026-04-27 16:10:57,859 - Replacing key at main.exp_name with atlas_d2d10_base_r256_b
2026-04-27 16:10:57,859 - Replacing key at main.tags with ['atlas', 'hr-in100']
2026-04-27 16:10:57,859 - Replacing key at main.phases.dev with True
2026-04-27 16:10:57,859 - Replacing key at main.checkpoints_dir with /home/bt2/22CS10052/Codebase/Atlas/checkpoints/Atlas_in1k_256_b
2026-04-27 16:10:57,859 - Replacing key at main.wandb_project with architecture
2026-04-27 16:10:57,859 - Replacing key at main.disable_wandb with True
2026-04-27 16:10:57,859 - Replacing key at main.allow_overwriting_experiment_checkpoints with True
2026-04-27 16:10:57,859 - Replacing key at dataset.shared_dataset_kwargs.data_path with /home/bt2/22CS10052/task/imagenet/
2026-04-27 16:10:57,859 - Replacing key at dataset.image_augmentations with [{'type': 'TimmAug', 'kwargs': {'input_size': 256, 'color_jitter': None, 'aa': 'rand-m9-mstd0.5-inc1', 'reprob': 0.25, 'remode': 'pixel', 'recount': 1, 'mean': [0.485, 0.456, 0.406], 'std': [0.229, 0.224, 0.225]}}]
2026-04-27 16:10:57,859 - Replacing key at dataset.test_image_augmentations with [{'type': 'TorchvisionResize', 'kwargs': {'img_size': [256, 256]}}, {'type': 'TorchvisionCenterCrop', 'kwargs': {'height': 256, 'width': 256}}, {'type': 'TorchvisionToTensor', 'kwargs': {}}, {'type': 'NormalizeTensor2d', 'kwargs': {'channel_means': [0.485, 0.456, 0.406], 'channel_stds': [0.229, 0.224, 0.225]}}]
2026-04-27 16:10:57,859 - Replacing key at dataloader.batch_size with 384
2026-04-27 16:10:57,859 - Replacing key at dataloader.eval_batch_size with 384
2026-04-27 16:10:57,859 - Replacing key at dataloader.num_workers with 16
2026-04-27 16:10:57,859 - Replacing key at dataloader.train_drop_last with True
2026-04-27 16:10:57,859 - Replacing key at dataloader.val_drop_last with True
2026-04-27 16:10:57,859 - Replacing key at engine.type with Classifier
2026-04-27 16:10:57,859 - Replacing key at engine.kwargs.resume with /home/bt2/22CS10052/Codebase/Atlas/checkpoints/Atlas_in1k_256_b/atlas_d2d10_base_r256_b/latest.ckpt
2026-04-27 16:10:57,859 - Replacing key at optimizer.type with AdamW
2026-04-27 16:10:57,859 - Replacing key at optimizer.kwargs with {'lr': 0.0003, 'betas': [0.9, 0.999]}
2026-04-27 16:10:57,859 - Replacing key at optimizer.scheduler.interval with step
2026-04-27 16:10:57,859 - Replacing key at optimizer.scheduler.type with StepCosineAnnealingWarmup
2026-04-27 16:10:57,859 - Replacing key at optimizer.scheduler.kwargs with {'warmup_epochs': 10, 'max_epochs': 100, 'min_lr': 1e-06}
2026-04-27 16:10:57,859 - Replacing key at model.type with Atlas
2026-04-27 16:10:57,859 - Replacing key at model.kwargs with {'num_classes': 1000, 'img_size': [256, 256, 1], 'patch_size': [16, 16, 1], 'in_chans': 3, 'embed_dim': 768, 'kwargs_list': [{'img_size': [256, 256, 1], 'patch_size': 16, 'local2global': 4, 'merge_ratio': 16, 'in_dim': 64, 'dim': 768, 'num_features': 192, 'num_classes': 1000, 'drop_path_rate': 0.4, 'global_pool': 'avg', 'class_token': False, 'depths': 2, 'qkv_bias': True, 'pre_norm': False, 'num_heads': 12, 'mlp_ratio': 4, 'embed_dim': 768, 'embed_op': 'convstem', 'layer_args': {'qkv_bias': True, 'qk_scale': 'None', 'input_resolution': 256}}, {'img_size': [16, 16, 1], 'patch_size': 1, 'local2global': 4, 'merge_ratio': 16, 'num_classes': 1000, 'drop_path_rate': 0.4, 'global_pool': 'avg', 'class_token': False, 'depths': 10, 'qkv_bias': True, 'pre_norm': False, 'num_heads': 12, 'mlp_ratio': 4, 'embed_dim': 768, 'embed_op': 'conv2d', 'in_dim': 64, 'dim': 768, 'num_features': 192, 'layer_args': {'qkv_bias': True, 'qk_scale': 'None', 'input_resolution': 256}}]}
2026-04-27 16:10:57,863 - | distributed init (global rank 0): env://, gpu 0 / world_size 1
experiment_checkpoints_dir: /home/bt2/22CS10052/Codebase/Atlas/checkpoints/Atlas_in1k_256_b/atlas_d2d10_base_r256_b
2026-04-27 16:10:58,209 - | initialized host gnode1 as rank 0
2026-04-27 16:10:58,221 - Multi-GPU: True
2026-04-27 16:10:58,276 - Checkpoint directory: /home/bt2/22CS10052/Codebase/Atlas/checkpoints/Atlas_in1k_256_b/atlas_d2d10_base_r256_b
2026-04-27 16:11:01,697 - Using distributed sampler
2026-04-27 16:11:03,956 - Multi-GPU distributed evaluation is enabled: the results may be a little inaccurate due to the padding or drop_last in DistributedSampler
2026-04-27 16:11:03,957 - Mixup is activated!
2026-04-27 16:11:03,957 - Engine built!
=========================================
Number of parameters
trainable_params: 110239736
non_trainable_params: 0
=========================================
2026-04-27 16:11:04,440 - Model: Atlas(
  (atlas_models): ModuleList(
    (0): StackMSA(
      (patch_embed): MultiConvEmbed(
        (proj): Identity()
        (conv0): Sequential(
          (0): Conv2d(3, 64, kernel_size=(3, 3), stride=(2, 2), padding=(1, 1), bias=False)
          (1): BatchNorm2d(64, eps=0.0001, momentum=0.1, affine=True, track_running_stats=True)
          (2): ReLU()
          (3): Conv2d(64, 192, kernel_size=(3, 3), stride=(2, 2), padding=(1, 1), bias=False)
          (4): BatchNorm2d(192, eps=0.0001, momentum=0.1, affine=True, track_running_stats=True)
          (5): ReLU()
        )
        (conv1): Sequential(
          (0): EarlyConvResidual(
            (conv_block1): Sequential(
              (0): Conv2d(192, 192, kernel_size=(3, 3), stride=(1, 1), padding=(1, 1))
              (1): BatchNorm2d(192, eps=1e-05, momentum=0.1, affine=True, track_running_stats=True)
              (2): GELU(approximate='none')
            )
            (conv_block2): Sequential(
              (0): Conv2d(192, 192, kernel_size=(3, 3), stride=(1, 1), padding=(1, 1))
              (1): BatchNorm2d(192, eps=1e-05, momentum=0.1, affine=True, track_running_stats=True)
            )
            (drop_path): Identity()
          )
          (1): EarlyConvResidual(
            (conv_block1): Sequential(
              (0): Conv2d(192, 192, kernel_size=(3, 3), stride=(1, 1), padding=(1, 1))
              (1): BatchNorm2d(192, eps=1e-05, momentum=0.1, affine=True, track_running_stats=True)
              (2): GELU(approximate='none')
            )
            (conv_block2): Sequential(
              (0): Conv2d(192, 192, kernel_size=(3, 3), stride=(1, 1), padding=(1, 1))
              (1): BatchNorm2d(192, eps=1e-05, momentum=0.1, affine=True, track_running_stats=True)
            )
            (drop_path): Identity()
          )
          (2): EarlyConvResidual(
            (conv_block1): Sequential(
              (0): Conv2d(192, 192, kernel_size=(3, 3), stride=(1, 1), padding=(1, 1))
              (1): BatchNorm2d(192, eps=1e-05, momentum=0.1, affine=True, track_running_stats=True)
              (2): GELU(approximate='none')
            )
            (conv_block2): Sequential(
              (0): Conv2d(192, 192, kernel_size=(3, 3), stride=(1, 1), padding=(1, 1))
              (1): BatchNorm2d(192, eps=1e-05, momentum=0.1, affine=True, track_running_stats=True)
            )
            (drop_path): Identity()
          )
        )
        (ds1): EarlyConvDS(
          (norm): LayerNorm2d((192,), eps=1e-06, elementwise_affine=True)
          (conv): Conv2d(192, 384, kernel_size=(3, 3), stride=(2, 2), padding=(1, 1), bias=False)
        )
        (conv2): Sequential(
          (0): EarlyConvResidual(
            (conv_block1): Sequential(
              (0): Conv2d(384, 384, kernel_size=(3, 3), stride=(1, 1), padding=(1, 1))
              (1): BatchNorm2d(384, eps=1e-05, momentum=0.1, affine=True, track_running_stats=True)
              (2): GELU(approximate='none')
            )
            (conv_block2): Sequential(
              (0): Conv2d(384, 384, kernel_size=(3, 3), stride=(1, 1), padding=(1, 1))
              (1): BatchNorm2d(384, eps=1e-05, momentum=0.1, affine=True, track_running_stats=True)
            )
            (drop_path): Identity()
          )
          (1): EarlyConvResidual(
            (conv_block1): Sequential(
              (0): Conv2d(384, 384, kernel_size=(3, 3), stride=(1, 1), padding=(1, 1))
              (1): BatchNorm2d(384, eps=1e-05, momentum=0.1, affine=True, track_running_stats=True)
              (2): GELU(approximate='none')
            )
            (conv_block2): Sequential(
              (0): Conv2d(384, 384, kernel_size=(3, 3), stride=(1, 1), padding=(1, 1))
              (1): BatchNorm2d(384, eps=1e-05, momentum=0.1, affine=True, track_running_stats=True)
            )
            (drop_path): Identity()
          )
          (2): EarlyConvResidual(
            (conv_block1): Sequential(
              (0): Conv2d(384, 384, kernel_size=(3, 3), stride=(1, 1), padding=(1, 1))
              (1): BatchNorm2d(384, eps=1e-05, momentum=0.1, affine=True, track_running_stats=True)
              (2): GELU(approximate='none')
            )
            (conv_block2): Sequential(
              (0): Conv2d(384, 384, kernel_size=(3, 3), stride=(1, 1), padding=(1, 1))
              (1): BatchNorm2d(384, eps=1e-05, momentum=0.1, affine=True, track_running_stats=True)
            )
            (drop_path): Identity()
          )
        )
        (ds2): EarlyConvDS(
          (norm): LayerNorm2d((384,), eps=1e-06, elementwise_affine=True)
          (conv): Conv2d(384, 768, kernel_size=(3, 3), stride=(2, 2), padding=(1, 1), bias=False)
        )
        (ds3): EarlyConvDS_56(
          (norm): LayerNorm2d((384,), eps=1e-06, elementwise_affine=True)
          (conv): Conv2d(384, 768, kernel_size=(2, 2), stride=(2, 2), padding=(8, 8), bias=False)
        )
        (ds4): EarlyConvDS_112(
          (norm): LayerNorm2d((192,), eps=1e-06, elementwise_affine=True)
          (conv): Conv2d(192, 384, kernel_size=(4, 4), stride=(2, 2), padding=(17, 17), bias=False)
        )
        (ds5): EarlyConvDS_28(
          (norm): LayerNorm2d((384,), eps=1e-06, elementwise_affine=True)
          (conv): Conv2d(384, 768, kernel_size=(2, 2), stride=(2, 2), padding=(4, 4), bias=False)
        )
        (ds6): EarlyConvDS_14(
          (norm): LayerNorm2d((384,), eps=1e-06, elementwise_affine=True)
          (conv): Conv2d(384, 768, kernel_size=(2, 2), stride=(2, 2), padding=(2, 2), bias=False)
        )
      )
      (levels): ModuleList(
        (0): MultiScaleAttentionLayer(
          (blocks): ModuleList(
            (0): MultiScaleAttentionBlock(
              (proj_drop): Dropout(p=0.0, inplace=False)
              (blocks): ModuleList(
                (0): CrossWindowBlock(
                  (norm1_q): LayerNorm((768,), eps=1e-05, elementwise_affine=True)
                  (norm1_kv): LayerNorm((768,), eps=1e-05, elementwise_affine=True)
                  (attn): CrossWindowAttention(
                    (q): Linear(in_features=768, out_features=768, bias=True)
                    (kv): Linear(in_features=768, out_features=1536, bias=True)
                    (proj): Linear(in_features=768, out_features=768, bias=True)
                    (proj_drop): Dropout(p=0.0, inplace=False)
                  )
                  (norm2): LayerNorm((768,), eps=1e-05, elementwise_affine=True)
                  (mlp): Mlp(
                    (fc1): Linear(in_features=768, out_features=3072, bias=True)
                    (act): GELU(approximate='none')
                    (drop1): Dropout(p=0.0, inplace=False)
                    (norm): Identity()
                    (fc2): Linear(in_features=3072, out_features=768, bias=True)
                    (drop2): Dropout(p=0.0, inplace=False)
                  )
                  (drop_path): Identity()
                )
              )
              (posemb): ModuleList(
                (0): RelativePositionEmbed(
                  (projector): Sequential(
                    (0): Linear(in_features=2, out_features=512, bias=True)
                    (1): ReLU()
                    (2): Linear(in_features=512, out_features=768, bias=False)
                  )
                )
              )
            )
            (1): MultiScaleAttentionBlock(
              (proj_drop): Dropout(p=0.0, inplace=False)
              (blocks): ModuleList(
                (0): CrossWindowBlock(
                  (norm1_q): LayerNorm((768,), eps=1e-05, elementwise_affine=True)
                  (norm1_kv): LayerNorm((768,), eps=1e-05, elementwise_affine=True)
                  (attn): CrossWindowAttention(
                    (q): Linear(in_features=768, out_features=768, bias=True)
                    (kv): Linear(in_features=768, out_features=1536, bias=True)
                    (proj): Linear(in_features=768, out_features=768, bias=True)
                    (proj_drop): Dropout(p=0.0, inplace=False)
                  )
                  (norm2): LayerNorm((768,), eps=1e-05, elementwise_affine=True)
                  (mlp): Mlp(
                    (fc1): Linear(in_features=768, out_features=3072, bias=True)
                    (act): GELU(approximate='none')
                    (drop1): Dropout(p=0.0, inplace=False)
                    (norm): Identity()
                    (fc2): Linear(in_features=3072, out_features=768, bias=True)
                    (drop2): Dropout(p=0.0, inplace=False)
                  )
                  (drop_path): DropPath(drop_prob=0.400)
                )
              )
              (posemb): ModuleList(
                (0): RelativePositionEmbed(
                  (projector): Sequential(
                    (0): Linear(in_features=2, out_features=512, bias=True)
                    (1): ReLU()
                    (2): Linear(in_features=512, out_features=768, bias=False)
                  )
                )
              )
            )
          )
        )
      )
      (norm): BatchNorm2d(768, eps=1e-05, momentum=0.1, affine=True, track_running_stats=True)
      (avgpool): AdaptiveAvgPool2d(output_size=1)
      (head): Linear(in_features=768, out_features=1000, bias=True)
    )
    (1): StackMSA(
      (levels): ModuleList(
        (0): MultiScaleAttentionLayer(
          (blocks): ModuleList(
            (0): MultiScaleAttentionBlock(
              (proj_drop): Dropout(p=0.0, inplace=False)
              (blocks): ModuleList(
                (0): CrossWindowBlock(
                  (norm1_q): LayerNorm((768,), eps=1e-05, elementwise_affine=True)
                  (norm1_kv): LayerNorm((768,), eps=1e-05, elementwise_affine=True)
                  (attn): CrossWindowAttention(
                    (q): Linear(in_features=768, out_features=768, bias=True)
                    (kv): Linear(in_features=768, out_features=1536, bias=True)
                    (proj): Linear(in_features=768, out_features=768, bias=True)
                    (proj_drop): Dropout(p=0.0, inplace=False)
                  )
                  (norm2): LayerNorm((768,), eps=1e-05, elementwise_affine=True)
                  (mlp): Mlp(
                    (fc1): Linear(in_features=768, out_features=3072, bias=True)
                    (act): GELU(approximate='none')
                    (drop1): Dropout(p=0.0, inplace=False)
                    (norm): Identity()
                    (fc2): Linear(in_features=3072, out_features=768, bias=True)
                    (drop2): Dropout(p=0.0, inplace=False)
                  )
                  (drop_path): Identity()
                )
              )
              (posemb): ModuleList(
                (0): RelativePositionEmbed(
                  (projector): Sequential(
                    (0): Linear(in_features=2, out_features=512, bias=True)
                    (1): ReLU()
                    (2): Linear(in_features=512, out_features=768, bias=False)
                  )
                )
              )
            )
            (1): MultiScaleAttentionBlock(
              (proj_drop): Dropout(p=0.0, inplace=False)
              (blocks): ModuleList(
                (0): CrossWindowBlock(
                  (norm1_q): LayerNorm((768,), eps=1e-05, elementwise_affine=True)
                  (norm1_kv): LayerNorm((768,), eps=1e-05, elementwise_affine=True)
                  (attn): CrossWindowAttention(
                    (q): Linear(in_features=768, out_features=768, bias=True)
                    (kv): Linear(in_features=768, out_features=1536, bias=True)
                    (proj): Linear(in_features=768, out_features=768, bias=True)
                    (proj_drop): Dropout(p=0.0, inplace=False)
                  )
                  (norm2): LayerNorm((768,), eps=1e-05, elementwise_affine=True)
                  (mlp): Mlp(
                    (fc1): Linear(in_features=768, out_features=3072, bias=True)
                    (act): GELU(approximate='none')
                    (drop1): Dropout(p=0.0, inplace=False)
                    (norm): Identity()
                    (fc2): Linear(in_features=3072, out_features=768, bias=True)
                    (drop2): Dropout(p=0.0, inplace=False)
                  )
                  (drop_path): DropPath(drop_prob=0.044)
                )
              )
              (posemb): ModuleList(
                (0): RelativePositionEmbed(
                  (projector): Sequential(
                    (0): Linear(in_features=2, out_features=512, bias=True)
                    (1): ReLU()
                    (2): Linear(in_features=512, out_features=768, bias=False)
                  )
                )
              )
            )
            (2): MultiScaleAttentionBlock(
              (proj_drop): Dropout(p=0.0, inplace=False)
              (blocks): ModuleList(
                (0): CrossWindowBlock(
                  (norm1_q): LayerNorm((768,), eps=1e-05, elementwise_affine=True)
                  (norm1_kv): LayerNorm((768,), eps=1e-05, elementwise_affine=True)
                  (attn): CrossWindowAttention(
                    (q): Linear(in_features=768, out_features=768, bias=True)
                    (kv): Linear(in_features=768, out_features=1536, bias=True)
                    (proj): Linear(in_features=768, out_features=768, bias=True)
                    (proj_drop): Dropout(p=0.0, inplace=False)
                  )
                  (norm2): LayerNorm((768,), eps=1e-05, elementwise_affine=True)
                  (mlp): Mlp(
                    (fc1): Linear(in_features=768, out_features=3072, bias=True)
                    (act): GELU(approximate='none')
                    (drop1): Dropout(p=0.0, inplace=False)
                    (norm): Identity()
                    (fc2): Linear(in_features=3072, out_features=768, bias=True)
                    (drop2): Dropout(p=0.0, inplace=False)
                  )
                  (drop_path): DropPath(drop_prob=0.089)
                )
              )
              (posemb): ModuleList(
                (0): RelativePositionEmbed(
                  (projector): Sequential(
                    (0): Linear(in_features=2, out_features=512, bias=True)
                    (1): ReLU()
                    (2): Linear(in_features=512, out_features=768, bias=False)
                  )
                )
              )
            )
            (3): MultiScaleAttentionBlock(
              (proj_drop): Dropout(p=0.0, inplace=False)
              (blocks): ModuleList(
                (0): CrossWindowBlock(
                  (norm1_q): LayerNorm((768,), eps=1e-05, elementwise_affine=True)
                  (norm1_kv): LayerNorm((768,), eps=1e-05, elementwise_affine=True)
                  (attn): CrossWindowAttention(
                    (q): Linear(in_features=768, out_features=768, bias=True)
                    (kv): Linear(in_features=768, out_features=1536, bias=True)
                    (proj): Linear(in_features=768, out_features=768, bias=True)
                    (proj_drop): Dropout(p=0.0, inplace=False)
                  )
                  (norm2): LayerNorm((768,), eps=1e-05, elementwise_affine=True)
                  (mlp): Mlp(
                    (fc1): Linear(in_features=768, out_features=3072, bias=True)
                    (act): GELU(approximate='none')
                    (drop1): Dropout(p=0.0, inplace=False)
                    (norm): Identity()
                    (fc2): Linear(in_features=3072, out_features=768, bias=True)
                    (drop2): Dropout(p=0.0, inplace=False)
                  )
                  (drop_path): DropPath(drop_prob=0.133)
                )
              )
              (posemb): ModuleList(
                (0): RelativePositionEmbed(
                  (projector): Sequential(
                    (0): Linear(in_features=2, out_features=512, bias=True)
                    (1): ReLU()
                    (2): Linear(in_features=512, out_features=768, bias=False)
                  )
                )
              )
            )
            (4): MultiScaleAttentionBlock(
              (proj_drop): Dropout(p=0.0, inplace=False)
              (blocks): ModuleList(
                (0): CrossWindowBlock(
                  (norm1_q): LayerNorm((768,), eps=1e-05, elementwise_affine=True)
                  (norm1_kv): LayerNorm((768,), eps=1e-05, elementwise_affine=True)
                  (attn): CrossWindowAttention(
                    (q): Linear(in_features=768, out_features=768, bias=True)
                    (kv): Linear(in_features=768, out_features=1536, bias=True)
                    (proj): Linear(in_features=768, out_features=768, bias=True)
                    (proj_drop): Dropout(p=0.0, inplace=False)
                  )
                  (norm2): LayerNorm((768,), eps=1e-05, elementwise_affine=True)
                  (mlp): Mlp(
                    (fc1): Linear(in_features=768, out_features=3072, bias=True)
                    (act): GELU(approximate='none')
                    (drop1): Dropout(p=0.0, inplace=False)
                    (norm): Identity()
                    (fc2): Linear(in_features=3072, out_features=768, bias=True)
                    (drop2): Dropout(p=0.0, inplace=False)
                  )
                  (drop_path): DropPath(drop_prob=0.178)
                )
              )
              (posemb): ModuleList(
                (0): RelativePositionEmbed(
                  (projector): Sequential(
                    (0): Linear(in_features=2, out_features=512, bias=True)
                    (1): ReLU()
                    (2): Linear(in_features=512, out_features=768, bias=False)
                  )
                )
              )
            )
            (5): MultiScaleAttentionBlock(
              (proj_drop): Dropout(p=0.0, inplace=False)
              (blocks): ModuleList(
                (0): CrossWindowBlock(
                  (norm1_q): LayerNorm((768,), eps=1e-05, elementwise_affine=True)
                  (norm1_kv): LayerNorm((768,), eps=1e-05, elementwise_affine=True)
                  (attn): CrossWindowAttention(
                    (q): Linear(in_features=768, out_features=768, bias=True)
                    (kv): Linear(in_features=768, out_features=1536, bias=True)
                    (proj): Linear(in_features=768, out_features=768, bias=True)
                    (proj_drop): Dropout(p=0.0, inplace=False)
                  )
                  (norm2): LayerNorm((768,), eps=1e-05, elementwise_affine=True)
                  (mlp): Mlp(
                    (fc1): Linear(in_features=768, out_features=3072, bias=True)
                    (act): GELU(approximate='none')
                    (drop1): Dropout(p=0.0, inplace=False)
                    (norm): Identity()
                    (fc2): Linear(in_features=3072, out_features=768, bias=True)
                    (drop2): Dropout(p=0.0, inplace=False)
                  )
                  (drop_path): DropPath(drop_prob=0.222)
                )
              )
              (posemb): ModuleList(
                (0): RelativePositionEmbed(
                  (projector): Sequential(
                    (0): Linear(in_features=2, out_features=512, bias=True)
                    (1): ReLU()
                    (2): Linear(in_features=512, out_features=768, bias=False)
                  )
                )
              )
            )
            (6): MultiScaleAttentionBlock(
              (proj_drop): Dropout(p=0.0, inplace=False)
              (blocks): ModuleList(
                (0): CrossWindowBlock(
                  (norm1_q): LayerNorm((768,), eps=1e-05, elementwise_affine=True)
                  (norm1_kv): LayerNorm((768,), eps=1e-05, elementwise_affine=True)
                  (attn): CrossWindowAttention(
                    (q): Linear(in_features=768, out_features=768, bias=True)
                    (kv): Linear(in_features=768, out_features=1536, bias=True)
                    (proj): Linear(in_features=768, out_features=768, bias=True)
                    (proj_drop): Dropout(p=0.0, inplace=False)
                  )
                  (norm2): LayerNorm((768,), eps=1e-05, elementwise_affine=True)
                  (mlp): Mlp(
                    (fc1): Linear(in_features=768, out_features=3072, bias=True)
                    (act): GELU(approximate='none')
                    (drop1): Dropout(p=0.0, inplace=False)
                    (norm): Identity()
                    (fc2): Linear(in_features=3072, out_features=768, bias=True)
                    (drop2): Dropout(p=0.0, inplace=False)
                  )
                  (drop_path): DropPath(drop_prob=0.267)
                )
              )
              (posemb): ModuleList(
                (0): RelativePositionEmbed(
                  (projector): Sequential(
                    (0): Linear(in_features=2, out_features=512, bias=True)
                    (1): ReLU()
                    (2): Linear(in_features=512, out_features=768, bias=False)
                  )
                )
              )
            )
            (7): MultiScaleAttentionBlock(
              (proj_drop): Dropout(p=0.0, inplace=False)
              (blocks): ModuleList(
                (0): CrossWindowBlock(
                  (norm1_q): LayerNorm((768,), eps=1e-05, elementwise_affine=True)
                  (norm1_kv): LayerNorm((768,), eps=1e-05, elementwise_affine=True)
                  (attn): CrossWindowAttention(
                    (q): Linear(in_features=768, out_features=768, bias=True)
                    (kv): Linear(in_features=768, out_features=1536, bias=True)
                    (proj): Linear(in_features=768, out_features=768, bias=True)
                    (proj_drop): Dropout(p=0.0, inplace=False)
                  )
                  (norm2): LayerNorm((768,), eps=1e-05, elementwise_affine=True)
                  (mlp): Mlp(
                    (fc1): Linear(in_features=768, out_features=3072, bias=True)
                    (act): GELU(approximate='none')
                    (drop1): Dropout(p=0.0, inplace=False)
                    (norm): Identity()
                    (fc2): Linear(in_features=3072, out_features=768, bias=True)
                    (drop2): Dropout(p=0.0, inplace=False)
                  )
                  (drop_path): DropPath(drop_prob=0.311)
                )
              )
              (posemb): ModuleList(
                (0): RelativePositionEmbed(
                  (projector): Sequential(
                    (0): Linear(in_features=2, out_features=512, bias=True)
                    (1): ReLU()
                    (2): Linear(in_features=512, out_features=768, bias=False)
                  )
                )
              )
            )
            (8): MultiScaleAttentionBlock(
              (proj_drop): Dropout(p=0.0, inplace=False)
              (blocks): ModuleList(
                (0): CrossWindowBlock(
                  (norm1_q): LayerNorm((768,), eps=1e-05, elementwise_affine=True)
                  (norm1_kv): LayerNorm((768,), eps=1e-05, elementwise_affine=True)
                  (attn): CrossWindowAttention(
                    (q): Linear(in_features=768, out_features=768, bias=True)
                    (kv): Linear(in_features=768, out_features=1536, bias=True)
                    (proj): Linear(in_features=768, out_features=768, bias=True)
                    (proj_drop): Dropout(p=0.0, inplace=False)
                  )
                  (norm2): LayerNorm((768,), eps=1e-05, elementwise_affine=True)
                  (mlp): Mlp(
                    (fc1): Linear(in_features=768, out_features=3072, bias=True)
                    (act): GELU(approximate='none')
                    (drop1): Dropout(p=0.0, inplace=False)
                    (norm): Identity()
                    (fc2): Linear(in_features=3072, out_features=768, bias=True)
                    (drop2): Dropout(p=0.0, inplace=False)
                  )
                  (drop_path): DropPath(drop_prob=0.356)
                )
              )
              (posemb): ModuleList(
                (0): RelativePositionEmbed(
                  (projector): Sequential(
                    (0): Linear(in_features=2, out_features=512, bias=True)
                    (1): ReLU()
                    (2): Linear(in_features=512, out_features=768, bias=False)
                  )
                )
              )
            )
            (9): MultiScaleAttentionBlock(
              (proj_drop): Dropout(p=0.0, inplace=False)
              (blocks): ModuleList(
                (0): CrossWindowBlock(
                  (norm1_q): LayerNorm((768,), eps=1e-05, elementwise_affine=True)
                  (norm1_kv): LayerNorm((768,), eps=1e-05, elementwise_affine=True)
                  (attn): CrossWindowAttention(
                    (q): Linear(in_features=768, out_features=768, bias=True)
                    (kv): Linear(in_features=768, out_features=1536, bias=True)
                    (proj): Linear(in_features=768, out_features=768, bias=True)
                    (proj_drop): Dropout(p=0.0, inplace=False)
                  )
                  (norm2): LayerNorm((768,), eps=1e-05, elementwise_affine=True)
                  (mlp): Mlp(
                    (fc1): Linear(in_features=768, out_features=3072, bias=True)
                    (act): GELU(approximate='none')
                    (drop1): Dropout(p=0.0, inplace=False)
                    (norm): Identity()
                    (fc2): Linear(in_features=3072, out_features=768, bias=True)
                    (drop2): Dropout(p=0.0, inplace=False)
                  )
                  (drop_path): DropPath(drop_prob=0.400)
                )
              )
              (posemb): ModuleList(
                (0): RelativePositionEmbed(
                  (projector): Sequential(
                    (0): Linear(in_features=2, out_features=512, bias=True)
                    (1): ReLU()
                    (2): Linear(in_features=512, out_features=768, bias=False)
                  )
                )
              )
            )
          )
        )
      )
      (norm): BatchNorm2d(768, eps=1e-05, momentum=0.1, affine=True, track_running_stats=True)
      (avgpool): AdaptiveAvgPool2d(output_size=1)
      (head): Linear(in_features=768, out_features=1000, bias=True)
    )
  )
  (readout_norm): LayerNorm((768,), eps=1e-05, elementwise_affine=True)
  (fc_norm): LayerNorm((768,), eps=1e-05, elementwise_affine=True)
  (fc): Linear(in_features=768, out_features=1000, bias=True)
)
2026-04-27 16:11:05,191 - Start training for 100 epochs
Epoch: [38][   1/3336]	Time  8.832 ( 8.832)	Data  6.801 ( 6.801)	max lr 2.3410e-04 (2.3410e-04)	min lr 2.3410e-04 (2.3410e-04)	Loss 9.7581e-01 (9.7581e-01)	Max mem (MiB) 1659 (1659)
Epoch: [38][ 201/3336]	Time  0.654 ( 0.700)	Data  0.000 ( 0.034)	max lr 2.3384e-04 (2.3397e-04)	min lr 2.3384e-04 (2.3397e-04)	Loss 8.8956e-01 (8.2990e-01)	Max mem (MiB) 58696 (58410)
Epoch: [38][ 401/3336]	Time  0.651 ( 0.680)	Data  0.000 ( 0.018)	max lr 2.3358e-04 (2.3384e-04)	min lr 2.3358e-04 (2.3384e-04)	Loss 9.1283e-01 (8.3553e-01)	Max mem (MiB) 58696 (58553)
Epoch: [38][ 601/3336]	Time  0.650 ( 0.673)	Data  0.000 ( 0.012)	max lr 2.3332e-04 (2.3371e-04)	min lr 2.3332e-04 (2.3371e-04)	Loss 9.4098e-01 (8.3319e-01)	Max mem (MiB) 58697 (58601)
Epoch: [38][ 801/3336]	Time  0.653 ( 0.669)	Data  0.000 ( 0.009)	max lr 2.3306e-04 (2.3358e-04)	min lr 2.3306e-04 (2.3358e-04)	Loss 8.0343e-01 (8.3386e-01)	Max mem (MiB) 58697 (58625)
Epoch: [38][1001/3336]	Time  0.654 ( 0.667)	Data  0.000 ( 0.007)	max lr 2.3280e-04 (2.3345e-04)	min lr 2.3280e-04 (2.3345e-04)	Loss 9.9180e-01 (8.3638e-01)	Max mem (MiB) 58697 (58639)
Epoch: [38][1201/3336]	Time  0.650 ( 0.665)	Data  0.000 ( 0.006)	max lr 2.3254e-04 (2.3332e-04)	min lr 2.3254e-04 (2.3332e-04)	Loss 8.1702e-01 (8.3558e-01)	Max mem (MiB) 58697 (58649)
Epoch: [38][1401/3336]	Time  0.650 ( 0.664)	Data  0.000 ( 0.005)	max lr 2.3227e-04 (2.3319e-04)	min lr 2.3227e-04 (2.3319e-04)	Loss 6.7492e-01 (8.3533e-01)	Max mem (MiB) 58697 (58656)
Epoch: [38][1601/3336]	Time  0.653 ( 0.663)	Data  0.000 ( 0.005)	max lr 2.3201e-04 (2.3306e-04)	min lr 2.3201e-04 (2.3306e-04)	Loss 6.4383e-01 (8.3598e-01)	Max mem (MiB) 58697 (58661)
Epoch: [38][1801/3336]	Time  0.650 ( 0.662)	Data  0.000 ( 0.004)	max lr 2.3175e-04 (2.3293e-04)	min lr 2.3175e-04 (2.3293e-04)	Loss 8.0714e-01 (8.3599e-01)	Max mem (MiB) 58697 (58665)
Epoch: [38][2001/3336]	Time  0.651 ( 0.662)	Data  0.000 ( 0.004)	max lr 2.3149e-04 (2.3280e-04)	min lr 2.3149e-04 (2.3280e-04)	Loss 7.7383e-01 (8.3693e-01)	Max mem (MiB) 58697 (58668)
Epoch: [38][2201/3336]	Time  0.652 ( 0.663)	Data  0.000 ( 0.005)	max lr 2.3122e-04 (2.3267e-04)	min lr 2.3122e-04 (2.3267e-04)	Loss 6.4802e-01 (8.3689e-01)	Max mem (MiB) 58697 (58671)
Epoch: [38][2401/3336]	Time  0.653 ( 0.662)	Data  0.001 ( 0.005)	max lr 2.3096e-04 (2.3254e-04)	min lr 2.3096e-04 (2.3254e-04)	Loss 8.9172e-01 (8.3853e-01)	Max mem (MiB) 58697 (58673)
Epoch: [38][2601/3336]	Time  0.650 ( 0.662)	Data  0.000 ( 0.004)	max lr 2.3070e-04 (2.3241e-04)	min lr 2.3070e-04 (2.3241e-04)	Loss 8.2559e-01 (8.3788e-01)	Max mem (MiB) 58697 (58675)
Epoch: [38][2801/3336]	Time  0.654 ( 0.662)	Data  0.000 ( 0.004)	max lr 2.3043e-04 (2.3227e-04)	min lr 2.3043e-04 (2.3227e-04)	Loss 9.2559e-01 (8.3713e-01)	Max mem (MiB) 58698 (58676)
Epoch: [38][3001/3336]	Time  0.653 ( 0.661)	Data  0.000 ( 0.004)	max lr 2.3017e-04 (2.3214e-04)	min lr 2.3017e-04 (2.3214e-04)	Loss 9.3958e-01 (8.3715e-01)	Max mem (MiB) 58698 (58678)
Epoch: [38][3201/3336]	Time  0.651 ( 0.661)	Data  0.000 ( 0.004)	max lr 2.2990e-04 (2.3201e-04)	min lr 2.2990e-04 (2.3201e-04)	Loss 9.8434e-01 (8.3726e-01)	Max mem (MiB) 58698 (58679)
2026-04-27 16:47:50,131 - train_accuracy: 0.0000
2026-04-27 16:47:50,132 - train_total: 1281024.0000
2026-04-27 16:47:50,132 - train_correct: 0.0000
2026-04-27 16:48:34,966 - val_accuracy: 1.0000
2026-04-27 16:48:34,966 - eval_accuracy: 0.7578
2026-04-27 16:48:34,966 - eval_total: 49920.0000
2026-04-27 16:48:34,966 - eval_correct: 37831.0000
Epoch: [39][   1/3336]	Time  4.321 ( 4.321)	Data  3.674 ( 3.674)	max lr 2.2972e-04 (2.2972e-04)	min lr 2.2972e-04 (2.2972e-04)	Loss 8.2124e-01 (8.2124e-01)	Max mem (MiB) 58698 (58698)
Epoch: [39][ 201/3336]	Time  0.655 ( 0.677)	Data  0.000 ( 0.019)	max lr 2.2946e-04 (2.2959e-04)	min lr 2.2946e-04 (2.2959e-04)	Loss 9.0104e-01 (8.1829e-01)	Max mem (MiB) 58698 (58698)
Epoch: [39][ 401/3336]	Time  0.653 ( 0.668)	Data  0.000 ( 0.010)	max lr 2.2919e-04 (2.2946e-04)	min lr 2.2919e-04 (2.2946e-04)	Loss 8.8707e-01 (8.1627e-01)	Max mem (MiB) 58698 (58698)
Epoch: [39][ 601/3336]	Time  0.649 ( 0.664)	Data  0.000 ( 0.007)	max lr 2.2893e-04 (2.2933e-04)	min lr 2.2893e-04 (2.2933e-04)	Loss 9.2819e-01 (8.2607e-01)	Max mem (MiB) 58698 (58698)
Epoch: [39][ 801/3336]	Time  0.651 ( 0.663)	Data  0.000 ( 0.005)	max lr 2.2866e-04 (2.2919e-04)	min lr 2.2866e-04 (2.2919e-04)	Loss 5.5262e-01 (8.2613e-01)	Max mem (MiB) 58698 (58698)
Epoch: [39][1001/3336]	Time  0.657 ( 0.662)	Data  0.000 ( 0.004)	max lr 2.2839e-04 (2.2906e-04)	min lr 2.2839e-04 (2.2906e-04)	Loss 5.8834e-01 (8.2764e-01)	Max mem (MiB) 58698 (58698)
Epoch: [39][1201/3336]	Time  0.653 ( 0.661)	Data  0.000 ( 0.004)	max lr 2.2812e-04 (2.2893e-04)	min lr 2.2812e-04 (2.2893e-04)	Loss 9.5141e-01 (8.2646e-01)	Max mem (MiB) 58698 (58698)
Epoch: [39][1401/3336]	Time  0.651 ( 0.660)	Data  0.000 ( 0.003)	max lr 2.2786e-04 (2.2879e-04)	min lr 2.2786e-04 (2.2879e-04)	Loss 9.6023e-01 (8.2869e-01)	Max mem (MiB) 58698 (58698)
Epoch: [39][1601/3336]	Time  0.650 ( 0.660)	Data  0.000 ( 0.003)	max lr 2.2759e-04 (2.2866e-04)	min lr 2.2759e-04 (2.2866e-04)	Loss 8.5181e-01 (8.2870e-01)	Max mem (MiB) 58698 (58698)
Epoch: [39][1801/3336]	Time  0.653 ( 0.660)	Data  0.001 ( 0.003)	max lr 2.2732e-04 (2.2853e-04)	min lr 2.2732e-04 (2.2853e-04)	Loss 8.0374e-01 (8.2889e-01)	Max mem (MiB) 58698 (58698)
Epoch: [39][2001/3336]	Time  0.652 ( 0.660)	Data  0.000 ( 0.003)	max lr 2.2705e-04 (2.2839e-04)	min lr 2.2705e-04 (2.2839e-04)	Loss 8.0644e-01 (8.2913e-01)	Max mem (MiB) 58698 (58698)
Epoch: [39][2201/3336]	Time  0.652 ( 0.660)	Data  0.000 ( 0.002)	max lr 2.2678e-04 (2.2826e-04)	min lr 2.2678e-04 (2.2826e-04)	Loss 6.4774e-01 (8.2962e-01)	Max mem (MiB) 58698 (58698)
Epoch: [39][2401/3336]	Time  0.653 ( 0.660)	Data  0.000 ( 0.002)	max lr 2.2651e-04 (2.2812e-04)	min lr 2.2651e-04 (2.2812e-04)	Loss 5.9976e-01 (8.2896e-01)	Max mem (MiB) 58698 (58698)
Epoch: [39][2601/3336]	Time  0.651 ( 0.659)	Data  0.000 ( 0.002)	max lr 2.2624e-04 (2.2799e-04)	min lr 2.2624e-04 (2.2799e-04)	Loss 9.7145e-01 (8.2977e-01)	Max mem (MiB) 58698 (58698)
Epoch: [39][2801/3336]	Time  0.652 ( 0.659)	Data  0.000 ( 0.002)	max lr 2.2597e-04 (2.2786e-04)	min lr 2.2597e-04 (2.2786e-04)	Loss 8.5520e-01 (8.2948e-01)	Max mem (MiB) 58698 (58698)
Epoch: [39][3001/3336]	Time  0.650 ( 0.659)	Data  0.000 ( 0.002)	max lr 2.2570e-04 (2.2772e-04)	min lr 2.2570e-04 (2.2772e-04)	Loss 5.9649e-01 (8.2942e-01)	Max mem (MiB) 58698 (58698)
Epoch: [39][3201/3336]	Time  0.652 ( 0.659)	Data  0.000 ( 0.002)	max lr 2.2543e-04 (2.2759e-04)	min lr 2.2543e-04 (2.2759e-04)	Loss 1.0059e+00 (8.2951e-01)	Max mem (MiB) 58698 (58698)
2026-04-27 17:25:13,478 - train_accuracy: 0.0000
2026-04-27 17:25:13,479 - train_total: 1281024.0000
2026-04-27 17:25:13,479 - train_correct: 0.0000
2026-04-27 17:25:56,090 - val_accuracy: 1.0000
2026-04-27 17:25:56,090 - eval_accuracy: 0.7605
2026-04-27 17:25:56,090 - eval_total: 49920.0000
2026-04-27 17:25:56,090 - eval_correct: 37962.0000
Epoch: [40][   1/3336]	Time  5.730 ( 5.730)	Data  5.083 ( 5.083)	max lr 2.2525e-04 (2.2525e-04)	min lr 2.2525e-04 (2.2525e-04)	Loss 9.7662e-01 (9.7662e-01)	Max mem (MiB) 58698 (58698)
Epoch: [40][ 201/3336]	Time  0.655 ( 0.692)	Data  0.000 ( 0.034)	max lr 2.2498e-04 (2.2512e-04)	min lr 2.2498e-04 (2.2512e-04)	Loss 7.5110e-01 (8.2200e-01)	Max mem (MiB) 58698 (58698)
Epoch: [40][ 401/3336]	Time  0.649 ( 0.675)	Data  0.000 ( 0.018)	max lr 2.2471e-04 (2.2498e-04)	min lr 2.2471e-04 (2.2498e-04)	Loss 7.3611e-01 (8.2045e-01)	Max mem (MiB) 58698 (58698)
Epoch: [40][ 601/3336]	Time  0.651 ( 0.669)	Data  0.000 ( 0.012)	max lr 2.2444e-04 (2.2485e-04)	min lr 2.2444e-04 (2.2485e-04)	Loss 8.1823e-01 (8.2482e-01)	Max mem (MiB) 58698 (58698)
Epoch: [40][ 801/3336]	Time  0.650 ( 0.666)	Data  0.000 ( 0.009)	max lr 2.2416e-04 (2.2471e-04)	min lr 2.2416e-04 (2.2471e-04)	Loss 9.3580e-01 (8.2694e-01)	Max mem (MiB) 58698 (58698)
Epoch: [40][1001/3336]	Time  0.650 ( 0.665)	Data  0.000 ( 0.007)	max lr 2.2389e-04 (2.2457e-04)	min lr 2.2389e-04 (2.2457e-04)	Loss 9.3519e-01 (8.2682e-01)	Max mem (MiB) 58698 (58698)
Epoch: [40][1201/3336]	Time  0.650 ( 0.663)	Data  0.000 ( 0.006)	max lr 2.2362e-04 (2.2444e-04)	min lr 2.2362e-04 (2.2444e-04)	Loss 9.9015e-01 (8.2379e-01)	Max mem (MiB) 58698 (58698)
Epoch: [40][1401/3336]	Time  0.651 ( 0.662)	Data  0.000 ( 0.006)	max lr 2.2335e-04 (2.2430e-04)	min lr 2.2335e-04 (2.2430e-04)	Loss 8.0534e-01 (8.2622e-01)	Max mem (MiB) 58698 (58698)
Epoch: [40][1601/3336]	Time  0.654 ( 0.662)	Data  0.000 ( 0.005)	max lr 2.2307e-04 (2.2416e-04)	min lr 2.2307e-04 (2.2416e-04)	Loss 8.1657e-01 (8.2697e-01)	Max mem (MiB) 58698 (58698)
Epoch: [40][1801/3336]	Time  0.654 ( 0.661)	Data  0.000 ( 0.004)	max lr 2.2280e-04 (2.2403e-04)	min lr 2.2280e-04 (2.2403e-04)	Loss 9.5677e-01 (8.2667e-01)	Max mem (MiB) 58698 (58698)
Epoch: [40][2001/3336]	Time  0.649 ( 0.661)	Data  0.000 ( 0.004)	max lr 2.2252e-04 (2.2389e-04)	min lr 2.2252e-04 (2.2389e-04)	Loss 9.4933e-01 (8.2574e-01)	Max mem (MiB) 58698 (58698)
Epoch: [40][2201/3336]	Time  0.652 ( 0.661)	Data  0.000 ( 0.004)	max lr 2.2225e-04 (2.2376e-04)	min lr 2.2225e-04 (2.2376e-04)	Loss 7.7755e-01 (8.2559e-01)	Max mem (MiB) 58698 (58698)
Epoch: [40][2401/3336]	Time  0.653 ( 0.660)	Data  0.000 ( 0.003)	max lr 2.2198e-04 (2.2362e-04)	min lr 2.2198e-04 (2.2362e-04)	Loss 9.2692e-01 (8.2605e-01)	Max mem (MiB) 58698 (58698)
Epoch: [40][2601/3336]	Time  0.651 ( 0.660)	Data  0.000 ( 0.003)	max lr 2.2170e-04 (2.2348e-04)	min lr 2.2170e-04 (2.2348e-04)	Loss 6.9643e-01 (8.2536e-01)	Max mem (MiB) 58698 (58698)
Epoch: [40][2801/3336]	Time  0.650 ( 0.660)	Data  0.000 ( 0.003)	max lr 2.2143e-04 (2.2334e-04)	min lr 2.2143e-04 (2.2334e-04)	Loss 8.4805e-01 (8.2597e-01)	Max mem (MiB) 58698 (58698)
Epoch: [40][3001/3336]	Time  0.652 ( 0.660)	Data  0.000 ( 0.003)	max lr 2.2115e-04 (2.2321e-04)	min lr 2.2115e-04 (2.2321e-04)	Loss 9.6423e-01 (8.2590e-01)	Max mem (MiB) 58698 (58698)
Epoch: [40][3201/3336]	Time  0.649 ( 0.660)	Data  0.000 ( 0.003)	max lr 2.2087e-04 (2.2307e-04)	min lr 2.2087e-04 (2.2307e-04)	Loss 7.7961e-01 (8.2594e-01)	Max mem (MiB) 58698 (58698)
2026-04-27 18:02:38,617 - train_accuracy: 0.0000
2026-04-27 18:02:38,619 - train_total: 1281024.0000
2026-04-27 18:02:38,619 - train_correct: 0.0000
2026-04-27 18:03:52,257 - val_accuracy: 1.0000
2026-04-27 18:03:52,258 - eval_accuracy: 0.7632
2026-04-27 18:03:52,258 - eval_total: 49920.0000
2026-04-27 18:03:52,258 - eval_correct: 38099.0000
Epoch: [41][   1/3336]	Time  4.633 ( 4.633)	Data  3.986 ( 3.986)	max lr 2.2069e-04 (2.2069e-04)	min lr 2.2069e-04 (2.2069e-04)	Loss 8.4893e-01 (8.4893e-01)	Max mem (MiB) 58698 (58698)
Epoch: [41][ 201/3336]	Time  0.653 ( 0.679)	Data  0.000 ( 0.021)	max lr 2.2041e-04 (2.2055e-04)	min lr 2.2041e-04 (2.2055e-04)	Loss 1.0033e+00 (8.2097e-01)	Max mem (MiB) 58698 (58698)
Epoch: [41][ 401/3336]	Time  0.650 ( 0.669)	Data  0.001 ( 0.011)	max lr 2.2013e-04 (2.2041e-04)	min lr 2.2013e-04 (2.2041e-04)	Loss 7.8848e-01 (8.2049e-01)	Max mem (MiB) 58698 (58698)
Epoch: [41][ 601/3336]	Time  0.650 ( 0.665)	Data  0.000 ( 0.007)	max lr 2.1986e-04 (2.2027e-04)	min lr 2.1986e-04 (2.2027e-04)	Loss 6.9048e-01 (8.2087e-01)	Max mem (MiB) 58698 (58698)
Epoch: [41][ 801/3336]	Time  0.653 ( 0.663)	Data  0.000 ( 0.006)	max lr 2.1958e-04 (2.2013e-04)	min lr 2.1958e-04 (2.2013e-04)	Loss 9.0169e-01 (8.2628e-01)	Max mem (MiB) 58698 (58698)
Epoch: [41][1001/3336]	Time  0.649 ( 0.662)	Data  0.001 ( 0.005)	max lr 2.1930e-04 (2.2000e-04)	min lr 2.1930e-04 (2.2000e-04)	Loss 7.7629e-01 (8.2351e-01)	Max mem (MiB) 58698 (58698)
Epoch: [41][1201/3336]	Time  0.648 ( 0.661)	Data  0.000 ( 0.004)	max lr 2.1902e-04 (2.1986e-04)	min lr 2.1902e-04 (2.1986e-04)	Loss 8.7746e-01 (8.2501e-01)	Max mem (MiB) 58698 (58698)
Epoch: [41][1401/3336]	Time  0.651 ( 0.661)	Data  0.000 ( 0.004)	max lr 2.1874e-04 (2.1972e-04)	min lr 2.1874e-04 (2.1972e-04)	Loss 8.4045e-01 (8.2463e-01)	Max mem (MiB) 58698 (58698)
Epoch: [41][1601/3336]	Time  0.648 ( 0.660)	Data  0.000 ( 0.003)	max lr 2.1847e-04 (2.1958e-04)	min lr 2.1847e-04 (2.1958e-04)	Loss 9.0846e-01 (8.2754e-01)	Max mem (MiB) 58698 (58698)
Epoch: [41][1801/3336]	Time  0.649 ( 0.660)	Data  0.000 ( 0.003)	max lr 2.1819e-04 (2.1944e-04)	min lr 2.1819e-04 (2.1944e-04)	Loss 6.6880e-01 (8.2805e-01)	Max mem (MiB) 58698 (58698)
Epoch: [41][2001/3336]	Time  0.649 ( 0.659)	Data  0.000 ( 0.003)	max lr 2.1791e-04 (2.1930e-04)	min lr 2.1791e-04 (2.1930e-04)	Loss 8.4414e-01 (8.2741e-01)	Max mem (MiB) 58698 (58698)
Epoch: [41][2201/3336]	Time  0.654 ( 0.659)	Data  0.000 ( 0.002)	max lr 2.1763e-04 (2.1916e-04)	min lr 2.1763e-04 (2.1916e-04)	Loss 6.7812e-01 (8.2787e-01)	Max mem (MiB) 58698 (58698)
Epoch: [41][2401/3336]	Time  0.652 ( 0.659)	Data  0.000 ( 0.002)	max lr 2.1735e-04 (2.1902e-04)	min lr 2.1735e-04 (2.1902e-04)	Loss 9.3183e-01 (8.2713e-01)	Max mem (MiB) 58698 (58698)
Epoch: [41][2601/3336]	Time  0.652 ( 0.659)	Data  0.000 ( 0.002)	max lr 2.1707e-04 (2.1888e-04)	min lr 2.1707e-04 (2.1888e-04)	Loss 8.7779e-01 (8.2801e-01)	Max mem (MiB) 58698 (58698)
Epoch: [41][2801/3336]	Time  0.651 ( 0.659)	Data  0.000 ( 0.002)	max lr 2.1679e-04 (2.1874e-04)	min lr 2.1679e-04 (2.1874e-04)	Loss 8.7186e-01 (8.2823e-01)	Max mem (MiB) 58698 (58698)
Epoch: [41][3001/3336]	Time  0.652 ( 0.659)	Data  0.000 ( 0.002)	max lr 2.1651e-04 (2.1860e-04)	min lr 2.1651e-04 (2.1860e-04)	Loss 9.0754e-01 (8.2894e-01)	Max mem (MiB) 58698 (58698)
Epoch: [41][3201/3336]	Time  0.652 ( 0.659)	Data  0.000 ( 0.002)	max lr 2.1623e-04 (2.1847e-04)	min lr 2.1623e-04 (2.1847e-04)	Loss 9.1419e-01 (8.2964e-01)	Max mem (MiB) 58698 (58698)
2026-04-27 18:40:29,099 - train_accuracy: 0.0000
2026-04-27 18:40:29,100 - train_total: 1281024.0000
2026-04-27 18:40:29,100 - train_correct: 0.0000
2026-04-27 18:41:12,529 - val_accuracy: 1.0000
2026-04-27 18:41:12,529 - eval_accuracy: 0.7672
2026-04-27 18:41:12,529 - eval_total: 49920.0000
2026-04-27 18:41:12,529 - eval_correct: 38300.0000
Epoch: [42][   1/3336]	Time  4.256 ( 4.256)	Data  3.610 ( 3.610)	max lr 2.1604e-04 (2.1604e-04)	min lr 2.1604e-04 (2.1604e-04)	Loss 8.8607e-01 (8.8607e-01)	Max mem (MiB) 58698 (58698)
Epoch: [42][ 201/3336]	Time  0.654 ( 0.677)	Data  0.000 ( 0.019)	max lr 2.1576e-04 (2.1590e-04)	min lr 2.1576e-04 (2.1590e-04)	Loss 5.7214e-01 (8.1469e-01)	Max mem (MiB) 58698 (58698)
Epoch: [42][ 401/3336]	Time  0.656 ( 0.668)	Data  0.000 ( 0.010)	max lr 2.1547e-04 (2.1576e-04)	min lr 2.1547e-04 (2.1576e-04)	Loss 6.9971e-01 (8.1345e-01)	Max mem (MiB) 58698 (58698)
Epoch: [42][ 601/3336]	Time  0.653 ( 0.665)	Data  0.000 ( 0.007)	max lr 2.1519e-04 (2.1562e-04)	min lr 2.1519e-04 (2.1562e-04)	Loss 6.1735e-01 (8.1218e-01)	Max mem (MiB) 58698 (58698)
Epoch: [42][ 801/3336]	Time  0.648 ( 0.663)	Data  0.000 ( 0.005)	max lr 2.1491e-04 (2.1548e-04)	min lr 2.1491e-04 (2.1548e-04)	Loss 8.6021e-01 (8.1650e-01)	Max mem (MiB) 58698 (58698)
Epoch: [42][1001/3336]	Time  0.650 ( 0.662)	Data  0.001 ( 0.004)	max lr 2.1463e-04 (2.1533e-04)	min lr 2.1463e-04 (2.1533e-04)	Loss 9.2720e-01 (8.1657e-01)	Max mem (MiB) 58698 (58698)
Epoch: [42][1201/3336]	Time  0.652 ( 0.661)	Data  0.000 ( 0.004)	max lr 2.1434e-04 (2.1519e-04)	min lr 2.1434e-04 (2.1519e-04)	Loss 9.6001e-01 (8.1775e-01)	Max mem (MiB) 58698 (58698)
Epoch: [42][1401/3336]	Time  0.651 ( 0.660)	Data  0.000 ( 0.003)	max lr 2.1406e-04 (2.1505e-04)	min lr 2.1406e-04 (2.1505e-04)	Loss 8.8841e-01 (8.1816e-01)	Max mem (MiB) 58698 (58698)
Epoch: [42][1601/3336]	Time  0.650 ( 0.660)	Data  0.000 ( 0.003)	max lr 2.1378e-04 (2.1491e-04)	min lr 2.1378e-04 (2.1491e-04)	Loss 9.8555e-01 (8.1788e-01)	Max mem (MiB) 58698 (58698)
Epoch: [42][1801/3336]	Time  0.648 ( 0.660)	Data  0.000 ( 0.003)	max lr 2.1349e-04 (2.1477e-04)	min lr 2.1349e-04 (2.1477e-04)	Loss 8.8475e-01 (8.1818e-01)	Max mem (MiB) 58698 (58698)
Epoch: [42][2001/3336]	Time  0.650 ( 0.660)	Data  0.000 ( 0.003)	max lr 2.1321e-04 (2.1463e-04)	min lr 2.1321e-04 (2.1463e-04)	Loss 8.7223e-01 (8.1934e-01)	Max mem (MiB) 58698 (58698)
Epoch: [42][2201/3336]	Time  0.654 ( 0.659)	Data  0.000 ( 0.002)	max lr 2.1293e-04 (2.1449e-04)	min lr 2.1293e-04 (2.1449e-04)	Loss 8.1406e-01 (8.1813e-01)	Max mem (MiB) 58698 (58698)
Epoch: [42][2401/3336]	Time  0.652 ( 0.659)	Data  0.000 ( 0.002)	max lr 2.1264e-04 (2.1434e-04)	min lr 2.1264e-04 (2.1434e-04)	Loss 7.2373e-01 (8.1780e-01)	Max mem (MiB) 58698 (58698)
Epoch: [42][2601/3336]	Time  0.650 ( 0.659)	Data  0.000 ( 0.002)	max lr 2.1236e-04 (2.1420e-04)	min lr 2.1236e-04 (2.1420e-04)	Loss 8.5031e-01 (8.1919e-01)	Max mem (MiB) 58698 (58698)
Epoch: [42][2801/3336]	Time  0.650 ( 0.659)	Data  0.001 ( 0.002)	max lr 2.1207e-04 (2.1406e-04)	min lr 2.1207e-04 (2.1406e-04)	Loss 7.9634e-01 (8.1893e-01)	Max mem (MiB) 58698 (58698)
Epoch: [42][3001/3336]	Time  0.652 ( 0.659)	Data  0.000 ( 0.002)	max lr 2.1179e-04 (2.1392e-04)	min lr 2.1179e-04 (2.1392e-04)	Loss 9.3693e-01 (8.1898e-01)	Max mem (MiB) 58698 (58698)
Epoch: [42][3201/3336]	Time  0.649 ( 0.659)	Data  0.001 ( 0.002)	max lr 2.1150e-04 (2.1378e-04)	min lr 2.1150e-04 (2.1378e-04)	Loss 9.6553e-01 (8.1841e-01)	Max mem (MiB) 58698 (58698)
2026-04-27 19:17:53,929 - train_accuracy: 0.0000
2026-04-27 19:17:53,932 - train_total: 1281024.0000
2026-04-27 19:17:53,932 - train_correct: 0.0000
2026-04-27 19:19:07,758 - val_accuracy: 1.0000
2026-04-27 19:19:07,758 - eval_accuracy: 0.7677
2026-04-27 19:19:07,758 - eval_total: 49920.0000
2026-04-27 19:19:07,758 - eval_correct: 38325.0000
Epoch: [43][   1/3336]	Time  6.271 ( 6.271)	Data  5.624 ( 5.624)	max lr 2.1131e-04 (2.1131e-04)	min lr 2.1131e-04 (2.1131e-04)	Loss 9.5483e-01 (9.5483e-01)	Max mem (MiB) 58698 (58698)
Epoch: [43][ 201/3336]	Time  0.652 ( 0.711)	Data  0.000 ( 0.051)	max lr 2.1102e-04 (2.1117e-04)	min lr 2.1102e-04 (2.1117e-04)	Loss 8.8026e-01 (8.0959e-01)	Max mem (MiB) 58698 (58698)
Epoch: [43][ 401/3336]	Time  0.652 ( 0.686)	Data  0.000 ( 0.026)	max lr 2.1073e-04 (2.1102e-04)	min lr 2.1073e-04 (2.1102e-04)	Loss 9.0365e-01 (8.1650e-01)	Max mem (MiB) 58698 (58698)
Epoch: [43][ 601/3336]	Time  0.651 ( 0.676)	Data  0.000 ( 0.017)	max lr 2.1045e-04 (2.1088e-04)	min lr 2.1045e-04 (2.1088e-04)	Loss 7.8075e-01 (8.1899e-01)	Max mem (MiB) 58698 (58698)
Epoch: [43][ 801/3336]	Time  0.653 ( 0.672)	Data  0.000 ( 0.013)	max lr 2.1016e-04 (2.1074e-04)	min lr 2.1016e-04 (2.1074e-04)	Loss 9.4320e-01 (8.2121e-01)	Max mem (MiB) 58698 (58698)
Epoch: [43][1001/3336]	Time  0.654 ( 0.669)	Data  0.001 ( 0.011)	max lr 2.0987e-04 (2.1059e-04)	min lr 2.0987e-04 (2.1059e-04)	Loss 6.5639e-01 (8.2235e-01)	Max mem (MiB) 58698 (58698)
Epoch: [43][1201/3336]	Time  0.648 ( 0.667)	Data  0.000 ( 0.009)	max lr 2.0959e-04 (2.1045e-04)	min lr 2.0959e-04 (2.1045e-04)	Loss 9.0507e-01 (8.1983e-01)	Max mem (MiB) 58698 (58698)
Epoch: [43][1401/3336]	Time  0.651 ( 0.665)	Data  0.001 ( 0.008)	max lr 2.0930e-04 (2.1031e-04)	min lr 2.0930e-04 (2.1031e-04)	Loss 8.7203e-01 (8.1915e-01)	Max mem (MiB) 58698 (58698)
Epoch: [43][1601/3336]	Time  0.649 ( 0.665)	Data  0.000 ( 0.008)	max lr 2.0901e-04 (2.1016e-04)	min lr 2.0901e-04 (2.1016e-04)	Loss 7.5427e-01 (8.1843e-01)	Max mem (MiB) 58698 (58698)
Epoch: [43][1801/3336]	Time  0.653 ( 0.664)	Data  0.000 ( 0.007)	max lr 2.0872e-04 (2.1002e-04)	min lr 2.0872e-04 (2.1002e-04)	Loss 9.6217e-01 (8.1702e-01)	Max mem (MiB) 58698 (58698)
Epoch: [43][2001/3336]	Time  0.649 ( 0.663)	Data  0.000 ( 0.006)	max lr 2.0844e-04 (2.0988e-04)	min lr 2.0844e-04 (2.0988e-04)	Loss 9.3586e-01 (8.1645e-01)	Max mem (MiB) 58698 (58698)
Epoch: [43][2201/3336]	Time  0.650 ( 0.663)	Data  0.000 ( 0.006)	max lr 2.0815e-04 (2.0973e-04)	min lr 2.0815e-04 (2.0973e-04)	Loss 9.9818e-01 (8.1754e-01)	Max mem (MiB) 58698 (58698)
Epoch: [43][2401/3336]	Time  0.655 ( 0.662)	Data  0.001 ( 0.005)	max lr 2.0786e-04 (2.0959e-04)	min lr 2.0786e-04 (2.0959e-04)	Loss 9.0385e-01 (8.1665e-01)	Max mem (MiB) 58698 (58698)
Epoch: [43][2601/3336]	Time  0.649 ( 0.662)	Data  0.000 ( 0.005)	max lr 2.0757e-04 (2.0944e-04)	min lr 2.0757e-04 (2.0944e-04)	Loss 8.4734e-01 (8.1723e-01)	Max mem (MiB) 58698 (58698)
Epoch: [43][2801/3336]	Time  0.653 ( 0.661)	Data  0.000 ( 0.005)	max lr 2.0728e-04 (2.0930e-04)	min lr 2.0728e-04 (2.0930e-04)	Loss 5.8211e-01 (8.1706e-01)	Max mem (MiB) 58698 (58698)
Epoch: [43][3001/3336]	Time  0.650 ( 0.661)	Data  0.001 ( 0.004)	max lr 2.0699e-04 (2.0916e-04)	min lr 2.0699e-04 (2.0916e-04)	Loss 9.4742e-01 (8.1738e-01)	Max mem (MiB) 58698 (58698)
Epoch: [43][3201/3336]	Time  0.648 ( 0.661)	Data  0.000 ( 0.004)	max lr 2.0670e-04 (2.0901e-04)	min lr 2.0670e-04 (2.0901e-04)	Loss 8.3269e-01 (8.1696e-01)	Max mem (MiB) 58698 (58698)
2026-04-27 19:55:52,268 - train_accuracy: 0.0000
2026-04-27 19:55:52,269 - train_total: 1281024.0000
2026-04-27 19:55:52,269 - train_correct: 0.0000
2026-04-27 19:56:50,184 - val_accuracy: 1.0000
2026-04-27 19:56:50,185 - eval_accuracy: 0.7689
2026-04-27 19:56:50,185 - eval_total: 49920.0000
2026-04-27 19:56:50,185 - eval_correct: 38385.0000
Epoch: [44][   1/3336]	Time  4.110 ( 4.110)	Data  3.462 ( 3.462)	max lr 2.0650e-04 (2.0650e-04)	min lr 2.0650e-04 (2.0650e-04)	Loss 8.4050e-01 (8.4050e-01)	Max mem (MiB) 58698 (58698)
Epoch: [44][ 201/3336]	Time  0.654 ( 0.678)	Data  0.000 ( 0.018)	max lr 2.0621e-04 (2.0636e-04)	min lr 2.0621e-04 (2.0636e-04)	Loss 8.8762e-01 (8.0780e-01)	Max mem (MiB) 58698 (58698)
Epoch: [44][ 401/3336]	Time  0.651 ( 0.668)	Data  0.000 ( 0.010)	max lr 2.0592e-04 (2.0622e-04)	min lr 2.0592e-04 (2.0622e-04)	Loss 7.0652e-01 (8.0519e-01)	Max mem (MiB) 58698 (58698)
Epoch: [44][ 601/3336]	Time  0.651 ( 0.664)	Data  0.000 ( 0.007)	max lr 2.0563e-04 (2.0607e-04)	min lr 2.0563e-04 (2.0607e-04)	Loss 8.4086e-01 (8.0909e-01)	Max mem (MiB) 58698 (58698)
Epoch: [44][ 801/3336]	Time  0.652 ( 0.663)	Data  0.000 ( 0.005)	max lr 2.0534e-04 (2.0593e-04)	min lr 2.0534e-04 (2.0593e-04)	Loss 5.5087e-01 (8.0530e-01)	Max mem (MiB) 58698 (58698)
Epoch: [44][1001/3336]	Time  0.649 ( 0.661)	Data  0.000 ( 0.004)	max lr 2.0505e-04 (2.0578e-04)	min lr 2.0505e-04 (2.0578e-04)	Loss 8.7236e-01 (8.0635e-01)	Max mem (MiB) 58698 (58698)
Epoch: [44][1201/3336]	Time  0.650 ( 0.661)	Data  0.000 ( 0.004)	max lr 2.0476e-04 (2.0563e-04)	min lr 2.0476e-04 (2.0563e-04)	Loss 7.3771e-01 (8.0562e-01)	Max mem (MiB) 58698 (58698)
Epoch: [44][1401/3336]	Time  0.652 ( 0.660)	Data  0.000 ( 0.003)	max lr 2.0447e-04 (2.0549e-04)	min lr 2.0447e-04 (2.0549e-04)	Loss 6.7143e-01 (8.0537e-01)	Max mem (MiB) 58698 (58698)
Epoch: [44][1601/3336]	Time  0.650 ( 0.660)	Data  0.000 ( 0.003)	max lr 2.0418e-04 (2.0534e-04)	min lr 2.0418e-04 (2.0534e-04)	Loss 8.5378e-01 (8.0773e-01)	Max mem (MiB) 58698 (58698)
Epoch: [44][1801/3336]	Time  0.651 ( 0.659)	Data  0.001 ( 0.003)	max lr 2.0388e-04 (2.0520e-04)	min lr 2.0388e-04 (2.0520e-04)	Loss 8.0807e-01 (8.0727e-01)	Max mem (MiB) 58698 (58698)
Epoch: [44][2001/3336]	Time  0.649 ( 0.659)	Data  0.000 ( 0.002)	max lr 2.0359e-04 (2.0505e-04)	min lr 2.0359e-04 (2.0505e-04)	Loss 8.9190e-01 (8.0747e-01)	Max mem (MiB) 58698 (58698)
Epoch: [44][2201/3336]	Time  0.653 ( 0.659)	Data  0.000 ( 0.002)	max lr 2.0330e-04 (2.0491e-04)	min lr 2.0330e-04 (2.0491e-04)	Loss 9.5476e-01 (8.0791e-01)	Max mem (MiB) 58698 (58698)
Epoch: [44][2401/3336]	Time  0.651 ( 0.659)	Data  0.000 ( 0.002)	max lr 2.0301e-04 (2.0476e-04)	min lr 2.0301e-04 (2.0476e-04)	Loss 9.7947e-01 (8.0963e-01)	Max mem (MiB) 58698 (58698)
Epoch: [44][2601/3336]	Time  0.654 ( 0.659)	Data  0.000 ( 0.002)	max lr 2.0271e-04 (2.0461e-04)	min lr 2.0271e-04 (2.0461e-04)	Loss 6.3693e-01 (8.0936e-01)	Max mem (MiB) 58698 (58698)
Epoch: [44][2801/3336]	Time  0.649 ( 0.658)	Data  0.001 ( 0.002)	max lr 2.0242e-04 (2.0447e-04)	min lr 2.0242e-04 (2.0447e-04)	Loss 9.0355e-01 (8.0980e-01)	Max mem (MiB) 58698 (58698)
Epoch: [44][3001/3336]	Time  0.650 ( 0.658)	Data  0.000 ( 0.002)	max lr 2.0213e-04 (2.0432e-04)	min lr 2.0213e-04 (2.0432e-04)	Loss 1.0068e+00 (8.1138e-01)	Max mem (MiB) 58698 (58698)
Epoch: [44][3201/3336]	Time  0.650 ( 0.658)	Data  0.000 ( 0.002)	max lr 2.0183e-04 (2.0417e-04)	min lr 2.0183e-04 (2.0417e-04)	Loss 6.8681e-01 (8.1169e-01)	Max mem (MiB) 58698 (58698)
2026-04-27 20:33:26,243 - train_accuracy: 0.0000
2026-04-27 20:33:26,244 - train_total: 1281024.0000
2026-04-27 20:33:26,244 - train_correct: 0.0000
2026-04-27 20:34:55,539 - val_accuracy: 1.0000
2026-04-27 20:34:55,539 - eval_accuracy: 0.7714
2026-04-27 20:34:55,539 - eval_total: 49920.0000
2026-04-27 20:34:55,539 - eval_correct: 38506.0000
Epoch: [45][   1/3336]	Time  9.156 ( 9.156)	Data  8.509 ( 8.509)	max lr 2.0163e-04 (2.0163e-04)	min lr 2.0163e-04 (2.0163e-04)	Loss 5.3796e-01 (5.3796e-01)	Max mem (MiB) 58698 (58698)
Epoch: [45][ 201/3336]	Time  0.661 ( 0.706)	Data  0.000 ( 0.043)	max lr 2.0134e-04 (2.0149e-04)	min lr 2.0134e-04 (2.0149e-04)	Loss 9.5227e-01 (7.9025e-01)	Max mem (MiB) 58698 (58698)
Epoch: [45][ 401/3336]	Time  0.653 ( 0.683)	Data  0.000 ( 0.022)	max lr 2.0104e-04 (2.0134e-04)	min lr 2.0104e-04 (2.0134e-04)	Loss 8.7126e-01 (8.0012e-01)	Max mem (MiB) 58698 (58698)
Epoch: [45][ 601/3336]	Time  0.651 ( 0.674)	Data  0.000 ( 0.015)	max lr 2.0075e-04 (2.0119e-04)	min lr 2.0075e-04 (2.0119e-04)	Loss 8.9443e-01 (8.0850e-01)	Max mem (MiB) 58698 (58698)
Epoch: [45][ 801/3336]	Time  0.648 ( 0.670)	Data  0.000 ( 0.011)	max lr 2.0045e-04 (2.0105e-04)	min lr 2.0045e-04 (2.0105e-04)	Loss 7.2942e-01 (8.0852e-01)	Max mem (MiB) 58698 (58698)
Epoch: [45][1001/3336]	Time  0.654 ( 0.668)	Data  0.000 ( 0.009)	max lr 2.0016e-04 (2.0090e-04)	min lr 2.0016e-04 (2.0090e-04)	Loss 8.9753e-01 (8.1108e-01)	Max mem (MiB) 58698 (58698)
Epoch: [45][1201/3336]	Time  0.652 ( 0.666)	Data  0.000 ( 0.008)	max lr 1.9986e-04 (2.0075e-04)	min lr 1.9986e-04 (2.0075e-04)	Loss 9.0163e-01 (8.1162e-01)	Max mem (MiB) 58698 (58698)
Epoch: [45][1401/3336]	Time  0.646 ( 0.666)	Data  0.000 ( 0.008)	max lr 1.9957e-04 (2.0060e-04)	min lr 1.9957e-04 (2.0060e-04)	Loss 8.4764e-01 (8.1212e-01)	Max mem (MiB) 58698 (58698)
Epoch: [45][1601/3336]	Time  0.654 ( 0.665)	Data  0.000 ( 0.007)	max lr 1.9927e-04 (2.0046e-04)	min lr 1.9927e-04 (2.0046e-04)	Loss 6.6327e-01 (8.1288e-01)	Max mem (MiB) 58698 (58698)
Epoch: [45][1801/3336]	Time  0.652 ( 0.664)	Data  0.000 ( 0.006)	max lr 1.9898e-04 (2.0031e-04)	min lr 1.9898e-04 (2.0031e-04)	Loss 8.3352e-01 (8.1332e-01)	Max mem (MiB) 58698 (58698)
Epoch: [45][2001/3336]	Time  0.651 ( 0.663)	Data  0.000 ( 0.006)	max lr 1.9868e-04 (2.0016e-04)	min lr 1.9868e-04 (2.0016e-04)	Loss 7.0926e-01 (8.1307e-01)	Max mem (MiB) 58698 (58698)
Epoch: [45][2201/3336]	Time  0.653 ( 0.663)	Data  0.000 ( 0.005)	max lr 1.9838e-04 (2.0001e-04)	min lr 1.9838e-04 (2.0001e-04)	Loss 7.4296e-01 (8.1316e-01)	Max mem (MiB) 58698 (58698)
Epoch: [45][2401/3336]	Time  0.650 ( 0.662)	Data  0.000 ( 0.005)	max lr 1.9809e-04 (1.9986e-04)	min lr 1.9809e-04 (1.9986e-04)	Loss 7.4686e-01 (8.1242e-01)	Max mem (MiB) 58698 (58698)
Epoch: [45][2601/3336]	Time  0.649 ( 0.662)	Data  0.000 ( 0.005)	max lr 1.9779e-04 (1.9972e-04)	min lr 1.9779e-04 (1.9972e-04)	Loss 8.6575e-01 (8.1219e-01)	Max mem (MiB) 58698 (58698)
Epoch: [45][2801/3336]	Time  0.650 ( 0.661)	Data  0.000 ( 0.004)	max lr 1.9749e-04 (1.9957e-04)	min lr 1.9749e-04 (1.9957e-04)	Loss 8.3000e-01 (8.1213e-01)	Max mem (MiB) 58698 (58698)
Epoch: [45][3001/3336]	Time  0.653 ( 0.661)	Data  0.000 ( 0.004)	max lr 1.9720e-04 (1.9942e-04)	min lr 1.9720e-04 (1.9942e-04)	Loss 7.4311e-01 (8.1181e-01)	Max mem (MiB) 58698 (58698)
Epoch: [45][3201/3336]	Time  0.648 ( 0.661)	Data  0.000 ( 0.004)	max lr 1.9690e-04 (1.9927e-04)	min lr 1.9690e-04 (1.9927e-04)	Loss 8.8929e-01 (8.1184e-01)	Max mem (MiB) 58698 (58698)
2026-04-27 21:11:40,039 - train_accuracy: 0.0000
2026-04-27 21:11:40,040 - train_total: 1281024.0000
2026-04-27 21:11:40,041 - train_correct: 0.0000
2026-04-27 21:12:39,710 - val_accuracy: 1.0000
2026-04-27 21:12:39,710 - eval_accuracy: 0.7676
2026-04-27 21:12:39,710 - eval_total: 49920.0000
2026-04-27 21:12:39,710 - eval_correct: 38318.0000
Epoch: [46][   1/3336]	Time  4.819 ( 4.819)	Data  4.173 ( 4.173)	max lr 1.9670e-04 (1.9670e-04)	min lr 1.9670e-04 (1.9670e-04)	Loss 7.9165e-01 (7.9165e-01)	Max mem (MiB) 58698 (58698)
Epoch: [46][ 201/3336]	Time  0.655 ( 0.681)	Data  0.000 ( 0.021)	max lr 1.9640e-04 (1.9655e-04)	min lr 1.9640e-04 (1.9655e-04)	Loss 5.8182e-01 (7.9169e-01)	Max mem (MiB) 58698 (58698)
Epoch: [46][ 401/3336]	Time  0.655 ( 0.670)	Data  0.000 ( 0.011)	max lr 1.9610e-04 (1.9640e-04)	min lr 1.9610e-04 (1.9640e-04)	Loss 7.2702e-01 (7.9702e-01)	Max mem (MiB) 58698 (58698)
Epoch: [46][ 601/3336]	Time  0.652 ( 0.666)	Data  0.000 ( 0.008)	max lr 1.9580e-04 (1.9625e-04)	min lr 1.9580e-04 (1.9625e-04)	Loss 5.5543e-01 (8.0383e-01)	Max mem (MiB) 58698 (58698)
Epoch: [46][ 801/3336]	Time  0.652 ( 0.664)	Data  0.000 ( 0.006)	max lr 1.9551e-04 (1.9610e-04)	min lr 1.9551e-04 (1.9610e-04)	Loss 8.9893e-01 (8.0533e-01)	Max mem (MiB) 58698 (58698)
Epoch: [46][1001/3336]	Time  0.649 ( 0.662)	Data  0.001 ( 0.005)	max lr 1.9521e-04 (1.9596e-04)	min lr 1.9521e-04 (1.9596e-04)	Loss 8.2987e-01 (8.0643e-01)	Max mem (MiB) 58698 (58698)
Epoch: [46][1201/3336]	Time  0.648 ( 0.661)	Data  0.000 ( 0.004)	max lr 1.9491e-04 (1.9581e-04)	min lr 1.9491e-04 (1.9581e-04)	Loss 8.9163e-01 (8.0773e-01)	Max mem (MiB) 58698 (58698)
Epoch: [46][1401/3336]	Time  0.649 ( 0.661)	Data  0.000 ( 0.004)	max lr 1.9461e-04 (1.9566e-04)	min lr 1.9461e-04 (1.9566e-04)	Loss 6.1478e-01 (8.0761e-01)	Max mem (MiB) 58698 (58698)
Epoch: [46][1601/3336]	Time  0.651 ( 0.660)	Data  0.000 ( 0.004)	max lr 1.9431e-04 (1.9551e-04)	min lr 1.9431e-04 (1.9551e-04)	Loss 6.6966e-01 (8.0712e-01)	Max mem (MiB) 58698 (58698)
Epoch: [46][1801/3336]	Time  0.651 ( 0.660)	Data  0.000 ( 0.003)	max lr 1.9401e-04 (1.9536e-04)	min lr 1.9401e-04 (1.9536e-04)	Loss 5.3340e-01 (8.0514e-01)	Max mem (MiB) 58698 (58698)
Epoch: [46][2001/3336]	Time  0.652 ( 0.660)	Data  0.000 ( 0.003)	max lr 1.9371e-04 (1.9521e-04)	min lr 1.9371e-04 (1.9521e-04)	Loss 8.6371e-01 (8.0462e-01)	Max mem (MiB) 58698 (58698)
Epoch: [46][2201/3336]	Time  0.651 ( 0.659)	Data  0.000 ( 0.003)	max lr 1.9341e-04 (1.9506e-04)	min lr 1.9341e-04 (1.9506e-04)	Loss 8.9248e-01 (8.0457e-01)	Max mem (MiB) 58698 (58698)
Epoch: [46][2401/3336]	Time  0.648 ( 0.659)	Data  0.000 ( 0.003)	max lr 1.9311e-04 (1.9491e-04)	min lr 1.9311e-04 (1.9491e-04)	Loss 8.7860e-01 (8.0535e-01)	Max mem (MiB) 58698 (58698)
Epoch: [46][2601/3336]	Time  0.650 ( 0.659)	Data  0.000 ( 0.002)	max lr 1.9281e-04 (1.9476e-04)	min lr 1.9281e-04 (1.9476e-04)	Loss 7.4031e-01 (8.0588e-01)	Max mem (MiB) 58698 (58698)
Epoch: [46][2801/3336]	Time  0.652 ( 0.659)	Data  0.000 ( 0.002)	max lr 1.9251e-04 (1.9461e-04)	min lr 1.9251e-04 (1.9461e-04)	Loss 9.1884e-01 (8.0559e-01)	Max mem (MiB) 58698 (58698)
Epoch: [46][3001/3336]	Time  0.652 ( 0.659)	Data  0.000 ( 0.002)	max lr 1.9221e-04 (1.9446e-04)	min lr 1.9221e-04 (1.9446e-04)	Loss 7.9690e-01 (8.0505e-01)	Max mem (MiB) 58698 (58698)
Epoch: [46][3201/3336]	Time  0.649 ( 0.659)	Data  0.000 ( 0.002)	max lr 1.9191e-04 (1.9431e-04)	min lr 1.9191e-04 (1.9431e-04)	Loss 9.3965e-01 (8.0543e-01)	Max mem (MiB) 58698 (58698)
2026-04-27 21:49:16,955 - train_accuracy: 0.0000
2026-04-27 21:49:16,958 - train_total: 1281024.0000
2026-04-27 21:49:16,958 - train_correct: 0.0000
2026-04-27 21:50:13,166 - val_accuracy: 1.0000
2026-04-27 21:50:13,166 - eval_accuracy: 0.7733
2026-04-27 21:50:13,166 - eval_total: 49920.0000
2026-04-27 21:50:13,166 - eval_correct: 38604.0000
Epoch: [47][   1/3336]	Time  5.710 ( 5.710)	Data  5.067 ( 5.067)	max lr 1.9171e-04 (1.9171e-04)	min lr 1.9171e-04 (1.9171e-04)	Loss 7.7914e-01 (7.7914e-01)	Max mem (MiB) 58698 (58698)
Epoch: [47][ 201/3336]	Time  0.656 ( 0.685)	Data  0.001 ( 0.026)	max lr 1.9141e-04 (1.9156e-04)	min lr 1.9141e-04 (1.9156e-04)	Loss 8.5945e-01 (7.9664e-01)	Max mem (MiB) 58698 (58698)
Epoch: [47][ 401/3336]	Time  0.653 ( 0.672)	Data  0.000 ( 0.013)	max lr 1.9111e-04 (1.9141e-04)	min lr 1.9111e-04 (1.9141e-04)	Loss 9.0224e-01 (7.9791e-01)	Max mem (MiB) 58698 (58698)
Epoch: [47][ 601/3336]	Time  0.650 ( 0.667)	Data  0.000 ( 0.009)	max lr 1.9080e-04 (1.9126e-04)	min lr 1.9080e-04 (1.9126e-04)	Loss 7.4594e-01 (8.0058e-01)	Max mem (MiB) 58698 (58698)
Epoch: [47][ 801/3336]	Time  0.649 ( 0.665)	Data  0.000 ( 0.007)	max lr 1.9050e-04 (1.9111e-04)	min lr 1.9050e-04 (1.9111e-04)	Loss 8.7559e-01 (7.9900e-01)	Max mem (MiB) 58698 (58698)
Epoch: [47][1001/3336]	Time  0.648 ( 0.663)	Data  0.000 ( 0.006)	max lr 1.9020e-04 (1.9096e-04)	min lr 1.9020e-04 (1.9096e-04)	Loss 9.2429e-01 (7.9949e-01)	Max mem (MiB) 58698 (58698)
Epoch: [47][1201/3336]	Time  0.651 ( 0.662)	Data  0.000 ( 0.005)	max lr 1.8990e-04 (1.9081e-04)	min lr 1.8990e-04 (1.9081e-04)	Loss 9.2151e-01 (7.9903e-01)	Max mem (MiB) 58698 (58698)
Epoch: [47][1401/3336]	Time  0.651 ( 0.661)	Data  0.000 ( 0.004)	max lr 1.8960e-04 (1.9066e-04)	min lr 1.8960e-04 (1.9066e-04)	Loss 8.7673e-01 (8.0026e-01)	Max mem (MiB) 58698 (58698)
Epoch: [47][1601/3336]	Time  0.650 ( 0.661)	Data  0.000 ( 0.004)	max lr 1.8930e-04 (1.9051e-04)	min lr 1.8930e-04 (1.9051e-04)	Loss 9.4408e-01 (8.0262e-01)	Max mem (MiB) 58698 (58698)
Epoch: [47][1801/3336]	Time  0.650 ( 0.660)	Data  0.000 ( 0.004)	max lr 1.8899e-04 (1.9035e-04)	min lr 1.8899e-04 (1.9035e-04)	Loss 6.2565e-01 (8.0282e-01)	Max mem (MiB) 58698 (58698)
Epoch: [47][2001/3336]	Time  0.650 ( 0.660)	Data  0.000 ( 0.003)	max lr 1.8869e-04 (1.9020e-04)	min lr 1.8869e-04 (1.9020e-04)	Loss 7.2294e-01 (8.0215e-01)	Max mem (MiB) 58698 (58698)
Epoch: [47][2201/3336]	Time  0.649 ( 0.660)	Data  0.000 ( 0.003)	max lr 1.8839e-04 (1.9005e-04)	min lr 1.8839e-04 (1.9005e-04)	Loss 8.6794e-01 (8.0306e-01)	Max mem (MiB) 58698 (58698)
Epoch: [47][2401/3336]	Time  0.657 ( 0.659)	Data  0.000 ( 0.003)	max lr 1.8809e-04 (1.8990e-04)	min lr 1.8809e-04 (1.8990e-04)	Loss 8.2951e-01 (8.0324e-01)	Max mem (MiB) 58698 (58698)
Epoch: [47][2601/3336]	Time  0.650 ( 0.659)	Data  0.001 ( 0.003)	max lr 1.8778e-04 (1.8975e-04)	min lr 1.8778e-04 (1.8975e-04)	Loss 9.5184e-01 (8.0328e-01)	Max mem (MiB) 58698 (58698)
Epoch: [47][2801/3336]	Time  0.652 ( 0.659)	Data  0.001 ( 0.003)	max lr 1.8748e-04 (1.8960e-04)	min lr 1.8748e-04 (1.8960e-04)	Loss 8.8533e-01 (8.0315e-01)	Max mem (MiB) 58698 (58698)
Epoch: [47][3001/3336]	Time  0.650 ( 0.659)	Data  0.000 ( 0.002)	max lr 1.8718e-04 (1.8945e-04)	min lr 1.8718e-04 (1.8945e-04)	Loss 7.7286e-01 (8.0238e-01)	Max mem (MiB) 58698 (58698)
Epoch: [47][3201/3336]	Time  0.648 ( 0.659)	Data  0.000 ( 0.002)	max lr 1.8687e-04 (1.8930e-04)	min lr 1.8687e-04 (1.8930e-04)	Loss 8.7857e-01 (8.0212e-01)	Max mem (MiB) 58698 (58698)
2026-04-27 22:26:50,878 - train_accuracy: 0.0000
2026-04-27 22:26:50,879 - train_total: 1281024.0000
2026-04-27 22:26:50,879 - train_correct: 0.0000
2026-04-27 22:27:37,712 - val_accuracy: 1.0000
2026-04-27 22:27:37,712 - eval_accuracy: 0.7762
2026-04-27 22:27:37,712 - eval_total: 49920.0000
2026-04-27 22:27:37,712 - eval_correct: 38746.0000
Epoch: [48][   1/3336]	Time  3.832 ( 3.832)	Data  3.187 ( 3.187)	max lr 1.8667e-04 (1.8667e-04)	min lr 1.8667e-04 (1.8667e-04)	Loss 8.5273e-01 (8.5273e-01)	Max mem (MiB) 58698 (58698)
Epoch: [48][ 201/3336]	Time  0.654 ( 0.676)	Data  0.000 ( 0.018)	max lr 1.8636e-04 (1.8652e-04)	min lr 1.8636e-04 (1.8652e-04)	Loss 8.7439e-01 (7.7724e-01)	Max mem (MiB) 58698 (58698)
Epoch: [48][ 401/3336]	Time  0.654 ( 0.667)	Data  0.000 ( 0.009)	max lr 1.8606e-04 (1.8637e-04)	min lr 1.8606e-04 (1.8637e-04)	Loss 5.3062e-01 (7.8075e-01)	Max mem (MiB) 58698 (58698)
Epoch: [48][ 601/3336]	Time  0.651 ( 0.663)	Data  0.001 ( 0.007)	max lr 1.8576e-04 (1.8621e-04)	min lr 1.8576e-04 (1.8621e-04)	Loss 9.0054e-01 (7.8558e-01)	Max mem (MiB) 58698 (58698)
Epoch: [48][ 801/3336]	Time  0.653 ( 0.662)	Data  0.000 ( 0.005)	max lr 1.8545e-04 (1.8606e-04)	min lr 1.8545e-04 (1.8606e-04)	Loss 8.4434e-01 (7.8708e-01)	Max mem (MiB) 58698 (58698)
Epoch: [48][1001/3336]	Time  0.652 ( 0.661)	Data  0.000 ( 0.004)	max lr 1.8515e-04 (1.8591e-04)	min lr 1.8515e-04 (1.8591e-04)	Loss 9.0809e-01 (7.9082e-01)	Max mem (MiB) 58698 (58698)
Epoch: [48][1201/3336]	Time  0.652 ( 0.660)	Data  0.000 ( 0.004)	max lr 1.8484e-04 (1.8576e-04)	min lr 1.8484e-04 (1.8576e-04)	Loss 6.9530e-01 (7.9080e-01)	Max mem (MiB) 58698 (58698)
Epoch: [48][1401/3336]	Time  0.651 ( 0.660)	Data  0.000 ( 0.003)	max lr 1.8454e-04 (1.8561e-04)	min lr 1.8454e-04 (1.8561e-04)	Loss 8.0496e-01 (7.9016e-01)	Max mem (MiB) 58698 (58698)
Epoch: [48][1601/3336]	Time  0.651 ( 0.659)	Data  0.000 ( 0.003)	max lr 1.8423e-04 (1.8545e-04)	min lr 1.8423e-04 (1.8545e-04)	Loss 8.2528e-01 (7.9300e-01)	Max mem (MiB) 58698 (58698)
Epoch: [48][1801/3336]	Time  0.652 ( 0.659)	Data  0.001 ( 0.003)	max lr 1.8393e-04 (1.8530e-04)	min lr 1.8393e-04 (1.8530e-04)	Loss 7.7224e-01 (7.9373e-01)	Max mem (MiB) 58698 (58698)
Epoch: [48][2001/3336]	Time  0.653 ( 0.659)	Data  0.000 ( 0.002)	max lr 1.8362e-04 (1.8515e-04)	min lr 1.8362e-04 (1.8515e-04)	Loss 8.6284e-01 (7.9344e-01)	Max mem (MiB) 58698 (58698)
Epoch: [48][2201/3336]	Time  0.650 ( 0.659)	Data  0.000 ( 0.002)	max lr 1.8332e-04 (1.8500e-04)	min lr 1.8332e-04 (1.8500e-04)	Loss 8.7435e-01 (7.9342e-01)	Max mem (MiB) 58698 (58698)
Epoch: [48][2401/3336]	Time  0.650 ( 0.658)	Data  0.000 ( 0.002)	max lr 1.8301e-04 (1.8484e-04)	min lr 1.8301e-04 (1.8484e-04)	Loss 7.1307e-01 (7.9348e-01)	Max mem (MiB) 58698 (58698)
Epoch: [48][2601/3336]	Time  0.651 ( 0.658)	Data  0.000 ( 0.002)	max lr 1.8271e-04 (1.8469e-04)	min lr 1.8271e-04 (1.8469e-04)	Loss 5.7860e-01 (7.9493e-01)	Max mem (MiB) 58698 (58698)
Epoch: [48][2801/3336]	Time  0.649 ( 0.658)	Data  0.000 ( 0.002)	max lr 1.8240e-04 (1.8454e-04)	min lr 1.8240e-04 (1.8454e-04)	Loss 7.7828e-01 (7.9569e-01)	Max mem (MiB) 58698 (58698)
Epoch: [48][3001/3336]	Time  0.652 ( 0.658)	Data  0.000 ( 0.002)	max lr 1.8210e-04 (1.8439e-04)	min lr 1.8210e-04 (1.8439e-04)	Loss 9.3234e-01 (7.9587e-01)	Max mem (MiB) 58698 (58698)
Epoch: [48][3201/3336]	Time  0.648 ( 0.658)	Data  0.000 ( 0.002)	max lr 1.8179e-04 (1.8423e-04)	min lr 1.8179e-04 (1.8423e-04)	Loss 8.1352e-01 (7.9596e-01)	Max mem (MiB) 58698 (58698)
2026-04-27 23:04:12,574 - train_accuracy: 0.0000
2026-04-27 23:04:12,577 - train_total: 1281024.0000
2026-04-27 23:04:12,577 - train_correct: 0.0000
2026-04-27 23:05:06,270 - val_accuracy: 1.0000
2026-04-27 23:05:06,270 - eval_accuracy: 0.7779
2026-04-27 23:05:06,270 - eval_total: 49920.0000
2026-04-27 23:05:06,270 - eval_correct: 38835.0000
Epoch: [49][   1/3336]	Time  5.331 ( 5.331)	Data  4.686 ( 4.686)	max lr 1.8158e-04 (1.8158e-04)	min lr 1.8158e-04 (1.8158e-04)	Loss 7.9595e-01 (7.9595e-01)	Max mem (MiB) 58698 (58698)
Epoch: [49][ 201/3336]	Time  0.655 ( 0.682)	Data  0.000 ( 0.024)	max lr 1.8128e-04 (1.8143e-04)	min lr 1.8128e-04 (1.8143e-04)	Loss 7.8970e-01 (7.9243e-01)	Max mem (MiB) 58698 (58698)
Epoch: [49][ 401/3336]	Time  0.651 ( 0.670)	Data  0.000 ( 0.012)	max lr 1.8097e-04 (1.8128e-04)	min lr 1.8097e-04 (1.8128e-04)	Loss 9.2105e-01 (7.9151e-01)	Max mem (MiB) 58698 (58698)
Epoch: [49][ 601/3336]	Time  0.650 ( 0.665)	Data  0.000 ( 0.008)	max lr 1.8066e-04 (1.8113e-04)	min lr 1.8066e-04 (1.8113e-04)	Loss 5.5097e-01 (7.8794e-01)	Max mem (MiB) 58698 (58698)
Epoch: [49][ 801/3336]	Time  0.650 ( 0.663)	Data  0.000 ( 0.007)	max lr 1.8036e-04 (1.8097e-04)	min lr 1.8036e-04 (1.8097e-04)	Loss 6.0409e-01 (7.8473e-01)	Max mem (MiB) 58698 (58698)
Epoch: [49][1001/3336]	Time  0.652 ( 0.662)	Data  0.001 ( 0.005)	max lr 1.8005e-04 (1.8082e-04)	min lr 1.8005e-04 (1.8082e-04)	Loss 8.9845e-01 (7.8679e-01)	Max mem (MiB) 58698 (58698)
Epoch: [49][1201/3336]	Time  0.651 ( 0.661)	Data  0.000 ( 0.005)	max lr 1.7974e-04 (1.8067e-04)	min lr 1.7974e-04 (1.8067e-04)	Loss 9.3614e-01 (7.8865e-01)	Max mem (MiB) 58698 (58698)
Epoch: [49][1401/3336]	Time  0.650 ( 0.660)	Data  0.000 ( 0.004)	max lr 1.7944e-04 (1.8051e-04)	min lr 1.7944e-04 (1.8051e-04)	Loss 9.1789e-01 (7.8982e-01)	Max mem (MiB) 58698 (58698)
Epoch: [49][1601/3336]	Time  0.649 ( 0.660)	Data  0.000 ( 0.004)	max lr 1.7913e-04 (1.8036e-04)	min lr 1.7913e-04 (1.8036e-04)	Loss 9.5094e-01 (7.8984e-01)	Max mem (MiB) 58698 (58698)
Epoch: [49][1801/3336]	Time  0.649 ( 0.659)	Data  0.000 ( 0.003)	max lr 1.7882e-04 (1.8021e-04)	min lr 1.7882e-04 (1.8021e-04)	Loss 8.5749e-01 (7.9097e-01)	Max mem (MiB) 58698 (58698)
Epoch: [49][2001/3336]	Time  0.650 ( 0.659)	Data  0.000 ( 0.003)	max lr 1.7852e-04 (1.8005e-04)	min lr 1.7852e-04 (1.8005e-04)	Loss 9.3723e-01 (7.9171e-01)	Max mem (MiB) 58698 (58698)
Epoch: [49][2201/3336]	Time  0.653 ( 0.659)	Data  0.000 ( 0.003)	max lr 1.7821e-04 (1.7990e-04)	min lr 1.7821e-04 (1.7990e-04)	Loss 5.6354e-01 (7.9254e-01)	Max mem (MiB) 58698 (58698)
Epoch: [49][2401/3336]	Time  0.655 ( 0.659)	Data  0.000 ( 0.003)	max lr 1.7790e-04 (1.7975e-04)	min lr 1.7790e-04 (1.7975e-04)	Loss 9.2313e-01 (7.9348e-01)	Max mem (MiB) 58698 (58698)
Epoch: [49][2601/3336]	Time  0.650 ( 0.659)	Data  0.000 ( 0.003)	max lr 1.7759e-04 (1.7959e-04)	min lr 1.7759e-04 (1.7959e-04)	Loss 8.3370e-01 (7.9317e-01)	Max mem (MiB) 58698 (58698)
Epoch: [49][2801/3336]	Time  0.650 ( 0.658)	Data  0.000 ( 0.002)	max lr 1.7729e-04 (1.7944e-04)	min lr 1.7729e-04 (1.7944e-04)	Loss 7.5015e-01 (7.9304e-01)	Max mem (MiB) 58698 (58698)
Epoch: [49][3001/3336]	Time  0.650 ( 0.658)	Data  0.000 ( 0.002)	max lr 1.7698e-04 (1.7928e-04)	min lr 1.7698e-04 (1.7928e-04)	Loss 7.1872e-01 (7.9258e-01)	Max mem (MiB) 58698 (58698)
Epoch: [49][3201/3336]	Time  0.652 ( 0.658)	Data  0.000 ( 0.002)	max lr 1.7667e-04 (1.7913e-04)	min lr 1.7667e-04 (1.7913e-04)	Loss 7.3945e-01 (7.9318e-01)	Max mem (MiB) 58698 (58698)
2026-04-27 23:41:41,905 - train_accuracy: 0.0000
2026-04-27 23:41:41,907 - train_total: 1281024.0000
2026-04-27 23:41:41,907 - train_correct: 0.0000
2026-04-27 23:42:33,442 - val_accuracy: 1.0000
2026-04-27 23:42:33,443 - eval_accuracy: 0.7744
2026-04-27 23:42:33,443 - eval_total: 49920.0000
2026-04-27 23:42:33,443 - eval_correct: 38657.0000
Epoch: [50][   1/3336]	Time  4.712 ( 4.712)	Data  4.067 ( 4.067)	max lr 1.7646e-04 (1.7646e-04)	min lr 1.7646e-04 (1.7646e-04)	Loss 9.5428e-01 (9.5428e-01)	Max mem (MiB) 58698 (58698)
Epoch: [50][ 201/3336]	Time  0.653 ( 0.680)	Data  0.000 ( 0.022)	max lr 1.7615e-04 (1.7631e-04)	min lr 1.7615e-04 (1.7631e-04)	Loss 8.5511e-01 (8.0229e-01)	Max mem (MiB) 58698 (58698)
Epoch: [50][ 401/3336]	Time  0.652 ( 0.669)	Data  0.001 ( 0.011)	max lr 1.7584e-04 (1.7615e-04)	min lr 1.7584e-04 (1.7615e-04)	Loss 7.4730e-01 (8.0148e-01)	Max mem (MiB) 58698 (58698)
Epoch: [50][ 601/3336]	Time  0.649 ( 0.665)	Data  0.000 ( 0.008)	max lr 1.7554e-04 (1.7600e-04)	min lr 1.7554e-04 (1.7600e-04)	Loss 9.4125e-01 (7.9760e-01)	Max mem (MiB) 58698 (58698)
Epoch: [50][ 801/3336]	Time  0.651 ( 0.663)	Data  0.000 ( 0.006)	max lr 1.7523e-04 (1.7585e-04)	min lr 1.7523e-04 (1.7585e-04)	Loss 5.7111e-01 (7.9299e-01)	Max mem (MiB) 58698 (58698)
Epoch: [50][1001/3336]	Time  0.650 ( 0.662)	Data  0.000 ( 0.005)	max lr 1.7492e-04 (1.7569e-04)	min lr 1.7492e-04 (1.7569e-04)	Loss 7.2205e-01 (7.9590e-01)	Max mem (MiB) 58698 (58698)
Epoch: [50][1201/3336]	Time  0.648 ( 0.661)	Data  0.000 ( 0.004)	max lr 1.7461e-04 (1.7554e-04)	min lr 1.7461e-04 (1.7554e-04)	Loss 8.8119e-01 (7.9663e-01)	Max mem (MiB) 58698 (58698)
Epoch: [50][1401/3336]	Time  0.648 ( 0.660)	Data  0.000 ( 0.004)	max lr 1.7430e-04 (1.7538e-04)	min lr 1.7430e-04 (1.7538e-04)	Loss 7.0531e-01 (7.9841e-01)	Max mem (MiB) 58698 (58698)
Epoch: [50][1601/3336]	Time  0.651 ( 0.660)	Data  0.000 ( 0.003)	max lr 1.7399e-04 (1.7523e-04)	min lr 1.7399e-04 (1.7523e-04)	Loss 7.3016e-01 (7.9934e-01)	Max mem (MiB) 58698 (58698)
Epoch: [50][1801/3336]	Time  0.650 ( 0.659)	Data  0.000 ( 0.003)	max lr 1.7368e-04 (1.7507e-04)	min lr 1.7368e-04 (1.7507e-04)	Loss 7.2740e-01 (7.9916e-01)	Max mem (MiB) 58698 (58698)
Epoch: [50][2001/3336]	Time  0.652 ( 0.659)	Data  0.000 ( 0.003)	max lr 1.7337e-04 (1.7492e-04)	min lr 1.7337e-04 (1.7492e-04)	Loss 9.1017e-01 (7.9691e-01)	Max mem (MiB) 58698 (58698)
Epoch: [50][2201/3336]	Time  0.651 ( 0.659)	Data  0.000 ( 0.003)	max lr 1.7306e-04 (1.7477e-04)	min lr 1.7306e-04 (1.7477e-04)	Loss 7.4959e-01 (7.9583e-01)	Max mem (MiB) 58698 (58698)
Epoch: [50][2401/3336]	Time  0.650 ( 0.659)	Data  0.001 ( 0.002)	max lr 1.7276e-04 (1.7461e-04)	min lr 1.7276e-04 (1.7461e-04)	Loss 8.6945e-01 (7.9417e-01)	Max mem (MiB) 58698 (58698)
Epoch: [50][2601/3336]	Time  0.649 ( 0.658)	Data  0.000 ( 0.002)	max lr 1.7245e-04 (1.7446e-04)	min lr 1.7245e-04 (1.7446e-04)	Loss 8.1052e-01 (7.9335e-01)	Max mem (MiB) 58698 (58698)
Epoch: [50][2801/3336]	Time  0.649 ( 0.658)	Data  0.001 ( 0.002)	max lr 1.7214e-04 (1.7430e-04)	min lr 1.7214e-04 (1.7430e-04)	Loss 8.9122e-01 (7.9311e-01)	Max mem (MiB) 58698 (58698)
Epoch: [50][3001/3336]	Time  0.650 ( 0.658)	Data  0.000 ( 0.002)	max lr 1.7183e-04 (1.7415e-04)	min lr 1.7183e-04 (1.7415e-04)	Loss 9.5360e-01 (7.9383e-01)	Max mem (MiB) 58698 (58698)
Epoch: [50][3201/3336]	Time  0.649 ( 0.658)	Data  0.000 ( 0.002)	max lr 1.7152e-04 (1.7399e-04)	min lr 1.7152e-04 (1.7399e-04)	Loss 7.7317e-01 (7.9375e-01)	Max mem (MiB) 58698 (58698)
2026-04-28 00:19:08,516 - train_accuracy: 0.0000
2026-04-28 00:19:08,517 - train_total: 1281024.0000
2026-04-28 00:19:08,517 - train_correct: 0.0000
2026-04-28 00:20:07,515 - val_accuracy: 1.0000
2026-04-28 00:20:07,515 - eval_accuracy: 0.7798
2026-04-28 00:20:07,515 - eval_total: 49920.0000
2026-04-28 00:20:07,515 - eval_correct: 38929.0000
Epoch: [51][   1/3336]	Time  4.134 ( 4.134)	Data  3.486 ( 3.486)	max lr 1.7131e-04 (1.7131e-04)	min lr 1.7131e-04 (1.7131e-04)	Loss 9.3430e-01 (9.3430e-01)	Max mem (MiB) 58698 (58698)
Epoch: [51][ 201/3336]	Time  0.655 ( 0.678)	Data  0.000 ( 0.018)	max lr 1.7100e-04 (1.7115e-04)	min lr 1.7100e-04 (1.7115e-04)	Loss 8.7046e-01 (7.8485e-01)	Max mem (MiB) 58698 (58698)
Epoch: [51][ 401/3336]	Time  0.650 ( 0.668)	Data  0.000 ( 0.009)	max lr 1.7069e-04 (1.7100e-04)	min lr 1.7069e-04 (1.7100e-04)	Loss 9.4309e-01 (7.8140e-01)	Max mem (MiB) 58698 (58698)
Epoch: [51][ 601/3336]	Time  0.653 ( 0.664)	Data  0.000 ( 0.006)	max lr 1.7038e-04 (1.7084e-04)	min lr 1.7038e-04 (1.7084e-04)	Loss 5.6735e-01 (7.7928e-01)	Max mem (MiB) 58698 (58698)
Epoch: [51][ 801/3336]	Time  0.649 ( 0.662)	Data  0.000 ( 0.005)	max lr 1.7007e-04 (1.7069e-04)	min lr 1.7007e-04 (1.7069e-04)	Loss 8.8325e-01 (7.8124e-01)	Max mem (MiB) 58698 (58698)
Epoch: [51][1001/3336]	Time  0.650 ( 0.661)	Data  0.000 ( 0.004)	max lr 1.6976e-04 (1.7053e-04)	min lr 1.6976e-04 (1.7053e-04)	Loss 7.5200e-01 (7.8119e-01)	Max mem (MiB) 58698 (58698)
Epoch: [51][1201/3336]	Time  0.649 ( 0.660)	Data  0.000 ( 0.004)	max lr 1.6945e-04 (1.7038e-04)	min lr 1.6945e-04 (1.7038e-04)	Loss 6.2790e-01 (7.8103e-01)	Max mem (MiB) 58698 (58698)
Epoch: [51][1401/3336]	Time  0.650 ( 0.660)	Data  0.000 ( 0.003)	max lr 1.6914e-04 (1.7022e-04)	min lr 1.6914e-04 (1.7022e-04)	Loss 8.2710e-01 (7.8157e-01)	Max mem (MiB) 58698 (58698)
Epoch: [51][1601/3336]	Time  0.651 ( 0.659)	Data  0.001 ( 0.003)	max lr 1.6883e-04 (1.7007e-04)	min lr 1.6883e-04 (1.7007e-04)	Loss 8.0561e-01 (7.8255e-01)	Max mem (MiB) 58698 (58698)
Epoch: [51][1801/3336]	Time  0.650 ( 0.659)	Data  0.000 ( 0.003)	max lr 1.6851e-04 (1.6991e-04)	min lr 1.6851e-04 (1.6991e-04)	Loss 8.1523e-01 (7.8290e-01)	Max mem (MiB) 58698 (58698)
Epoch: [51][2001/3336]	Time  0.652 ( 0.659)	Data  0.000 ( 0.002)	max lr 1.6820e-04 (1.6976e-04)	min lr 1.6820e-04 (1.6976e-04)	Loss 5.9337e-01 (7.8358e-01)	Max mem (MiB) 58698 (58698)
Epoch: [51][2201/3336]	Time  0.655 ( 0.658)	Data  0.000 ( 0.002)	max lr 1.6789e-04 (1.6960e-04)	min lr 1.6789e-04 (1.6960e-04)	Loss 8.2548e-01 (7.8484e-01)	Max mem (MiB) 58698 (58698)
Epoch: [51][2401/3336]	Time  0.650 ( 0.658)	Data  0.000 ( 0.002)	max lr 1.6758e-04 (1.6945e-04)	min lr 1.6758e-04 (1.6945e-04)	Loss 7.9258e-01 (7.8533e-01)	Max mem (MiB) 58698 (58698)
Epoch: [51][2601/3336]	Time  0.651 ( 0.658)	Data  0.001 ( 0.002)	max lr 1.6727e-04 (1.6929e-04)	min lr 1.6727e-04 (1.6929e-04)	Loss 8.1038e-01 (7.8544e-01)	Max mem (MiB) 58698 (58698)
Epoch: [51][2801/3336]	Time  0.650 ( 0.658)	Data  0.000 ( 0.002)	max lr 1.6696e-04 (1.6914e-04)	min lr 1.6696e-04 (1.6914e-04)	Loss 8.7589e-01 (7.8522e-01)	Max mem (MiB) 58698 (58698)
Epoch: [51][3001/3336]	Time  0.651 ( 0.658)	Data  0.001 ( 0.002)	max lr 1.6665e-04 (1.6898e-04)	min lr 1.6665e-04 (1.6898e-04)	Loss 8.6453e-01 (7.8600e-01)	Max mem (MiB) 58698 (58698)
Epoch: [51][3201/3336]	Time  0.652 ( 0.658)	Data  0.000 ( 0.002)	max lr 1.6634e-04 (1.6883e-04)	min lr 1.6634e-04 (1.6883e-04)	Loss 7.0628e-01 (7.8634e-01)	Max mem (MiB) 58698 (58698)
2026-04-28 00:56:42,104 - train_accuracy: 0.0000
2026-04-28 00:56:42,105 - train_total: 1281024.0000
2026-04-28 00:56:42,105 - train_correct: 0.0000
2026-04-28 00:57:27,541 - val_accuracy: 1.0000
2026-04-28 00:57:27,541 - eval_accuracy: 0.7830
2026-04-28 00:57:27,541 - eval_total: 49920.0000
2026-04-28 00:57:27,541 - eval_correct: 39087.0000
Epoch: [52][   1/3336]	Time  5.387 ( 5.387)	Data  4.742 ( 4.742)	max lr 1.6613e-04 (1.6613e-04)	min lr 1.6613e-04 (1.6613e-04)	Loss 8.6017e-01 (8.6017e-01)	Max mem (MiB) 58698 (58698)
Epoch: [52][ 201/3336]	Time  0.656 ( 0.684)	Data  0.000 ( 0.026)	max lr 1.6582e-04 (1.6597e-04)	min lr 1.6582e-04 (1.6597e-04)	Loss 6.8735e-01 (7.8245e-01)	Max mem (MiB) 58698 (58698)
Epoch: [52][ 401/3336]	Time  0.649 ( 0.672)	Data  0.000 ( 0.014)	max lr 1.6550e-04 (1.6582e-04)	min lr 1.6550e-04 (1.6582e-04)	Loss 9.0884e-01 (7.7970e-01)	Max mem (MiB) 58698 (58698)
Epoch: [52][ 601/3336]	Time  0.650 ( 0.667)	Data  0.000 ( 0.010)	max lr 1.6519e-04 (1.6566e-04)	min lr 1.6519e-04 (1.6566e-04)	Loss 8.4890e-01 (7.7584e-01)	Max mem (MiB) 58698 (58698)
Epoch: [52][ 801/3336]	Time  0.649 ( 0.664)	Data  0.000 ( 0.007)	max lr 1.6488e-04 (1.6551e-04)	min lr 1.6488e-04 (1.6551e-04)	Loss 9.2413e-01 (7.7831e-01)	Max mem (MiB) 58698 (58698)
Epoch: [52][1001/3336]	Time  0.652 ( 0.663)	Data  0.000 ( 0.006)	max lr 1.6457e-04 (1.6535e-04)	min lr 1.6457e-04 (1.6535e-04)	Loss 8.1810e-01 (7.8104e-01)	Max mem (MiB) 58698 (58698)
Epoch: [52][1201/3336]	Time  0.650 ( 0.662)	Data  0.000 ( 0.005)	max lr 1.6426e-04 (1.6520e-04)	min lr 1.6426e-04 (1.6520e-04)	Loss 5.4516e-01 (7.8060e-01)	Max mem (MiB) 58698 (58698)
Epoch: [52][1401/3336]	Time  0.650 ( 0.661)	Data  0.000 ( 0.005)	max lr 1.6395e-04 (1.6504e-04)	min lr 1.6395e-04 (1.6504e-04)	Loss 7.1686e-01 (7.8238e-01)	Max mem (MiB) 58698 (58698)
Epoch: [52][1601/3336]	Time  0.648 ( 0.660)	Data  0.001 ( 0.004)	max lr 1.6364e-04 (1.6488e-04)	min lr 1.6364e-04 (1.6488e-04)	Loss 8.4065e-01 (7.8135e-01)	Max mem (MiB) 58698 (58698)
Epoch: [52][1801/3336]	Time  0.648 ( 0.660)	Data  0.000 ( 0.004)	max lr 1.6332e-04 (1.6473e-04)	min lr 1.6332e-04 (1.6473e-04)	Loss 8.5809e-01 (7.8261e-01)	Max mem (MiB) 58698 (58698)
Epoch: [52][2001/3336]	Time  0.649 ( 0.660)	Data  0.000 ( 0.003)	max lr 1.6301e-04 (1.6457e-04)	min lr 1.6301e-04 (1.6457e-04)	Loss 8.6780e-01 (7.8372e-01)	Max mem (MiB) 58698 (58698)
Epoch: [52][2201/3336]	Time  0.651 ( 0.659)	Data  0.000 ( 0.003)	max lr 1.6270e-04 (1.6442e-04)	min lr 1.6270e-04 (1.6442e-04)	Loss 8.8315e-01 (7.8296e-01)	Max mem (MiB) 58698 (58698)
Epoch: [52][2401/3336]	Time  0.649 ( 0.659)	Data  0.000 ( 0.003)	max lr 1.6239e-04 (1.6426e-04)	min lr 1.6239e-04 (1.6426e-04)	Loss 8.7338e-01 (7.8210e-01)	Max mem (MiB) 58698 (58698)
Epoch: [52][2601/3336]	Time  0.650 ( 0.659)	Data  0.000 ( 0.003)	max lr 1.6208e-04 (1.6411e-04)	min lr 1.6208e-04 (1.6411e-04)	Loss 8.6849e-01 (7.8138e-01)	Max mem (MiB) 58698 (58698)
Epoch: [52][2801/3336]	Time  0.650 ( 0.659)	Data  0.000 ( 0.003)	max lr 1.6176e-04 (1.6395e-04)	min lr 1.6176e-04 (1.6395e-04)	Loss 6.2423e-01 (7.8124e-01)	Max mem (MiB) 58698 (58698)
Epoch: [52][3001/3336]	Time  0.651 ( 0.658)	Data  0.001 ( 0.002)	max lr 1.6145e-04 (1.6379e-04)	min lr 1.6145e-04 (1.6379e-04)	Loss 5.5389e-01 (7.8135e-01)	Max mem (MiB) 58698 (58698)
Epoch: [52][3201/3336]	Time  0.649 ( 0.658)	Data  0.000 ( 0.002)	max lr 1.6114e-04 (1.6364e-04)	min lr 1.6114e-04 (1.6364e-04)	Loss 7.6558e-01 (7.8128e-01)	Max mem (MiB) 58698 (58698)
2026-04-28 01:34:03,748 - train_accuracy: 0.0000
2026-04-28 01:34:03,749 - train_total: 1281024.0000
2026-04-28 01:34:03,749 - train_correct: 0.0000
2026-04-28 01:34:52,838 - val_accuracy: 1.0000
2026-04-28 01:34:52,838 - eval_accuracy: 0.7847
2026-04-28 01:34:52,838 - eval_total: 49920.0000
2026-04-28 01:34:52,838 - eval_correct: 39171.0000
Epoch: [53][   1/3336]	Time  3.734 ( 3.734)	Data  3.089 ( 3.089)	max lr 1.6093e-04 (1.6093e-04)	min lr 1.6093e-04 (1.6093e-04)	Loss 8.9173e-01 (8.9173e-01)	Max mem (MiB) 58698 (58698)
Epoch: [53][ 201/3336]	Time  0.651 ( 0.677)	Data  0.000 ( 0.020)	max lr 1.6062e-04 (1.6077e-04)	min lr 1.6062e-04 (1.6077e-04)	Loss 8.8716e-01 (7.7507e-01)	Max mem (MiB) 58698 (58698)
Epoch: [53][ 401/3336]	Time  0.650 ( 0.667)	Data  0.000 ( 0.010)	max lr 1.6030e-04 (1.6062e-04)	min lr 1.6030e-04 (1.6062e-04)	Loss 8.1488e-01 (7.6930e-01)	Max mem (MiB) 58698 (58698)
Epoch: [53][ 601/3336]	Time  0.648 ( 0.663)	Data  0.000 ( 0.007)	max lr 1.5999e-04 (1.6046e-04)	min lr 1.5999e-04 (1.6046e-04)	Loss 9.1602e-01 (7.7039e-01)	Max mem (MiB) 58698 (58698)
Epoch: [53][ 801/3336]	Time  0.649 ( 0.661)	Data  0.000 ( 0.005)	max lr 1.5968e-04 (1.6031e-04)	min lr 1.5968e-04 (1.6031e-04)	Loss 7.3717e-01 (7.7255e-01)	Max mem (MiB) 58698 (58698)
Epoch: [53][1001/3336]	Time  0.649 ( 0.660)	Data  0.001 ( 0.005)	max lr 1.5937e-04 (1.6015e-04)	min lr 1.5937e-04 (1.6015e-04)	Loss 8.5401e-01 (7.7189e-01)	Max mem (MiB) 58698 (58698)
Epoch: [53][1201/3336]	Time  0.653 ( 0.660)	Data  0.000 ( 0.004)	max lr 1.5906e-04 (1.5999e-04)	min lr 1.5906e-04 (1.5999e-04)	Loss 8.3587e-01 (7.7255e-01)	Max mem (MiB) 58698 (58698)
Epoch: [53][1401/3336]	Time  0.651 ( 0.659)	Data  0.000 ( 0.003)	max lr 1.5874e-04 (1.5984e-04)	min lr 1.5874e-04 (1.5984e-04)	Loss 5.8321e-01 (7.7415e-01)	Max mem (MiB) 58698 (58698)
Epoch: [53][1601/3336]	Time  0.653 ( 0.659)	Data  0.000 ( 0.003)	max lr 1.5843e-04 (1.5968e-04)	min lr 1.5843e-04 (1.5968e-04)	Loss 8.5189e-01 (7.7585e-01)	Max mem (MiB) 58698 (58698)
Epoch: [53][1801/3336]	Time  0.650 ( 0.659)	Data  0.001 ( 0.003)	max lr 1.5812e-04 (1.5953e-04)	min lr 1.5812e-04 (1.5953e-04)	Loss 6.8236e-01 (7.7666e-01)	Max mem (MiB) 58698 (58698)
Epoch: [53][2001/3336]	Time  0.650 ( 0.658)	Data  0.000 ( 0.003)	max lr 1.5781e-04 (1.5937e-04)	min lr 1.5781e-04 (1.5937e-04)	Loss 7.4850e-01 (7.7809e-01)	Max mem (MiB) 58698 (58698)
Epoch: [53][2201/3336]	Time  0.649 ( 0.658)	Data  0.000 ( 0.002)	max lr 1.5749e-04 (1.5921e-04)	min lr 1.5749e-04 (1.5921e-04)	Loss 8.5399e-01 (7.7942e-01)	Max mem (MiB) 58698 (58698)
Epoch: [53][2401/3336]	Time  0.650 ( 0.658)	Data  0.000 ( 0.002)	max lr 1.5718e-04 (1.5906e-04)	min lr 1.5718e-04 (1.5906e-04)	Loss 8.9785e-01 (7.8100e-01)	Max mem (MiB) 58698 (58698)
Epoch: [53][2601/3336]	Time  0.651 ( 0.658)	Data  0.000 ( 0.002)	max lr 1.5687e-04 (1.5890e-04)	min lr 1.5687e-04 (1.5890e-04)	Loss 9.1678e-01 (7.8164e-01)	Max mem (MiB) 58698 (58698)
Epoch: [53][2801/3336]	Time  0.653 ( 0.658)	Data  0.000 ( 0.002)	max lr 1.5656e-04 (1.5874e-04)	min lr 1.5656e-04 (1.5874e-04)	Loss 8.1898e-01 (7.8195e-01)	Max mem (MiB) 58698 (58698)
Epoch: [53][3001/3336]	Time  0.649 ( 0.658)	Data  0.000 ( 0.002)	max lr 1.5624e-04 (1.5859e-04)	min lr 1.5624e-04 (1.5859e-04)	Loss 7.8102e-01 (7.8200e-01)	Max mem (MiB) 58698 (58698)
Epoch: [53][3201/3336]	Time  0.648 ( 0.658)	Data  0.000 ( 0.002)	max lr 1.5593e-04 (1.5843e-04)	min lr 1.5593e-04 (1.5843e-04)	Loss 8.8290e-01 (7.8095e-01)	Max mem (MiB) 58698 (58698)
2026-04-28 02:11:26,709 - train_accuracy: 0.0000
2026-04-28 02:11:26,710 - train_total: 1281024.0000
2026-04-28 02:11:26,710 - train_correct: 0.0000
2026-04-28 02:12:13,788 - val_accuracy: 1.0000
2026-04-28 02:12:13,789 - eval_accuracy: 0.7847
2026-04-28 02:12:13,789 - eval_total: 49920.0000
2026-04-28 02:12:13,789 - eval_correct: 39172.0000
Epoch: [54][   1/3336]	Time  5.025 ( 5.025)	Data  4.378 ( 4.378)	max lr 1.5572e-04 (1.5572e-04)	min lr 1.5572e-04 (1.5572e-04)	Loss 8.2404e-01 (8.2404e-01)	Max mem (MiB) 58698 (58698)
Epoch: [54][ 201/3336]	Time  0.655 ( 0.681)	Data  0.000 ( 0.023)	max lr 1.5540e-04 (1.5556e-04)	min lr 1.5540e-04 (1.5556e-04)	Loss 7.7779e-01 (7.6780e-01)	Max mem (MiB) 58698 (58698)
Epoch: [54][ 401/3336]	Time  0.649 ( 0.669)	Data  0.001 ( 0.012)	max lr 1.5509e-04 (1.5541e-04)	min lr 1.5509e-04 (1.5541e-04)	Loss 7.3475e-01 (7.7117e-01)	Max mem (MiB) 58698 (58698)
Epoch: [54][ 601/3336]	Time  0.650 ( 0.665)	Data  0.000 ( 0.008)	max lr 1.5478e-04 (1.5525e-04)	min lr 1.5478e-04 (1.5525e-04)	Loss 7.8334e-01 (7.7106e-01)	Max mem (MiB) 58698 (58698)
Epoch: [54][ 801/3336]	Time  0.647 ( 0.663)	Data  0.000 ( 0.006)	max lr 1.5447e-04 (1.5509e-04)	min lr 1.5447e-04 (1.5509e-04)	Loss 7.8020e-01 (7.7108e-01)	Max mem (MiB) 58698 (58698)
Epoch: [54][1001/3336]	Time  0.649 ( 0.661)	Data  0.001 ( 0.005)	max lr 1.5415e-04 (1.5494e-04)	min lr 1.5415e-04 (1.5494e-04)	Loss 8.9634e-01 (7.7373e-01)	Max mem (MiB) 58698 (58698)
Epoch: [54][1201/3336]	Time  0.649 ( 0.661)	Data  0.001 ( 0.005)	max lr 1.5384e-04 (1.5478e-04)	min lr 1.5384e-04 (1.5478e-04)	Loss 8.2394e-01 (7.7154e-01)	Max mem (MiB) 58698 (58698)
Epoch: [54][1401/3336]	Time  0.651 ( 0.660)	Data  0.001 ( 0.004)	max lr 1.5353e-04 (1.5463e-04)	min lr 1.5353e-04 (1.5463e-04)	Loss 8.6824e-01 (7.7327e-01)	Max mem (MiB) 58698 (58698)
Epoch: [54][1601/3336]	Time  0.653 ( 0.659)	Data  0.000 ( 0.004)	max lr 1.5322e-04 (1.5447e-04)	min lr 1.5322e-04 (1.5447e-04)	Loss 8.2425e-01 (7.7293e-01)	Max mem (MiB) 58698 (58698)
Epoch: [54][1801/3336]	Time  0.647 ( 0.659)	Data  0.000 ( 0.003)	max lr 1.5290e-04 (1.5431e-04)	min lr 1.5290e-04 (1.5431e-04)	Loss 5.6484e-01 (7.7284e-01)	Max mem (MiB) 58698 (58698)
Epoch: [54][2001/3336]	Time  0.648 ( 0.659)	Data  0.000 ( 0.003)	max lr 1.5259e-04 (1.5416e-04)	min lr 1.5259e-04 (1.5416e-04)	Loss 8.5075e-01 (7.7338e-01)	Max mem (MiB) 58698 (58698)
Epoch: [54][2201/3336]	Time  0.650 ( 0.659)	Data  0.001 ( 0.003)	max lr 1.5228e-04 (1.5400e-04)	min lr 1.5228e-04 (1.5400e-04)	Loss 7.4469e-01 (7.7296e-01)	Max mem (MiB) 58698 (58698)
Epoch: [54][2401/3336]	Time  0.653 ( 0.658)	Data  0.000 ( 0.003)	max lr 1.5196e-04 (1.5384e-04)	min lr 1.5196e-04 (1.5384e-04)	Loss 7.6518e-01 (7.7218e-01)	Max mem (MiB) 58698 (58698)
Epoch: [54][2601/3336]	Time  0.649 ( 0.658)	Data  0.000 ( 0.002)	max lr 1.5165e-04 (1.5369e-04)	min lr 1.5165e-04 (1.5369e-04)	Loss 8.7444e-01 (7.7320e-01)	Max mem (MiB) 58698 (58698)
Epoch: [54][2801/3336]	Time  0.653 ( 0.658)	Data  0.000 ( 0.002)	max lr 1.5134e-04 (1.5353e-04)	min lr 1.5134e-04 (1.5353e-04)	Loss 8.5474e-01 (7.7443e-01)	Max mem (MiB) 58698 (58698)
Epoch: [54][3001/3336]	Time  0.647 ( 0.658)	Data  0.000 ( 0.002)	max lr 1.5103e-04 (1.5337e-04)	min lr 1.5103e-04 (1.5337e-04)	Loss 8.3990e-01 (7.7328e-01)	Max mem (MiB) 58698 (58698)
Epoch: [54][3201/3336]	Time  0.652 ( 0.658)	Data  0.000 ( 0.002)	max lr 1.5071e-04 (1.5322e-04)	min lr 1.5071e-04 (1.5322e-04)	Loss 8.6863e-01 (7.7290e-01)	Max mem (MiB) 58698 (58698)
2026-04-28 02:48:48,456 - train_accuracy: 0.0000
2026-04-28 02:48:48,459 - train_total: 1281024.0000
2026-04-28 02:48:48,459 - train_correct: 0.0000
2026-04-28 02:49:37,710 - val_accuracy: 1.0000
2026-04-28 02:49:37,710 - eval_accuracy: 0.7860
2026-04-28 02:49:37,710 - eval_total: 49920.0000
2026-04-28 02:49:37,710 - eval_correct: 39239.0000
Epoch: [55][   1/3336]	Time  3.828 ( 3.828)	Data  3.182 ( 3.182)	max lr 1.5050e-04 (1.5050e-04)	min lr 1.5050e-04 (1.5050e-04)	Loss 6.4147e-01 (6.4147e-01)	Max mem (MiB) 58698 (58698)
Epoch: [55][ 201/3336]	Time  0.652 ( 0.678)	Data  0.000 ( 0.021)	max lr 1.5019e-04 (1.5035e-04)	min lr 1.5019e-04 (1.5035e-04)	Loss 6.4581e-01 (7.5812e-01)	Max mem (MiB) 58698 (58698)
Epoch: [55][ 401/3336]	Time  0.652 ( 0.668)	Data  0.000 ( 0.011)	max lr 1.4987e-04 (1.5019e-04)	min lr 1.4987e-04 (1.5019e-04)	Loss 9.2493e-01 (7.6686e-01)	Max mem (MiB) 58698 (58698)
Epoch: [55][ 601/3336]	Time  0.648 ( 0.664)	Data  0.000 ( 0.008)	max lr 1.4956e-04 (1.5003e-04)	min lr 1.4956e-04 (1.5003e-04)	Loss 7.2801e-01 (7.7094e-01)	Max mem (MiB) 58698 (58698)
Epoch: [55][ 801/3336]	Time  0.649 ( 0.662)	Data  0.000 ( 0.006)	max lr 1.4925e-04 (1.4988e-04)	min lr 1.4925e-04 (1.4988e-04)	Loss 8.8544e-01 (7.7009e-01)	Max mem (MiB) 58698 (58698)
Epoch: [55][1001/3336]	Time  0.650 ( 0.661)	Data  0.000 ( 0.005)	max lr 1.4894e-04 (1.4972e-04)	min lr 1.4894e-04 (1.4972e-04)	Loss 8.4562e-01 (7.7088e-01)	Max mem (MiB) 58698 (58698)
Epoch: [55][1201/3336]	Time  0.650 ( 0.660)	Data  0.000 ( 0.004)	max lr 1.4862e-04 (1.4956e-04)	min lr 1.4862e-04 (1.4956e-04)	Loss 6.3042e-01 (7.7230e-01)	Max mem (MiB) 58698 (58698)
Epoch: [55][1401/3336]	Time  0.649 ( 0.660)	Data  0.000 ( 0.004)	max lr 1.4831e-04 (1.4941e-04)	min lr 1.4831e-04 (1.4941e-04)	Loss 7.8598e-01 (7.7044e-01)	Max mem (MiB) 58698 (58698)
Epoch: [55][1601/3336]	Time  0.653 ( 0.659)	Data  0.000 ( 0.003)	max lr 1.4800e-04 (1.4925e-04)	min lr 1.4800e-04 (1.4925e-04)	Loss 7.1192e-01 (7.7022e-01)	Max mem (MiB) 58698 (58698)
Epoch: [55][1801/3336]	Time  0.648 ( 0.659)	Data  0.000 ( 0.003)	max lr 1.4768e-04 (1.4909e-04)	min lr 1.4768e-04 (1.4909e-04)	Loss 8.6080e-01 (7.7066e-01)	Max mem (MiB) 58698 (58698)
Epoch: [55][2001/3336]	Time  0.655 ( 0.659)	Data  0.000 ( 0.003)	max lr 1.4737e-04 (1.4894e-04)	min lr 1.4737e-04 (1.4894e-04)	Loss 9.4213e-01 (7.7053e-01)	Max mem (MiB) 58698 (58698)
Epoch: [55][2201/3336]	Time  0.650 ( 0.659)	Data  0.000 ( 0.003)	max lr 1.4706e-04 (1.4878e-04)	min lr 1.4706e-04 (1.4878e-04)	Loss 8.9108e-01 (7.7204e-01)	Max mem (MiB) 58698 (58698)
Epoch: [55][2401/3336]	Time  0.649 ( 0.658)	Data  0.000 ( 0.002)	max lr 1.4675e-04 (1.4863e-04)	min lr 1.4675e-04 (1.4863e-04)	Loss 7.0354e-01 (7.7170e-01)	Max mem (MiB) 58698 (58698)
Epoch: [55][2601/3336]	Time  0.651 ( 0.658)	Data  0.000 ( 0.002)	max lr 1.4643e-04 (1.4847e-04)	min lr 1.4643e-04 (1.4847e-04)	Loss 9.0116e-01 (7.7149e-01)	Max mem (MiB) 58698 (58698)
Epoch: [55][2801/3336]	Time  0.648 ( 0.658)	Data  0.000 ( 0.002)	max lr 1.4612e-04 (1.4831e-04)	min lr 1.4612e-04 (1.4831e-04)	Loss 7.1323e-01 (7.7152e-01)	Max mem (MiB) 58698 (58698)
Epoch: [55][3001/3336]	Time  0.651 ( 0.658)	Data  0.000 ( 0.002)	max lr 1.4581e-04 (1.4816e-04)	min lr 1.4581e-04 (1.4816e-04)	Loss 8.6370e-01 (7.7127e-01)	Max mem (MiB) 58698 (58698)
Epoch: [55][3201/3336]	Time  0.651 ( 0.658)	Data  0.000 ( 0.002)	max lr 1.4550e-04 (1.4800e-04)	min lr 1.4550e-04 (1.4800e-04)	Loss 8.3721e-01 (7.7076e-01)	Max mem (MiB) 58698 (58698)
2026-04-28 03:26:12,877 - train_accuracy: 0.0000
2026-04-28 03:26:12,878 - train_total: 1281024.0000
2026-04-28 03:26:12,878 - train_correct: 0.0000
2026-04-28 03:27:16,067 - val_accuracy: 1.0000
2026-04-28 03:27:16,067 - eval_accuracy: 0.7904
2026-04-28 03:27:16,067 - eval_total: 49920.0000
2026-04-28 03:27:16,067 - eval_correct: 39457.0000
Epoch: [56][   1/3336]	Time  4.686 ( 4.686)	Data  4.039 ( 4.039)	max lr 1.4528e-04 (1.4528e-04)	min lr 1.4528e-04 (1.4528e-04)	Loss 8.1952e-01 (8.1952e-01)	Max mem (MiB) 58698 (58698)
Epoch: [56][ 201/3336]	Time  0.657 ( 0.680)	Data  0.000 ( 0.021)	max lr 1.4497e-04 (1.4513e-04)	min lr 1.4497e-04 (1.4513e-04)	Loss 8.5183e-01 (7.5572e-01)	Max mem (MiB) 58698 (58698)
Epoch: [56][ 401/3336]	Time  0.652 ( 0.669)	Data  0.000 ( 0.011)	max lr 1.4466e-04 (1.4497e-04)	min lr 1.4466e-04 (1.4497e-04)	Loss 5.3357e-01 (7.5741e-01)	Max mem (MiB) 58698 (58698)
Epoch: [56][ 601/3336]	Time  0.647 ( 0.665)	Data  0.000 ( 0.007)	max lr 1.4434e-04 (1.4482e-04)	min lr 1.4434e-04 (1.4482e-04)	Loss 8.1883e-01 (7.5800e-01)	Max mem (MiB) 58698 (58698)
Epoch: [56][ 801/3336]	Time  0.649 ( 0.663)	Data  0.000 ( 0.006)	max lr 1.4403e-04 (1.4466e-04)	min lr 1.4403e-04 (1.4466e-04)	Loss 7.7346e-01 (7.5942e-01)	Max mem (MiB) 58698 (58698)
Epoch: [56][1001/3336]	Time  0.651 ( 0.661)	Data  0.000 ( 0.005)	max lr 1.4372e-04 (1.4450e-04)	min lr 1.4372e-04 (1.4450e-04)	Loss 8.7491e-01 (7.6023e-01)	Max mem (MiB) 58698 (58698)
Epoch: [56][1201/3336]	Time  0.650 ( 0.660)	Data  0.000 ( 0.004)	max lr 1.4341e-04 (1.4435e-04)	min lr 1.4341e-04 (1.4435e-04)	Loss 8.5963e-01 (7.6024e-01)	Max mem (MiB) 58698 (58698)
Epoch: [56][1401/3336]	Time  0.648 ( 0.660)	Data  0.000 ( 0.004)	max lr 1.4309e-04 (1.4419e-04)	min lr 1.4309e-04 (1.4419e-04)	Loss 7.7842e-01 (7.6050e-01)	Max mem (MiB) 58698 (58698)
Epoch: [56][1601/3336]	Time  0.653 ( 0.659)	Data  0.001 ( 0.003)	max lr 1.4278e-04 (1.4403e-04)	min lr 1.4278e-04 (1.4403e-04)	Loss 7.3319e-01 (7.6191e-01)	Max mem (MiB) 58698 (58698)
Epoch: [56][1801/3336]	Time  0.651 ( 0.659)	Data  0.000 ( 0.003)	max lr 1.4247e-04 (1.4388e-04)	min lr 1.4247e-04 (1.4388e-04)	Loss 5.8512e-01 (7.6256e-01)	Max mem (MiB) 58698 (58698)
Epoch: [56][2001/3336]	Time  0.651 ( 0.659)	Data  0.000 ( 0.003)	max lr 1.4216e-04 (1.4372e-04)	min lr 1.4216e-04 (1.4372e-04)	Loss 5.1267e-01 (7.6213e-01)	Max mem (MiB) 58698 (58698)
Epoch: [56][2201/3336]	Time  0.653 ( 0.659)	Data  0.000 ( 0.003)	max lr 1.4184e-04 (1.4357e-04)	min lr 1.4184e-04 (1.4357e-04)	Loss 8.5099e-01 (7.6019e-01)	Max mem (MiB) 58698 (58698)
Epoch: [56][2401/3336]	Time  0.651 ( 0.658)	Data  0.001 ( 0.002)	max lr 1.4153e-04 (1.4341e-04)	min lr 1.4153e-04 (1.4341e-04)	Loss 9.2379e-01 (7.6159e-01)	Max mem (MiB) 58698 (58698)
Epoch: [56][2601/3336]	Time  0.651 ( 0.658)	Data  0.000 ( 0.002)	max lr 1.4122e-04 (1.4325e-04)	min lr 1.4122e-04 (1.4325e-04)	Loss 8.7495e-01 (7.6234e-01)	Max mem (MiB) 58698 (58698)
Epoch: [56][2801/3336]	Time  0.650 ( 0.658)	Data  0.000 ( 0.002)	max lr 1.4091e-04 (1.4310e-04)	min lr 1.4091e-04 (1.4310e-04)	Loss 7.9783e-01 (7.6248e-01)	Max mem (MiB) 58698 (58698)
Epoch: [56][3001/3336]	Time  0.648 ( 0.658)	Data  0.000 ( 0.002)	max lr 1.4060e-04 (1.4294e-04)	min lr 1.4060e-04 (1.4294e-04)	Loss 6.5932e-01 (7.6282e-01)	Max mem (MiB) 58698 (58698)
Epoch: [56][3201/3336]	Time  0.649 ( 0.658)	Data  0.000 ( 0.002)	max lr 1.4028e-04 (1.4278e-04)	min lr 1.4028e-04 (1.4278e-04)	Loss 7.6422e-01 (7.6379e-01)	Max mem (MiB) 58698 (58698)
2026-04-28 04:03:51,084 - train_accuracy: 0.0000
2026-04-28 04:03:51,086 - train_total: 1281024.0000
2026-04-28 04:03:51,086 - train_correct: 0.0000
2026-04-28 04:04:44,703 - val_accuracy: 1.0000
2026-04-28 04:04:44,703 - eval_accuracy: 0.7932
2026-04-28 04:04:44,703 - eval_total: 49920.0000
2026-04-28 04:04:44,703 - eval_correct: 39595.0000
