[2026-04-30 14:42:03,518] [INFO] [real_accelerator.py:219:get_accelerator] Setting ds_accelerator to cuda (auto detect)
Warning: The cache directory for DeepSpeed Triton autotune, /home/bt2/22CS10052/.triton/autotune, appears to be on an NFS system. While this is generally acceptable, if you experience slowdowns or hanging when DeepSpeed exits, it is recommended to set the TRITON_CACHE_DIR environment variable to a non-NFS path.
Attention implementation: flash_attention2
2026-04-30 14:42:17,712 - Local rank: -1
2026-04-30 14:42:17,713 - Loading config from configs/atlas_256_in1k_b.yaml
2026-04-30 14:42:17,747 - Replacing key at main.exp_name with atlas_d2d10_base_r256_b
2026-04-30 14:42:17,747 - Replacing key at main.tags with ['atlas', 'hr-in100']
2026-04-30 14:42:17,747 - Replacing key at main.phases.dev with True
2026-04-30 14:42:17,747 - Replacing key at main.checkpoints_dir with /home/bt2/22CS10052/Codebase/Atlas/checkpoints/Atlas_in1k_256_b
2026-04-30 14:42:17,747 - Replacing key at main.wandb_project with architecture
2026-04-30 14:42:17,747 - Replacing key at main.disable_wandb with True
2026-04-30 14:42:17,747 - Replacing key at main.allow_overwriting_experiment_checkpoints with True
2026-04-30 14:42:17,747 - Replacing key at dataset.shared_dataset_kwargs.data_path with /home/bt2/22CS10052/task/imagenet/
2026-04-30 14:42:17,747 - Replacing key at dataset.image_augmentations with [{'type': 'TimmAug', 'kwargs': {'input_size': 256, 'color_jitter': None, 'aa': 'rand-m9-mstd0.5-inc1', 'reprob': 0.25, 'remode': 'pixel', 'recount': 1, 'mean': [0.485, 0.456, 0.406], 'std': [0.229, 0.224, 0.225]}}]
2026-04-30 14:42:17,747 - Replacing key at dataset.test_image_augmentations with [{'type': 'TorchvisionResize', 'kwargs': {'img_size': [256, 256]}}, {'type': 'TorchvisionCenterCrop', 'kwargs': {'height': 256, 'width': 256}}, {'type': 'TorchvisionToTensor', 'kwargs': {}}, {'type': 'NormalizeTensor2d', 'kwargs': {'channel_means': [0.485, 0.456, 0.406], 'channel_stds': [0.229, 0.224, 0.225]}}]
2026-04-30 14:42:17,747 - Replacing key at dataloader.batch_size with 384
2026-04-30 14:42:17,747 - Replacing key at dataloader.eval_batch_size with 384
2026-04-30 14:42:17,747 - Replacing key at dataloader.num_workers with 16
2026-04-30 14:42:17,747 - Replacing key at dataloader.train_drop_last with True
2026-04-30 14:42:17,747 - Replacing key at dataloader.val_drop_last with True
2026-04-30 14:42:17,747 - Replacing key at engine.type with Classifier
2026-04-30 14:42:17,747 - Replacing key at engine.kwargs.resume with /home/bt2/22CS10052/Codebase/Atlas/checkpoints/Atlas_in1k_256_b/atlas_d2d10_base_r256_b/latest.ckpt
2026-04-30 14:42:17,747 - Replacing key at optimizer.type with AdamW
2026-04-30 14:42:17,747 - Replacing key at optimizer.kwargs with {'lr': 0.0003, 'betas': [0.9, 0.999]}
2026-04-30 14:42:17,747 - Replacing key at optimizer.scheduler.interval with step
2026-04-30 14:42:17,747 - Replacing key at optimizer.scheduler.type with StepCosineAnnealingWarmup
2026-04-30 14:42:17,747 - Replacing key at optimizer.scheduler.kwargs with {'warmup_epochs': 10, 'max_epochs': 100, 'min_lr': 1e-06}
2026-04-30 14:42:17,747 - Replacing key at model.type with Atlas
2026-04-30 14:42:17,747 - Replacing key at model.kwargs with {'num_classes': 1000, 'img_size': [256, 256, 1], 'patch_size': [16, 16, 1], 'in_chans': 3, 'embed_dim': 768, 'kwargs_list': [{'img_size': [256, 256, 1], 'patch_size': 16, 'local2global': 4, 'merge_ratio': 16, 'in_dim': 64, 'dim': 768, 'num_features': 192, 'num_classes': 1000, 'drop_path_rate': 0.4, 'global_pool': 'avg', 'class_token': False, 'depths': 2, 'qkv_bias': True, 'pre_norm': False, 'num_heads': 12, 'mlp_ratio': 4, 'embed_dim': 768, 'embed_op': 'convstem', 'layer_args': {'qkv_bias': True, 'qk_scale': 'None', 'input_resolution': 256}}, {'img_size': [16, 16, 1], 'patch_size': 1, 'local2global': 4, 'merge_ratio': 16, 'num_classes': 1000, 'drop_path_rate': 0.4, 'global_pool': 'avg', 'class_token': False, 'depths': 10, 'qkv_bias': True, 'pre_norm': False, 'num_heads': 12, 'mlp_ratio': 4, 'embed_dim': 768, 'embed_op': 'conv2d', 'in_dim': 64, 'dim': 768, 'num_features': 192, 'layer_args': {'qkv_bias': True, 'qk_scale': 'None', 'input_resolution': 256}}]}
2026-04-30 14:42:17,751 - | distributed init (global rank 0): env://, gpu 0 / world_size 1
experiment_checkpoints_dir: /home/bt2/22CS10052/Codebase/Atlas/checkpoints/Atlas_in1k_256_b/atlas_d2d10_base_r256_b
2026-04-30 14:42:18,717 - | initialized host gnode1 as rank 0
2026-04-30 14:42:18,784 - Multi-GPU: True
2026-04-30 14:42:18,860 - Checkpoint directory: /home/bt2/22CS10052/Codebase/Atlas/checkpoints/Atlas_in1k_256_b/atlas_d2d10_base_r256_b
2026-04-30 14:42:51,205 - Using distributed sampler
2026-04-30 14:42:57,579 - Multi-GPU distributed evaluation is enabled: the results may be a little inaccurate due to the padding or drop_last in DistributedSampler
2026-04-30 14:42:57,579 - Mixup is activated!
2026-04-30 14:42:57,610 - Engine built!
=========================================
Number of parameters
trainable_params: 110239736
non_trainable_params: 0
=========================================
2026-04-30 14:42:58,204 - Model: Atlas(
  (atlas_models): ModuleList(
    (0): StackMSA(
      (patch_embed): MultiConvEmbed(
        (proj): Identity()
        (conv0): Sequential(
          (0): Conv2d(3, 64, kernel_size=(3, 3), stride=(2, 2), padding=(1, 1), bias=False)
          (1): BatchNorm2d(64, eps=0.0001, momentum=0.1, affine=True, track_running_stats=True)
          (2): ReLU()
          (3): Conv2d(64, 192, kernel_size=(3, 3), stride=(2, 2), padding=(1, 1), bias=False)
          (4): BatchNorm2d(192, eps=0.0001, momentum=0.1, affine=True, track_running_stats=True)
          (5): ReLU()
        )
        (conv1): Sequential(
          (0): EarlyConvResidual(
            (conv_block1): Sequential(
              (0): Conv2d(192, 192, kernel_size=(3, 3), stride=(1, 1), padding=(1, 1))
              (1): BatchNorm2d(192, eps=1e-05, momentum=0.1, affine=True, track_running_stats=True)
              (2): GELU(approximate='none')
            )
            (conv_block2): Sequential(
              (0): Conv2d(192, 192, kernel_size=(3, 3), stride=(1, 1), padding=(1, 1))
              (1): BatchNorm2d(192, eps=1e-05, momentum=0.1, affine=True, track_running_stats=True)
            )
            (drop_path): Identity()
          )
          (1): EarlyConvResidual(
            (conv_block1): Sequential(
              (0): Conv2d(192, 192, kernel_size=(3, 3), stride=(1, 1), padding=(1, 1))
              (1): BatchNorm2d(192, eps=1e-05, momentum=0.1, affine=True, track_running_stats=True)
              (2): GELU(approximate='none')
            )
            (conv_block2): Sequential(
              (0): Conv2d(192, 192, kernel_size=(3, 3), stride=(1, 1), padding=(1, 1))
              (1): BatchNorm2d(192, eps=1e-05, momentum=0.1, affine=True, track_running_stats=True)
            )
            (drop_path): Identity()
          )
          (2): EarlyConvResidual(
            (conv_block1): Sequential(
              (0): Conv2d(192, 192, kernel_size=(3, 3), stride=(1, 1), padding=(1, 1))
              (1): BatchNorm2d(192, eps=1e-05, momentum=0.1, affine=True, track_running_stats=True)
              (2): GELU(approximate='none')
            )
            (conv_block2): Sequential(
              (0): Conv2d(192, 192, kernel_size=(3, 3), stride=(1, 1), padding=(1, 1))
              (1): BatchNorm2d(192, eps=1e-05, momentum=0.1, affine=True, track_running_stats=True)
            )
            (drop_path): Identity()
          )
        )
        (ds1): EarlyConvDS(
          (norm): LayerNorm2d((192,), eps=1e-06, elementwise_affine=True)
          (conv): Conv2d(192, 384, kernel_size=(3, 3), stride=(2, 2), padding=(1, 1), bias=False)
        )
        (conv2): Sequential(
          (0): EarlyConvResidual(
            (conv_block1): Sequential(
              (0): Conv2d(384, 384, kernel_size=(3, 3), stride=(1, 1), padding=(1, 1))
              (1): BatchNorm2d(384, eps=1e-05, momentum=0.1, affine=True, track_running_stats=True)
              (2): GELU(approximate='none')
            )
            (conv_block2): Sequential(
              (0): Conv2d(384, 384, kernel_size=(3, 3), stride=(1, 1), padding=(1, 1))
              (1): BatchNorm2d(384, eps=1e-05, momentum=0.1, affine=True, track_running_stats=True)
            )
            (drop_path): Identity()
          )
          (1): EarlyConvResidual(
            (conv_block1): Sequential(
              (0): Conv2d(384, 384, kernel_size=(3, 3), stride=(1, 1), padding=(1, 1))
              (1): BatchNorm2d(384, eps=1e-05, momentum=0.1, affine=True, track_running_stats=True)
              (2): GELU(approximate='none')
            )
            (conv_block2): Sequential(
              (0): Conv2d(384, 384, kernel_size=(3, 3), stride=(1, 1), padding=(1, 1))
              (1): BatchNorm2d(384, eps=1e-05, momentum=0.1, affine=True, track_running_stats=True)
            )
            (drop_path): Identity()
          )
          (2): EarlyConvResidual(
            (conv_block1): Sequential(
              (0): Conv2d(384, 384, kernel_size=(3, 3), stride=(1, 1), padding=(1, 1))
              (1): BatchNorm2d(384, eps=1e-05, momentum=0.1, affine=True, track_running_stats=True)
              (2): GELU(approximate='none')
            )
            (conv_block2): Sequential(
              (0): Conv2d(384, 384, kernel_size=(3, 3), stride=(1, 1), padding=(1, 1))
              (1): BatchNorm2d(384, eps=1e-05, momentum=0.1, affine=True, track_running_stats=True)
            )
            (drop_path): Identity()
          )
        )
        (ds2): EarlyConvDS(
          (norm): LayerNorm2d((384,), eps=1e-06, elementwise_affine=True)
          (conv): Conv2d(384, 768, kernel_size=(3, 3), stride=(2, 2), padding=(1, 1), bias=False)
        )
        (ds3): EarlyConvDS_56(
          (norm): LayerNorm2d((384,), eps=1e-06, elementwise_affine=True)
          (conv): Conv2d(384, 768, kernel_size=(2, 2), stride=(2, 2), padding=(8, 8), bias=False)
        )
        (ds4): EarlyConvDS_112(
          (norm): LayerNorm2d((192,), eps=1e-06, elementwise_affine=True)
          (conv): Conv2d(192, 384, kernel_size=(4, 4), stride=(2, 2), padding=(17, 17), bias=False)
        )
        (ds5): EarlyConvDS_28(
          (norm): LayerNorm2d((384,), eps=1e-06, elementwise_affine=True)
          (conv): Conv2d(384, 768, kernel_size=(2, 2), stride=(2, 2), padding=(4, 4), bias=False)
        )
        (ds6): EarlyConvDS_14(
          (norm): LayerNorm2d((384,), eps=1e-06, elementwise_affine=True)
          (conv): Conv2d(384, 768, kernel_size=(2, 2), stride=(2, 2), padding=(2, 2), bias=False)
        )
      )
      (levels): ModuleList(
        (0): MultiScaleAttentionLayer(
          (blocks): ModuleList(
            (0): MultiScaleAttentionBlock(
              (proj_drop): Dropout(p=0.0, inplace=False)
              (blocks): ModuleList(
                (0): CrossWindowBlock(
                  (norm1_q): LayerNorm((768,), eps=1e-05, elementwise_affine=True)
                  (norm1_kv): LayerNorm((768,), eps=1e-05, elementwise_affine=True)
                  (attn): CrossWindowAttention(
                    (q): Linear(in_features=768, out_features=768, bias=True)
                    (kv): Linear(in_features=768, out_features=1536, bias=True)
                    (proj): Linear(in_features=768, out_features=768, bias=True)
                    (proj_drop): Dropout(p=0.0, inplace=False)
                  )
                  (norm2): LayerNorm((768,), eps=1e-05, elementwise_affine=True)
                  (mlp): Mlp(
                    (fc1): Linear(in_features=768, out_features=3072, bias=True)
                    (act): GELU(approximate='none')
                    (drop1): Dropout(p=0.0, inplace=False)
                    (norm): Identity()
                    (fc2): Linear(in_features=3072, out_features=768, bias=True)
                    (drop2): Dropout(p=0.0, inplace=False)
                  )
                  (drop_path): Identity()
                )
              )
              (posemb): ModuleList(
                (0): RelativePositionEmbed(
                  (projector): Sequential(
                    (0): Linear(in_features=2, out_features=512, bias=True)
                    (1): ReLU()
                    (2): Linear(in_features=512, out_features=768, bias=False)
                  )
                )
              )
            )
            (1): MultiScaleAttentionBlock(
              (proj_drop): Dropout(p=0.0, inplace=False)
              (blocks): ModuleList(
                (0): CrossWindowBlock(
                  (norm1_q): LayerNorm((768,), eps=1e-05, elementwise_affine=True)
                  (norm1_kv): LayerNorm((768,), eps=1e-05, elementwise_affine=True)
                  (attn): CrossWindowAttention(
                    (q): Linear(in_features=768, out_features=768, bias=True)
                    (kv): Linear(in_features=768, out_features=1536, bias=True)
                    (proj): Linear(in_features=768, out_features=768, bias=True)
                    (proj_drop): Dropout(p=0.0, inplace=False)
                  )
                  (norm2): LayerNorm((768,), eps=1e-05, elementwise_affine=True)
                  (mlp): Mlp(
                    (fc1): Linear(in_features=768, out_features=3072, bias=True)
                    (act): GELU(approximate='none')
                    (drop1): Dropout(p=0.0, inplace=False)
                    (norm): Identity()
                    (fc2): Linear(in_features=3072, out_features=768, bias=True)
                    (drop2): Dropout(p=0.0, inplace=False)
                  )
                  (drop_path): DropPath(drop_prob=0.400)
                )
              )
              (posemb): ModuleList(
                (0): RelativePositionEmbed(
                  (projector): Sequential(
                    (0): Linear(in_features=2, out_features=512, bias=True)
                    (1): ReLU()
                    (2): Linear(in_features=512, out_features=768, bias=False)
                  )
                )
              )
            )
          )
        )
      )
      (norm): BatchNorm2d(768, eps=1e-05, momentum=0.1, affine=True, track_running_stats=True)
      (avgpool): AdaptiveAvgPool2d(output_size=1)
      (head): Linear(in_features=768, out_features=1000, bias=True)
    )
    (1): StackMSA(
      (levels): ModuleList(
        (0): MultiScaleAttentionLayer(
          (blocks): ModuleList(
            (0): MultiScaleAttentionBlock(
              (proj_drop): Dropout(p=0.0, inplace=False)
              (blocks): ModuleList(
                (0): CrossWindowBlock(
                  (norm1_q): LayerNorm((768,), eps=1e-05, elementwise_affine=True)
                  (norm1_kv): LayerNorm((768,), eps=1e-05, elementwise_affine=True)
                  (attn): CrossWindowAttention(
                    (q): Linear(in_features=768, out_features=768, bias=True)
                    (kv): Linear(in_features=768, out_features=1536, bias=True)
                    (proj): Linear(in_features=768, out_features=768, bias=True)
                    (proj_drop): Dropout(p=0.0, inplace=False)
                  )
                  (norm2): LayerNorm((768,), eps=1e-05, elementwise_affine=True)
                  (mlp): Mlp(
                    (fc1): Linear(in_features=768, out_features=3072, bias=True)
                    (act): GELU(approximate='none')
                    (drop1): Dropout(p=0.0, inplace=False)
                    (norm): Identity()
                    (fc2): Linear(in_features=3072, out_features=768, bias=True)
                    (drop2): Dropout(p=0.0, inplace=False)
                  )
                  (drop_path): Identity()
                )
              )
              (posemb): ModuleList(
                (0): RelativePositionEmbed(
                  (projector): Sequential(
                    (0): Linear(in_features=2, out_features=512, bias=True)
                    (1): ReLU()
                    (2): Linear(in_features=512, out_features=768, bias=False)
                  )
                )
              )
            )
            (1): MultiScaleAttentionBlock(
              (proj_drop): Dropout(p=0.0, inplace=False)
              (blocks): ModuleList(
                (0): CrossWindowBlock(
                  (norm1_q): LayerNorm((768,), eps=1e-05, elementwise_affine=True)
                  (norm1_kv): LayerNorm((768,), eps=1e-05, elementwise_affine=True)
                  (attn): CrossWindowAttention(
                    (q): Linear(in_features=768, out_features=768, bias=True)
                    (kv): Linear(in_features=768, out_features=1536, bias=True)
                    (proj): Linear(in_features=768, out_features=768, bias=True)
                    (proj_drop): Dropout(p=0.0, inplace=False)
                  )
                  (norm2): LayerNorm((768,), eps=1e-05, elementwise_affine=True)
                  (mlp): Mlp(
                    (fc1): Linear(in_features=768, out_features=3072, bias=True)
                    (act): GELU(approximate='none')
                    (drop1): Dropout(p=0.0, inplace=False)
                    (norm): Identity()
                    (fc2): Linear(in_features=3072, out_features=768, bias=True)
                    (drop2): Dropout(p=0.0, inplace=False)
                  )
                  (drop_path): DropPath(drop_prob=0.044)
                )
              )
              (posemb): ModuleList(
                (0): RelativePositionEmbed(
                  (projector): Sequential(
                    (0): Linear(in_features=2, out_features=512, bias=True)
                    (1): ReLU()
                    (2): Linear(in_features=512, out_features=768, bias=False)
                  )
                )
              )
            )
            (2): MultiScaleAttentionBlock(
              (proj_drop): Dropout(p=0.0, inplace=False)
              (blocks): ModuleList(
                (0): CrossWindowBlock(
                  (norm1_q): LayerNorm((768,), eps=1e-05, elementwise_affine=True)
                  (norm1_kv): LayerNorm((768,), eps=1e-05, elementwise_affine=True)
                  (attn): CrossWindowAttention(
                    (q): Linear(in_features=768, out_features=768, bias=True)
                    (kv): Linear(in_features=768, out_features=1536, bias=True)
                    (proj): Linear(in_features=768, out_features=768, bias=True)
                    (proj_drop): Dropout(p=0.0, inplace=False)
                  )
                  (norm2): LayerNorm((768,), eps=1e-05, elementwise_affine=True)
                  (mlp): Mlp(
                    (fc1): Linear(in_features=768, out_features=3072, bias=True)
                    (act): GELU(approximate='none')
                    (drop1): Dropout(p=0.0, inplace=False)
                    (norm): Identity()
                    (fc2): Linear(in_features=3072, out_features=768, bias=True)
                    (drop2): Dropout(p=0.0, inplace=False)
                  )
                  (drop_path): DropPath(drop_prob=0.089)
                )
              )
              (posemb): ModuleList(
                (0): RelativePositionEmbed(
                  (projector): Sequential(
                    (0): Linear(in_features=2, out_features=512, bias=True)
                    (1): ReLU()
                    (2): Linear(in_features=512, out_features=768, bias=False)
                  )
                )
              )
            )
            (3): MultiScaleAttentionBlock(
              (proj_drop): Dropout(p=0.0, inplace=False)
              (blocks): ModuleList(
                (0): CrossWindowBlock(
                  (norm1_q): LayerNorm((768,), eps=1e-05, elementwise_affine=True)
                  (norm1_kv): LayerNorm((768,), eps=1e-05, elementwise_affine=True)
                  (attn): CrossWindowAttention(
                    (q): Linear(in_features=768, out_features=768, bias=True)
                    (kv): Linear(in_features=768, out_features=1536, bias=True)
                    (proj): Linear(in_features=768, out_features=768, bias=True)
                    (proj_drop): Dropout(p=0.0, inplace=False)
                  )
                  (norm2): LayerNorm((768,), eps=1e-05, elementwise_affine=True)
                  (mlp): Mlp(
                    (fc1): Linear(in_features=768, out_features=3072, bias=True)
                    (act): GELU(approximate='none')
                    (drop1): Dropout(p=0.0, inplace=False)
                    (norm): Identity()
                    (fc2): Linear(in_features=3072, out_features=768, bias=True)
                    (drop2): Dropout(p=0.0, inplace=False)
                  )
                  (drop_path): DropPath(drop_prob=0.133)
                )
              )
              (posemb): ModuleList(
                (0): RelativePositionEmbed(
                  (projector): Sequential(
                    (0): Linear(in_features=2, out_features=512, bias=True)
                    (1): ReLU()
                    (2): Linear(in_features=512, out_features=768, bias=False)
                  )
                )
              )
            )
            (4): MultiScaleAttentionBlock(
              (proj_drop): Dropout(p=0.0, inplace=False)
              (blocks): ModuleList(
                (0): CrossWindowBlock(
                  (norm1_q): LayerNorm((768,), eps=1e-05, elementwise_affine=True)
                  (norm1_kv): LayerNorm((768,), eps=1e-05, elementwise_affine=True)
                  (attn): CrossWindowAttention(
                    (q): Linear(in_features=768, out_features=768, bias=True)
                    (kv): Linear(in_features=768, out_features=1536, bias=True)
                    (proj): Linear(in_features=768, out_features=768, bias=True)
                    (proj_drop): Dropout(p=0.0, inplace=False)
                  )
                  (norm2): LayerNorm((768,), eps=1e-05, elementwise_affine=True)
                  (mlp): Mlp(
                    (fc1): Linear(in_features=768, out_features=3072, bias=True)
                    (act): GELU(approximate='none')
                    (drop1): Dropout(p=0.0, inplace=False)
                    (norm): Identity()
                    (fc2): Linear(in_features=3072, out_features=768, bias=True)
                    (drop2): Dropout(p=0.0, inplace=False)
                  )
                  (drop_path): DropPath(drop_prob=0.178)
                )
              )
              (posemb): ModuleList(
                (0): RelativePositionEmbed(
                  (projector): Sequential(
                    (0): Linear(in_features=2, out_features=512, bias=True)
                    (1): ReLU()
                    (2): Linear(in_features=512, out_features=768, bias=False)
                  )
                )
              )
            )
            (5): MultiScaleAttentionBlock(
              (proj_drop): Dropout(p=0.0, inplace=False)
              (blocks): ModuleList(
                (0): CrossWindowBlock(
                  (norm1_q): LayerNorm((768,), eps=1e-05, elementwise_affine=True)
                  (norm1_kv): LayerNorm((768,), eps=1e-05, elementwise_affine=True)
                  (attn): CrossWindowAttention(
                    (q): Linear(in_features=768, out_features=768, bias=True)
                    (kv): Linear(in_features=768, out_features=1536, bias=True)
                    (proj): Linear(in_features=768, out_features=768, bias=True)
                    (proj_drop): Dropout(p=0.0, inplace=False)
                  )
                  (norm2): LayerNorm((768,), eps=1e-05, elementwise_affine=True)
                  (mlp): Mlp(
                    (fc1): Linear(in_features=768, out_features=3072, bias=True)
                    (act): GELU(approximate='none')
                    (drop1): Dropout(p=0.0, inplace=False)
                    (norm): Identity()
                    (fc2): Linear(in_features=3072, out_features=768, bias=True)
                    (drop2): Dropout(p=0.0, inplace=False)
                  )
                  (drop_path): DropPath(drop_prob=0.222)
                )
              )
              (posemb): ModuleList(
                (0): RelativePositionEmbed(
                  (projector): Sequential(
                    (0): Linear(in_features=2, out_features=512, bias=True)
                    (1): ReLU()
                    (2): Linear(in_features=512, out_features=768, bias=False)
                  )
                )
              )
            )
            (6): MultiScaleAttentionBlock(
              (proj_drop): Dropout(p=0.0, inplace=False)
              (blocks): ModuleList(
                (0): CrossWindowBlock(
                  (norm1_q): LayerNorm((768,), eps=1e-05, elementwise_affine=True)
                  (norm1_kv): LayerNorm((768,), eps=1e-05, elementwise_affine=True)
                  (attn): CrossWindowAttention(
                    (q): Linear(in_features=768, out_features=768, bias=True)
                    (kv): Linear(in_features=768, out_features=1536, bias=True)
                    (proj): Linear(in_features=768, out_features=768, bias=True)
                    (proj_drop): Dropout(p=0.0, inplace=False)
                  )
                  (norm2): LayerNorm((768,), eps=1e-05, elementwise_affine=True)
                  (mlp): Mlp(
                    (fc1): Linear(in_features=768, out_features=3072, bias=True)
                    (act): GELU(approximate='none')
                    (drop1): Dropout(p=0.0, inplace=False)
                    (norm): Identity()
                    (fc2): Linear(in_features=3072, out_features=768, bias=True)
                    (drop2): Dropout(p=0.0, inplace=False)
                  )
                  (drop_path): DropPath(drop_prob=0.267)
                )
              )
              (posemb): ModuleList(
                (0): RelativePositionEmbed(
                  (projector): Sequential(
                    (0): Linear(in_features=2, out_features=512, bias=True)
                    (1): ReLU()
                    (2): Linear(in_features=512, out_features=768, bias=False)
                  )
                )
              )
            )
            (7): MultiScaleAttentionBlock(
              (proj_drop): Dropout(p=0.0, inplace=False)
              (blocks): ModuleList(
                (0): CrossWindowBlock(
                  (norm1_q): LayerNorm((768,), eps=1e-05, elementwise_affine=True)
                  (norm1_kv): LayerNorm((768,), eps=1e-05, elementwise_affine=True)
                  (attn): CrossWindowAttention(
                    (q): Linear(in_features=768, out_features=768, bias=True)
                    (kv): Linear(in_features=768, out_features=1536, bias=True)
                    (proj): Linear(in_features=768, out_features=768, bias=True)
                    (proj_drop): Dropout(p=0.0, inplace=False)
                  )
                  (norm2): LayerNorm((768,), eps=1e-05, elementwise_affine=True)
                  (mlp): Mlp(
                    (fc1): Linear(in_features=768, out_features=3072, bias=True)
                    (act): GELU(approximate='none')
                    (drop1): Dropout(p=0.0, inplace=False)
                    (norm): Identity()
                    (fc2): Linear(in_features=3072, out_features=768, bias=True)
                    (drop2): Dropout(p=0.0, inplace=False)
                  )
                  (drop_path): DropPath(drop_prob=0.311)
                )
              )
              (posemb): ModuleList(
                (0): RelativePositionEmbed(
                  (projector): Sequential(
                    (0): Linear(in_features=2, out_features=512, bias=True)
                    (1): ReLU()
                    (2): Linear(in_features=512, out_features=768, bias=False)
                  )
                )
              )
            )
            (8): MultiScaleAttentionBlock(
              (proj_drop): Dropout(p=0.0, inplace=False)
              (blocks): ModuleList(
                (0): CrossWindowBlock(
                  (norm1_q): LayerNorm((768,), eps=1e-05, elementwise_affine=True)
                  (norm1_kv): LayerNorm((768,), eps=1e-05, elementwise_affine=True)
                  (attn): CrossWindowAttention(
                    (q): Linear(in_features=768, out_features=768, bias=True)
                    (kv): Linear(in_features=768, out_features=1536, bias=True)
                    (proj): Linear(in_features=768, out_features=768, bias=True)
                    (proj_drop): Dropout(p=0.0, inplace=False)
                  )
                  (norm2): LayerNorm((768,), eps=1e-05, elementwise_affine=True)
                  (mlp): Mlp(
                    (fc1): Linear(in_features=768, out_features=3072, bias=True)
                    (act): GELU(approximate='none')
                    (drop1): Dropout(p=0.0, inplace=False)
                    (norm): Identity()
                    (fc2): Linear(in_features=3072, out_features=768, bias=True)
                    (drop2): Dropout(p=0.0, inplace=False)
                  )
                  (drop_path): DropPath(drop_prob=0.356)
                )
              )
              (posemb): ModuleList(
                (0): RelativePositionEmbed(
                  (projector): Sequential(
                    (0): Linear(in_features=2, out_features=512, bias=True)
                    (1): ReLU()
                    (2): Linear(in_features=512, out_features=768, bias=False)
                  )
                )
              )
            )
            (9): MultiScaleAttentionBlock(
              (proj_drop): Dropout(p=0.0, inplace=False)
              (blocks): ModuleList(
                (0): CrossWindowBlock(
                  (norm1_q): LayerNorm((768,), eps=1e-05, elementwise_affine=True)
                  (norm1_kv): LayerNorm((768,), eps=1e-05, elementwise_affine=True)
                  (attn): CrossWindowAttention(
                    (q): Linear(in_features=768, out_features=768, bias=True)
                    (kv): Linear(in_features=768, out_features=1536, bias=True)
                    (proj): Linear(in_features=768, out_features=768, bias=True)
                    (proj_drop): Dropout(p=0.0, inplace=False)
                  )
                  (norm2): LayerNorm((768,), eps=1e-05, elementwise_affine=True)
                  (mlp): Mlp(
                    (fc1): Linear(in_features=768, out_features=3072, bias=True)
                    (act): GELU(approximate='none')
                    (drop1): Dropout(p=0.0, inplace=False)
                    (norm): Identity()
                    (fc2): Linear(in_features=3072, out_features=768, bias=True)
                    (drop2): Dropout(p=0.0, inplace=False)
                  )
                  (drop_path): DropPath(drop_prob=0.400)
                )
              )
              (posemb): ModuleList(
                (0): RelativePositionEmbed(
                  (projector): Sequential(
                    (0): Linear(in_features=2, out_features=512, bias=True)
                    (1): ReLU()
                    (2): Linear(in_features=512, out_features=768, bias=False)
                  )
                )
              )
            )
          )
        )
      )
      (norm): BatchNorm2d(768, eps=1e-05, momentum=0.1, affine=True, track_running_stats=True)
      (avgpool): AdaptiveAvgPool2d(output_size=1)
      (head): Linear(in_features=768, out_features=1000, bias=True)
    )
  )
  (readout_norm): LayerNorm((768,), eps=1e-05, elementwise_affine=True)
  (fc_norm): LayerNorm((768,), eps=1e-05, elementwise_affine=True)
  (fc): Linear(in_features=768, out_features=1000, bias=True)
)
2026-04-30 14:43:22,972 - Start training for 100 epochs
Epoch: [95][   1/3336]	Time 30.075 (30.075)	Data 15.543 (15.543)	max lr 3.2712e-06 (3.2712e-06)	min lr 3.2712e-06 (3.2712e-06)	Loss 7.0054e-01 (7.0054e-01)	Max mem (MiB) 1659 (1659)
Epoch: [95][ 201/3336]	Time  0.655 ( 0.811)	Data  0.000 ( 0.078)	max lr 3.2172e-06 (3.2446e-06)	min lr 3.2172e-06 (3.2446e-06)	Loss 6.4319e-01 (6.2601e-01)	Max mem (MiB) 58696 (58410)
Epoch: [95][ 401/3336]	Time  0.651 ( 0.736)	Data  0.000 ( 0.040)	max lr 3.1639e-06 (3.2177e-06)	min lr 3.1639e-06 (3.2177e-06)	Loss 7.2320e-01 (6.2975e-01)	Max mem (MiB) 58696 (58553)
Epoch: [95][ 601/3336]	Time  0.651 ( 0.710)	Data  0.000 ( 0.027)	max lr 3.1112e-06 (3.1911e-06)	min lr 3.1112e-06 (3.1911e-06)	Loss 7.2112e-01 (6.2807e-01)	Max mem (MiB) 58697 (58601)
Epoch: [95][ 801/3336]	Time  0.648 ( 0.696)	Data  0.001 ( 0.020)	max lr 3.0591e-06 (3.1647e-06)	min lr 3.0591e-06 (3.1647e-06)	Loss 6.1522e-01 (6.2789e-01)	Max mem (MiB) 58697 (58625)
Epoch: [95][1001/3336]	Time  0.653 ( 0.688)	Data  0.000 ( 0.016)	max lr 3.0077e-06 (3.1385e-06)	min lr 3.0077e-06 (3.1385e-06)	Loss 7.2752e-01 (6.2966e-01)	Max mem (MiB) 58697 (58639)
Epoch: [95][1201/3336]	Time  0.650 ( 0.689)	Data  0.000 ( 0.019)	max lr 2.9569e-06 (3.1125e-06)	min lr 2.9569e-06 (3.1125e-06)	Loss 6.2175e-01 (6.2943e-01)	Max mem (MiB) 58697 (58649)
Epoch: [95][1401/3336]	Time  1.389 ( 0.688)	Data  0.744 ( 0.021)	max lr 2.9068e-06 (3.0868e-06)	min lr 2.9068e-06 (3.0868e-06)	Loss 5.1918e-01 (6.2905e-01)	Max mem (MiB) 58697 (58656)
Epoch: [95][1601/3336]	Time  0.655 ( 0.688)	Data  0.000 ( 0.022)	max lr 2.8573e-06 (3.0612e-06)	min lr 2.8573e-06 (3.0612e-06)	Loss 4.8187e-01 (6.2899e-01)	Max mem (MiB) 58697 (58661)
Epoch: [95][1801/3336]	Time  0.652 ( 0.688)	Data  0.000 ( 0.023)	max lr 2.8084e-06 (3.0359e-06)	min lr 2.8084e-06 (3.0359e-06)	Loss 5.8636e-01 (6.2912e-01)	Max mem (MiB) 58697 (58665)
Epoch: [95][2001/3336]	Time  0.653 ( 0.686)	Data  0.000 ( 0.022)	max lr 2.7602e-06 (3.0107e-06)	min lr 2.7602e-06 (3.0107e-06)	Loss 6.4331e-01 (6.2980e-01)	Max mem (MiB) 58697 (58668)
Epoch: [95][2201/3336]	Time  0.659 ( 0.689)	Data  0.000 ( 0.025)	max lr 2.7127e-06 (2.9858e-06)	min lr 2.7127e-06 (2.9858e-06)	Loss 4.6154e-01 (6.2984e-01)	Max mem (MiB) 58697 (58671)
Epoch: [95][2401/3336]	Time  1.484 ( 0.725)	Data  0.835 ( 0.062)	max lr 2.6658e-06 (2.9611e-06)	min lr 2.6658e-06 (2.9611e-06)	Loss 6.5976e-01 (6.3100e-01)	Max mem (MiB) 58697 (58673)
Epoch: [95][2601/3336]	Time  0.656 ( 0.734)	Data  0.000 ( 0.072)	max lr 2.6195e-06 (2.9367e-06)	min lr 2.6195e-06 (2.9367e-06)	Loss 6.3561e-01 (6.3066e-01)	Max mem (MiB) 58697 (58675)
Epoch: [95][2801/3336]	Time  0.653 ( 0.731)	Data  0.000 ( 0.069)	max lr 2.5739e-06 (2.9124e-06)	min lr 2.5739e-06 (2.9124e-06)	Loss 7.0166e-01 (6.3038e-01)	Max mem (MiB) 58698 (58676)
Epoch: [95][3001/3336]	Time  0.656 ( 0.754)	Data  0.001 ( 0.092)	max lr 2.5290e-06 (2.8884e-06)	min lr 2.5290e-06 (2.8884e-06)	Loss 7.2765e-01 (6.3048e-01)	Max mem (MiB) 58698 (58678)
Epoch: [95][3201/3336]	Time  0.654 ( 0.749)	Data  0.000 ( 0.088)	max lr 2.4847e-06 (2.8645e-06)	min lr 2.4847e-06 (2.8645e-06)	Loss 7.3482e-01 (6.3046e-01)	Max mem (MiB) 58698 (58679)
2026-04-30 15:24:50,965 - train_accuracy: 0.0000
2026-04-30 15:24:50,965 - train_total: 1281024.0000
2026-04-30 15:24:50,965 - train_correct: 0.0000
2026-04-30 15:27:25,546 - val_accuracy: 1.0000
2026-04-30 15:27:25,546 - eval_accuracy: 0.8273
2026-04-30 15:27:25,546 - eval_total: 49920.0000
2026-04-30 15:27:25,546 - eval_correct: 41297.0000
Epoch: [96][   1/3336]	Time 51.478 (51.478)	Data 50.833 (50.833)	max lr 2.4549e-06 (2.4549e-06)	min lr 2.4549e-06 (2.4549e-06)	Loss 5.9380e-01 (5.9380e-01)	Max mem (MiB) 58698 (58698)
Epoch: [96][ 201/3336]	Time  0.662 ( 1.517)	Data  0.000 ( 0.854)	max lr 2.4117e-06 (2.4336e-06)	min lr 2.4117e-06 (2.4336e-06)	Loss 7.0433e-01 (6.2424e-01)	Max mem (MiB) 58698 (58698)
Epoch: [96][ 401/3336]	Time  0.660 ( 1.274)	Data  0.000 ( 0.611)	max lr 2.3691e-06 (2.4121e-06)	min lr 2.3691e-06 (2.4121e-06)	Loss 6.8934e-01 (6.2137e-01)	Max mem (MiB) 58698 (58698)
Epoch: [96][ 601/3336]	Time  0.652 ( 1.070)	Data  0.000 ( 0.408)	max lr 2.3272e-06 (2.3909e-06)	min lr 2.3272e-06 (2.3909e-06)	Loss 7.2099e-01 (6.2925e-01)	Max mem (MiB) 58698 (58698)
Epoch: [96][ 801/3336]	Time  0.654 ( 0.968)	Data  0.000 ( 0.307)	max lr 2.2859e-06 (2.3699e-06)	min lr 2.2859e-06 (2.3699e-06)	Loss 3.8808e-01 (6.2858e-01)	Max mem (MiB) 58698 (58698)
Epoch: [96][1001/3336]	Time  0.655 ( 0.907)	Data  0.000 ( 0.248)	max lr 2.2453e-06 (2.3491e-06)	min lr 2.2453e-06 (2.3491e-06)	Loss 4.4341e-01 (6.2827e-01)	Max mem (MiB) 58698 (58698)
Epoch: [96][1201/3336]	Time  0.651 ( 0.869)	Data  0.000 ( 0.211)	max lr 2.2053e-06 (2.3285e-06)	min lr 2.2053e-06 (2.3285e-06)	Loss 7.1071e-01 (6.2645e-01)	Max mem (MiB) 58698 (58698)
Epoch: [96][1401/3336]	Time  0.646 ( 0.888)	Data  0.000 ( 0.230)	max lr 2.1660e-06 (2.3081e-06)	min lr 2.1660e-06 (2.3081e-06)	Loss 7.4570e-01 (6.2828e-01)	Max mem (MiB) 58698 (58698)
Epoch: [96][1601/3336]	Time  0.655 ( 0.908)	Data  0.000 ( 0.250)	max lr 2.1274e-06 (2.2880e-06)	min lr 2.1274e-06 (2.2880e-06)	Loss 6.3324e-01 (6.2793e-01)	Max mem (MiB) 58698 (58698)
Epoch: [96][1801/3336]	Time  0.656 ( 0.881)	Data  0.000 ( 0.223)	max lr 2.0893e-06 (2.2681e-06)	min lr 2.0893e-06 (2.2681e-06)	Loss 6.1239e-01 (6.2764e-01)	Max mem (MiB) 58698 (58698)
Epoch: [96][2001/3336]	Time  0.654 ( 0.863)	Data  0.000 ( 0.204)	max lr 2.0520e-06 (2.2483e-06)	min lr 2.0520e-06 (2.2483e-06)	Loss 6.0843e-01 (6.2786e-01)	Max mem (MiB) 58698 (58698)
Epoch: [96][2201/3336]	Time  0.654 ( 0.852)	Data  0.000 ( 0.194)	max lr 2.0152e-06 (2.2288e-06)	min lr 2.0152e-06 (2.2288e-06)	Loss 4.9535e-01 (6.2804e-01)	Max mem (MiB) 58698 (58698)
Epoch: [96][2401/3336]	Time  0.651 ( 0.839)	Data  0.000 ( 0.181)	max lr 1.9792e-06 (2.2095e-06)	min lr 1.9792e-06 (2.2095e-06)	Loss 4.2673e-01 (6.2736e-01)	Max mem (MiB) 58698 (58698)
Epoch: [96][2601/3336]	Time  0.649 ( 0.828)	Data  0.000 ( 0.170)	max lr 1.9437e-06 (2.1905e-06)	min lr 1.9437e-06 (2.1905e-06)	Loss 7.2305e-01 (6.2755e-01)	Max mem (MiB) 58698 (58698)
Epoch: [96][2801/3336]	Time  0.659 ( 0.817)	Data  0.000 ( 0.159)	max lr 1.9090e-06 (2.1716e-06)	min lr 1.9090e-06 (2.1716e-06)	Loss 6.5104e-01 (6.2708e-01)	Max mem (MiB) 58698 (58698)
Epoch: [96][3001/3336]	Time  0.650 ( 0.808)	Data  0.000 ( 0.150)	max lr 1.8748e-06 (2.1530e-06)	min lr 1.8748e-06 (2.1530e-06)	Loss 4.4865e-01 (6.2694e-01)	Max mem (MiB) 58698 (58698)
Epoch: [96][3201/3336]	Time  0.652 ( 0.804)	Data  0.000 ( 0.146)	max lr 1.8414e-06 (2.1346e-06)	min lr 1.8414e-06 (2.1346e-06)	Loss 7.1708e-01 (6.2696e-01)	Max mem (MiB) 58698 (58698)
2026-04-30 16:12:32,923 - train_accuracy: 0.0000
2026-04-30 16:12:32,923 - train_total: 1281024.0000
2026-04-30 16:12:32,923 - train_correct: 0.0000
2026-04-30 16:19:35,650 - val_accuracy: 1.0000
2026-04-30 16:19:35,650 - eval_accuracy: 0.8273
2026-04-30 16:19:35,650 - eval_total: 49920.0000
2026-04-30 16:19:35,650 - eval_correct: 41297.0000
Epoch: [97][   1/3336]	Time  5.178 ( 5.178)	Data  4.533 ( 4.533)	max lr 1.8190e-06 (1.8190e-06)	min lr 1.8190e-06 (1.8190e-06)	Loss 6.8449e-01 (6.8449e-01)	Max mem (MiB) 58698 (58698)
Epoch: [97][ 201/3336]	Time  0.654 ( 0.688)	Data  0.000 ( 0.023)	max lr 1.7866e-06 (1.8030e-06)	min lr 1.7866e-06 (1.8030e-06)	Loss 5.4939e-01 (6.2554e-01)	Max mem (MiB) 58698 (58698)
Epoch: [97][ 401/3336]	Time  0.654 ( 0.674)	Data  0.000 ( 0.012)	max lr 1.7549e-06 (1.7869e-06)	min lr 1.7549e-06 (1.7869e-06)	Loss 5.5372e-01 (6.2316e-01)	Max mem (MiB) 58698 (58698)
Epoch: [97][ 601/3336]	Time  0.650 ( 0.669)	Data  0.000 ( 0.009)	max lr 1.7238e-06 (1.7711e-06)	min lr 1.7238e-06 (1.7711e-06)	Loss 6.3979e-01 (6.2893e-01)	Max mem (MiB) 58698 (58698)
Epoch: [97][ 801/3336]	Time  0.653 ( 0.666)	Data  0.000 ( 0.007)	max lr 1.6934e-06 (1.7555e-06)	min lr 1.6934e-06 (1.7555e-06)	Loss 6.7961e-01 (6.3025e-01)	Max mem (MiB) 58698 (58698)
Epoch: [97][1001/3336]	Time  0.650 ( 0.664)	Data  0.000 ( 0.006)	max lr 1.6636e-06 (1.7402e-06)	min lr 1.6636e-06 (1.7402e-06)	Loss 6.9184e-01 (6.3041e-01)	Max mem (MiB) 58698 (58698)
Epoch: [97][1201/3336]	Time  0.647 ( 0.665)	Data  0.000 ( 0.007)	max lr 1.6345e-06 (1.7250e-06)	min lr 1.6345e-06 (1.7250e-06)	Loss 7.1167e-01 (6.2814e-01)	Max mem (MiB) 58698 (58698)
Epoch: [97][1401/3336]	Time  0.651 ( 0.664)	Data  0.000 ( 0.007)	max lr 1.6060e-06 (1.7101e-06)	min lr 1.6060e-06 (1.7101e-06)	Loss 5.9761e-01 (6.2956e-01)	Max mem (MiB) 58698 (58698)
Epoch: [97][1601/3336]	Time  0.650 ( 0.663)	Data  0.001 ( 0.006)	max lr 1.5782e-06 (1.6953e-06)	min lr 1.5782e-06 (1.6953e-06)	Loss 6.3677e-01 (6.2995e-01)	Max mem (MiB) 58698 (58698)
Epoch: [97][1801/3336]	Time  0.648 ( 0.663)	Data  0.000 ( 0.005)	max lr 1.5510e-06 (1.6808e-06)	min lr 1.5510e-06 (1.6808e-06)	Loss 7.1158e-01 (6.2927e-01)	Max mem (MiB) 58698 (58698)
Epoch: [97][2001/3336]	Time  0.654 ( 0.662)	Data  0.000 ( 0.005)	max lr 1.5245e-06 (1.6665e-06)	min lr 1.5245e-06 (1.6665e-06)	Loss 7.1041e-01 (6.2850e-01)	Max mem (MiB) 58698 (58698)
Epoch: [97][2201/3336]	Time  0.653 ( 0.662)	Data  0.000 ( 0.005)	max lr 1.4987e-06 (1.6525e-06)	min lr 1.4987e-06 (1.6525e-06)	Loss 5.7037e-01 (6.2788e-01)	Max mem (MiB) 58698 (58698)
Epoch: [97][2401/3336]	Time  0.652 ( 0.662)	Data  0.000 ( 0.005)	max lr 1.4735e-06 (1.6386e-06)	min lr 1.4735e-06 (1.6386e-06)	Loss 7.1221e-01 (6.2829e-01)	Max mem (MiB) 58698 (58698)
Epoch: [97][2601/3336]	Time  0.653 ( 0.662)	Data  0.000 ( 0.004)	max lr 1.4489e-06 (1.6250e-06)	min lr 1.4489e-06 (1.6250e-06)	Loss 5.1855e-01 (6.2775e-01)	Max mem (MiB) 58698 (58698)
Epoch: [97][2801/3336]	Time  0.650 ( 0.661)	Data  0.000 ( 0.004)	max lr 1.4250e-06 (1.6116e-06)	min lr 1.4250e-06 (1.6116e-06)	Loss 6.5527e-01 (6.2783e-01)	Max mem (MiB) 58698 (58698)
Epoch: [97][3001/3336]	Time  0.653 ( 0.661)	Data  0.000 ( 0.004)	max lr 1.4018e-06 (1.5984e-06)	min lr 1.4018e-06 (1.5984e-06)	Loss 7.0573e-01 (6.2755e-01)	Max mem (MiB) 58698 (58698)
Epoch: [97][3201/3336]	Time  0.651 ( 0.661)	Data  0.000 ( 0.004)	max lr 1.3792e-06 (1.5854e-06)	min lr 1.3792e-06 (1.5854e-06)	Loss 5.9563e-01 (6.2757e-01)	Max mem (MiB) 58698 (58698)
2026-04-30 16:56:21,148 - train_accuracy: 0.0000
2026-04-30 16:56:21,149 - train_total: 1281024.0000
2026-04-30 16:56:21,149 - train_correct: 0.0000
2026-04-30 16:57:20,043 - val_accuracy: 1.0000
2026-04-30 16:57:20,043 - eval_accuracy: 0.8272
2026-04-30 16:57:20,043 - eval_total: 49920.0000
2026-04-30 16:57:20,043 - eval_correct: 41292.0000
Epoch: [98][   1/3336]	Time  5.532 ( 5.532)	Data  4.888 ( 4.888)	max lr 1.3642e-06 (1.3642e-06)	min lr 1.3642e-06 (1.3642e-06)	Loss 6.8685e-01 (6.8685e-01)	Max mem (MiB) 58698 (58698)
Epoch: [98][ 201/3336]	Time  0.654 ( 0.685)	Data  0.000 ( 0.026)	max lr 1.3427e-06 (1.3535e-06)	min lr 1.3427e-06 (1.3535e-06)	Loss 7.2989e-01 (6.2863e-01)	Max mem (MiB) 58698 (58698)
Epoch: [98][ 401/3336]	Time  0.650 ( 0.672)	Data  0.001 ( 0.013)	max lr 1.3218e-06 (1.3429e-06)	min lr 1.3218e-06 (1.3429e-06)	Loss 5.8740e-01 (6.2757e-01)	Max mem (MiB) 58698 (58698)
Epoch: [98][ 601/3336]	Time  0.654 ( 0.668)	Data  0.000 ( 0.010)	max lr 1.3016e-06 (1.3326e-06)	min lr 1.3016e-06 (1.3326e-06)	Loss 4.8409e-01 (6.2671e-01)	Max mem (MiB) 58698 (58698)
Epoch: [98][ 801/3336]	Time  0.649 ( 0.665)	Data  0.001 ( 0.008)	max lr 1.2821e-06 (1.3224e-06)	min lr 1.2821e-06 (1.3224e-06)	Loss 7.0999e-01 (6.3008e-01)	Max mem (MiB) 58698 (58698)
Epoch: [98][1001/3336]	Time  0.649 ( 0.664)	Data  0.000 ( 0.006)	max lr 1.2632e-06 (1.3125e-06)	min lr 1.2632e-06 (1.3125e-06)	Loss 6.0842e-01 (6.2820e-01)	Max mem (MiB) 58698 (58698)
Epoch: [98][1201/3336]	Time  0.651 ( 0.663)	Data  0.000 ( 0.005)	max lr 1.2450e-06 (1.3028e-06)	min lr 1.2450e-06 (1.3028e-06)	Loss 7.0409e-01 (6.2906e-01)	Max mem (MiB) 58698 (58698)
Epoch: [98][1401/3336]	Time  0.653 ( 0.662)	Data  0.000 ( 0.005)	max lr 1.2274e-06 (1.2933e-06)	min lr 1.2274e-06 (1.2933e-06)	Loss 6.3506e-01 (6.2844e-01)	Max mem (MiB) 58698 (58698)
Epoch: [98][1601/3336]	Time  0.650 ( 0.661)	Data  0.000 ( 0.004)	max lr 1.2105e-06 (1.2840e-06)	min lr 1.2105e-06 (1.2840e-06)	Loss 7.1077e-01 (6.3072e-01)	Max mem (MiB) 58698 (58698)
Epoch: [98][1801/3336]	Time  0.653 ( 0.661)	Data  0.000 ( 0.004)	max lr 1.1942e-06 (1.2749e-06)	min lr 1.1942e-06 (1.2749e-06)	Loss 5.0793e-01 (6.3120e-01)	Max mem (MiB) 58698 (58698)
Epoch: [98][2001/3336]	Time  0.650 ( 0.661)	Data  0.000 ( 0.004)	max lr 1.1786e-06 (1.2661e-06)	min lr 1.1786e-06 (1.2661e-06)	Loss 6.5037e-01 (6.3063e-01)	Max mem (MiB) 58698 (58698)
Epoch: [98][2201/3336]	Time  0.655 ( 0.661)	Data  0.000 ( 0.004)	max lr 1.1636e-06 (1.2575e-06)	min lr 1.1636e-06 (1.2575e-06)	Loss 5.1741e-01 (6.3105e-01)	Max mem (MiB) 58698 (58698)
Epoch: [98][2401/3336]	Time  0.655 ( 0.660)	Data  0.000 ( 0.003)	max lr 1.1493e-06 (1.2490e-06)	min lr 1.1493e-06 (1.2490e-06)	Loss 6.7544e-01 (6.3018e-01)	Max mem (MiB) 58698 (58698)
Epoch: [98][2601/3336]	Time  0.652 ( 0.660)	Data  0.000 ( 0.003)	max lr 1.1357e-06 (1.2409e-06)	min lr 1.1357e-06 (1.2409e-06)	Loss 6.2336e-01 (6.3044e-01)	Max mem (MiB) 58698 (58698)
Epoch: [98][2801/3336]	Time  0.653 ( 0.660)	Data  0.000 ( 0.003)	max lr 1.1227e-06 (1.2329e-06)	min lr 1.1227e-06 (1.2329e-06)	Loss 6.2583e-01 (6.3072e-01)	Max mem (MiB) 58698 (58698)
Epoch: [98][3001/3336]	Time  0.652 ( 0.660)	Data  0.000 ( 0.003)	max lr 1.1103e-06 (1.2251e-06)	min lr 1.1103e-06 (1.2251e-06)	Loss 7.3361e-01 (6.3125e-01)	Max mem (MiB) 58698 (58698)
Epoch: [98][3201/3336]	Time  0.650 ( 0.660)	Data  0.000 ( 0.003)	max lr 1.0986e-06 (1.2176e-06)	min lr 1.0986e-06 (1.2176e-06)	Loss 6.7992e-01 (6.3149e-01)	Max mem (MiB) 58698 (58698)
2026-04-30 17:34:02,802 - train_accuracy: 0.0000
2026-04-30 17:34:02,802 - train_total: 1281024.0000
2026-04-30 17:34:02,802 - train_correct: 0.0000
2026-04-30 17:38:10,873 - val_accuracy: 1.0000
2026-04-30 17:38:10,873 - eval_accuracy: 0.8270
2026-04-30 17:38:10,873 - eval_total: 49920.0000
2026-04-30 17:38:10,873 - eval_correct: 41285.0000
Epoch: [99][   1/3336]	Time  8.158 ( 8.158)	Data  7.512 ( 7.512)	max lr 1.0911e-06 (1.0911e-06)	min lr 1.0911e-06 (1.0911e-06)	Loss 6.7990e-01 (6.7990e-01)	Max mem (MiB) 58698 (58698)
Epoch: [99][ 201/3336]	Time  0.655 ( 0.731)	Data  0.000 ( 0.067)	max lr 1.0805e-06 (1.0858e-06)	min lr 1.0805e-06 (1.0858e-06)	Loss 4.3283e-01 (6.2406e-01)	Max mem (MiB) 58698 (58698)
Epoch: [99][ 401/3336]	Time  0.656 ( 0.702)	Data  0.000 ( 0.041)	max lr 1.0705e-06 (1.0807e-06)	min lr 1.0705e-06 (1.0807e-06)	Loss 5.5689e-01 (6.2389e-01)	Max mem (MiB) 58698 (58698)
Epoch: [99][ 601/3336]	Time  0.647 ( 0.698)	Data  0.000 ( 0.039)	max lr 1.0613e-06 (1.0758e-06)	min lr 1.0613e-06 (1.0758e-06)	Loss 5.1800e-01 (6.2331e-01)	Max mem (MiB) 58698 (58698)
Epoch: [99][ 801/3336]	Time  0.656 ( 0.698)	Data  0.000 ( 0.040)	max lr 1.0526e-06 (1.0711e-06)	min lr 1.0526e-06 (1.0711e-06)	Loss 6.5508e-01 (6.2706e-01)	Max mem (MiB) 58698 (58698)
Epoch: [99][1001/3336]	Time  0.651 ( 0.696)	Data  0.001 ( 0.038)	max lr 1.0447e-06 (1.0666e-06)	min lr 1.0447e-06 (1.0666e-06)	Loss 7.2764e-01 (6.2636e-01)	Max mem (MiB) 58698 (58698)
Epoch: [99][1201/3336]	Time  0.651 ( 0.694)	Data  0.000 ( 0.036)	max lr 1.0373e-06 (1.0623e-06)	min lr 1.0373e-06 (1.0623e-06)	Loss 7.6187e-01 (6.2702e-01)	Max mem (MiB) 58698 (58698)
Epoch: [99][1401/3336]	Time  0.653 ( 0.691)	Data  0.000 ( 0.033)	max lr 1.0307e-06 (1.0583e-06)	min lr 1.0307e-06 (1.0583e-06)	Loss 6.8460e-01 (6.2722e-01)	Max mem (MiB) 58698 (58698)
Epoch: [99][1601/3336]	Time  0.650 ( 0.690)	Data  0.000 ( 0.032)	max lr 1.0247e-06 (1.0544e-06)	min lr 1.0247e-06 (1.0544e-06)	Loss 7.4159e-01 (6.2697e-01)	Max mem (MiB) 58698 (58698)
Epoch: [99][1801/3336]	Time  0.650 ( 0.689)	Data  0.000 ( 0.031)	max lr 1.0193e-06 (1.0508e-06)	min lr 1.0193e-06 (1.0508e-06)	Loss 6.9584e-01 (6.2679e-01)	Max mem (MiB) 58698 (58698)
Epoch: [99][2001/3336]	Time  0.650 ( 0.694)	Data  0.000 ( 0.037)	max lr 1.0146e-06 (1.0474e-06)	min lr 1.0146e-06 (1.0474e-06)	Loss 6.8676e-01 (6.2740e-01)	Max mem (MiB) 58698 (58698)
Epoch: [99][2201/3336]	Time  0.649 ( 0.695)	Data  0.000 ( 0.038)	max lr 1.0106e-06 (1.0443e-06)	min lr 1.0106e-06 (1.0443e-06)	Loss 5.9942e-01 (6.2635e-01)	Max mem (MiB) 58698 (58698)
Epoch: [99][2401/3336]	Time  0.650 ( 0.699)	Data  0.000 ( 0.042)	max lr 1.0072e-06 (1.0413e-06)	min lr 1.0072e-06 (1.0413e-06)	Loss 5.6747e-01 (6.2606e-01)	Max mem (MiB) 58698 (58698)
Epoch: [99][2601/3336]	Time  0.650 ( 0.701)	Data  0.000 ( 0.044)	max lr 1.0044e-06 (1.0386e-06)	min lr 1.0044e-06 (1.0386e-06)	Loss 6.7996e-01 (6.2703e-01)	Max mem (MiB) 58698 (58698)
Epoch: [99][2801/3336]	Time  0.649 ( 0.700)	Data  0.000 ( 0.043)	max lr 1.0024e-06 (1.0361e-06)	min lr 1.0024e-06 (1.0361e-06)	Loss 6.3970e-01 (6.2692e-01)	Max mem (MiB) 58698 (58698)
Epoch: [99][3001/3336]	Time  0.654 ( 0.707)	Data  0.000 ( 0.050)	max lr 1.0009e-06 (1.0338e-06)	min lr 1.0009e-06 (1.0338e-06)	Loss 6.9497e-01 (6.2675e-01)	Max mem (MiB) 58698 (58698)
Epoch: [99][3201/3336]	Time  0.658 ( 0.714)	Data  0.000 ( 0.057)	max lr 1.0002e-06 (1.0317e-06)	min lr 1.0002e-06 (1.0317e-06)	Loss 7.1941e-01 (6.2617e-01)	Max mem (MiB) 58698 (58698)
2026-04-30 18:17:46,957 - train_accuracy: 0.0000
2026-04-30 18:17:46,957 - train_total: 1281024.0000
2026-04-30 18:17:46,957 - train_correct: 0.0000
2026-04-30 18:19:09,081 - val_accuracy: 1.0000
2026-04-30 18:19:09,081 - eval_accuracy: 0.8274
2026-04-30 18:19:09,081 - eval_total: 49920.0000
2026-04-30 18:19:09,081 - eval_correct: 41304.0000
Experiment time 3:35:46
