[2026-04-28 10:54:14,292] [INFO] [real_accelerator.py:219:get_accelerator] Setting ds_accelerator to cuda (auto detect)
Warning: The cache directory for DeepSpeed Triton autotune, /home/bt2/22CS10052/.triton/autotune, appears to be on an NFS system. While this is generally acceptable, if you experience slowdowns or hanging when DeepSpeed exits, it is recommended to set the TRITON_CACHE_DIR environment variable to a non-NFS path.
Attention implementation: flash_attention2
2026-04-28 10:54:22,640 - Local rank: -1
2026-04-28 10:54:22,641 - Loading config from configs/atlas_256_in1k_b.yaml
2026-04-28 10:54:22,674 - Replacing key at main.exp_name with atlas_d2d10_base_r256_b
2026-04-28 10:54:22,674 - Replacing key at main.tags with ['atlas', 'hr-in100']
2026-04-28 10:54:22,674 - Replacing key at main.phases.dev with True
2026-04-28 10:54:22,674 - Replacing key at main.checkpoints_dir with /home/bt2/22CS10052/Codebase/Atlas/checkpoints/Atlas_in1k_256_b
2026-04-28 10:54:22,674 - Replacing key at main.wandb_project with architecture
2026-04-28 10:54:22,674 - Replacing key at main.disable_wandb with True
2026-04-28 10:54:22,674 - Replacing key at main.allow_overwriting_experiment_checkpoints with True
2026-04-28 10:54:22,674 - Replacing key at dataset.shared_dataset_kwargs.data_path with /home/bt2/22CS10052/task/imagenet/
2026-04-28 10:54:22,674 - Replacing key at dataset.image_augmentations with [{'type': 'TimmAug', 'kwargs': {'input_size': 256, 'color_jitter': None, 'aa': 'rand-m9-mstd0.5-inc1', 'reprob': 0.25, 'remode': 'pixel', 'recount': 1, 'mean': [0.485, 0.456, 0.406], 'std': [0.229, 0.224, 0.225]}}]
2026-04-28 10:54:22,674 - Replacing key at dataset.test_image_augmentations with [{'type': 'TorchvisionResize', 'kwargs': {'img_size': [256, 256]}}, {'type': 'TorchvisionCenterCrop', 'kwargs': {'height': 256, 'width': 256}}, {'type': 'TorchvisionToTensor', 'kwargs': {}}, {'type': 'NormalizeTensor2d', 'kwargs': {'channel_means': [0.485, 0.456, 0.406], 'channel_stds': [0.229, 0.224, 0.225]}}]
2026-04-28 10:54:22,674 - Replacing key at dataloader.batch_size with 384
2026-04-28 10:54:22,674 - Replacing key at dataloader.eval_batch_size with 384
2026-04-28 10:54:22,674 - Replacing key at dataloader.num_workers with 16
2026-04-28 10:54:22,674 - Replacing key at dataloader.train_drop_last with True
2026-04-28 10:54:22,674 - Replacing key at dataloader.val_drop_last with True
2026-04-28 10:54:22,674 - Replacing key at engine.type with Classifier
2026-04-28 10:54:22,674 - Replacing key at engine.kwargs.resume with /home/bt2/22CS10052/Codebase/Atlas/checkpoints/Atlas_in1k_256_b/atlas_d2d10_base_r256_b/latest.ckpt
2026-04-28 10:54:22,674 - Replacing key at optimizer.type with AdamW
2026-04-28 10:54:22,674 - Replacing key at optimizer.kwargs with {'lr': 0.0003, 'betas': [0.9, 0.999]}
2026-04-28 10:54:22,674 - Replacing key at optimizer.scheduler.interval with step
2026-04-28 10:54:22,674 - Replacing key at optimizer.scheduler.type with StepCosineAnnealingWarmup
2026-04-28 10:54:22,674 - Replacing key at optimizer.scheduler.kwargs with {'warmup_epochs': 10, 'max_epochs': 100, 'min_lr': 1e-06}
2026-04-28 10:54:22,674 - Replacing key at model.type with Atlas
2026-04-28 10:54:22,674 - Replacing key at model.kwargs with {'num_classes': 1000, 'img_size': [256, 256, 1], 'patch_size': [16, 16, 1], 'in_chans': 3, 'embed_dim': 768, 'kwargs_list': [{'img_size': [256, 256, 1], 'patch_size': 16, 'local2global': 4, 'merge_ratio': 16, 'in_dim': 64, 'dim': 768, 'num_features': 192, 'num_classes': 1000, 'drop_path_rate': 0.4, 'global_pool': 'avg', 'class_token': False, 'depths': 2, 'qkv_bias': True, 'pre_norm': False, 'num_heads': 12, 'mlp_ratio': 4, 'embed_dim': 768, 'embed_op': 'convstem', 'layer_args': {'qkv_bias': True, 'qk_scale': 'None', 'input_resolution': 256}}, {'img_size': [16, 16, 1], 'patch_size': 1, 'local2global': 4, 'merge_ratio': 16, 'num_classes': 1000, 'drop_path_rate': 0.4, 'global_pool': 'avg', 'class_token': False, 'depths': 10, 'qkv_bias': True, 'pre_norm': False, 'num_heads': 12, 'mlp_ratio': 4, 'embed_dim': 768, 'embed_op': 'conv2d', 'in_dim': 64, 'dim': 768, 'num_features': 192, 'layer_args': {'qkv_bias': True, 'qk_scale': 'None', 'input_resolution': 256}}]}
2026-04-28 10:54:22,677 - | distributed init (global rank 0): env://, gpu 0 / world_size 1
experiment_checkpoints_dir: /home/bt2/22CS10052/Codebase/Atlas/checkpoints/Atlas_in1k_256_b/atlas_d2d10_base_r256_b
2026-04-28 10:54:23,637 - | initialized host gnode1 as rank 0
2026-04-28 10:54:23,696 - Multi-GPU: True
2026-04-28 10:54:23,759 - Checkpoint directory: /home/bt2/22CS10052/Codebase/Atlas/checkpoints/Atlas_in1k_256_b/atlas_d2d10_base_r256_b
2026-04-28 10:54:40,141 - Using distributed sampler
2026-04-28 10:54:44,260 - Multi-GPU distributed evaluation is enabled: the results may be a little inaccurate due to the padding or drop_last in DistributedSampler
2026-04-28 10:54:44,260 - Mixup is activated!
2026-04-28 10:54:44,294 - Engine built!
=========================================
Number of parameters
trainable_params: 110239736
non_trainable_params: 0
=========================================
2026-04-28 10:54:44,872 - Model: Atlas(
  (atlas_models): ModuleList(
    (0): StackMSA(
      (patch_embed): MultiConvEmbed(
        (proj): Identity()
        (conv0): Sequential(
          (0): Conv2d(3, 64, kernel_size=(3, 3), stride=(2, 2), padding=(1, 1), bias=False)
          (1): BatchNorm2d(64, eps=0.0001, momentum=0.1, affine=True, track_running_stats=True)
          (2): ReLU()
          (3): Conv2d(64, 192, kernel_size=(3, 3), stride=(2, 2), padding=(1, 1), bias=False)
          (4): BatchNorm2d(192, eps=0.0001, momentum=0.1, affine=True, track_running_stats=True)
          (5): ReLU()
        )
        (conv1): Sequential(
          (0): EarlyConvResidual(
            (conv_block1): Sequential(
              (0): Conv2d(192, 192, kernel_size=(3, 3), stride=(1, 1), padding=(1, 1))
              (1): BatchNorm2d(192, eps=1e-05, momentum=0.1, affine=True, track_running_stats=True)
              (2): GELU(approximate='none')
            )
            (conv_block2): Sequential(
              (0): Conv2d(192, 192, kernel_size=(3, 3), stride=(1, 1), padding=(1, 1))
              (1): BatchNorm2d(192, eps=1e-05, momentum=0.1, affine=True, track_running_stats=True)
            )
            (drop_path): Identity()
          )
          (1): EarlyConvResidual(
            (conv_block1): Sequential(
              (0): Conv2d(192, 192, kernel_size=(3, 3), stride=(1, 1), padding=(1, 1))
              (1): BatchNorm2d(192, eps=1e-05, momentum=0.1, affine=True, track_running_stats=True)
              (2): GELU(approximate='none')
            )
            (conv_block2): Sequential(
              (0): Conv2d(192, 192, kernel_size=(3, 3), stride=(1, 1), padding=(1, 1))
              (1): BatchNorm2d(192, eps=1e-05, momentum=0.1, affine=True, track_running_stats=True)
            )
            (drop_path): Identity()
          )
          (2): EarlyConvResidual(
            (conv_block1): Sequential(
              (0): Conv2d(192, 192, kernel_size=(3, 3), stride=(1, 1), padding=(1, 1))
              (1): BatchNorm2d(192, eps=1e-05, momentum=0.1, affine=True, track_running_stats=True)
              (2): GELU(approximate='none')
            )
            (conv_block2): Sequential(
              (0): Conv2d(192, 192, kernel_size=(3, 3), stride=(1, 1), padding=(1, 1))
              (1): BatchNorm2d(192, eps=1e-05, momentum=0.1, affine=True, track_running_stats=True)
            )
            (drop_path): Identity()
          )
        )
        (ds1): EarlyConvDS(
          (norm): LayerNorm2d((192,), eps=1e-06, elementwise_affine=True)
          (conv): Conv2d(192, 384, kernel_size=(3, 3), stride=(2, 2), padding=(1, 1), bias=False)
        )
        (conv2): Sequential(
          (0): EarlyConvResidual(
            (conv_block1): Sequential(
              (0): Conv2d(384, 384, kernel_size=(3, 3), stride=(1, 1), padding=(1, 1))
              (1): BatchNorm2d(384, eps=1e-05, momentum=0.1, affine=True, track_running_stats=True)
              (2): GELU(approximate='none')
            )
            (conv_block2): Sequential(
              (0): Conv2d(384, 384, kernel_size=(3, 3), stride=(1, 1), padding=(1, 1))
              (1): BatchNorm2d(384, eps=1e-05, momentum=0.1, affine=True, track_running_stats=True)
            )
            (drop_path): Identity()
          )
          (1): EarlyConvResidual(
            (conv_block1): Sequential(
              (0): Conv2d(384, 384, kernel_size=(3, 3), stride=(1, 1), padding=(1, 1))
              (1): BatchNorm2d(384, eps=1e-05, momentum=0.1, affine=True, track_running_stats=True)
              (2): GELU(approximate='none')
            )
            (conv_block2): Sequential(
              (0): Conv2d(384, 384, kernel_size=(3, 3), stride=(1, 1), padding=(1, 1))
              (1): BatchNorm2d(384, eps=1e-05, momentum=0.1, affine=True, track_running_stats=True)
            )
            (drop_path): Identity()
          )
          (2): EarlyConvResidual(
            (conv_block1): Sequential(
              (0): Conv2d(384, 384, kernel_size=(3, 3), stride=(1, 1), padding=(1, 1))
              (1): BatchNorm2d(384, eps=1e-05, momentum=0.1, affine=True, track_running_stats=True)
              (2): GELU(approximate='none')
            )
            (conv_block2): Sequential(
              (0): Conv2d(384, 384, kernel_size=(3, 3), stride=(1, 1), padding=(1, 1))
              (1): BatchNorm2d(384, eps=1e-05, momentum=0.1, affine=True, track_running_stats=True)
            )
            (drop_path): Identity()
          )
        )
        (ds2): EarlyConvDS(
          (norm): LayerNorm2d((384,), eps=1e-06, elementwise_affine=True)
          (conv): Conv2d(384, 768, kernel_size=(3, 3), stride=(2, 2), padding=(1, 1), bias=False)
        )
        (ds3): EarlyConvDS_56(
          (norm): LayerNorm2d((384,), eps=1e-06, elementwise_affine=True)
          (conv): Conv2d(384, 768, kernel_size=(2, 2), stride=(2, 2), padding=(8, 8), bias=False)
        )
        (ds4): EarlyConvDS_112(
          (norm): LayerNorm2d((192,), eps=1e-06, elementwise_affine=True)
          (conv): Conv2d(192, 384, kernel_size=(4, 4), stride=(2, 2), padding=(17, 17), bias=False)
        )
        (ds5): EarlyConvDS_28(
          (norm): LayerNorm2d((384,), eps=1e-06, elementwise_affine=True)
          (conv): Conv2d(384, 768, kernel_size=(2, 2), stride=(2, 2), padding=(4, 4), bias=False)
        )
        (ds6): EarlyConvDS_14(
          (norm): LayerNorm2d((384,), eps=1e-06, elementwise_affine=True)
          (conv): Conv2d(384, 768, kernel_size=(2, 2), stride=(2, 2), padding=(2, 2), bias=False)
        )
      )
      (levels): ModuleList(
        (0): MultiScaleAttentionLayer(
          (blocks): ModuleList(
            (0): MultiScaleAttentionBlock(
              (proj_drop): Dropout(p=0.0, inplace=False)
              (blocks): ModuleList(
                (0): CrossWindowBlock(
                  (norm1_q): LayerNorm((768,), eps=1e-05, elementwise_affine=True)
                  (norm1_kv): LayerNorm((768,), eps=1e-05, elementwise_affine=True)
                  (attn): CrossWindowAttention(
                    (q): Linear(in_features=768, out_features=768, bias=True)
                    (kv): Linear(in_features=768, out_features=1536, bias=True)
                    (proj): Linear(in_features=768, out_features=768, bias=True)
                    (proj_drop): Dropout(p=0.0, inplace=False)
                  )
                  (norm2): LayerNorm((768,), eps=1e-05, elementwise_affine=True)
                  (mlp): Mlp(
                    (fc1): Linear(in_features=768, out_features=3072, bias=True)
                    (act): GELU(approximate='none')
                    (drop1): Dropout(p=0.0, inplace=False)
                    (norm): Identity()
                    (fc2): Linear(in_features=3072, out_features=768, bias=True)
                    (drop2): Dropout(p=0.0, inplace=False)
                  )
                  (drop_path): Identity()
                )
              )
              (posemb): ModuleList(
                (0): RelativePositionEmbed(
                  (projector): Sequential(
                    (0): Linear(in_features=2, out_features=512, bias=True)
                    (1): ReLU()
                    (2): Linear(in_features=512, out_features=768, bias=False)
                  )
                )
              )
            )
            (1): MultiScaleAttentionBlock(
              (proj_drop): Dropout(p=0.0, inplace=False)
              (blocks): ModuleList(
                (0): CrossWindowBlock(
                  (norm1_q): LayerNorm((768,), eps=1e-05, elementwise_affine=True)
                  (norm1_kv): LayerNorm((768,), eps=1e-05, elementwise_affine=True)
                  (attn): CrossWindowAttention(
                    (q): Linear(in_features=768, out_features=768, bias=True)
                    (kv): Linear(in_features=768, out_features=1536, bias=True)
                    (proj): Linear(in_features=768, out_features=768, bias=True)
                    (proj_drop): Dropout(p=0.0, inplace=False)
                  )
                  (norm2): LayerNorm((768,), eps=1e-05, elementwise_affine=True)
                  (mlp): Mlp(
                    (fc1): Linear(in_features=768, out_features=3072, bias=True)
                    (act): GELU(approximate='none')
                    (drop1): Dropout(p=0.0, inplace=False)
                    (norm): Identity()
                    (fc2): Linear(in_features=3072, out_features=768, bias=True)
                    (drop2): Dropout(p=0.0, inplace=False)
                  )
                  (drop_path): DropPath(drop_prob=0.400)
                )
              )
              (posemb): ModuleList(
                (0): RelativePositionEmbed(
                  (projector): Sequential(
                    (0): Linear(in_features=2, out_features=512, bias=True)
                    (1): ReLU()
                    (2): Linear(in_features=512, out_features=768, bias=False)
                  )
                )
              )
            )
          )
        )
      )
      (norm): BatchNorm2d(768, eps=1e-05, momentum=0.1, affine=True, track_running_stats=True)
      (avgpool): AdaptiveAvgPool2d(output_size=1)
      (head): Linear(in_features=768, out_features=1000, bias=True)
    )
    (1): StackMSA(
      (levels): ModuleList(
        (0): MultiScaleAttentionLayer(
          (blocks): ModuleList(
            (0): MultiScaleAttentionBlock(
              (proj_drop): Dropout(p=0.0, inplace=False)
              (blocks): ModuleList(
                (0): CrossWindowBlock(
                  (norm1_q): LayerNorm((768,), eps=1e-05, elementwise_affine=True)
                  (norm1_kv): LayerNorm((768,), eps=1e-05, elementwise_affine=True)
                  (attn): CrossWindowAttention(
                    (q): Linear(in_features=768, out_features=768, bias=True)
                    (kv): Linear(in_features=768, out_features=1536, bias=True)
                    (proj): Linear(in_features=768, out_features=768, bias=True)
                    (proj_drop): Dropout(p=0.0, inplace=False)
                  )
                  (norm2): LayerNorm((768,), eps=1e-05, elementwise_affine=True)
                  (mlp): Mlp(
                    (fc1): Linear(in_features=768, out_features=3072, bias=True)
                    (act): GELU(approximate='none')
                    (drop1): Dropout(p=0.0, inplace=False)
                    (norm): Identity()
                    (fc2): Linear(in_features=3072, out_features=768, bias=True)
                    (drop2): Dropout(p=0.0, inplace=False)
                  )
                  (drop_path): Identity()
                )
              )
              (posemb): ModuleList(
                (0): RelativePositionEmbed(
                  (projector): Sequential(
                    (0): Linear(in_features=2, out_features=512, bias=True)
                    (1): ReLU()
                    (2): Linear(in_features=512, out_features=768, bias=False)
                  )
                )
              )
            )
            (1): MultiScaleAttentionBlock(
              (proj_drop): Dropout(p=0.0, inplace=False)
              (blocks): ModuleList(
                (0): CrossWindowBlock(
                  (norm1_q): LayerNorm((768,), eps=1e-05, elementwise_affine=True)
                  (norm1_kv): LayerNorm((768,), eps=1e-05, elementwise_affine=True)
                  (attn): CrossWindowAttention(
                    (q): Linear(in_features=768, out_features=768, bias=True)
                    (kv): Linear(in_features=768, out_features=1536, bias=True)
                    (proj): Linear(in_features=768, out_features=768, bias=True)
                    (proj_drop): Dropout(p=0.0, inplace=False)
                  )
                  (norm2): LayerNorm((768,), eps=1e-05, elementwise_affine=True)
                  (mlp): Mlp(
                    (fc1): Linear(in_features=768, out_features=3072, bias=True)
                    (act): GELU(approximate='none')
                    (drop1): Dropout(p=0.0, inplace=False)
                    (norm): Identity()
                    (fc2): Linear(in_features=3072, out_features=768, bias=True)
                    (drop2): Dropout(p=0.0, inplace=False)
                  )
                  (drop_path): DropPath(drop_prob=0.044)
                )
              )
              (posemb): ModuleList(
                (0): RelativePositionEmbed(
                  (projector): Sequential(
                    (0): Linear(in_features=2, out_features=512, bias=True)
                    (1): ReLU()
                    (2): Linear(in_features=512, out_features=768, bias=False)
                  )
                )
              )
            )
            (2): MultiScaleAttentionBlock(
              (proj_drop): Dropout(p=0.0, inplace=False)
              (blocks): ModuleList(
                (0): CrossWindowBlock(
                  (norm1_q): LayerNorm((768,), eps=1e-05, elementwise_affine=True)
                  (norm1_kv): LayerNorm((768,), eps=1e-05, elementwise_affine=True)
                  (attn): CrossWindowAttention(
                    (q): Linear(in_features=768, out_features=768, bias=True)
                    (kv): Linear(in_features=768, out_features=1536, bias=True)
                    (proj): Linear(in_features=768, out_features=768, bias=True)
                    (proj_drop): Dropout(p=0.0, inplace=False)
                  )
                  (norm2): LayerNorm((768,), eps=1e-05, elementwise_affine=True)
                  (mlp): Mlp(
                    (fc1): Linear(in_features=768, out_features=3072, bias=True)
                    (act): GELU(approximate='none')
                    (drop1): Dropout(p=0.0, inplace=False)
                    (norm): Identity()
                    (fc2): Linear(in_features=3072, out_features=768, bias=True)
                    (drop2): Dropout(p=0.0, inplace=False)
                  )
                  (drop_path): DropPath(drop_prob=0.089)
                )
              )
              (posemb): ModuleList(
                (0): RelativePositionEmbed(
                  (projector): Sequential(
                    (0): Linear(in_features=2, out_features=512, bias=True)
                    (1): ReLU()
                    (2): Linear(in_features=512, out_features=768, bias=False)
                  )
                )
              )
            )
            (3): MultiScaleAttentionBlock(
              (proj_drop): Dropout(p=0.0, inplace=False)
              (blocks): ModuleList(
                (0): CrossWindowBlock(
                  (norm1_q): LayerNorm((768,), eps=1e-05, elementwise_affine=True)
                  (norm1_kv): LayerNorm((768,), eps=1e-05, elementwise_affine=True)
                  (attn): CrossWindowAttention(
                    (q): Linear(in_features=768, out_features=768, bias=True)
                    (kv): Linear(in_features=768, out_features=1536, bias=True)
                    (proj): Linear(in_features=768, out_features=768, bias=True)
                    (proj_drop): Dropout(p=0.0, inplace=False)
                  )
                  (norm2): LayerNorm((768,), eps=1e-05, elementwise_affine=True)
                  (mlp): Mlp(
                    (fc1): Linear(in_features=768, out_features=3072, bias=True)
                    (act): GELU(approximate='none')
                    (drop1): Dropout(p=0.0, inplace=False)
                    (norm): Identity()
                    (fc2): Linear(in_features=3072, out_features=768, bias=True)
                    (drop2): Dropout(p=0.0, inplace=False)
                  )
                  (drop_path): DropPath(drop_prob=0.133)
                )
              )
              (posemb): ModuleList(
                (0): RelativePositionEmbed(
                  (projector): Sequential(
                    (0): Linear(in_features=2, out_features=512, bias=True)
                    (1): ReLU()
                    (2): Linear(in_features=512, out_features=768, bias=False)
                  )
                )
              )
            )
            (4): MultiScaleAttentionBlock(
              (proj_drop): Dropout(p=0.0, inplace=False)
              (blocks): ModuleList(
                (0): CrossWindowBlock(
                  (norm1_q): LayerNorm((768,), eps=1e-05, elementwise_affine=True)
                  (norm1_kv): LayerNorm((768,), eps=1e-05, elementwise_affine=True)
                  (attn): CrossWindowAttention(
                    (q): Linear(in_features=768, out_features=768, bias=True)
                    (kv): Linear(in_features=768, out_features=1536, bias=True)
                    (proj): Linear(in_features=768, out_features=768, bias=True)
                    (proj_drop): Dropout(p=0.0, inplace=False)
                  )
                  (norm2): LayerNorm((768,), eps=1e-05, elementwise_affine=True)
                  (mlp): Mlp(
                    (fc1): Linear(in_features=768, out_features=3072, bias=True)
                    (act): GELU(approximate='none')
                    (drop1): Dropout(p=0.0, inplace=False)
                    (norm): Identity()
                    (fc2): Linear(in_features=3072, out_features=768, bias=True)
                    (drop2): Dropout(p=0.0, inplace=False)
                  )
                  (drop_path): DropPath(drop_prob=0.178)
                )
              )
              (posemb): ModuleList(
                (0): RelativePositionEmbed(
                  (projector): Sequential(
                    (0): Linear(in_features=2, out_features=512, bias=True)
                    (1): ReLU()
                    (2): Linear(in_features=512, out_features=768, bias=False)
                  )
                )
              )
            )
            (5): MultiScaleAttentionBlock(
              (proj_drop): Dropout(p=0.0, inplace=False)
              (blocks): ModuleList(
                (0): CrossWindowBlock(
                  (norm1_q): LayerNorm((768,), eps=1e-05, elementwise_affine=True)
                  (norm1_kv): LayerNorm((768,), eps=1e-05, elementwise_affine=True)
                  (attn): CrossWindowAttention(
                    (q): Linear(in_features=768, out_features=768, bias=True)
                    (kv): Linear(in_features=768, out_features=1536, bias=True)
                    (proj): Linear(in_features=768, out_features=768, bias=True)
                    (proj_drop): Dropout(p=0.0, inplace=False)
                  )
                  (norm2): LayerNorm((768,), eps=1e-05, elementwise_affine=True)
                  (mlp): Mlp(
                    (fc1): Linear(in_features=768, out_features=3072, bias=True)
                    (act): GELU(approximate='none')
                    (drop1): Dropout(p=0.0, inplace=False)
                    (norm): Identity()
                    (fc2): Linear(in_features=3072, out_features=768, bias=True)
                    (drop2): Dropout(p=0.0, inplace=False)
                  )
                  (drop_path): DropPath(drop_prob=0.222)
                )
              )
              (posemb): ModuleList(
                (0): RelativePositionEmbed(
                  (projector): Sequential(
                    (0): Linear(in_features=2, out_features=512, bias=True)
                    (1): ReLU()
                    (2): Linear(in_features=512, out_features=768, bias=False)
                  )
                )
              )
            )
            (6): MultiScaleAttentionBlock(
              (proj_drop): Dropout(p=0.0, inplace=False)
              (blocks): ModuleList(
                (0): CrossWindowBlock(
                  (norm1_q): LayerNorm((768,), eps=1e-05, elementwise_affine=True)
                  (norm1_kv): LayerNorm((768,), eps=1e-05, elementwise_affine=True)
                  (attn): CrossWindowAttention(
                    (q): Linear(in_features=768, out_features=768, bias=True)
                    (kv): Linear(in_features=768, out_features=1536, bias=True)
                    (proj): Linear(in_features=768, out_features=768, bias=True)
                    (proj_drop): Dropout(p=0.0, inplace=False)
                  )
                  (norm2): LayerNorm((768,), eps=1e-05, elementwise_affine=True)
                  (mlp): Mlp(
                    (fc1): Linear(in_features=768, out_features=3072, bias=True)
                    (act): GELU(approximate='none')
                    (drop1): Dropout(p=0.0, inplace=False)
                    (norm): Identity()
                    (fc2): Linear(in_features=3072, out_features=768, bias=True)
                    (drop2): Dropout(p=0.0, inplace=False)
                  )
                  (drop_path): DropPath(drop_prob=0.267)
                )
              )
              (posemb): ModuleList(
                (0): RelativePositionEmbed(
                  (projector): Sequential(
                    (0): Linear(in_features=2, out_features=512, bias=True)
                    (1): ReLU()
                    (2): Linear(in_features=512, out_features=768, bias=False)
                  )
                )
              )
            )
            (7): MultiScaleAttentionBlock(
              (proj_drop): Dropout(p=0.0, inplace=False)
              (blocks): ModuleList(
                (0): CrossWindowBlock(
                  (norm1_q): LayerNorm((768,), eps=1e-05, elementwise_affine=True)
                  (norm1_kv): LayerNorm((768,), eps=1e-05, elementwise_affine=True)
                  (attn): CrossWindowAttention(
                    (q): Linear(in_features=768, out_features=768, bias=True)
                    (kv): Linear(in_features=768, out_features=1536, bias=True)
                    (proj): Linear(in_features=768, out_features=768, bias=True)
                    (proj_drop): Dropout(p=0.0, inplace=False)
                  )
                  (norm2): LayerNorm((768,), eps=1e-05, elementwise_affine=True)
                  (mlp): Mlp(
                    (fc1): Linear(in_features=768, out_features=3072, bias=True)
                    (act): GELU(approximate='none')
                    (drop1): Dropout(p=0.0, inplace=False)
                    (norm): Identity()
                    (fc2): Linear(in_features=3072, out_features=768, bias=True)
                    (drop2): Dropout(p=0.0, inplace=False)
                  )
                  (drop_path): DropPath(drop_prob=0.311)
                )
              )
              (posemb): ModuleList(
                (0): RelativePositionEmbed(
                  (projector): Sequential(
                    (0): Linear(in_features=2, out_features=512, bias=True)
                    (1): ReLU()
                    (2): Linear(in_features=512, out_features=768, bias=False)
                  )
                )
              )
            )
            (8): MultiScaleAttentionBlock(
              (proj_drop): Dropout(p=0.0, inplace=False)
              (blocks): ModuleList(
                (0): CrossWindowBlock(
                  (norm1_q): LayerNorm((768,), eps=1e-05, elementwise_affine=True)
                  (norm1_kv): LayerNorm((768,), eps=1e-05, elementwise_affine=True)
                  (attn): CrossWindowAttention(
                    (q): Linear(in_features=768, out_features=768, bias=True)
                    (kv): Linear(in_features=768, out_features=1536, bias=True)
                    (proj): Linear(in_features=768, out_features=768, bias=True)
                    (proj_drop): Dropout(p=0.0, inplace=False)
                  )
                  (norm2): LayerNorm((768,), eps=1e-05, elementwise_affine=True)
                  (mlp): Mlp(
                    (fc1): Linear(in_features=768, out_features=3072, bias=True)
                    (act): GELU(approximate='none')
                    (drop1): Dropout(p=0.0, inplace=False)
                    (norm): Identity()
                    (fc2): Linear(in_features=3072, out_features=768, bias=True)
                    (drop2): Dropout(p=0.0, inplace=False)
                  )
                  (drop_path): DropPath(drop_prob=0.356)
                )
              )
              (posemb): ModuleList(
                (0): RelativePositionEmbed(
                  (projector): Sequential(
                    (0): Linear(in_features=2, out_features=512, bias=True)
                    (1): ReLU()
                    (2): Linear(in_features=512, out_features=768, bias=False)
                  )
                )
              )
            )
            (9): MultiScaleAttentionBlock(
              (proj_drop): Dropout(p=0.0, inplace=False)
              (blocks): ModuleList(
                (0): CrossWindowBlock(
                  (norm1_q): LayerNorm((768,), eps=1e-05, elementwise_affine=True)
                  (norm1_kv): LayerNorm((768,), eps=1e-05, elementwise_affine=True)
                  (attn): CrossWindowAttention(
                    (q): Linear(in_features=768, out_features=768, bias=True)
                    (kv): Linear(in_features=768, out_features=1536, bias=True)
                    (proj): Linear(in_features=768, out_features=768, bias=True)
                    (proj_drop): Dropout(p=0.0, inplace=False)
                  )
                  (norm2): LayerNorm((768,), eps=1e-05, elementwise_affine=True)
                  (mlp): Mlp(
                    (fc1): Linear(in_features=768, out_features=3072, bias=True)
                    (act): GELU(approximate='none')
                    (drop1): Dropout(p=0.0, inplace=False)
                    (norm): Identity()
                    (fc2): Linear(in_features=3072, out_features=768, bias=True)
                    (drop2): Dropout(p=0.0, inplace=False)
                  )
                  (drop_path): DropPath(drop_prob=0.400)
                )
              )
              (posemb): ModuleList(
                (0): RelativePositionEmbed(
                  (projector): Sequential(
                    (0): Linear(in_features=2, out_features=512, bias=True)
                    (1): ReLU()
                    (2): Linear(in_features=512, out_features=768, bias=False)
                  )
                )
              )
            )
          )
        )
      )
      (norm): BatchNorm2d(768, eps=1e-05, momentum=0.1, affine=True, track_running_stats=True)
      (avgpool): AdaptiveAvgPool2d(output_size=1)
      (head): Linear(in_features=768, out_features=1000, bias=True)
    )
  )
  (readout_norm): LayerNorm((768,), eps=1e-05, elementwise_affine=True)
  (fc_norm): LayerNorm((768,), eps=1e-05, elementwise_affine=True)
  (fc): Linear(in_features=768, out_features=1000, bias=True)
)
2026-04-28 10:54:58,614 - Start training for 100 epochs
Epoch: [57][   1/3336]	Time 29.265 (29.265)	Data 14.775 (14.775)	max lr 1.4007e-04 (1.4007e-04)	min lr 1.4007e-04 (1.4007e-04)	Loss 9.3068e-01 (9.3068e-01)	Max mem (MiB) 1659 (1659)
Epoch: [57][ 201/3336]	Time  0.659 ( 0.808)	Data  0.000 ( 0.074)	max lr 1.3976e-04 (1.3992e-04)	min lr 1.3976e-04 (1.3992e-04)	Loss 8.1881e-01 (7.5476e-01)	Max mem (MiB) 58696 (58410)
Epoch: [57][ 401/3336]	Time  0.655 ( 0.734)	Data  0.001 ( 0.037)	max lr 1.3945e-04 (1.3976e-04)	min lr 1.3945e-04 (1.3976e-04)	Loss 8.4375e-01 (7.5934e-01)	Max mem (MiB) 58696 (58553)
Epoch: [57][ 601/3336]	Time  0.652 ( 0.709)	Data  0.000 ( 0.025)	max lr 1.3914e-04 (1.3961e-04)	min lr 1.3914e-04 (1.3961e-04)	Loss 8.3063e-01 (7.5812e-01)	Max mem (MiB) 58697 (58601)
Epoch: [57][ 801/3336]	Time  0.652 ( 0.696)	Data  0.000 ( 0.019)	max lr 1.3882e-04 (1.3945e-04)	min lr 1.3882e-04 (1.3945e-04)	Loss 7.5458e-01 (7.5918e-01)	Max mem (MiB) 58697 (58625)
Epoch: [57][1001/3336]	Time  0.654 ( 0.688)	Data  0.000 ( 0.015)	max lr 1.3851e-04 (1.3929e-04)	min lr 1.3851e-04 (1.3929e-04)	Loss 8.8806e-01 (7.6186e-01)	Max mem (MiB) 58697 (58639)
Epoch: [57][1201/3336]	Time  0.653 ( 0.683)	Data  0.001 ( 0.013)	max lr 1.3820e-04 (1.3914e-04)	min lr 1.3820e-04 (1.3914e-04)	Loss 8.0747e-01 (7.6164e-01)	Max mem (MiB) 58697 (58649)
Epoch: [57][1401/3336]	Time  0.651 ( 0.679)	Data  0.001 ( 0.011)	max lr 1.3789e-04 (1.3898e-04)	min lr 1.3789e-04 (1.3898e-04)	Loss 6.5824e-01 (7.6145e-01)	Max mem (MiB) 58697 (58656)
Epoch: [57][1601/3336]	Time  0.654 ( 0.677)	Data  0.001 ( 0.010)	max lr 1.3758e-04 (1.3883e-04)	min lr 1.3758e-04 (1.3883e-04)	Loss 5.7207e-01 (7.6166e-01)	Max mem (MiB) 58697 (58661)
Epoch: [57][1801/3336]	Time  0.650 ( 0.674)	Data  0.000 ( 0.009)	max lr 1.3726e-04 (1.3867e-04)	min lr 1.3726e-04 (1.3867e-04)	Loss 7.8348e-01 (7.6167e-01)	Max mem (MiB) 58697 (58665)
Epoch: [57][2001/3336]	Time  0.652 ( 0.674)	Data  0.000 ( 0.009)	max lr 1.3695e-04 (1.3851e-04)	min lr 1.3695e-04 (1.3851e-04)	Loss 7.3798e-01 (7.6228e-01)	Max mem (MiB) 58697 (58668)
Epoch: [57][2201/3336]	Time  0.652 ( 0.673)	Data  0.000 ( 0.009)	max lr 1.3664e-04 (1.3836e-04)	min lr 1.3664e-04 (1.3836e-04)	Loss 5.8558e-01 (7.6255e-01)	Max mem (MiB) 58697 (58671)
Epoch: [57][2401/3336]	Time  0.653 ( 0.671)	Data  0.000 ( 0.008)	max lr 1.3633e-04 (1.3820e-04)	min lr 1.3633e-04 (1.3820e-04)	Loss 8.1830e-01 (7.6383e-01)	Max mem (MiB) 58697 (58673)
Epoch: [57][2601/3336]	Time  0.657 ( 0.673)	Data  0.001 ( 0.010)	max lr 1.3602e-04 (1.3805e-04)	min lr 1.3602e-04 (1.3805e-04)	Loss 7.7626e-01 (7.6369e-01)	Max mem (MiB) 58697 (58675)
Epoch: [57][2801/3336]	Time  0.652 ( 0.673)	Data  0.000 ( 0.010)	max lr 1.3571e-04 (1.3789e-04)	min lr 1.3571e-04 (1.3789e-04)	Loss 8.2842e-01 (7.6331e-01)	Max mem (MiB) 58698 (58676)
Epoch: [57][3001/3336]	Time  0.652 ( 0.672)	Data  0.000 ( 0.010)	max lr 1.3540e-04 (1.3773e-04)	min lr 1.3540e-04 (1.3773e-04)	Loss 8.8068e-01 (7.6362e-01)	Max mem (MiB) 58698 (58678)
Epoch: [57][3201/3336]	Time  0.649 ( 0.671)	Data  0.000 ( 0.010)	max lr 1.3508e-04 (1.3758e-04)	min lr 1.3508e-04 (1.3758e-04)	Loss 8.5959e-01 (7.6372e-01)	Max mem (MiB) 58698 (58679)
2026-04-28 11:32:17,115 - train_accuracy: 0.0000
2026-04-28 11:32:17,115 - train_total: 1281024.0000
2026-04-28 11:32:17,115 - train_correct: 0.0000
2026-04-28 11:33:49,106 - val_accuracy: 1.0000
2026-04-28 11:33:49,107 - eval_accuracy: 0.7940
2026-04-28 11:33:49,107 - eval_total: 49920.0000
2026-04-28 11:33:49,107 - eval_correct: 39636.0000
Epoch: [58][   1/3336]	Time  5.105 ( 5.105)	Data  4.458 ( 4.458)	max lr 1.3487e-04 (1.3487e-04)	min lr 1.3487e-04 (1.3487e-04)	Loss 7.2070e-01 (7.2070e-01)	Max mem (MiB) 58698 (58698)
Epoch: [58][ 201/3336]	Time  0.654 ( 0.685)	Data  0.000 ( 0.023)	max lr 1.3456e-04 (1.3472e-04)	min lr 1.3456e-04 (1.3472e-04)	Loss 8.3220e-01 (7.4892e-01)	Max mem (MiB) 58698 (58698)
Epoch: [58][ 401/3336]	Time  0.651 ( 0.673)	Data  0.000 ( 0.012)	max lr 1.3425e-04 (1.3456e-04)	min lr 1.3425e-04 (1.3456e-04)	Loss 8.3462e-01 (7.4606e-01)	Max mem (MiB) 58698 (58698)
Epoch: [58][ 601/3336]	Time  0.648 ( 0.667)	Data  0.000 ( 0.008)	max lr 1.3394e-04 (1.3441e-04)	min lr 1.3394e-04 (1.3441e-04)	Loss 8.0401e-01 (7.5485e-01)	Max mem (MiB) 58698 (58698)
Epoch: [58][ 801/3336]	Time  0.651 ( 0.665)	Data  0.000 ( 0.006)	max lr 1.3363e-04 (1.3425e-04)	min lr 1.3363e-04 (1.3425e-04)	Loss 4.7455e-01 (7.5484e-01)	Max mem (MiB) 58698 (58698)
Epoch: [58][1001/3336]	Time  0.653 ( 0.663)	Data  0.000 ( 0.005)	max lr 1.3332e-04 (1.3410e-04)	min lr 1.3332e-04 (1.3410e-04)	Loss 5.1357e-01 (7.5501e-01)	Max mem (MiB) 58698 (58698)
Epoch: [58][1201/3336]	Time  0.652 ( 0.662)	Data  0.000 ( 0.004)	max lr 1.3301e-04 (1.3394e-04)	min lr 1.3301e-04 (1.3394e-04)	Loss 8.5834e-01 (7.5274e-01)	Max mem (MiB) 58698 (58698)
Epoch: [58][1401/3336]	Time  0.651 ( 0.661)	Data  0.000 ( 0.004)	max lr 1.3270e-04 (1.3379e-04)	min lr 1.3270e-04 (1.3379e-04)	Loss 8.7262e-01 (7.5489e-01)	Max mem (MiB) 58698 (58698)
Epoch: [58][1601/3336]	Time  0.651 ( 0.661)	Data  0.001 ( 0.003)	max lr 1.3239e-04 (1.3363e-04)	min lr 1.3239e-04 (1.3363e-04)	Loss 7.5163e-01 (7.5481e-01)	Max mem (MiB) 58698 (58698)
Epoch: [58][1801/3336]	Time  0.653 ( 0.660)	Data  0.000 ( 0.003)	max lr 1.3208e-04 (1.3348e-04)	min lr 1.3208e-04 (1.3348e-04)	Loss 6.9992e-01 (7.5494e-01)	Max mem (MiB) 58698 (58698)
Epoch: [58][2001/3336]	Time  0.653 ( 0.660)	Data  0.000 ( 0.003)	max lr 1.3177e-04 (1.3332e-04)	min lr 1.3177e-04 (1.3332e-04)	Loss 7.1482e-01 (7.5497e-01)	Max mem (MiB) 58698 (58698)
Epoch: [58][2201/3336]	Time  0.652 ( 0.660)	Data  0.000 ( 0.003)	max lr 1.3145e-04 (1.3317e-04)	min lr 1.3145e-04 (1.3317e-04)	Loss 5.8623e-01 (7.5539e-01)	Max mem (MiB) 58698 (58698)
Epoch: [58][2401/3336]	Time  0.649 ( 0.660)	Data  0.000 ( 0.002)	max lr 1.3114e-04 (1.3301e-04)	min lr 1.3114e-04 (1.3301e-04)	Loss 5.4795e-01 (7.5467e-01)	Max mem (MiB) 58698 (58698)
Epoch: [58][2601/3336]	Time  0.652 ( 0.659)	Data  0.001 ( 0.002)	max lr 1.3083e-04 (1.3285e-04)	min lr 1.3083e-04 (1.3285e-04)	Loss 8.8217e-01 (7.5538e-01)	Max mem (MiB) 58698 (58698)
Epoch: [58][2801/3336]	Time  0.652 ( 0.659)	Data  0.000 ( 0.002)	max lr 1.3052e-04 (1.3270e-04)	min lr 1.3052e-04 (1.3270e-04)	Loss 7.8756e-01 (7.5540e-01)	Max mem (MiB) 58698 (58698)
Epoch: [58][3001/3336]	Time  0.647 ( 0.659)	Data  0.000 ( 0.002)	max lr 1.3021e-04 (1.3254e-04)	min lr 1.3021e-04 (1.3254e-04)	Loss 5.5598e-01 (7.5545e-01)	Max mem (MiB) 58698 (58698)
Epoch: [58][3201/3336]	Time  0.649 ( 0.659)	Data  0.000 ( 0.002)	max lr 1.2990e-04 (1.3239e-04)	min lr 1.2990e-04 (1.3239e-04)	Loss 9.0163e-01 (7.5571e-01)	Max mem (MiB) 58698 (58698)
2026-04-28 12:10:26,992 - train_accuracy: 0.0000
2026-04-28 12:10:26,994 - train_total: 1281024.0000
2026-04-28 12:10:26,994 - train_correct: 0.0000
2026-04-28 12:11:24,111 - val_accuracy: 1.0000
2026-04-28 12:11:24,111 - eval_accuracy: 0.7939
2026-04-28 12:11:24,111 - eval_total: 49920.0000
2026-04-28 12:11:24,111 - eval_correct: 39629.0000
Epoch: [59][   1/3336]	Time  4.520 ( 4.520)	Data  3.873 ( 3.873)	max lr 1.2969e-04 (1.2969e-04)	min lr 1.2969e-04 (1.2969e-04)	Loss 8.9601e-01 (8.9601e-01)	Max mem (MiB) 58698 (58698)
Epoch: [59][ 201/3336]	Time  0.657 ( 0.680)	Data  0.000 ( 0.020)	max lr 1.2938e-04 (1.2954e-04)	min lr 1.2938e-04 (1.2954e-04)	Loss 6.6391e-01 (7.5177e-01)	Max mem (MiB) 58698 (58698)
Epoch: [59][ 401/3336]	Time  0.655 ( 0.670)	Data  0.000 ( 0.011)	max lr 1.2907e-04 (1.2939e-04)	min lr 1.2907e-04 (1.2939e-04)	Loss 6.7282e-01 (7.4887e-01)	Max mem (MiB) 58698 (58698)
Epoch: [59][ 601/3336]	Time  0.653 ( 0.666)	Data  0.000 ( 0.007)	max lr 1.2876e-04 (1.2923e-04)	min lr 1.2876e-04 (1.2923e-04)	Loss 7.6186e-01 (7.5444e-01)	Max mem (MiB) 58698 (58698)
Epoch: [59][ 801/3336]	Time  0.652 ( 0.664)	Data  0.000 ( 0.006)	max lr 1.2846e-04 (1.2908e-04)	min lr 1.2846e-04 (1.2908e-04)	Loss 8.5864e-01 (7.5648e-01)	Max mem (MiB) 58698 (58698)
Epoch: [59][1001/3336]	Time  0.650 ( 0.663)	Data  0.000 ( 0.005)	max lr 1.2815e-04 (1.2892e-04)	min lr 1.2815e-04 (1.2892e-04)	Loss 8.1493e-01 (7.5639e-01)	Max mem (MiB) 58698 (58698)
Epoch: [59][1201/3336]	Time  0.651 ( 0.662)	Data  0.000 ( 0.004)	max lr 1.2784e-04 (1.2877e-04)	min lr 1.2784e-04 (1.2877e-04)	Loss 8.6814e-01 (7.5355e-01)	Max mem (MiB) 58698 (58698)
Epoch: [59][1401/3336]	Time  0.651 ( 0.661)	Data  0.000 ( 0.004)	max lr 1.2753e-04 (1.2861e-04)	min lr 1.2753e-04 (1.2861e-04)	Loss 6.8153e-01 (7.5592e-01)	Max mem (MiB) 58698 (58698)
Epoch: [59][1601/3336]	Time  0.651 ( 0.661)	Data  0.000 ( 0.003)	max lr 1.2722e-04 (1.2846e-04)	min lr 1.2722e-04 (1.2846e-04)	Loss 7.5805e-01 (7.5606e-01)	Max mem (MiB) 58698 (58698)
Epoch: [59][1801/3336]	Time  0.652 ( 0.660)	Data  0.000 ( 0.003)	max lr 1.2691e-04 (1.2830e-04)	min lr 1.2691e-04 (1.2830e-04)	Loss 8.4459e-01 (7.5591e-01)	Max mem (MiB) 58698 (58698)
Epoch: [59][2001/3336]	Time  0.653 ( 0.660)	Data  0.000 ( 0.003)	max lr 1.2660e-04 (1.2815e-04)	min lr 1.2660e-04 (1.2815e-04)	Loss 8.3418e-01 (7.5487e-01)	Max mem (MiB) 58698 (58698)
Epoch: [59][2201/3336]	Time  0.650 ( 0.660)	Data  0.000 ( 0.003)	max lr 1.2629e-04 (1.2799e-04)	min lr 1.2629e-04 (1.2799e-04)	Loss 7.5414e-01 (7.5411e-01)	Max mem (MiB) 58698 (58698)
Epoch: [59][2401/3336]	Time  0.653 ( 0.660)	Data  0.001 ( 0.002)	max lr 1.2598e-04 (1.2784e-04)	min lr 1.2598e-04 (1.2784e-04)	Loss 8.6322e-01 (7.5475e-01)	Max mem (MiB) 58698 (58698)
Epoch: [59][2601/3336]	Time  0.651 ( 0.660)	Data  0.000 ( 0.002)	max lr 1.2567e-04 (1.2768e-04)	min lr 1.2567e-04 (1.2768e-04)	Loss 6.1665e-01 (7.5410e-01)	Max mem (MiB) 58698 (58698)
Epoch: [59][2801/3336]	Time  0.651 ( 0.659)	Data  0.000 ( 0.002)	max lr 1.2537e-04 (1.2753e-04)	min lr 1.2537e-04 (1.2753e-04)	Loss 7.5810e-01 (7.5393e-01)	Max mem (MiB) 58698 (58698)
Epoch: [59][3001/3336]	Time  0.654 ( 0.659)	Data  0.000 ( 0.002)	max lr 1.2506e-04 (1.2738e-04)	min lr 1.2506e-04 (1.2738e-04)	Loss 8.8459e-01 (7.5376e-01)	Max mem (MiB) 58698 (58698)
Epoch: [59][3201/3336]	Time  0.652 ( 0.659)	Data  0.000 ( 0.002)	max lr 1.2475e-04 (1.2722e-04)	min lr 1.2475e-04 (1.2722e-04)	Loss 7.0712e-01 (7.5368e-01)	Max mem (MiB) 58698 (58698)
2026-04-28 12:48:03,465 - train_accuracy: 0.0000
2026-04-28 12:48:03,467 - train_total: 1281024.0000
2026-04-28 12:48:03,467 - train_correct: 0.0000
2026-04-28 12:48:48,914 - val_accuracy: 1.0000
2026-04-28 12:48:48,914 - eval_accuracy: 0.7964
2026-04-28 12:48:48,914 - eval_total: 49920.0000
2026-04-28 12:48:48,914 - eval_correct: 39756.0000
Epoch: [60][   1/3336]	Time  4.071 ( 4.071)	Data  3.420 ( 3.420)	max lr 1.2454e-04 (1.2454e-04)	min lr 1.2454e-04 (1.2454e-04)	Loss 8.1108e-01 (8.1108e-01)	Max mem (MiB) 58698 (58698)
Epoch: [60][ 201/3336]	Time  0.652 ( 0.680)	Data  0.000 ( 0.022)	max lr 1.2423e-04 (1.2439e-04)	min lr 1.2423e-04 (1.2439e-04)	Loss 8.8818e-01 (7.4600e-01)	Max mem (MiB) 58698 (58698)
Epoch: [60][ 401/3336]	Time  0.650 ( 0.669)	Data  0.000 ( 0.011)	max lr 1.2392e-04 (1.2423e-04)	min lr 1.2392e-04 (1.2423e-04)	Loss 7.4656e-01 (7.4617e-01)	Max mem (MiB) 58698 (58698)
Epoch: [60][ 601/3336]	Time  0.651 ( 0.665)	Data  0.000 ( 0.008)	max lr 1.2362e-04 (1.2408e-04)	min lr 1.2362e-04 (1.2408e-04)	Loss 6.2051e-01 (7.4666e-01)	Max mem (MiB) 58698 (58698)
Epoch: [60][ 801/3336]	Time  0.649 ( 0.663)	Data  0.000 ( 0.006)	max lr 1.2331e-04 (1.2393e-04)	min lr 1.2331e-04 (1.2393e-04)	Loss 8.1958e-01 (7.5144e-01)	Max mem (MiB) 58698 (58698)
Epoch: [60][1001/3336]	Time  0.650 ( 0.662)	Data  0.000 ( 0.005)	max lr 1.2300e-04 (1.2377e-04)	min lr 1.2300e-04 (1.2377e-04)	Loss 7.2186e-01 (7.4940e-01)	Max mem (MiB) 58698 (58698)
Epoch: [60][1201/3336]	Time  0.650 ( 0.661)	Data  0.000 ( 0.004)	max lr 1.2269e-04 (1.2362e-04)	min lr 1.2269e-04 (1.2362e-04)	Loss 8.0233e-01 (7.5103e-01)	Max mem (MiB) 58698 (58698)
Epoch: [60][1401/3336]	Time  0.647 ( 0.660)	Data  0.000 ( 0.004)	max lr 1.2239e-04 (1.2346e-04)	min lr 1.2239e-04 (1.2346e-04)	Loss 7.8125e-01 (7.5072e-01)	Max mem (MiB) 58698 (58698)
Epoch: [60][1601/3336]	Time  0.649 ( 0.660)	Data  0.000 ( 0.003)	max lr 1.2208e-04 (1.2331e-04)	min lr 1.2208e-04 (1.2331e-04)	Loss 8.0942e-01 (7.5372e-01)	Max mem (MiB) 58698 (58698)
Epoch: [60][1801/3336]	Time  0.650 ( 0.659)	Data  0.001 ( 0.003)	max lr 1.2177e-04 (1.2316e-04)	min lr 1.2177e-04 (1.2316e-04)	Loss 5.7909e-01 (7.5409e-01)	Max mem (MiB) 58698 (58698)
Epoch: [60][2001/3336]	Time  0.653 ( 0.659)	Data  0.000 ( 0.003)	max lr 1.2146e-04 (1.2300e-04)	min lr 1.2146e-04 (1.2300e-04)	Loss 7.7355e-01 (7.5330e-01)	Max mem (MiB) 58698 (58698)
Epoch: [60][2201/3336]	Time  0.649 ( 0.659)	Data  0.000 ( 0.003)	max lr 1.2116e-04 (1.2285e-04)	min lr 1.2116e-04 (1.2285e-04)	Loss 5.8589e-01 (7.5354e-01)	Max mem (MiB) 58698 (58698)
Epoch: [60][2401/3336]	Time  0.651 ( 0.659)	Data  0.000 ( 0.002)	max lr 1.2085e-04 (1.2270e-04)	min lr 1.2085e-04 (1.2270e-04)	Loss 8.3512e-01 (7.5265e-01)	Max mem (MiB) 58698 (58698)
Epoch: [60][2601/3336]	Time  0.651 ( 0.659)	Data  0.000 ( 0.002)	max lr 1.2054e-04 (1.2254e-04)	min lr 1.2054e-04 (1.2254e-04)	Loss 7.7695e-01 (7.5322e-01)	Max mem (MiB) 58698 (58698)
Epoch: [60][2801/3336]	Time  0.651 ( 0.659)	Data  0.000 ( 0.002)	max lr 1.2024e-04 (1.2239e-04)	min lr 1.2024e-04 (1.2239e-04)	Loss 8.0135e-01 (7.5348e-01)	Max mem (MiB) 58698 (58698)
Epoch: [60][3001/3336]	Time  0.650 ( 0.658)	Data  0.000 ( 0.002)	max lr 1.1993e-04 (1.2224e-04)	min lr 1.1993e-04 (1.2224e-04)	Loss 8.1036e-01 (7.5411e-01)	Max mem (MiB) 58698 (58698)
Epoch: [60][3201/3336]	Time  0.648 ( 0.658)	Data  0.000 ( 0.002)	max lr 1.1963e-04 (1.2208e-04)	min lr 1.1963e-04 (1.2208e-04)	Loss 8.0211e-01 (7.5480e-01)	Max mem (MiB) 58698 (58698)
2026-04-28 13:25:24,992 - train_accuracy: 0.0000
2026-04-28 13:25:24,994 - train_total: 1281024.0000
2026-04-28 13:25:24,994 - train_correct: 0.0000
2026-04-28 13:26:38,768 - val_accuracy: 1.0000
2026-04-28 13:26:38,768 - eval_accuracy: 0.7962
2026-04-28 13:26:38,768 - eval_total: 49920.0000
2026-04-28 13:26:38,768 - eval_correct: 39745.0000
Epoch: [61][   1/3336]	Time  4.385 ( 4.385)	Data  3.738 ( 3.738)	max lr 1.1942e-04 (1.1942e-04)	min lr 1.1942e-04 (1.1942e-04)	Loss 8.3563e-01 (8.3563e-01)	Max mem (MiB) 58698 (58698)
Epoch: [61][ 201/3336]	Time  0.654 ( 0.681)	Data  0.000 ( 0.021)	max lr 1.1911e-04 (1.1927e-04)	min lr 1.1911e-04 (1.1927e-04)	Loss 5.4443e-01 (7.4003e-01)	Max mem (MiB) 58698 (58698)
Epoch: [61][ 401/3336]	Time  0.656 ( 0.670)	Data  0.001 ( 0.011)	max lr 1.1881e-04 (1.1911e-04)	min lr 1.1881e-04 (1.1911e-04)	Loss 6.2558e-01 (7.3791e-01)	Max mem (MiB) 58698 (58698)
Epoch: [61][ 601/3336]	Time  0.651 ( 0.666)	Data  0.000 ( 0.007)	max lr 1.1850e-04 (1.1896e-04)	min lr 1.1850e-04 (1.1896e-04)	Loss 5.8930e-01 (7.3824e-01)	Max mem (MiB) 58698 (58698)
Epoch: [61][ 801/3336]	Time  0.647 ( 0.664)	Data  0.001 ( 0.006)	max lr 1.1819e-04 (1.1881e-04)	min lr 1.1819e-04 (1.1881e-04)	Loss 7.7453e-01 (7.4192e-01)	Max mem (MiB) 58698 (58698)
Epoch: [61][1001/3336]	Time  0.650 ( 0.662)	Data  0.000 ( 0.005)	max lr 1.1789e-04 (1.1866e-04)	min lr 1.1789e-04 (1.1866e-04)	Loss 8.1350e-01 (7.4247e-01)	Max mem (MiB) 58698 (58698)
Epoch: [61][1201/3336]	Time  0.656 ( 0.661)	Data  0.000 ( 0.004)	max lr 1.1758e-04 (1.1850e-04)	min lr 1.1758e-04 (1.1850e-04)	Loss 8.7727e-01 (7.4403e-01)	Max mem (MiB) 58698 (58698)
Epoch: [61][1401/3336]	Time  0.650 ( 0.661)	Data  0.000 ( 0.004)	max lr 1.1728e-04 (1.1835e-04)	min lr 1.1728e-04 (1.1835e-04)	Loss 8.2462e-01 (7.4418e-01)	Max mem (MiB) 58698 (58698)
Epoch: [61][1601/3336]	Time  0.651 ( 0.660)	Data  0.000 ( 0.003)	max lr 1.1697e-04 (1.1820e-04)	min lr 1.1697e-04 (1.1820e-04)	Loss 8.7026e-01 (7.4422e-01)	Max mem (MiB) 58698 (58698)
Epoch: [61][1801/3336]	Time  0.649 ( 0.660)	Data  0.000 ( 0.003)	max lr 1.1667e-04 (1.1804e-04)	min lr 1.1667e-04 (1.1804e-04)	Loss 8.3223e-01 (7.4432e-01)	Max mem (MiB) 58698 (58698)
Epoch: [61][2001/3336]	Time  0.654 ( 0.659)	Data  0.000 ( 0.003)	max lr 1.1636e-04 (1.1789e-04)	min lr 1.1636e-04 (1.1789e-04)	Loss 8.1892e-01 (7.4536e-01)	Max mem (MiB) 58698 (58698)
Epoch: [61][2201/3336]	Time  0.651 ( 0.659)	Data  0.000 ( 0.003)	max lr 1.1606e-04 (1.1774e-04)	min lr 1.1606e-04 (1.1774e-04)	Loss 7.6218e-01 (7.4451e-01)	Max mem (MiB) 58698 (58698)
Epoch: [61][2401/3336]	Time  0.648 ( 0.659)	Data  0.000 ( 0.002)	max lr 1.1576e-04 (1.1759e-04)	min lr 1.1576e-04 (1.1759e-04)	Loss 6.5950e-01 (7.4407e-01)	Max mem (MiB) 58698 (58698)
Epoch: [61][2601/3336]	Time  0.648 ( 0.659)	Data  0.000 ( 0.002)	max lr 1.1545e-04 (1.1743e-04)	min lr 1.1545e-04 (1.1743e-04)	Loss 8.1126e-01 (7.4531e-01)	Max mem (MiB) 58698 (58698)
Epoch: [61][2801/3336]	Time  0.648 ( 0.659)	Data  0.000 ( 0.002)	max lr 1.1515e-04 (1.1728e-04)	min lr 1.1515e-04 (1.1728e-04)	Loss 6.9304e-01 (7.4518e-01)	Max mem (MiB) 58698 (58698)
Epoch: [61][3001/3336]	Time  0.652 ( 0.658)	Data  0.000 ( 0.002)	max lr 1.1484e-04 (1.1713e-04)	min lr 1.1484e-04 (1.1713e-04)	Loss 8.5518e-01 (7.4536e-01)	Max mem (MiB) 58698 (58698)
Epoch: [61][3201/3336]	Time  0.652 ( 0.658)	Data  0.000 ( 0.002)	max lr 1.1454e-04 (1.1698e-04)	min lr 1.1454e-04 (1.1698e-04)	Loss 9.0603e-01 (7.4476e-01)	Max mem (MiB) 58698 (58698)
2026-04-28 14:03:14,818 - train_accuracy: 0.0000
2026-04-28 14:03:14,819 - train_total: 1281024.0000
2026-04-28 14:03:14,819 - train_correct: 0.0000
2026-04-28 14:03:59,362 - val_accuracy: 1.0000
2026-04-28 14:03:59,362 - eval_accuracy: 0.7984
2026-04-28 14:03:59,362 - eval_total: 49920.0000
2026-04-28 14:03:59,362 - eval_correct: 39854.0000
Epoch: [62][   1/3336]	Time  4.284 ( 4.284)	Data  3.635 ( 3.635)	max lr 1.1433e-04 (1.1433e-04)	min lr 1.1433e-04 (1.1433e-04)	Loss 8.7188e-01 (8.7188e-01)	Max mem (MiB) 58698 (58698)
Epoch: [62][ 201/3336]	Time  0.651 ( 0.676)	Data  0.000 ( 0.019)	max lr 1.1403e-04 (1.1418e-04)	min lr 1.1403e-04 (1.1418e-04)	Loss 8.1507e-01 (7.3974e-01)	Max mem (MiB) 58698 (58698)
Epoch: [62][ 401/3336]	Time  0.652 ( 0.667)	Data  0.001 ( 0.010)	max lr 1.1373e-04 (1.1403e-04)	min lr 1.1373e-04 (1.1403e-04)	Loss 7.9776e-01 (7.4379e-01)	Max mem (MiB) 58698 (58698)
Epoch: [62][ 601/3336]	Time  0.652 ( 0.664)	Data  0.000 ( 0.007)	max lr 1.1342e-04 (1.1388e-04)	min lr 1.1342e-04 (1.1388e-04)	Loss 7.0832e-01 (7.4428e-01)	Max mem (MiB) 58698 (58698)
Epoch: [62][ 801/3336]	Time  0.652 ( 0.662)	Data  0.000 ( 0.005)	max lr 1.1312e-04 (1.1373e-04)	min lr 1.1312e-04 (1.1373e-04)	Loss 8.5807e-01 (7.4639e-01)	Max mem (MiB) 58698 (58698)
Epoch: [62][1001/3336]	Time  0.652 ( 0.661)	Data  0.001 ( 0.004)	max lr 1.1282e-04 (1.1358e-04)	min lr 1.1282e-04 (1.1358e-04)	Loss 5.6003e-01 (7.4777e-01)	Max mem (MiB) 58698 (58698)
Epoch: [62][1201/3336]	Time  0.649 ( 0.660)	Data  0.000 ( 0.004)	max lr 1.1251e-04 (1.1343e-04)	min lr 1.1251e-04 (1.1343e-04)	Loss 7.8966e-01 (7.4587e-01)	Max mem (MiB) 58698 (58698)
Epoch: [62][1401/3336]	Time  0.652 ( 0.660)	Data  0.000 ( 0.003)	max lr 1.1221e-04 (1.1327e-04)	min lr 1.1221e-04 (1.1327e-04)	Loss 7.9739e-01 (7.4547e-01)	Max mem (MiB) 58698 (58698)
Epoch: [62][1601/3336]	Time  0.652 ( 0.659)	Data  0.000 ( 0.003)	max lr 1.1191e-04 (1.1312e-04)	min lr 1.1191e-04 (1.1312e-04)	Loss 7.3532e-01 (7.4511e-01)	Max mem (MiB) 58698 (58698)
Epoch: [62][1801/3336]	Time  0.651 ( 0.659)	Data  0.000 ( 0.003)	max lr 1.1161e-04 (1.1297e-04)	min lr 1.1161e-04 (1.1297e-04)	Loss 8.7494e-01 (7.4370e-01)	Max mem (MiB) 58698 (58698)
Epoch: [62][2001/3336]	Time  0.652 ( 0.659)	Data  0.000 ( 0.003)	max lr 1.1131e-04 (1.1282e-04)	min lr 1.1131e-04 (1.1282e-04)	Loss 8.4680e-01 (7.4304e-01)	Max mem (MiB) 58698 (58698)
Epoch: [62][2201/3336]	Time  0.652 ( 0.659)	Data  0.000 ( 0.002)	max lr 1.1100e-04 (1.1267e-04)	min lr 1.1100e-04 (1.1267e-04)	Loss 8.8430e-01 (7.4396e-01)	Max mem (MiB) 58698 (58698)
Epoch: [62][2401/3336]	Time  0.651 ( 0.658)	Data  0.000 ( 0.002)	max lr 1.1070e-04 (1.1252e-04)	min lr 1.1070e-04 (1.1252e-04)	Loss 8.2886e-01 (7.4278e-01)	Max mem (MiB) 58698 (58698)
Epoch: [62][2601/3336]	Time  0.650 ( 0.658)	Data  0.000 ( 0.002)	max lr 1.1040e-04 (1.1237e-04)	min lr 1.1040e-04 (1.1237e-04)	Loss 7.6503e-01 (7.4331e-01)	Max mem (MiB) 58698 (58698)
Epoch: [62][2801/3336]	Time  0.651 ( 0.658)	Data  0.000 ( 0.002)	max lr 1.1010e-04 (1.1222e-04)	min lr 1.1010e-04 (1.1222e-04)	Loss 5.1344e-01 (7.4305e-01)	Max mem (MiB) 58698 (58698)
Epoch: [62][3001/3336]	Time  0.652 ( 0.658)	Data  0.000 ( 0.002)	max lr 1.0980e-04 (1.1206e-04)	min lr 1.0980e-04 (1.1206e-04)	Loss 8.9129e-01 (7.4336e-01)	Max mem (MiB) 58698 (58698)
Epoch: [62][3201/3336]	Time  0.648 ( 0.658)	Data  0.000 ( 0.002)	max lr 1.0950e-04 (1.1191e-04)	min lr 1.0950e-04 (1.1191e-04)	Loss 7.5164e-01 (7.4286e-01)	Max mem (MiB) 58698 (58698)
2026-04-28 14:40:34,555 - train_accuracy: 0.0000
2026-04-28 14:40:34,555 - train_total: 1281024.0000
2026-04-28 14:40:34,555 - train_correct: 0.0000
2026-04-28 14:41:18,253 - val_accuracy: 1.0000
2026-04-28 14:41:18,253 - eval_accuracy: 0.8011
2026-04-28 14:41:18,253 - eval_total: 49920.0000
2026-04-28 14:41:18,253 - eval_correct: 39991.0000
Epoch: [63][   1/3336]	Time  5.052 ( 5.052)	Data  4.406 ( 4.406)	max lr 1.0929e-04 (1.0929e-04)	min lr 1.0929e-04 (1.0929e-04)	Loss 7.6103e-01 (7.6103e-01)	Max mem (MiB) 58698 (58698)
Epoch: [63][ 201/3336]	Time  0.655 ( 0.681)	Data  0.000 ( 0.023)	max lr 1.0899e-04 (1.0914e-04)	min lr 1.0899e-04 (1.0914e-04)	Loss 8.1804e-01 (7.3319e-01)	Max mem (MiB) 58698 (58698)
Epoch: [63][ 401/3336]	Time  0.653 ( 0.671)	Data  0.000 ( 0.012)	max lr 1.0869e-04 (1.0899e-04)	min lr 1.0869e-04 (1.0899e-04)	Loss 5.6324e-01 (7.3119e-01)	Max mem (MiB) 58698 (58698)
Epoch: [63][ 601/3336]	Time  0.654 ( 0.667)	Data  0.000 ( 0.008)	max lr 1.0839e-04 (1.0884e-04)	min lr 1.0839e-04 (1.0884e-04)	Loss 7.7772e-01 (7.3446e-01)	Max mem (MiB) 58698 (58698)
Epoch: [63][ 801/3336]	Time  0.648 ( 0.665)	Data  0.000 ( 0.006)	max lr 1.0809e-04 (1.0869e-04)	min lr 1.0809e-04 (1.0869e-04)	Loss 4.9374e-01 (7.3208e-01)	Max mem (MiB) 58698 (58698)
Epoch: [63][1001/3336]	Time  0.650 ( 0.663)	Data  0.000 ( 0.005)	max lr 1.0779e-04 (1.0854e-04)	min lr 1.0779e-04 (1.0854e-04)	Loss 7.9986e-01 (7.3339e-01)	Max mem (MiB) 58698 (58698)
Epoch: [63][1201/3336]	Time  0.653 ( 0.662)	Data  0.000 ( 0.004)	max lr 1.0749e-04 (1.0839e-04)	min lr 1.0749e-04 (1.0839e-04)	Loss 6.3608e-01 (7.3263e-01)	Max mem (MiB) 58698 (58698)
Epoch: [63][1401/3336]	Time  0.648 ( 0.662)	Data  0.000 ( 0.004)	max lr 1.0719e-04 (1.0824e-04)	min lr 1.0719e-04 (1.0824e-04)	Loss 6.4647e-01 (7.3184e-01)	Max mem (MiB) 58698 (58698)
Epoch: [63][1601/3336]	Time  0.652 ( 0.661)	Data  0.000 ( 0.004)	max lr 1.0689e-04 (1.0809e-04)	min lr 1.0689e-04 (1.0809e-04)	Loss 7.9103e-01 (7.3398e-01)	Max mem (MiB) 58698 (58698)
Epoch: [63][1801/3336]	Time  0.651 ( 0.661)	Data  0.000 ( 0.003)	max lr 1.0659e-04 (1.0794e-04)	min lr 1.0659e-04 (1.0794e-04)	Loss 7.6718e-01 (7.3375e-01)	Max mem (MiB) 58698 (58698)
Epoch: [63][2001/3336]	Time  0.653 ( 0.660)	Data  0.001 ( 0.003)	max lr 1.0629e-04 (1.0779e-04)	min lr 1.0629e-04 (1.0779e-04)	Loss 7.9428e-01 (7.3365e-01)	Max mem (MiB) 58698 (58698)
Epoch: [63][2201/3336]	Time  0.651 ( 0.660)	Data  0.000 ( 0.003)	max lr 1.0600e-04 (1.0764e-04)	min lr 1.0600e-04 (1.0764e-04)	Loss 8.2688e-01 (7.3404e-01)	Max mem (MiB) 58698 (58698)
Epoch: [63][2401/3336]	Time  0.652 ( 0.660)	Data  0.001 ( 0.003)	max lr 1.0570e-04 (1.0749e-04)	min lr 1.0570e-04 (1.0749e-04)	Loss 8.8894e-01 (7.3550e-01)	Max mem (MiB) 58698 (58698)
Epoch: [63][2601/3336]	Time  0.650 ( 0.660)	Data  0.000 ( 0.002)	max lr 1.0540e-04 (1.0734e-04)	min lr 1.0540e-04 (1.0734e-04)	Loss 5.8710e-01 (7.3521e-01)	Max mem (MiB) 58698 (58698)
Epoch: [63][2801/3336]	Time  0.651 ( 0.660)	Data  0.000 ( 0.002)	max lr 1.0510e-04 (1.0720e-04)	min lr 1.0510e-04 (1.0720e-04)	Loss 8.1230e-01 (7.3565e-01)	Max mem (MiB) 58698 (58698)
Epoch: [63][3001/3336]	Time  0.651 ( 0.659)	Data  0.001 ( 0.002)	max lr 1.0480e-04 (1.0705e-04)	min lr 1.0480e-04 (1.0705e-04)	Loss 8.9657e-01 (7.3687e-01)	Max mem (MiB) 58698 (58698)
Epoch: [63][3201/3336]	Time  0.652 ( 0.659)	Data  0.001 ( 0.002)	max lr 1.0450e-04 (1.0690e-04)	min lr 1.0450e-04 (1.0690e-04)	Loss 6.3316e-01 (7.3726e-01)	Max mem (MiB) 58698 (58698)
2026-04-28 15:17:57,821 - train_accuracy: 0.0000
2026-04-28 15:17:57,822 - train_total: 1281024.0000
2026-04-28 15:17:57,822 - train_correct: 0.0000
2026-04-28 15:18:42,970 - val_accuracy: 1.0000
2026-04-28 15:18:42,970 - eval_accuracy: 0.8026
2026-04-28 15:18:42,970 - eval_total: 49920.0000
2026-04-28 15:18:42,970 - eval_correct: 40068.0000
Epoch: [64][   1/3336]	Time  4.369 ( 4.369)	Data  3.724 ( 3.724)	max lr 1.0430e-04 (1.0430e-04)	min lr 1.0430e-04 (1.0430e-04)	Loss 4.7382e-01 (4.7382e-01)	Max mem (MiB) 58698 (58698)
Epoch: [64][ 201/3336]	Time  0.651 ( 0.677)	Data  0.000 ( 0.019)	max lr 1.0400e-04 (1.0416e-04)	min lr 1.0400e-04 (1.0416e-04)	Loss 8.5768e-01 (7.1494e-01)	Max mem (MiB) 58698 (58698)
Epoch: [64][ 401/3336]	Time  0.650 ( 0.667)	Data  0.000 ( 0.010)	max lr 1.0371e-04 (1.0401e-04)	min lr 1.0371e-04 (1.0401e-04)	Loss 8.1205e-01 (7.2424e-01)	Max mem (MiB) 58698 (58698)
Epoch: [64][ 601/3336]	Time  0.649 ( 0.664)	Data  0.000 ( 0.007)	max lr 1.0341e-04 (1.0386e-04)	min lr 1.0341e-04 (1.0386e-04)	Loss 8.1873e-01 (7.2830e-01)	Max mem (MiB) 58698 (58698)
Epoch: [64][ 801/3336]	Time  0.650 ( 0.662)	Data  0.000 ( 0.005)	max lr 1.0311e-04 (1.0371e-04)	min lr 1.0311e-04 (1.0371e-04)	Loss 6.8636e-01 (7.3001e-01)	Max mem (MiB) 58698 (58698)
Epoch: [64][1001/3336]	Time  0.650 ( 0.661)	Data  0.000 ( 0.004)	max lr 1.0282e-04 (1.0356e-04)	min lr 1.0282e-04 (1.0356e-04)	Loss 8.2869e-01 (7.3352e-01)	Max mem (MiB) 58698 (58698)
Epoch: [64][1201/3336]	Time  0.649 ( 0.661)	Data  0.000 ( 0.004)	max lr 1.0252e-04 (1.0341e-04)	min lr 1.0252e-04 (1.0341e-04)	Loss 7.9373e-01 (7.3430e-01)	Max mem (MiB) 58698 (58698)
Epoch: [64][1401/3336]	Time  0.650 ( 0.660)	Data  0.000 ( 0.003)	max lr 1.0222e-04 (1.0326e-04)	min lr 1.0222e-04 (1.0326e-04)	Loss 8.1260e-01 (7.3510e-01)	Max mem (MiB) 58698 (58698)
Epoch: [64][1601/3336]	Time  0.651 ( 0.660)	Data  0.000 ( 0.003)	max lr 1.0193e-04 (1.0312e-04)	min lr 1.0193e-04 (1.0312e-04)	Loss 5.9687e-01 (7.3579e-01)	Max mem (MiB) 58698 (58698)
Epoch: [64][1801/3336]	Time  0.652 ( 0.659)	Data  0.000 ( 0.003)	max lr 1.0163e-04 (1.0297e-04)	min lr 1.0163e-04 (1.0297e-04)	Loss 7.4499e-01 (7.3670e-01)	Max mem (MiB) 58698 (58698)
Epoch: [64][2001/3336]	Time  0.651 ( 0.659)	Data  0.000 ( 0.003)	max lr 1.0134e-04 (1.0282e-04)	min lr 1.0134e-04 (1.0282e-04)	Loss 6.7827e-01 (7.3638e-01)	Max mem (MiB) 58698 (58698)
Epoch: [64][2201/3336]	Time  0.650 ( 0.659)	Data  0.000 ( 0.002)	max lr 1.0104e-04 (1.0267e-04)	min lr 1.0104e-04 (1.0267e-04)	Loss 6.7292e-01 (7.3672e-01)	Max mem (MiB) 58698 (58698)
Epoch: [64][2401/3336]	Time  0.651 ( 0.659)	Data  0.000 ( 0.002)	max lr 1.0075e-04 (1.0252e-04)	min lr 1.0075e-04 (1.0252e-04)	Loss 6.5024e-01 (7.3619e-01)	Max mem (MiB) 58698 (58698)
Epoch: [64][2601/3336]	Time  0.652 ( 0.659)	Data  0.000 ( 0.002)	max lr 1.0045e-04 (1.0238e-04)	min lr 1.0045e-04 (1.0238e-04)	Loss 7.4903e-01 (7.3617e-01)	Max mem (MiB) 58698 (58698)
Epoch: [64][2801/3336]	Time  0.653 ( 0.658)	Data  0.000 ( 0.002)	max lr 1.0016e-04 (1.0223e-04)	min lr 1.0016e-04 (1.0223e-04)	Loss 7.6643e-01 (7.3636e-01)	Max mem (MiB) 58698 (58698)
Epoch: [64][3001/3336]	Time  0.651 ( 0.658)	Data  0.000 ( 0.002)	max lr 9.9862e-05 (1.0208e-04)	min lr 9.9862e-05 (1.0208e-04)	Loss 6.1887e-01 (7.3548e-01)	Max mem (MiB) 58698 (58698)
Epoch: [64][3201/3336]	Time  0.649 ( 0.658)	Data  0.000 ( 0.002)	max lr 9.9568e-05 (1.0193e-04)	min lr 9.9568e-05 (1.0193e-04)	Loss 8.0524e-01 (7.3529e-01)	Max mem (MiB) 58698 (58698)
2026-04-28 15:55:18,753 - train_accuracy: 0.0000
2026-04-28 15:55:18,754 - train_total: 1281024.0000
2026-04-28 15:55:18,754 - train_correct: 0.0000
2026-04-28 15:56:03,399 - val_accuracy: 1.0000
2026-04-28 15:56:03,399 - eval_accuracy: 0.8035
2026-04-28 15:56:03,399 - eval_total: 49920.0000
2026-04-28 15:56:03,399 - eval_correct: 40112.0000
Epoch: [65][   1/3336]	Time  4.268 ( 4.268)	Data  3.621 ( 3.621)	max lr 9.9368e-05 (9.9368e-05)	min lr 9.9368e-05 (9.9368e-05)	Loss 7.3064e-01 (7.3064e-01)	Max mem (MiB) 58698 (58698)
Epoch: [65][ 201/3336]	Time  0.653 ( 0.678)	Data  0.000 ( 0.021)	max lr 9.9074e-05 (9.9223e-05)	min lr 9.9074e-05 (9.9223e-05)	Loss 4.8623e-01 (7.1735e-01)	Max mem (MiB) 58698 (58698)
Epoch: [65][ 401/3336]	Time  0.651 ( 0.668)	Data  0.000 ( 0.011)	max lr 9.8780e-05 (9.9076e-05)	min lr 9.8780e-05 (9.9076e-05)	Loss 6.8712e-01 (7.2175e-01)	Max mem (MiB) 58698 (58698)
Epoch: [65][ 601/3336]	Time  0.651 ( 0.664)	Data  0.000 ( 0.007)	max lr 9.8487e-05 (9.8930e-05)	min lr 9.8487e-05 (9.8930e-05)	Loss 5.0251e-01 (7.2890e-01)	Max mem (MiB) 58698 (58698)
Epoch: [65][ 801/3336]	Time  0.650 ( 0.662)	Data  0.001 ( 0.006)	max lr 9.8194e-05 (9.8783e-05)	min lr 9.8194e-05 (9.8783e-05)	Loss 8.2699e-01 (7.3048e-01)	Max mem (MiB) 58698 (58698)
Epoch: [65][1001/3336]	Time  0.648 ( 0.661)	Data  0.000 ( 0.005)	max lr 9.7901e-05 (9.8636e-05)	min lr 9.7901e-05 (9.8636e-05)	Loss 7.1272e-01 (7.3131e-01)	Max mem (MiB) 58698 (58698)
Epoch: [65][1201/3336]	Time  0.651 ( 0.660)	Data  0.001 ( 0.004)	max lr 9.7608e-05 (9.8490e-05)	min lr 9.7608e-05 (9.8490e-05)	Loss 7.9465e-01 (7.3289e-01)	Max mem (MiB) 58698 (58698)
Epoch: [65][1401/3336]	Time  0.651 ( 0.660)	Data  0.000 ( 0.004)	max lr 9.7316e-05 (9.8343e-05)	min lr 9.7316e-05 (9.8343e-05)	Loss 5.5392e-01 (7.3255e-01)	Max mem (MiB) 58698 (58698)
Epoch: [65][1601/3336]	Time  0.649 ( 0.659)	Data  0.000 ( 0.003)	max lr 9.7023e-05 (9.8197e-05)	min lr 9.7023e-05 (9.8197e-05)	Loss 6.0896e-01 (7.3181e-01)	Max mem (MiB) 58698 (58698)
Epoch: [65][1801/3336]	Time  0.649 ( 0.659)	Data  0.000 ( 0.003)	max lr 9.6731e-05 (9.8050e-05)	min lr 9.6731e-05 (9.8050e-05)	Loss 4.9264e-01 (7.3038e-01)	Max mem (MiB) 58698 (58698)
Epoch: [65][2001/3336]	Time  0.652 ( 0.659)	Data  0.000 ( 0.003)	max lr 9.6439e-05 (9.7904e-05)	min lr 9.6439e-05 (9.7904e-05)	Loss 7.8195e-01 (7.2981e-01)	Max mem (MiB) 58698 (58698)
Epoch: [65][2201/3336]	Time  0.650 ( 0.659)	Data  0.001 ( 0.003)	max lr 9.6148e-05 (9.7758e-05)	min lr 9.6148e-05 (9.7758e-05)	Loss 7.9102e-01 (7.2969e-01)	Max mem (MiB) 58698 (58698)
Epoch: [65][2401/3336]	Time  0.653 ( 0.658)	Data  0.000 ( 0.002)	max lr 9.5857e-05 (9.7612e-05)	min lr 9.5857e-05 (9.7612e-05)	Loss 8.0232e-01 (7.3030e-01)	Max mem (MiB) 58698 (58698)
Epoch: [65][2601/3336]	Time  0.651 ( 0.658)	Data  0.000 ( 0.002)	max lr 9.5565e-05 (9.7466e-05)	min lr 9.5565e-05 (9.7466e-05)	Loss 7.1866e-01 (7.3098e-01)	Max mem (MiB) 58698 (58698)
Epoch: [65][2801/3336]	Time  0.655 ( 0.658)	Data  0.000 ( 0.002)	max lr 9.5275e-05 (9.7320e-05)	min lr 9.5275e-05 (9.7320e-05)	Loss 7.7408e-01 (7.3087e-01)	Max mem (MiB) 58698 (58698)
Epoch: [65][3001/3336]	Time  0.652 ( 0.658)	Data  0.000 ( 0.002)	max lr 9.4984e-05 (9.7174e-05)	min lr 9.4984e-05 (9.7174e-05)	Loss 7.3014e-01 (7.3015e-01)	Max mem (MiB) 58698 (58698)
Epoch: [65][3201/3336]	Time  0.654 ( 0.658)	Data  0.000 ( 0.002)	max lr 9.4694e-05 (9.7028e-05)	min lr 9.4694e-05 (9.7028e-05)	Loss 8.9624e-01 (7.3005e-01)	Max mem (MiB) 58698 (58698)
2026-04-28 16:32:38,988 - train_accuracy: 0.0000
2026-04-28 16:32:38,989 - train_total: 1281024.0000
2026-04-28 16:32:38,989 - train_correct: 0.0000
2026-04-28 16:33:35,801 - val_accuracy: 1.0000
2026-04-28 16:33:35,801 - eval_accuracy: 0.8031
2026-04-28 16:33:35,801 - eval_total: 49920.0000
2026-04-28 16:33:35,801 - eval_correct: 40093.0000
Epoch: [66][   1/3336]	Time  4.395 ( 4.395)	Data  3.748 ( 3.748)	max lr 9.4496e-05 (9.4496e-05)	min lr 9.4496e-05 (9.4496e-05)	Loss 6.9614e-01 (6.9614e-01)	Max mem (MiB) 58698 (58698)
Epoch: [66][ 201/3336]	Time  0.655 ( 0.678)	Data  0.000 ( 0.019)	max lr 9.4206e-05 (9.4353e-05)	min lr 9.4206e-05 (9.4353e-05)	Loss 8.2517e-01 (7.2163e-01)	Max mem (MiB) 58698 (58698)
Epoch: [66][ 401/3336]	Time  0.651 ( 0.668)	Data  0.001 ( 0.010)	max lr 9.3917e-05 (9.4209e-05)	min lr 9.3917e-05 (9.4209e-05)	Loss 7.9655e-01 (7.2278e-01)	Max mem (MiB) 58698 (58698)
Epoch: [66][ 601/3336]	Time  0.649 ( 0.665)	Data  0.000 ( 0.007)	max lr 9.3627e-05 (9.4064e-05)	min lr 9.3627e-05 (9.4064e-05)	Loss 6.5486e-01 (7.2570e-01)	Max mem (MiB) 58698 (58698)
Epoch: [66][ 801/3336]	Time  0.649 ( 0.663)	Data  0.001 ( 0.005)	max lr 9.3338e-05 (9.3919e-05)	min lr 9.3338e-05 (9.3919e-05)	Loss 7.5682e-01 (7.2449e-01)	Max mem (MiB) 58698 (58698)
Epoch: [66][1001/3336]	Time  0.651 ( 0.662)	Data  0.000 ( 0.004)	max lr 9.3049e-05 (9.3774e-05)	min lr 9.3049e-05 (9.3774e-05)	Loss 8.4289e-01 (7.2443e-01)	Max mem (MiB) 58698 (58698)
Epoch: [66][1201/3336]	Time  0.654 ( 0.661)	Data  0.000 ( 0.004)	max lr 9.2760e-05 (9.3630e-05)	min lr 9.2760e-05 (9.3630e-05)	Loss 7.7487e-01 (7.2360e-01)	Max mem (MiB) 58698 (58698)
Epoch: [66][1401/3336]	Time  0.650 ( 0.661)	Data  0.001 ( 0.003)	max lr 9.2472e-05 (9.3485e-05)	min lr 9.2472e-05 (9.3485e-05)	Loss 8.1553e-01 (7.2491e-01)	Max mem (MiB) 58698 (58698)
Epoch: [66][1601/3336]	Time  0.650 ( 0.660)	Data  0.000 ( 0.003)	max lr 9.2184e-05 (9.3341e-05)	min lr 9.2184e-05 (9.3341e-05)	Loss 8.6366e-01 (7.2681e-01)	Max mem (MiB) 58698 (58698)
Epoch: [66][1801/3336]	Time  0.652 ( 0.660)	Data  0.000 ( 0.003)	max lr 9.1896e-05 (9.3196e-05)	min lr 9.1896e-05 (9.3196e-05)	Loss 5.4871e-01 (7.2730e-01)	Max mem (MiB) 58698 (58698)
Epoch: [66][2001/3336]	Time  0.650 ( 0.660)	Data  0.000 ( 0.003)	max lr 9.1608e-05 (9.3052e-05)	min lr 9.1608e-05 (9.3052e-05)	Loss 6.6702e-01 (7.2718e-01)	Max mem (MiB) 58698 (58698)
Epoch: [66][2201/3336]	Time  0.652 ( 0.660)	Data  0.000 ( 0.002)	max lr 9.1321e-05 (9.2908e-05)	min lr 9.1321e-05 (9.2908e-05)	Loss 8.1293e-01 (7.2831e-01)	Max mem (MiB) 58698 (58698)
Epoch: [66][2401/3336]	Time  0.653 ( 0.659)	Data  0.000 ( 0.002)	max lr 9.1033e-05 (9.2764e-05)	min lr 9.1033e-05 (9.2764e-05)	Loss 7.7506e-01 (7.2849e-01)	Max mem (MiB) 58698 (58698)
Epoch: [66][2601/3336]	Time  0.655 ( 0.659)	Data  0.001 ( 0.002)	max lr 9.0746e-05 (9.2620e-05)	min lr 9.0746e-05 (9.2620e-05)	Loss 8.6864e-01 (7.2839e-01)	Max mem (MiB) 58698 (58698)
Epoch: [66][2801/3336]	Time  0.649 ( 0.659)	Data  0.000 ( 0.002)	max lr 9.0460e-05 (9.2476e-05)	min lr 9.0460e-05 (9.2476e-05)	Loss 7.9642e-01 (7.2801e-01)	Max mem (MiB) 58698 (58698)
Epoch: [66][3001/3336]	Time  0.657 ( 0.659)	Data  0.000 ( 0.002)	max lr 9.0173e-05 (9.2332e-05)	min lr 9.0173e-05 (9.2332e-05)	Loss 6.8645e-01 (7.2723e-01)	Max mem (MiB) 58698 (58698)
Epoch: [66][3201/3336]	Time  0.653 ( 0.659)	Data  0.000 ( 0.002)	max lr 8.9887e-05 (9.2189e-05)	min lr 8.9887e-05 (9.2189e-05)	Loss 8.0346e-01 (7.2705e-01)	Max mem (MiB) 58698 (58698)
2026-04-28 17:10:14,427 - train_accuracy: 0.0000
2026-04-28 17:10:14,429 - train_total: 1281024.0000
2026-04-28 17:10:14,429 - train_correct: 0.0000
2026-04-28 17:10:57,508 - val_accuracy: 1.0000
2026-04-28 17:10:57,508 - eval_accuracy: 0.8053
2026-04-28 17:10:57,508 - eval_total: 49920.0000
2026-04-28 17:10:57,508 - eval_correct: 40201.0000
Epoch: [67][   1/3336]	Time  4.746 ( 4.746)	Data  4.099 ( 4.099)	max lr 8.9693e-05 (8.9693e-05)	min lr 8.9693e-05 (8.9693e-05)	Loss 7.7271e-01 (7.7271e-01)	Max mem (MiB) 58698 (58698)
Epoch: [67][ 201/3336]	Time  0.653 ( 0.680)	Data  0.000 ( 0.021)	max lr 8.9407e-05 (8.9552e-05)	min lr 8.9407e-05 (8.9552e-05)	Loss 7.9163e-01 (7.0906e-01)	Max mem (MiB) 58698 (58698)
Epoch: [67][ 401/3336]	Time  0.651 ( 0.670)	Data  0.000 ( 0.011)	max lr 8.9122e-05 (8.9409e-05)	min lr 8.9122e-05 (8.9409e-05)	Loss 4.6073e-01 (7.0878e-01)	Max mem (MiB) 58698 (58698)
Epoch: [67][ 601/3336]	Time  0.650 ( 0.666)	Data  0.000 ( 0.008)	max lr 8.8837e-05 (8.9267e-05)	min lr 8.8837e-05 (8.9267e-05)	Loss 7.8533e-01 (7.1292e-01)	Max mem (MiB) 58698 (58698)
Epoch: [67][ 801/3336]	Time  0.652 ( 0.664)	Data  0.000 ( 0.006)	max lr 8.8552e-05 (8.9124e-05)	min lr 8.8552e-05 (8.9124e-05)	Loss 7.9560e-01 (7.1402e-01)	Max mem (MiB) 58698 (58698)
Epoch: [67][1001/3336]	Time  0.649 ( 0.663)	Data  0.000 ( 0.005)	max lr 8.8267e-05 (8.8982e-05)	min lr 8.8267e-05 (8.8982e-05)	Loss 7.9600e-01 (7.1657e-01)	Max mem (MiB) 58698 (58698)
Epoch: [67][1201/3336]	Time  0.652 ( 0.662)	Data  0.000 ( 0.004)	max lr 8.7983e-05 (8.8839e-05)	min lr 8.7983e-05 (8.8839e-05)	Loss 6.3670e-01 (7.1658e-01)	Max mem (MiB) 58698 (58698)
Epoch: [67][1401/3336]	Time  0.653 ( 0.661)	Data  0.000 ( 0.004)	max lr 8.7699e-05 (8.8697e-05)	min lr 8.7699e-05 (8.8697e-05)	Loss 7.3805e-01 (7.1586e-01)	Max mem (MiB) 58698 (58698)
Epoch: [67][1601/3336]	Time  0.652 ( 0.661)	Data  0.001 ( 0.003)	max lr 8.7415e-05 (8.8555e-05)	min lr 8.7415e-05 (8.8555e-05)	Loss 7.5054e-01 (7.1834e-01)	Max mem (MiB) 58698 (58698)
Epoch: [67][1801/3336]	Time  0.653 ( 0.661)	Data  0.000 ( 0.003)	max lr 8.7131e-05 (8.8412e-05)	min lr 8.7131e-05 (8.8412e-05)	Loss 6.7489e-01 (7.1858e-01)	Max mem (MiB) 58698 (58698)
Epoch: [67][2001/3336]	Time  0.654 ( 0.661)	Data  0.000 ( 0.003)	max lr 8.6848e-05 (8.8270e-05)	min lr 8.6848e-05 (8.8270e-05)	Loss 7.8409e-01 (7.1824e-01)	Max mem (MiB) 58698 (58698)
Epoch: [67][2201/3336]	Time  0.652 ( 0.660)	Data  0.000 ( 0.003)	max lr 8.6565e-05 (8.8128e-05)	min lr 8.6565e-05 (8.8128e-05)	Loss 7.5370e-01 (7.1835e-01)	Max mem (MiB) 58698 (58698)
Epoch: [67][2401/3336]	Time  0.655 ( 0.660)	Data  0.000 ( 0.002)	max lr 8.6283e-05 (8.7987e-05)	min lr 8.6283e-05 (8.7987e-05)	Loss 6.0363e-01 (7.1850e-01)	Max mem (MiB) 58698 (58698)
Epoch: [67][2601/3336]	Time  0.654 ( 0.660)	Data  0.001 ( 0.002)	max lr 8.6000e-05 (8.7845e-05)	min lr 8.6000e-05 (8.7845e-05)	Loss 5.4056e-01 (7.2024e-01)	Max mem (MiB) 58698 (58698)
Epoch: [67][2801/3336]	Time  0.651 ( 0.660)	Data  0.000 ( 0.002)	max lr 8.5718e-05 (8.7703e-05)	min lr 8.5718e-05 (8.7703e-05)	Loss 7.2186e-01 (7.2135e-01)	Max mem (MiB) 58698 (58698)
Epoch: [67][3001/3336]	Time  0.655 ( 0.660)	Data  0.000 ( 0.002)	max lr 8.5436e-05 (8.7562e-05)	min lr 8.5436e-05 (8.7562e-05)	Loss 8.4228e-01 (7.2127e-01)	Max mem (MiB) 58698 (58698)
Epoch: [67][3201/3336]	Time  0.654 ( 0.660)	Data  0.000 ( 0.002)	max lr 8.5155e-05 (8.7420e-05)	min lr 8.5155e-05 (8.7420e-05)	Loss 7.5152e-01 (7.2123e-01)	Max mem (MiB) 58698 (58698)
2026-04-28 17:47:38,173 - train_accuracy: 0.0000
2026-04-28 17:47:38,174 - train_total: 1281024.0000
2026-04-28 17:47:38,174 - train_correct: 0.0000
2026-04-28 17:48:22,531 - val_accuracy: 1.0000
2026-04-28 17:48:22,531 - eval_accuracy: 0.8078
2026-04-28 17:48:22,531 - eval_total: 49920.0000
2026-04-28 17:48:22,531 - eval_correct: 40325.0000
Epoch: [68][   1/3336]	Time  4.527 ( 4.527)	Data  3.880 ( 3.880)	max lr 8.4964e-05 (8.4964e-05)	min lr 8.4964e-05 (8.4964e-05)	Loss 7.2288e-01 (7.2288e-01)	Max mem (MiB) 58698 (58698)
Epoch: [68][ 201/3336]	Time  0.655 ( 0.679)	Data  0.000 ( 0.022)	max lr 8.4682e-05 (8.4825e-05)	min lr 8.4682e-05 (8.4825e-05)	Loss 7.0283e-01 (7.1791e-01)	Max mem (MiB) 58698 (58698)
Epoch: [68][ 401/3336]	Time  0.658 ( 0.669)	Data  0.000 ( 0.011)	max lr 8.4402e-05 (8.4685e-05)	min lr 8.4402e-05 (8.4685e-05)	Loss 8.1100e-01 (7.1596e-01)	Max mem (MiB) 58698 (58698)
Epoch: [68][ 601/3336]	Time  0.651 ( 0.665)	Data  0.000 ( 0.008)	max lr 8.4121e-05 (8.4544e-05)	min lr 8.4121e-05 (8.4544e-05)	Loss 5.0914e-01 (7.1305e-01)	Max mem (MiB) 58698 (58698)
Epoch: [68][ 801/3336]	Time  0.652 ( 0.664)	Data  0.000 ( 0.006)	max lr 8.3841e-05 (8.4404e-05)	min lr 8.3841e-05 (8.4404e-05)	Loss 5.4995e-01 (7.1058e-01)	Max mem (MiB) 58698 (58698)
Epoch: [68][1001/3336]	Time  0.653 ( 0.663)	Data  0.000 ( 0.005)	max lr 8.3561e-05 (8.4264e-05)	min lr 8.3561e-05 (8.4264e-05)	Loss 7.9937e-01 (7.1167e-01)	Max mem (MiB) 58698 (58698)
Epoch: [68][1201/3336]	Time  0.652 ( 0.662)	Data  0.000 ( 0.004)	max lr 8.3282e-05 (8.4124e-05)	min lr 8.3282e-05 (8.4124e-05)	Loss 8.4943e-01 (7.1348e-01)	Max mem (MiB) 58698 (58698)
Epoch: [68][1401/3336]	Time  0.653 ( 0.661)	Data  0.000 ( 0.004)	max lr 8.3002e-05 (8.3984e-05)	min lr 8.3002e-05 (8.3984e-05)	Loss 8.2132e-01 (7.1431e-01)	Max mem (MiB) 58698 (58698)
Epoch: [68][1601/3336]	Time  0.654 ( 0.661)	Data  0.000 ( 0.003)	max lr 8.2723e-05 (8.3844e-05)	min lr 8.2723e-05 (8.3844e-05)	Loss 8.4974e-01 (7.1455e-01)	Max mem (MiB) 58698 (58698)
Epoch: [68][1801/3336]	Time  0.652 ( 0.661)	Data  0.000 ( 0.003)	max lr 8.2445e-05 (8.3704e-05)	min lr 8.2445e-05 (8.3704e-05)	Loss 7.5344e-01 (7.1496e-01)	Max mem (MiB) 58698 (58698)
Epoch: [68][2001/3336]	Time  0.653 ( 0.660)	Data  0.000 ( 0.003)	max lr 8.2166e-05 (8.3564e-05)	min lr 8.2166e-05 (8.3564e-05)	Loss 7.9068e-01 (7.1545e-01)	Max mem (MiB) 58698 (58698)
Epoch: [68][2201/3336]	Time  0.651 ( 0.660)	Data  0.000 ( 0.003)	max lr 8.1888e-05 (8.3425e-05)	min lr 8.1888e-05 (8.3425e-05)	Loss 5.2368e-01 (7.1618e-01)	Max mem (MiB) 58698 (58698)
Epoch: [68][2401/3336]	Time  0.653 ( 0.660)	Data  0.000 ( 0.002)	max lr 8.1610e-05 (8.3285e-05)	min lr 8.1610e-05 (8.3285e-05)	Loss 8.7624e-01 (7.1691e-01)	Max mem (MiB) 58698 (58698)
Epoch: [68][2601/3336]	Time  0.652 ( 0.660)	Data  0.000 ( 0.002)	max lr 8.1333e-05 (8.3146e-05)	min lr 8.1333e-05 (8.3146e-05)	Loss 8.0464e-01 (7.1676e-01)	Max mem (MiB) 58698 (58698)
Epoch: [68][2801/3336]	Time  0.651 ( 0.660)	Data  0.000 ( 0.002)	max lr 8.1055e-05 (8.3007e-05)	min lr 8.1055e-05 (8.3007e-05)	Loss 6.5690e-01 (7.1650e-01)	Max mem (MiB) 58698 (58698)
Epoch: [68][3001/3336]	Time  0.650 ( 0.660)	Data  0.000 ( 0.002)	max lr 8.0779e-05 (8.2868e-05)	min lr 8.0779e-05 (8.2868e-05)	Loss 6.9746e-01 (7.1623e-01)	Max mem (MiB) 58698 (58698)
Epoch: [68][3201/3336]	Time  0.653 ( 0.659)	Data  0.000 ( 0.002)	max lr 8.0502e-05 (8.2728e-05)	min lr 8.0502e-05 (8.2728e-05)	Loss 6.5421e-01 (7.1666e-01)	Max mem (MiB) 58698 (58698)
2026-04-28 18:25:02,559 - train_accuracy: 0.0000
2026-04-28 18:25:02,560 - train_total: 1281024.0000
2026-04-28 18:25:02,560 - train_correct: 0.0000
2026-04-28 18:25:51,741 - val_accuracy: 1.0000
2026-04-28 18:25:51,741 - eval_accuracy: 0.8089
2026-04-28 18:25:51,741 - eval_total: 49920.0000
2026-04-28 18:25:51,741 - eval_correct: 40378.0000
Epoch: [69][   1/3336]	Time  4.945 ( 4.945)	Data  4.297 ( 4.297)	max lr 8.0314e-05 (8.0314e-05)	min lr 8.0314e-05 (8.0314e-05)	Loss 8.6181e-01 (8.6181e-01)	Max mem (MiB) 58698 (58698)
Epoch: [69][ 201/3336]	Time  0.653 ( 0.681)	Data  0.001 ( 0.022)	max lr 8.0038e-05 (8.0178e-05)	min lr 8.0038e-05 (8.0178e-05)	Loss 7.3775e-01 (7.2335e-01)	Max mem (MiB) 58698 (58698)
Epoch: [69][ 401/3336]	Time  0.650 ( 0.670)	Data  0.001 ( 0.011)	max lr 7.9762e-05 (8.0040e-05)	min lr 7.9762e-05 (8.0040e-05)	Loss 6.9324e-01 (7.1870e-01)	Max mem (MiB) 58698 (58698)
Epoch: [69][ 601/3336]	Time  0.653 ( 0.666)	Data  0.000 ( 0.008)	max lr 7.9487e-05 (7.9902e-05)	min lr 7.9487e-05 (7.9902e-05)	Loss 8.0166e-01 (7.1274e-01)	Max mem (MiB) 58698 (58698)
Epoch: [69][ 801/3336]	Time  0.651 ( 0.664)	Data  0.000 ( 0.006)	max lr 7.9212e-05 (7.9764e-05)	min lr 7.9212e-05 (7.9764e-05)	Loss 4.8463e-01 (7.0942e-01)	Max mem (MiB) 58698 (58698)
Epoch: [69][1001/3336]	Time  0.656 ( 0.663)	Data  0.000 ( 0.005)	max lr 7.8937e-05 (7.9627e-05)	min lr 7.8937e-05 (7.9627e-05)	Loss 6.5877e-01 (7.1303e-01)	Max mem (MiB) 58698 (58698)
Epoch: [69][1201/3336]	Time  0.654 ( 0.662)	Data  0.000 ( 0.004)	max lr 7.8662e-05 (7.9489e-05)	min lr 7.8662e-05 (7.9489e-05)	Loss 7.7803e-01 (7.1344e-01)	Max mem (MiB) 58698 (58698)
Epoch: [69][1401/3336]	Time  0.653 ( 0.662)	Data  0.000 ( 0.004)	max lr 7.8388e-05 (7.9352e-05)	min lr 7.8388e-05 (7.9352e-05)	Loss 6.5972e-01 (7.1393e-01)	Max mem (MiB) 58698 (58698)
Epoch: [69][1601/3336]	Time  0.654 ( 0.661)	Data  0.000 ( 0.003)	max lr 7.8114e-05 (7.9214e-05)	min lr 7.8114e-05 (7.9214e-05)	Loss 7.4861e-01 (7.1519e-01)	Max mem (MiB) 58698 (58698)
Epoch: [69][1801/3336]	Time  0.654 ( 0.661)	Data  0.000 ( 0.003)	max lr 7.7840e-05 (7.9077e-05)	min lr 7.7840e-05 (7.9077e-05)	Loss 6.6291e-01 (7.1530e-01)	Max mem (MiB) 58698 (58698)
Epoch: [69][2001/3336]	Time  0.653 ( 0.661)	Data  0.000 ( 0.003)	max lr 7.7567e-05 (7.8940e-05)	min lr 7.7567e-05 (7.8940e-05)	Loss 8.2662e-01 (7.1349e-01)	Max mem (MiB) 58698 (58698)
Epoch: [69][2201/3336]	Time  0.654 ( 0.661)	Data  0.000 ( 0.003)	max lr 7.7294e-05 (7.8803e-05)	min lr 7.7294e-05 (7.8803e-05)	Loss 6.7941e-01 (7.1311e-01)	Max mem (MiB) 58698 (58698)
Epoch: [69][2401/3336]	Time  0.652 ( 0.660)	Data  0.000 ( 0.003)	max lr 7.7022e-05 (7.8666e-05)	min lr 7.7022e-05 (7.8666e-05)	Loss 7.8667e-01 (7.1183e-01)	Max mem (MiB) 58698 (58698)
Epoch: [69][2601/3336]	Time  0.653 ( 0.660)	Data  0.000 ( 0.002)	max lr 7.6749e-05 (7.8529e-05)	min lr 7.6749e-05 (7.8529e-05)	Loss 7.1094e-01 (7.1149e-01)	Max mem (MiB) 58698 (58698)
Epoch: [69][2801/3336]	Time  0.651 ( 0.660)	Data  0.000 ( 0.002)	max lr 7.6477e-05 (7.8393e-05)	min lr 7.6477e-05 (7.8393e-05)	Loss 7.9370e-01 (7.1172e-01)	Max mem (MiB) 58698 (58698)
Epoch: [69][3001/3336]	Time  0.653 ( 0.660)	Data  0.000 ( 0.002)	max lr 7.6206e-05 (7.8256e-05)	min lr 7.6206e-05 (7.8256e-05)	Loss 8.0962e-01 (7.1262e-01)	Max mem (MiB) 58698 (58698)
Epoch: [69][3201/3336]	Time  0.654 ( 0.660)	Data  0.000 ( 0.002)	max lr 7.5934e-05 (7.8119e-05)	min lr 7.5934e-05 (7.8119e-05)	Loss 6.3521e-01 (7.1242e-01)	Max mem (MiB) 58698 (58698)
2026-04-28 19:02:33,087 - train_accuracy: 0.0000
2026-04-28 19:02:33,088 - train_total: 1281024.0000
2026-04-28 19:02:33,088 - train_correct: 0.0000
2026-04-28 19:03:18,414 - val_accuracy: 1.0000
2026-04-28 19:03:18,414 - eval_accuracy: 0.8090
2026-04-28 19:03:18,414 - eval_total: 49920.0000
2026-04-28 19:03:18,414 - eval_correct: 40387.0000
Epoch: [70][   1/3336]	Time  4.863 ( 4.863)	Data  4.220 ( 4.220)	max lr 7.5750e-05 (7.5750e-05)	min lr 7.5750e-05 (7.5750e-05)	Loss 8.3134e-01 (8.3134e-01)	Max mem (MiB) 58698 (58698)
Epoch: [70][ 201/3336]	Time  0.650 ( 0.680)	Data  0.001 ( 0.022)	max lr 7.5479e-05 (7.5617e-05)	min lr 7.5479e-05 (7.5617e-05)	Loss 7.5164e-01 (7.0707e-01)	Max mem (MiB) 58698 (58698)
Epoch: [70][ 401/3336]	Time  0.653 ( 0.669)	Data  0.000 ( 0.011)	max lr 7.5209e-05 (7.5481e-05)	min lr 7.5209e-05 (7.5481e-05)	Loss 8.3497e-01 (7.0396e-01)	Max mem (MiB) 58698 (58698)
Epoch: [70][ 601/3336]	Time  0.652 ( 0.666)	Data  0.000 ( 0.008)	max lr 7.4939e-05 (7.5346e-05)	min lr 7.4939e-05 (7.5346e-05)	Loss 4.9320e-01 (7.0257e-01)	Max mem (MiB) 58698 (58698)
Epoch: [70][ 801/3336]	Time  0.651 ( 0.664)	Data  0.000 ( 0.006)	max lr 7.4669e-05 (7.5211e-05)	min lr 7.4669e-05 (7.5211e-05)	Loss 8.2299e-01 (7.0437e-01)	Max mem (MiB) 58698 (58698)
Epoch: [70][1001/3336]	Time  0.652 ( 0.662)	Data  0.000 ( 0.005)	max lr 7.4399e-05 (7.5076e-05)	min lr 7.4399e-05 (7.5076e-05)	Loss 6.8990e-01 (7.0436e-01)	Max mem (MiB) 58698 (58698)
Epoch: [70][1201/3336]	Time  0.661 ( 0.662)	Data  0.000 ( 0.004)	max lr 7.4130e-05 (7.4941e-05)	min lr 7.4130e-05 (7.4941e-05)	Loss 5.4583e-01 (7.0403e-01)	Max mem (MiB) 58698 (58698)
Epoch: [70][1401/3336]	Time  0.652 ( 0.661)	Data  0.000 ( 0.004)	max lr 7.3861e-05 (7.4806e-05)	min lr 7.3861e-05 (7.4806e-05)	Loss 7.2633e-01 (7.0421e-01)	Max mem (MiB) 58698 (58698)
Epoch: [70][1601/3336]	Time  0.651 ( 0.661)	Data  0.000 ( 0.003)	max lr 7.3593e-05 (7.4672e-05)	min lr 7.3593e-05 (7.4672e-05)	Loss 7.3928e-01 (7.0503e-01)	Max mem (MiB) 58698 (58698)
Epoch: [70][1801/3336]	Time  0.651 ( 0.661)	Data  0.000 ( 0.003)	max lr 7.3325e-05 (7.4537e-05)	min lr 7.3325e-05 (7.4537e-05)	Loss 7.0707e-01 (7.0517e-01)	Max mem (MiB) 58698 (58698)
Epoch: [70][2001/3336]	Time  0.656 ( 0.660)	Data  0.000 ( 0.003)	max lr 7.3057e-05 (7.4403e-05)	min lr 7.3057e-05 (7.4403e-05)	Loss 4.8406e-01 (7.0596e-01)	Max mem (MiB) 58698 (58698)
Epoch: [70][2201/3336]	Time  0.653 ( 0.660)	Data  0.000 ( 0.003)	max lr 7.2790e-05 (7.4268e-05)	min lr 7.2790e-05 (7.4268e-05)	Loss 7.6125e-01 (7.0666e-01)	Max mem (MiB) 58698 (58698)
Epoch: [70][2401/3336]	Time  0.652 ( 0.660)	Data  0.000 ( 0.002)	max lr 7.2523e-05 (7.4134e-05)	min lr 7.2523e-05 (7.4134e-05)	Loss 6.9880e-01 (7.0688e-01)	Max mem (MiB) 58698 (58698)
Epoch: [70][2601/3336]	Time  0.654 ( 0.660)	Data  0.000 ( 0.002)	max lr 7.2256e-05 (7.4000e-05)	min lr 7.2256e-05 (7.4000e-05)	Loss 7.2790e-01 (7.0695e-01)	Max mem (MiB) 58698 (58698)
Epoch: [70][2801/3336]	Time  0.653 ( 0.660)	Data  0.001 ( 0.002)	max lr 7.1989e-05 (7.3866e-05)	min lr 7.1989e-05 (7.3866e-05)	Loss 8.0722e-01 (7.0655e-01)	Max mem (MiB) 58698 (58698)
Epoch: [70][3001/3336]	Time  0.649 ( 0.660)	Data  0.000 ( 0.002)	max lr 7.1723e-05 (7.3732e-05)	min lr 7.1723e-05 (7.3732e-05)	Loss 7.9247e-01 (7.0742e-01)	Max mem (MiB) 58698 (58698)
Epoch: [70][3201/3336]	Time  0.656 ( 0.659)	Data  0.000 ( 0.002)	max lr 7.1458e-05 (7.3599e-05)	min lr 7.1458e-05 (7.3599e-05)	Loss 6.6604e-01 (7.0775e-01)	Max mem (MiB) 58698 (58698)
2026-04-28 19:39:58,454 - train_accuracy: 0.0000
2026-04-28 19:39:58,455 - train_total: 1281024.0000
2026-04-28 19:39:58,455 - train_correct: 0.0000
2026-04-28 19:40:56,840 - val_accuracy: 1.0000
2026-04-28 19:40:56,840 - eval_accuracy: 0.8111
2026-04-28 19:40:56,840 - eval_total: 49920.0000
2026-04-28 19:40:56,840 - eval_correct: 40490.0000
Epoch: [71][   1/3336]	Time  3.899 ( 3.899)	Data  3.252 ( 3.252)	max lr 7.1277e-05 (7.1277e-05)	min lr 7.1277e-05 (7.1277e-05)	Loss 7.7982e-01 (7.7982e-01)	Max mem (MiB) 58698 (58698)
Epoch: [71][ 201/3336]	Time  0.654 ( 0.676)	Data  0.000 ( 0.017)	max lr 7.1012e-05 (7.1146e-05)	min lr 7.1012e-05 (7.1146e-05)	Loss 6.3226e-01 (7.0440e-01)	Max mem (MiB) 58698 (58698)
Epoch: [71][ 401/3336]	Time  0.653 ( 0.668)	Data  0.000 ( 0.009)	max lr 7.0747e-05 (7.1014e-05)	min lr 7.0747e-05 (7.1014e-05)	Loss 8.0025e-01 (7.0398e-01)	Max mem (MiB) 58698 (58698)
Epoch: [71][ 601/3336]	Time  0.652 ( 0.665)	Data  0.001 ( 0.006)	max lr 7.0483e-05 (7.0882e-05)	min lr 7.0483e-05 (7.0882e-05)	Loss 7.8274e-01 (7.0056e-01)	Max mem (MiB) 58698 (58698)
Epoch: [71][ 801/3336]	Time  0.654 ( 0.663)	Data  0.000 ( 0.005)	max lr 7.0219e-05 (7.0749e-05)	min lr 7.0219e-05 (7.0749e-05)	Loss 8.0227e-01 (7.0279e-01)	Max mem (MiB) 58698 (58698)
Epoch: [71][1001/3336]	Time  0.653 ( 0.662)	Data  0.001 ( 0.004)	max lr 6.9955e-05 (7.0617e-05)	min lr 6.9955e-05 (7.0617e-05)	Loss 7.4336e-01 (7.0532e-01)	Max mem (MiB) 58698 (58698)
Epoch: [71][1201/3336]	Time  0.653 ( 0.662)	Data  0.001 ( 0.003)	max lr 6.9691e-05 (7.0485e-05)	min lr 6.9691e-05 (7.0485e-05)	Loss 5.1043e-01 (7.0661e-01)	Max mem (MiB) 58698 (58698)
Epoch: [71][1401/3336]	Time  0.650 ( 0.661)	Data  0.000 ( 0.003)	max lr 6.9428e-05 (7.0353e-05)	min lr 6.9428e-05 (7.0353e-05)	Loss 6.2838e-01 (7.0807e-01)	Max mem (MiB) 58698 (58698)
Epoch: [71][1601/3336]	Time  0.648 ( 0.661)	Data  0.000 ( 0.003)	max lr 6.9166e-05 (7.0221e-05)	min lr 6.9166e-05 (7.0221e-05)	Loss 7.5324e-01 (7.0683e-01)	Max mem (MiB) 58698 (58698)
Epoch: [71][1801/3336]	Time  0.650 ( 0.661)	Data  0.000 ( 0.003)	max lr 6.8903e-05 (7.0090e-05)	min lr 6.8903e-05 (7.0090e-05)	Loss 8.1087e-01 (7.0773e-01)	Max mem (MiB) 58698 (58698)
Epoch: [71][2001/3336]	Time  0.652 ( 0.660)	Data  0.000 ( 0.002)	max lr 6.8641e-05 (6.9958e-05)	min lr 6.8641e-05 (6.9958e-05)	Loss 7.9422e-01 (7.0869e-01)	Max mem (MiB) 58698 (58698)
Epoch: [71][2201/3336]	Time  0.652 ( 0.660)	Data  0.000 ( 0.002)	max lr 6.8380e-05 (6.9827e-05)	min lr 6.8380e-05 (6.9827e-05)	Loss 7.6660e-01 (7.0750e-01)	Max mem (MiB) 58698 (58698)
Epoch: [71][2401/3336]	Time  0.651 ( 0.660)	Data  0.000 ( 0.002)	max lr 6.8119e-05 (6.9696e-05)	min lr 6.8119e-05 (6.9696e-05)	Loss 8.2804e-01 (7.0634e-01)	Max mem (MiB) 58698 (58698)
Epoch: [71][2601/3336]	Time  0.651 ( 0.660)	Data  0.000 ( 0.002)	max lr 6.7858e-05 (6.9564e-05)	min lr 6.7858e-05 (6.9564e-05)	Loss 7.8386e-01 (7.0538e-01)	Max mem (MiB) 58698 (58698)
Epoch: [71][2801/3336]	Time  0.650 ( 0.660)	Data  0.000 ( 0.002)	max lr 6.7597e-05 (6.9433e-05)	min lr 6.7597e-05 (6.9433e-05)	Loss 5.3672e-01 (7.0506e-01)	Max mem (MiB) 58698 (58698)
Epoch: [71][3001/3336]	Time  0.654 ( 0.660)	Data  0.000 ( 0.002)	max lr 6.7337e-05 (6.9302e-05)	min lr 6.7337e-05 (6.9302e-05)	Loss 4.7414e-01 (7.0527e-01)	Max mem (MiB) 58698 (58698)
Epoch: [71][3201/3336]	Time  0.654 ( 0.660)	Data  0.000 ( 0.002)	max lr 6.7077e-05 (6.9171e-05)	min lr 6.7077e-05 (6.9171e-05)	Loss 6.8534e-01 (7.0503e-01)	Max mem (MiB) 58698 (58698)
2026-04-28 20:17:37,152 - train_accuracy: 0.0000
2026-04-28 20:17:37,153 - train_total: 1281024.0000
2026-04-28 20:17:37,153 - train_correct: 0.0000
2026-04-28 20:18:20,548 - val_accuracy: 1.0000
2026-04-28 20:18:20,548 - eval_accuracy: 0.8120
2026-04-28 20:18:20,548 - eval_total: 49920.0000
2026-04-28 20:18:20,548 - eval_correct: 40537.0000
Epoch: [72][   1/3336]	Time  4.642 ( 4.642)	Data  3.995 ( 3.995)	max lr 6.6901e-05 (6.6901e-05)	min lr 6.6901e-05 (6.6901e-05)	Loss 7.7715e-01 (7.7715e-01)	Max mem (MiB) 58698 (58698)
Epoch: [72][ 201/3336]	Time  0.651 ( 0.678)	Data  0.000 ( 0.021)	max lr 6.6641e-05 (6.6773e-05)	min lr 6.6641e-05 (6.6773e-05)	Loss 8.0538e-01 (6.9754e-01)	Max mem (MiB) 58698 (58698)
Epoch: [72][ 401/3336]	Time  0.650 ( 0.668)	Data  0.000 ( 0.011)	max lr 6.6383e-05 (6.6643e-05)	min lr 6.6383e-05 (6.6643e-05)	Loss 7.4809e-01 (6.9324e-01)	Max mem (MiB) 58698 (58698)
Epoch: [72][ 601/3336]	Time  0.653 ( 0.664)	Data  0.000 ( 0.007)	max lr 6.6124e-05 (6.6514e-05)	min lr 6.6124e-05 (6.6514e-05)	Loss 8.5101e-01 (6.9312e-01)	Max mem (MiB) 58698 (58698)
Epoch: [72][ 801/3336]	Time  0.651 ( 0.663)	Data  0.000 ( 0.006)	max lr 6.5866e-05 (6.6385e-05)	min lr 6.5866e-05 (6.6385e-05)	Loss 6.3514e-01 (6.9451e-01)	Max mem (MiB) 58698 (58698)
Epoch: [72][1001/3336]	Time  0.650 ( 0.661)	Data  0.000 ( 0.005)	max lr 6.5608e-05 (6.6256e-05)	min lr 6.5608e-05 (6.6256e-05)	Loss 7.8490e-01 (6.9437e-01)	Max mem (MiB) 58698 (58698)
Epoch: [72][1201/3336]	Time  0.653 ( 0.661)	Data  0.001 ( 0.004)	max lr 6.5351e-05 (6.6127e-05)	min lr 6.5351e-05 (6.6127e-05)	Loss 7.7812e-01 (6.9518e-01)	Max mem (MiB) 58698 (58698)
Epoch: [72][1401/3336]	Time  0.651 ( 0.660)	Data  0.000 ( 0.004)	max lr 6.5094e-05 (6.5998e-05)	min lr 6.5094e-05 (6.5998e-05)	Loss 5.3905e-01 (6.9630e-01)	Max mem (MiB) 58698 (58698)
Epoch: [72][1601/3336]	Time  0.652 ( 0.660)	Data  0.000 ( 0.003)	max lr 6.4837e-05 (6.5869e-05)	min lr 6.4837e-05 (6.5869e-05)	Loss 7.3101e-01 (6.9769e-01)	Max mem (MiB) 58698 (58698)
Epoch: [72][1801/3336]	Time  0.652 ( 0.660)	Data  0.000 ( 0.003)	max lr 6.4581e-05 (6.5740e-05)	min lr 6.4581e-05 (6.5740e-05)	Loss 6.5504e-01 (6.9866e-01)	Max mem (MiB) 58698 (58698)
Epoch: [72][2001/3336]	Time  0.653 ( 0.659)	Data  0.001 ( 0.003)	max lr 6.4325e-05 (6.5612e-05)	min lr 6.4325e-05 (6.5612e-05)	Loss 6.7444e-01 (6.9991e-01)	Max mem (MiB) 58698 (58698)
Epoch: [72][2201/3336]	Time  0.651 ( 0.659)	Data  0.000 ( 0.003)	max lr 6.4070e-05 (6.5483e-05)	min lr 6.4070e-05 (6.5483e-05)	Loss 8.0560e-01 (7.0123e-01)	Max mem (MiB) 58698 (58698)
Epoch: [72][2401/3336]	Time  0.652 ( 0.659)	Data  0.000 ( 0.002)	max lr 6.3815e-05 (6.5355e-05)	min lr 6.3815e-05 (6.5355e-05)	Loss 7.9275e-01 (7.0306e-01)	Max mem (MiB) 58698 (58698)
Epoch: [72][2601/3336]	Time  0.655 ( 0.659)	Data  0.000 ( 0.002)	max lr 6.3560e-05 (6.5227e-05)	min lr 6.3560e-05 (6.5227e-05)	Loss 8.5581e-01 (7.0385e-01)	Max mem (MiB) 58698 (58698)
Epoch: [72][2801/3336]	Time  0.657 ( 0.659)	Data  0.000 ( 0.002)	max lr 6.3306e-05 (6.5099e-05)	min lr 6.3306e-05 (6.5099e-05)	Loss 7.4588e-01 (7.0402e-01)	Max mem (MiB) 58698 (58698)
Epoch: [72][3001/3336]	Time  0.655 ( 0.659)	Data  0.000 ( 0.002)	max lr 6.3052e-05 (6.4971e-05)	min lr 6.3052e-05 (6.4971e-05)	Loss 7.1352e-01 (7.0394e-01)	Max mem (MiB) 58698 (58698)
Epoch: [72][3201/3336]	Time  0.652 ( 0.659)	Data  0.001 ( 0.002)	max lr 6.2798e-05 (6.4843e-05)	min lr 6.2798e-05 (6.4843e-05)	Loss 8.0154e-01 (7.0286e-01)	Max mem (MiB) 58698 (58698)
2026-04-28 20:54:58,319 - train_accuracy: 0.0000
2026-04-28 20:54:58,320 - train_total: 1281024.0000
2026-04-28 20:54:58,320 - train_correct: 0.0000
2026-04-28 20:55:43,034 - val_accuracy: 1.0000
2026-04-28 20:55:43,034 - eval_accuracy: 0.8121
2026-04-28 20:55:43,034 - eval_total: 49920.0000
2026-04-28 20:55:43,034 - eval_correct: 40542.0000
Epoch: [73][   1/3336]	Time  4.846 ( 4.846)	Data  4.199 ( 4.199)	max lr 6.2626e-05 (6.2626e-05)	min lr 6.2626e-05 (6.2626e-05)	Loss 7.4502e-01 (7.4502e-01)	Max mem (MiB) 58698 (58698)
Epoch: [73][ 201/3336]	Time  0.655 ( 0.680)	Data  0.000 ( 0.022)	max lr 6.2373e-05 (6.2502e-05)	min lr 6.2373e-05 (6.2502e-05)	Loss 6.6516e-01 (6.8940e-01)	Max mem (MiB) 58698 (58698)
Epoch: [73][ 401/3336]	Time  0.654 ( 0.669)	Data  0.000 ( 0.011)	max lr 6.2121e-05 (6.2375e-05)	min lr 6.2121e-05 (6.2375e-05)	Loss 6.3517e-01 (6.9500e-01)	Max mem (MiB) 58698 (58698)
Epoch: [73][ 601/3336]	Time  0.654 ( 0.666)	Data  0.000 ( 0.008)	max lr 6.1869e-05 (6.2249e-05)	min lr 6.1869e-05 (6.2249e-05)	Loss 6.7106e-01 (6.9396e-01)	Max mem (MiB) 58698 (58698)
Epoch: [73][ 801/3336]	Time  0.649 ( 0.664)	Data  0.000 ( 0.006)	max lr 6.1617e-05 (6.2123e-05)	min lr 6.1617e-05 (6.2123e-05)	Loss 7.1569e-01 (6.9355e-01)	Max mem (MiB) 58698 (58698)
Epoch: [73][1001/3336]	Time  0.653 ( 0.663)	Data  0.000 ( 0.005)	max lr 6.1365e-05 (6.1997e-05)	min lr 6.1365e-05 (6.1997e-05)	Loss 8.2127e-01 (6.9529e-01)	Max mem (MiB) 58698 (58698)
Epoch: [73][1201/3336]	Time  0.654 ( 0.662)	Data  0.000 ( 0.004)	max lr 6.1114e-05 (6.1871e-05)	min lr 6.1114e-05 (6.1871e-05)	Loss 7.4950e-01 (6.9303e-01)	Max mem (MiB) 58698 (58698)
Epoch: [73][1401/3336]	Time  0.653 ( 0.662)	Data  0.000 ( 0.004)	max lr 6.0864e-05 (6.1745e-05)	min lr 6.0864e-05 (6.1745e-05)	Loss 7.8597e-01 (6.9428e-01)	Max mem (MiB) 58698 (58698)
Epoch: [73][1601/3336]	Time  0.659 ( 0.661)	Data  0.000 ( 0.003)	max lr 6.0614e-05 (6.1620e-05)	min lr 6.0614e-05 (6.1620e-05)	Loss 7.3870e-01 (6.9401e-01)	Max mem (MiB) 58698 (58698)
Epoch: [73][1801/3336]	Time  0.657 ( 0.661)	Data  0.000 ( 0.003)	max lr 6.0364e-05 (6.1494e-05)	min lr 6.0364e-05 (6.1494e-05)	Loss 4.8896e-01 (6.9369e-01)	Max mem (MiB) 58698 (58698)
Epoch: [73][2001/3336]	Time  0.653 ( 0.661)	Data  0.001 ( 0.003)	max lr 6.0114e-05 (6.1369e-05)	min lr 6.0114e-05 (6.1369e-05)	Loss 8.1032e-01 (6.9411e-01)	Max mem (MiB) 58698 (58698)
Epoch: [73][2201/3336]	Time  0.651 ( 0.660)	Data  0.000 ( 0.003)	max lr 5.9865e-05 (6.1244e-05)	min lr 5.9865e-05 (6.1244e-05)	Loss 6.6155e-01 (6.9400e-01)	Max mem (MiB) 58698 (58698)
Epoch: [73][2401/3336]	Time  0.650 ( 0.660)	Data  0.000 ( 0.002)	max lr 5.9617e-05 (6.1119e-05)	min lr 5.9617e-05 (6.1119e-05)	Loss 6.9770e-01 (6.9328e-01)	Max mem (MiB) 58698 (58698)
Epoch: [73][2601/3336]	Time  0.656 ( 0.660)	Data  0.000 ( 0.002)	max lr 5.9369e-05 (6.0994e-05)	min lr 5.9369e-05 (6.0994e-05)	Loss 7.9067e-01 (6.9417e-01)	Max mem (MiB) 58698 (58698)
Epoch: [73][2801/3336]	Time  0.656 ( 0.660)	Data  0.000 ( 0.002)	max lr 5.9121e-05 (6.0869e-05)	min lr 5.9121e-05 (6.0869e-05)	Loss 7.9351e-01 (6.9532e-01)	Max mem (MiB) 58698 (58698)
Epoch: [73][3001/3336]	Time  0.651 ( 0.660)	Data  0.000 ( 0.002)	max lr 5.8873e-05 (6.0744e-05)	min lr 5.8873e-05 (6.0744e-05)	Loss 7.6559e-01 (6.9445e-01)	Max mem (MiB) 58698 (58698)
Epoch: [73][3201/3336]	Time  0.651 ( 0.660)	Data  0.000 ( 0.002)	max lr 5.8626e-05 (6.0620e-05)	min lr 5.8626e-05 (6.0620e-05)	Loss 8.0675e-01 (6.9413e-01)	Max mem (MiB) 58698 (58698)
2026-04-28 21:32:24,122 - train_accuracy: 0.0000
2026-04-28 21:32:24,123 - train_total: 1281024.0000
2026-04-28 21:32:24,123 - train_correct: 0.0000
2026-04-28 21:33:09,174 - val_accuracy: 1.0000
2026-04-28 21:33:09,174 - eval_accuracy: 0.8142
2026-04-28 21:33:09,174 - eval_total: 49920.0000
2026-04-28 21:33:09,174 - eval_correct: 40644.0000
Epoch: [74][   1/3336]	Time  3.792 ( 3.792)	Data  3.144 ( 3.144)	max lr 5.8459e-05 (5.8459e-05)	min lr 5.8459e-05 (5.8459e-05)	Loss 6.0340e-01 (6.0340e-01)	Max mem (MiB) 58698 (58698)
Epoch: [74][ 201/3336]	Time  0.652 ( 0.678)	Data  0.000 ( 0.020)	max lr 5.8212e-05 (5.8337e-05)	min lr 5.8212e-05 (5.8337e-05)	Loss 5.7794e-01 (6.8215e-01)	Max mem (MiB) 58698 (58698)
Epoch: [74][ 401/3336]	Time  0.650 ( 0.668)	Data  0.000 ( 0.011)	max lr 5.7966e-05 (5.8214e-05)	min lr 5.7966e-05 (5.8214e-05)	Loss 8.4247e-01 (6.8940e-01)	Max mem (MiB) 58698 (58698)
Epoch: [74][ 601/3336]	Time  0.652 ( 0.665)	Data  0.000 ( 0.007)	max lr 5.7721e-05 (5.8091e-05)	min lr 5.7721e-05 (5.8091e-05)	Loss 6.7655e-01 (6.9191e-01)	Max mem (MiB) 58698 (58698)
Epoch: [74][ 801/3336]	Time  0.652 ( 0.663)	Data  0.000 ( 0.006)	max lr 5.7476e-05 (5.7968e-05)	min lr 5.7476e-05 (5.7968e-05)	Loss 8.1181e-01 (6.9136e-01)	Max mem (MiB) 58698 (58698)
Epoch: [74][1001/3336]	Time  0.650 ( 0.662)	Data  0.000 ( 0.005)	max lr 5.7231e-05 (5.7846e-05)	min lr 5.7231e-05 (5.7846e-05)	Loss 7.6414e-01 (6.9298e-01)	Max mem (MiB) 58698 (58698)
Epoch: [74][1201/3336]	Time  0.651 ( 0.661)	Data  0.001 ( 0.004)	max lr 5.6987e-05 (5.7723e-05)	min lr 5.6987e-05 (5.7723e-05)	Loss 5.8303e-01 (6.9357e-01)	Max mem (MiB) 58698 (58698)
Epoch: [74][1401/3336]	Time  0.652 ( 0.661)	Data  0.000 ( 0.004)	max lr 5.6743e-05 (5.7601e-05)	min lr 5.6743e-05 (5.7601e-05)	Loss 7.4051e-01 (6.9190e-01)	Max mem (MiB) 58698 (58698)
Epoch: [74][1601/3336]	Time  0.650 ( 0.660)	Data  0.000 ( 0.003)	max lr 5.6499e-05 (5.7479e-05)	min lr 5.6499e-05 (5.7479e-05)	Loss 6.4794e-01 (6.9169e-01)	Max mem (MiB) 58698 (58698)
Epoch: [74][1801/3336]	Time  0.652 ( 0.660)	Data  0.000 ( 0.003)	max lr 5.6256e-05 (5.7356e-05)	min lr 5.6256e-05 (5.7356e-05)	Loss 7.6954e-01 (6.9212e-01)	Max mem (MiB) 58698 (58698)
Epoch: [74][2001/3336]	Time  0.658 ( 0.660)	Data  0.000 ( 0.003)	max lr 5.6014e-05 (5.7235e-05)	min lr 5.6014e-05 (5.7235e-05)	Loss 8.1715e-01 (6.9200e-01)	Max mem (MiB) 58698 (58698)
Epoch: [74][2201/3336]	Time  0.654 ( 0.660)	Data  0.000 ( 0.003)	max lr 5.5771e-05 (5.7113e-05)	min lr 5.5771e-05 (5.7113e-05)	Loss 7.9308e-01 (6.9344e-01)	Max mem (MiB) 58698 (58698)
Epoch: [74][2401/3336]	Time  0.649 ( 0.660)	Data  0.000 ( 0.002)	max lr 5.5529e-05 (5.6991e-05)	min lr 5.5529e-05 (5.6991e-05)	Loss 6.1589e-01 (6.9327e-01)	Max mem (MiB) 58698 (58698)
Epoch: [74][2601/3336]	Time  0.651 ( 0.659)	Data  0.000 ( 0.002)	max lr 5.5288e-05 (5.6869e-05)	min lr 5.5288e-05 (5.6869e-05)	Loss 8.5067e-01 (6.9331e-01)	Max mem (MiB) 58698 (58698)
Epoch: [74][2801/3336]	Time  0.654 ( 0.659)	Data  0.000 ( 0.002)	max lr 5.5047e-05 (5.6748e-05)	min lr 5.5047e-05 (5.6748e-05)	Loss 6.0759e-01 (6.9313e-01)	Max mem (MiB) 58698 (58698)
Epoch: [74][3001/3336]	Time  0.655 ( 0.659)	Data  0.000 ( 0.002)	max lr 5.4806e-05 (5.6627e-05)	min lr 5.4806e-05 (5.6627e-05)	Loss 7.6095e-01 (6.9305e-01)	Max mem (MiB) 58698 (58698)
Epoch: [74][3201/3336]	Time  0.648 ( 0.659)	Data  0.001 ( 0.002)	max lr 5.4566e-05 (5.6506e-05)	min lr 5.4566e-05 (5.6506e-05)	Loss 7.5121e-01 (6.9258e-01)	Max mem (MiB) 58698 (58698)
2026-04-28 22:09:48,215 - train_accuracy: 0.0000
2026-04-28 22:09:48,216 - train_total: 1281024.0000
2026-04-28 22:09:48,216 - train_correct: 0.0000
2026-04-28 22:10:39,033 - val_accuracy: 1.0000
2026-04-28 22:10:39,033 - eval_accuracy: 0.8141
2026-04-28 22:10:39,033 - eval_total: 49920.0000
2026-04-28 22:10:39,033 - eval_correct: 40640.0000
Epoch: [75][   1/3336]	Time  6.450 ( 6.450)	Data  5.804 ( 5.804)	max lr 5.4403e-05 (5.4403e-05)	min lr 5.4403e-05 (5.4403e-05)	Loss 7.8331e-01 (7.8331e-01)	Max mem (MiB) 58698 (58698)
Epoch: [75][ 201/3336]	Time  0.653 ( 0.688)	Data  0.001 ( 0.030)	max lr 5.4164e-05 (5.4285e-05)	min lr 5.4164e-05 (5.4285e-05)	Loss 7.8325e-01 (6.8128e-01)	Max mem (MiB) 58698 (58698)
Epoch: [75][ 401/3336]	Time  0.654 ( 0.674)	Data  0.000 ( 0.015)	max lr 5.3925e-05 (5.4166e-05)	min lr 5.3925e-05 (5.4166e-05)	Loss 5.1689e-01 (6.8174e-01)	Max mem (MiB) 58698 (58698)
Epoch: [75][ 601/3336]	Time  0.651 ( 0.668)	Data  0.000 ( 0.010)	max lr 5.3686e-05 (5.4046e-05)	min lr 5.3686e-05 (5.4046e-05)	Loss 7.3840e-01 (6.8229e-01)	Max mem (MiB) 58698 (58698)
Epoch: [75][ 801/3336]	Time  0.651 ( 0.666)	Data  0.001 ( 0.008)	max lr 5.3448e-05 (5.3927e-05)	min lr 5.3448e-05 (5.3927e-05)	Loss 6.3246e-01 (6.8384e-01)	Max mem (MiB) 58698 (58698)
Epoch: [75][1001/3336]	Time  0.651 ( 0.664)	Data  0.001 ( 0.007)	max lr 5.3210e-05 (5.3808e-05)	min lr 5.3210e-05 (5.3808e-05)	Loss 7.5969e-01 (6.8422e-01)	Max mem (MiB) 58698 (58698)
Epoch: [75][1201/3336]	Time  0.652 ( 0.663)	Data  0.000 ( 0.006)	max lr 5.2973e-05 (5.3689e-05)	min lr 5.2973e-05 (5.3689e-05)	Loss 7.7096e-01 (6.8484e-01)	Max mem (MiB) 58698 (58698)
Epoch: [75][1401/3336]	Time  0.649 ( 0.663)	Data  0.000 ( 0.005)	max lr 5.2736e-05 (5.3570e-05)	min lr 5.2736e-05 (5.3570e-05)	Loss 7.1666e-01 (6.8471e-01)	Max mem (MiB) 58698 (58698)
Epoch: [75][1601/3336]	Time  0.653 ( 0.662)	Data  0.000 ( 0.004)	max lr 5.2499e-05 (5.3451e-05)	min lr 5.2499e-05 (5.3451e-05)	Loss 6.7379e-01 (6.8599e-01)	Max mem (MiB) 58698 (58698)
Epoch: [75][1801/3336]	Time  0.652 ( 0.662)	Data  0.000 ( 0.004)	max lr 5.2263e-05 (5.3332e-05)	min lr 5.2263e-05 (5.3332e-05)	Loss 5.0832e-01 (6.8643e-01)	Max mem (MiB) 58698 (58698)
Epoch: [75][2001/3336]	Time  0.650 ( 0.661)	Data  0.000 ( 0.004)	max lr 5.2028e-05 (5.3214e-05)	min lr 5.2028e-05 (5.3214e-05)	Loss 4.3231e-01 (6.8578e-01)	Max mem (MiB) 58698 (58698)
Epoch: [75][2201/3336]	Time  0.652 ( 0.661)	Data  0.000 ( 0.003)	max lr 5.1793e-05 (5.3095e-05)	min lr 5.1793e-05 (5.3095e-05)	Loss 7.2927e-01 (6.8396e-01)	Max mem (MiB) 58698 (58698)
Epoch: [75][2401/3336]	Time  0.655 ( 0.661)	Data  0.001 ( 0.003)	max lr 5.1558e-05 (5.2977e-05)	min lr 5.1558e-05 (5.2977e-05)	Loss 7.9988e-01 (6.8499e-01)	Max mem (MiB) 58698 (58698)
Epoch: [75][2601/3336]	Time  0.652 ( 0.661)	Data  0.000 ( 0.003)	max lr 5.1324e-05 (5.2859e-05)	min lr 5.1324e-05 (5.2859e-05)	Loss 7.7394e-01 (6.8544e-01)	Max mem (MiB) 58698 (58698)
Epoch: [75][2801/3336]	Time  0.650 ( 0.660)	Data  0.000 ( 0.003)	max lr 5.1090e-05 (5.2741e-05)	min lr 5.1090e-05 (5.2741e-05)	Loss 7.6203e-01 (6.8561e-01)	Max mem (MiB) 58698 (58698)
Epoch: [75][3001/3336]	Time  0.653 ( 0.660)	Data  0.000 ( 0.003)	max lr 5.0856e-05 (5.2623e-05)	min lr 5.0856e-05 (5.2623e-05)	Loss 6.0657e-01 (6.8581e-01)	Max mem (MiB) 58698 (58698)
Epoch: [75][3201/3336]	Time  0.652 ( 0.660)	Data  0.000 ( 0.002)	max lr 5.0623e-05 (5.2506e-05)	min lr 5.0623e-05 (5.2506e-05)	Loss 6.9966e-01 (6.8665e-01)	Max mem (MiB) 58698 (58698)
2026-04-28 22:47:21,392 - train_accuracy: 0.0000
2026-04-28 22:47:21,393 - train_total: 1281024.0000
2026-04-28 22:47:21,393 - train_correct: 0.0000
2026-04-28 22:48:18,910 - val_accuracy: 1.0000
2026-04-28 22:48:18,911 - eval_accuracy: 0.8161
2026-04-28 22:48:18,911 - eval_total: 49920.0000
2026-04-28 22:48:18,911 - eval_correct: 40740.0000
